sentence timestamp keyb_width keyb_height event x_pos y_pos x_radius y_radius angle word is_err
i_like_it 1580419165914 413 214 touchstart 320 23 31.728515625 31.728515625 0 i 0
i_like_it 1580419165973 413 214 touchmove 313 28 31.728515625 31.728515625 0 i 0
i_like_it 1580419165982 413 214 touchmove 310 33 31.728515625 31.728515625 0 i 0
i_like_it 1580419165989 413 214 touchend 310 33 31.728515625 31.728515625 0 i 0
i_like_it 1580419165914 413 214 touchstart 320 23 31.728515625 31.728515625 0 i 0 1
i_like_it 1580419165973 413 214 touchmove 313 28 31.728515625 31.728515625 0 i 0 1
i_like_it 1580419165982 413 214 touchmove 310 33 31.728515625 31.728515625 0 i 0 1
i_like_it 1580419165989 413 214 touchend 310 33 31.728515625 31.728515625 0 i 0 1
i_like_it 1580419166071 413 214 touchstart 255 171 31.728515625 31.728515625 0 like 1
i_like_it 1580419166158 413 214 touchend 255 171 31.728515625 31.728515625 0 like 1
i_like_it 1580419166264 413 214 touchstart 352 99 31.728515625 31.728515625 0 like 1
i_like_it 1580419166317 413 214 touchmove 350 95 31.728515625 31.728515625 0 like 1
i_like_it 1580419166326 413 214 touchmove 348 94 31.728515625 31.728515625 0 like 1
i_like_it 1580419166333 413 214 touchmove 346 92 31.728515625 31.728515625 0 like 1
i_like_it 1580419166345 413 214 touchend 346 92 31.728515625 31.728515625 0 like 1
i_like_it 1580419166416 413 214 touchstart 312 31 31.728515625 31.728515625 0 like 1
i_like_it 1580419166484 413 214 touchmove 315 34 31.728515625 31.728515625 0 like 1
i_like_it 1580419166494 413 214 touchmove 315 40 31.728515625 31.728515625 0 like 1
i_like_it 1580419166501 413 214 touchmove 316 46 31.728515625 31.728515625 0 like 1
i_like_it 1580419166512 413 214 touchend 316 46 31.728515625 31.728515625 0 like 1
i_like_it 1580419166596 413 214 touchstart 104 22 42.3046875 42.3046875 0 like 1
i_like_it 1580419166635 413 214 touchmove 333 96 31.728515625 31.728515625 0 like 1
i_like_it 1580419166644 413 214 touchmove 332 99 31.728515625 31.728515625 0 like 1
i_like_it 1580419166653 413 214 touchend 332 99 31.728515625 31.728515625 0 like 1
i_like_it 1580419166596 413 214 touchstart 104 22 42.3046875 42.3046875 0 like 1 1
i_like_it 1580419166635 413 214 touchmove 333 96 31.728515625 31.728515625 0 like 1 1
i_like_it 1580419166644 413 214 touchmove 332 99 31.728515625 31.728515625 0 like 1 1
i_like_it 1580419166653 413 214 touchend 332 99 31.728515625 31.728515625 0 like 1 1
i_like_it 1580419166703 413 214 touchend 104 22 42.3046875 42.3046875 0 like 1
i_like_it 1580419167557 413 214 touchstart 328 25 31.728515625 31.728515625 0 like 1
i_like_it 1580419167613 413 214 touchstart 202 32 31.728515625 31.728515625 0 like 1
i_like_it 1580419167634 413 214 touchend 328 25 31.728515625 31.728515625 0 like 1
i_like_it 1580419167557 413 214 touchstart 328 25 31.728515625 31.728515625 0 like 1 1
i_like_it 1580419167613 413 214 touchstart 202 32 31.728515625 31.728515625 0 like 1 1
i_like_it 1580419167634 413 214 touchend 328 25 31.728515625 31.728515625 0 like 1 1
i_like_it 1580419167709 413 214 touchend 202 32 31.728515625 31.728515625 0 like 1
i_like_it 1580419169780 413 214 touchstart 371 74 31.728515625 31.728515625 0 like 0
i_like_it 1580419169797 413 214 touchmove 368 73 31.728515625 31.728515625 0 like 0
i_like_it 1580419169805 413 214 touchmove 365 73 31.728515625 31.728515625 0 like 0
i_like_it 1580419169813 413 214 touchmove 359 73 31.728515625 31.728515625 0 like 0
i_like_it 1580419169821 413 214 touchmove 351 73 31.728515625 31.728515625 0 like 0
i_like_it 1580419169830 413 214 touchmove 345 69 31.728515625 31.728515625 0 like 0
i_like_it 1580419169838 413 214 touchmove 337 63 31.728515625 31.728515625 0 like 0
i_like_it 1580419169847 413 214 touchmove 328 56 31.728515625 31.728515625 0 like 0
i_like_it 1580419169855 413 214 touchmove 320 47 31.728515625 31.728515625 0 like 0
i_like_it 1580419169864 413 214 touchmove 312 39 31.728515625 31.728515625 0 like 0
i_like_it 1580419169872 413 214 touchmove 304 34 31.728515625 31.728515625 0 like 0
i_like_it 1580419169882 413 214 touchmove 297 29 31.728515625 31.728515625 0 like 0
i_like_it 1580419169888 413 214 touchmove 291 25 31.728515625 31.728515625 0 like 0
i_like_it 1580419169898 413 214 touchmove 286 22 31.728515625 31.728515625 0 like 0
i_like_it 1580419169908 413 214 touchmove 283 21 31.728515625 31.728515625 0 like 0
i_like_it 1580419169915 413 214 touchmove 281 21 31.728515625 31.728515625 0 like 0
i_like_it 1580419169948 413 214 touchmove 281 23 31.728515625 31.728515625 0 like 0
i_like_it 1580419169956 413 214 touchmove 282 30 31.728515625 31.728515625 0 like 0
i_like_it 1580419169965 413 214 touchmove 286 41 31.728515625 31.728515625 0 like 0
i_like_it 1580419169973 413 214 touchmove 290 53 31.728515625 31.728515625 0 like 0
i_like_it 1580419169982 413 214 touchmove 293 63 31.728515625 31.728515625 0 like 0
i_like_it 1580419169989 413 214 touchmove 295 72 31.728515625 31.728515625 0 like 0
i_like_it 1580419169998 413 214 touchmove 297 80 31.728515625 31.728515625 0 like 0
i_like_it 1580419170006 413 214 touchmove 297 86 31.728515625 31.728515625 0 like 0
i_like_it 1580419170016 413 214 touchmove 298 92 31.728515625 31.728515625 0 like 0
i_like_it 1580419170023 413 214 touchmove 298 96 31.728515625 31.728515625 0 like 0
i_like_it 1580419170032 413 214 touchmove 298 100 31.728515625 31.728515625 0 like 0
i_like_it 1580419170039 413 214 touchmove 297 100 31.728515625 31.728515625 0 like 0
i_like_it 1580419170049 413 214 touchmove 295 101 31.728515625 31.728515625 0 like 0
i_like_it 1580419170056 413 214 touchmove 289 102 31.728515625 31.728515625 0 like 0
i_like_it 1580419170065 413 214 touchmove 278 102 31.728515625 31.728515625 0 like 0
i_like_it 1580419170073 413 214 touchmove 265 102 31.728515625 31.728515625 0 like 0
i_like_it 1580419170082 413 214 touchmove 249 98 31.728515625 31.728515625 0 like 0
i_like_it 1580419170090 413 214 touchmove 233 95 31.728515625 31.728515625 0 like 0
i_like_it 1580419170099 413 214 touchmove 219 91 31.728515625 31.728515625 0 like 0
i_like_it 1580419170108 413 214 touchmove 203 85 31.728515625 31.728515625 0 like 0
i_like_it 1580419170116 413 214 touchmove 186 82 31.728515625 31.728515625 0 like 0
i_like_it 1580419170124 413 214 touchmove 171 78 31.728515625 31.728515625 0 like 0
i_like_it 1580419170133 413 214 touchmove 158 73 31.728515625 31.728515625 0 like 0
i_like_it 1580419170141 413 214 touchmove 148 67 31.728515625 31.728515625 0 like 0
i_like_it 1580419170150 413 214 touchmove 138 63 31.728515625 31.728515625 0 like 0
i_like_it 1580419170158 413 214 touchmove 128 59 31.728515625 31.728515625 0 like 0
i_like_it 1580419170167 413 214 touchmove 119 56 31.728515625 31.728515625 0 like 0
i_like_it 1580419170176 413 214 touchmove 111 52 31.728515625 31.728515625 0 like 0
i_like_it 1580419170183 413 214 touchmove 105 49 31.728515625 31.728515625 0 like 0
i_like_it 1580419170193 413 214 touchmove 101 47 31.728515625 31.728515625 0 like 0
i_like_it 1580419170200 413 214 touchmove 97 46 31.728515625 31.728515625 0 like 0
i_like_it 1580419170209 413 214 touchmove 95 45 31.728515625 31.728515625 0 like 0
i_like_it 1580419170217 413 214 touchmove 94 43 31.728515625 31.728515625 0 like 0
i_like_it 1580419170226 413 214 touchmove 94 42 31.728515625 31.728515625 0 like 0
i_like_it 1580419170234 413 214 touchend 94 42 31.728515625 31.728515625 0 like 0
i_like_it 1580419170952 413 214 touchstart 324 19 31.728515625 31.728515625 0 it 0
i_like_it 1580419170964 413 214 touchmove 320 17 31.728515625 31.728515625 0 it 0
i_like_it 1580419170971 413 214 touchmove 312 16 31.728515625 31.728515625 0 it 0
i_like_it 1580419170979 413 214 touchmove 301 14 31.728515625 31.728515625 0 it 0
i_like_it 1580419170988 413 214 touchmove 291 13 31.728515625 31.728515625 0 it 0
i_like_it 1580419170996 413 214 touchmove 279 10 31.728515625 31.728515625 0 it 0
i_like_it 1580419171004 413 214 touchmove 266 9 31.728515625 31.728515625 0 it 0
i_like_it 1580419171013 413 214 touchmove 253 8 31.728515625 31.728515625 0 it 0
i_like_it 1580419171021 413 214 touchmove 236 8 31.728515625 31.728515625 0 it 0
i_like_it 1580419171030 413 214 touchmove 220 8 31.728515625 31.728515625 0 it 0
i_like_it 1580419171038 413 214 touchmove 204 9 31.728515625 31.728515625 0 it 0
i_like_it 1580419171047 413 214 touchmove 190 11 31.728515625 31.728515625 0 it 0
i_like_it 1580419171055 413 214 touchmove 179 15 31.728515625 31.728515625 0 it 0
i_like_it 1580419171065 413 214 touchmove 168 18 31.728515625 31.728515625 0 it 0
i_like_it 1580419171072 413 214 touchmove 161 20 31.728515625 31.728515625 0 it 0
i_like_it 1580419171081 413 214 touchmove 156 21 31.728515625 31.728515625 0 it 0
i_like_it 1580419171089 413 214 touchmove 152 22 31.728515625 31.728515625 0 it 0
i_like_it 1580419171097 413 214 touchmove 149 22 31.728515625 31.728515625 0 it 0
i_like_it 1580419171106 413 214 touchmove 148 24 31.728515625 31.728515625 0 it 0
i_like_it 1580419171114 413 214 touchmove 148 25 31.728515625 31.728515625 0 it 0
i_like_it 1580419171122 413 214 touchend 148 25 31.728515625 31.728515625 0 it 0
nice_weather_for_it 1580419175122 413 214 touchstart 291 137 31.728515625 31.728515625 0 nice 0
nice_weather_for_it 1580419175149 413 214 touchmove 289 134 31.728515625 31.728515625 0 nice 0
nice_weather_for_it 1580419175158 413 214 touchmove 289 129 31.728515625 31.728515625 0 nice 0
nice_weather_for_it 1580419175166 413 214 touchmove 289 123 31.728515625 31.728515625 0 nice 0
nice_weather_for_it 1580419175174 413 214 touchmove 289 116 31.728515625 31.728515625 0 nice 0
nice_weather_for_it 1580419175182 413 214 touchmove 289 108 31.728515625 31.728515625 0 nice 0
nice_weather_for_it 1580419175190 413 214 touchmove 290 97 31.728515625 31.728515625 0 nice 0
nice_weather_for_it 1580419175199 413 214 touchmove 294 84 31.728515625 31.728515625 0 nice 0
nice_weather_for_it 1580419175207 413 214 touchmove 300 68 31.728515625 31.728515625 0 nice 0
nice_weather_for_it 1580419175216 413 214 touchmove 307 53 31.728515625 31.728515625 0 nice 0
nice_weather_for_it 1580419175224 413 214 touchmove 314 41 31.728515625 31.728515625 0 nice 0
nice_weather_for_it 1580419175233 413 214 touchmove 318 33 31.728515625 31.728515625 0 nice 0
nice_weather_for_it 1580419175240 413 214 touchmove 320 26 31.728515625 31.728515625 0 nice 0
nice_weather_for_it 1580419175249 413 214 touchmove 320 21 31.728515625 31.728515625 0 nice 0
nice_weather_for_it 1580419175257 413 214 touchmove 320 20 31.728515625 31.728515625 0 nice 0
nice_weather_for_it 1580419175266 413 214 touchmove 320 19 31.728515625 31.728515625 0 nice 0
nice_weather_for_it 1580419175274 413 214 touchmove 320 18 31.728515625 31.728515625 0 nice 0
nice_weather_for_it 1580419175283 413 214 touchmove 316 17 31.728515625 31.728515625 0 nice 0
nice_weather_for_it 1580419175291 413 214 touchmove 311 17 31.728515625 31.728515625 0 nice 0
nice_weather_for_it 1580419175300 413 214 touchmove 304 17 31.728515625 31.728515625 0 nice 0
nice_weather_for_it 1580419175308 413 214 touchmove 293 22 31.728515625 31.728515625 0 nice 0
nice_weather_for_it 1580419175317 413 214 touchmove 277 31 31.728515625 31.728515625 0 nice 0
nice_weather_for_it 1580419175325 413 214 touchmove 260 47 31.728515625 31.728515625 0 nice 0
nice_weather_for_it 1580419175334 413 214 touchmove 243 66 31.728515625 31.728515625 0 nice 0
nice_weather_for_it 1580419175341 413 214 touchmove 227 84 31.728515625 31.728515625 0 nice 0
nice_weather_for_it 1580419175350 413 214 touchmove 214 100 31.728515625 31.728515625 0 nice 0
nice_weather_for_it 1580419175358 413 214 touchmove 201 113 31.728515625 31.728515625 0 nice 0
nice_weather_for_it 1580419175367 413 214 touchmove 190 126 31.728515625 31.728515625 0 nice 0
nice_weather_for_it 1580419175375 413 214 touchmove 180 138 31.728515625 31.728515625 0 nice 0
nice_weather_for_it 1580419175384 413 214 touchmove 173 147 31.728515625 31.728515625 0 nice 0
nice_weather_for_it 1580419175392 413 214 touchmove 166 152 31.728515625 31.728515625 0 nice 0
nice_weather_for_it 1580419175401 413 214 touchmove 159 156 31.728515625 31.728515625 0 nice 0
nice_weather_for_it 1580419175409 413 214 touchmove 153 158 31.728515625 31.728515625 0 nice 0
nice_weather_for_it 1580419175417 413 214 touchmove 147 158 31.728515625 31.728515625 0 nice 0
nice_weather_for_it 1580419175427 413 214 touchmove 144 159 31.728515625 31.728515625 0 nice 0
nice_weather_for_it 1580419175435 413 214 touchmove 142 159 31.728515625 31.728515625 0 nice 0
nice_weather_for_it 1580419175444 413 214 touchmove 137 159 31.728515625 31.728515625 0 nice 0
nice_weather_for_it 1580419175451 413 214 touchmove 131 157 31.728515625 31.728515625 0 nice 0
nice_weather_for_it 1580419175460 413 214 touchmove 127 155 31.728515625 31.728515625 0 nice 0
nice_weather_for_it 1580419175468 413 214 touchmove 122 151 31.728515625 31.728515625 0 nice 0
nice_weather_for_it 1580419175476 413 214 touchmove 118 143 31.728515625 31.728515625 0 nice 0
nice_weather_for_it 1580419175485 413 214 touchmove 114 132 31.728515625 31.728515625 0 nice 0
nice_weather_for_it 1580419175493 413 214 touchmove 113 122 31.728515625 31.728515625 0 nice 0
nice_weather_for_it 1580419175501 413 214 touchmove 113 111 31.728515625 31.728515625 0 nice 0
nice_weather_for_it 1580419175510 413 214 touchmove 113 100 31.728515625 31.728515625 0 nice 0
nice_weather_for_it 1580419175517 413 214 touchmove 113 90 31.728515625 31.728515625 0 nice 0
nice_weather_for_it 1580419175527 413 214 touchmove 113 81 31.728515625 31.728515625 0 nice 0
nice_weather_for_it 1580419175534 413 214 touchmove 113 71 31.728515625 31.728515625 0 nice 0
nice_weather_for_it 1580419175543 413 214 touchmove 114 63 31.728515625 31.728515625 0 nice 0
nice_weather_for_it 1580419175551 413 214 touchmove 116 57 31.728515625 31.728515625 0 nice 0
nice_weather_for_it 1580419175561 413 214 touchmove 117 52 31.728515625 31.728515625 0 nice 0
nice_weather_for_it 1580419175568 413 214 touchmove 118 48 31.728515625 31.728515625 0 nice 0
nice_weather_for_it 1580419175578 413 214 touchmove 118 46 31.728515625 31.728515625 0 nice 0
nice_weather_for_it 1580419175585 413 214 touchmove 119 45 31.728515625 31.728515625 0 nice 0
nice_weather_for_it 1580419175596 413 214 touchmove 119 44 31.728515625 31.728515625 0 nice 0
nice_weather_for_it 1580419175602 413 214 touchmove 121 42 31.728515625 31.728515625 0 nice 0
nice_weather_for_it 1580419175612 413 214 touchmove 129 38 31.728515625 31.728515625 0 nice 0
nice_weather_for_it 1580419175618 413 214 touchmove 136 34 31.728515625 31.728515625 0 nice 0
nice_weather_for_it 1580419175631 413 214 touchend 136 34 31.728515625 31.728515625 0 nice 0
nice_weather_for_it 1580419177043 413 214 touchstart 54 28 31.728515625 31.728515625 0 weather 0
nice_weather_for_it 1580419177086 413 214 touchmove 59 29 31.728515625 31.728515625 0 weather 0
nice_weather_for_it 1580419177095 413 214 touchmove 62 29 31.728515625 31.728515625 0 weather 0
nice_weather_for_it 1580419177103 413 214 touchmove 67 29 31.728515625 31.728515625 0 weather 0
nice_weather_for_it 1580419177113 413 214 touchmove 74 29 31.728515625 31.728515625 0 weather 0
nice_weather_for_it 1580419177120 413 214 touchmove 83 31 31.728515625 31.728515625 0 weather 0
nice_weather_for_it 1580419177130 413 214 touchmove 94 33 31.728515625 31.728515625 0 weather 0
nice_weather_for_it 1580419177137 413 214 touchmove 104 36 31.728515625 31.728515625 0 weather 0
nice_weather_for_it 1580419177146 413 214 touchmove 113 39 31.728515625 31.728515625 0 weather 0
nice_weather_for_it 1580419177153 413 214 touchmove 122 42 31.728515625 31.728515625 0 weather 0
nice_weather_for_it 1580419177162 413 214 touchmove 130 44 31.728515625 31.728515625 0 weather 0
nice_weather_for_it 1580419177170 413 214 touchmove 136 46 31.728515625 31.728515625 0 weather 0
nice_weather_for_it 1580419177179 413 214 touchmove 141 50 31.728515625 31.728515625 0 weather 0
nice_weather_for_it 1580419177187 413 214 touchmove 144 53 31.728515625 31.728515625 0 weather 0
nice_weather_for_it 1580419177196 413 214 touchmove 146 54 31.728515625 31.728515625 0 weather 0
nice_weather_for_it 1580419177204 413 214 touchmove 147 56 31.728515625 31.728515625 0 weather 0
nice_weather_for_it 1580419177212 413 214 touchmove 148 56 31.728515625 31.728515625 0 weather 0
nice_weather_for_it 1580419177220 413 214 touchmove 148 57 31.728515625 31.728515625 0 weather 0
nice_weather_for_it 1580419177237 413 214 touchmove 148 59 31.728515625 31.728515625 0 weather 0
nice_weather_for_it 1580419177246 413 214 touchmove 145 62 31.728515625 31.728515625 0 weather 0
nice_weather_for_it 1580419177254 413 214 touchmove 138 66 31.728515625 31.728515625 0 weather 0
nice_weather_for_it 1580419177263 413 214 touchmove 129 71 31.728515625 31.728515625 0 weather 0
nice_weather_for_it 1580419177271 413 214 touchmove 120 75 31.728515625 31.728515625 0 weather 0
nice_weather_for_it 1580419177279 413 214 touchmove 111 79 31.728515625 31.728515625 0 weather 0
nice_weather_for_it 1580419177287 413 214 touchmove 102 83 31.728515625 31.728515625 0 weather 0
nice_weather_for_it 1580419177296 413 214 touchmove 93 86 31.728515625 31.728515625 0 weather 0
nice_weather_for_it 1580419177304 413 214 touchmove 84 89 31.728515625 31.728515625 0 weather 0
nice_weather_for_it 1580419177313 413 214 touchmove 77 90 31.728515625 31.728515625 0 weather 0
nice_weather_for_it 1580419177321 413 214 touchmove 70 93 31.728515625 31.728515625 0 weather 0
nice_weather_for_it 1580419177330 413 214 touchmove 64 95 31.728515625 31.728515625 0 weather 0
nice_weather_for_it 1580419177338 413 214 touchmove 60 97 31.728515625 31.728515625 0 weather 0
nice_weather_for_it 1580419177347 413 214 touchmove 57 99 31.728515625 31.728515625 0 weather 0
nice_weather_for_it 1580419177354 413 214 touchmove 55 99 31.728515625 31.728515625 0 weather 0
nice_weather_for_it 1580419177364 413 214 touchmove 55 100 31.728515625 31.728515625 0 weather 0
nice_weather_for_it 1580419177397 413 214 touchmove 57 100 31.728515625 31.728515625 0 weather 0
nice_weather_for_it 1580419177405 413 214 touchmove 62 100 31.728515625 31.728515625 0 weather 0
nice_weather_for_it 1580419177415 413 214 touchmove 70 98 31.728515625 31.728515625 0 weather 0
nice_weather_for_it 1580419177422 413 214 touchmove 79 93 31.728515625 31.728515625 0 weather 0
nice_weather_for_it 1580419177431 413 214 touchmove 91 85 31.728515625 31.728515625 0 weather 0
nice_weather_for_it 1580419177439 413 214 touchmove 104 75 31.728515625 31.728515625 0 weather 0
nice_weather_for_it 1580419177448 413 214 touchmove 114 64 31.728515625 31.728515625 0 weather 0
nice_weather_for_it 1580419177455 413 214 touchmove 124 55 31.728515625 31.728515625 0 weather 0
nice_weather_for_it 1580419177464 413 214 touchmove 132 46 31.728515625 31.728515625 0 weather 0
nice_weather_for_it 1580419177472 413 214 touchmove 139 38 31.728515625 31.728515625 0 weather 0
nice_weather_for_it 1580419177481 413 214 touchmove 146 33 31.728515625 31.728515625 0 weather 0
nice_weather_for_it 1580419177489 413 214 touchmove 153 27 31.728515625 31.728515625 0 weather 0
nice_weather_for_it 1580419177498 413 214 touchmove 158 22 31.728515625 31.728515625 0 weather 0
nice_weather_for_it 1580419177505 413 214 touchmove 160 20 31.728515625 31.728515625 0 weather 0
nice_weather_for_it 1580419177514 413 214 touchmove 162 19 31.728515625 31.728515625 0 weather 0
nice_weather_for_it 1580419177522 413 214 touchmove 164 18 31.728515625 31.728515625 0 weather 0
nice_weather_for_it 1580419177531 413 214 touchmove 166 17 31.728515625 31.728515625 0 weather 0
nice_weather_for_it 1580419177539 413 214 touchmove 168 16 31.728515625 31.728515625 0 weather 0
nice_weather_for_it 1580419177548 413 214 touchmove 171 16 31.728515625 31.728515625 0 weather 0
nice_weather_for_it 1580419177555 413 214 touchmove 174 16 31.728515625 31.728515625 0 weather 0
nice_weather_for_it 1580419177565 413 214 touchmove 178 17 31.728515625 31.728515625 0 weather 0
nice_weather_for_it 1580419177572 413 214 touchmove 183 19 31.728515625 31.728515625 0 weather 0
nice_weather_for_it 1580419177582 413 214 touchmove 188 24 31.728515625 31.728515625 0 weather 0
nice_weather_for_it 1580419177589 413 214 touchmove 194 28 31.728515625 31.728515625 0 weather 0
nice_weather_for_it 1580419177598 413 214 touchmove 202 33 31.728515625 31.728515625 0 weather 0
nice_weather_for_it 1580419177606 413 214 touchmove 210 42 31.728515625 31.728515625 0 weather 0
nice_weather_for_it 1580419177615 413 214 touchmove 216 52 31.728515625 31.728515625 0 weather 0
nice_weather_for_it 1580419177623 413 214 touchmove 223 59 31.728515625 31.728515625 0 weather 0
nice_weather_for_it 1580419177632 413 214 touchmove 227 66 31.728515625 31.728515625 0 weather 0
nice_weather_for_it 1580419177640 413 214 touchmove 231 75 31.728515625 31.728515625 0 weather 0
nice_weather_for_it 1580419177649 413 214 touchmove 238 85 31.728515625 31.728515625 0 weather 0
nice_weather_for_it 1580419177657 413 214 touchmove 244 92 31.728515625 31.728515625 0 weather 0
nice_weather_for_it 1580419177666 413 214 touchmove 247 96 31.728515625 31.728515625 0 weather 0
nice_weather_for_it 1580419177674 413 214 touchmove 248 100 31.728515625 31.728515625 0 weather 0
nice_weather_for_it 1580419177683 413 214 touchmove 249 102 31.728515625 31.728515625 0 weather 0
nice_weather_for_it 1580419177690 413 214 touchmove 249 104 31.728515625 31.728515625 0 weather 0
nice_weather_for_it 1580419177699 413 214 touchmove 249 105 31.728515625 31.728515625 0 weather 0
nice_weather_for_it 1580419177706 413 214 touchmove 249 106 31.728515625 31.728515625 0 weather 0
nice_weather_for_it 1580419177715 413 214 touchmove 249 107 31.728515625 31.728515625 0 weather 0
nice_weather_for_it 1580419177724 413 214 touchmove 242 108 31.728515625 31.728515625 0 weather 0
nice_weather_for_it 1580419177733 413 214 touchmove 233 108 31.728515625 31.728515625 0 weather 0
nice_weather_for_it 1580419177742 413 214 touchmove 225 108 31.728515625 31.728515625 0 weather 0
nice_weather_for_it 1580419177749 413 214 touchmove 213 104 31.728515625 31.728515625 0 weather 0
nice_weather_for_it 1580419177756 413 214 touchmove 197 98 31.728515625 31.728515625 0 weather 0
nice_weather_for_it 1580419177766 413 214 touchmove 183 91 31.728515625 31.728515625 0 weather 0
nice_weather_for_it 1580419177774 413 214 touchmove 170 85 31.728515625 31.728515625 0 weather 0
nice_weather_for_it 1580419177782 413 214 touchmove 157 79 31.728515625 31.728515625 0 weather 0
nice_weather_for_it 1580419177791 413 214 touchmove 144 73 31.728515625 31.728515625 0 weather 0
nice_weather_for_it 1580419177799 413 214 touchmove 129 69 31.728515625 31.728515625 0 weather 0
nice_weather_for_it 1580419177807 413 214 touchmove 119 65 31.728515625 31.728515625 0 weather 0
nice_weather_for_it 1580419177816 413 214 touchmove 109 61 31.728515625 31.728515625 0 weather 0
nice_weather_for_it 1580419177824 413 214 touchmove 100 58 31.728515625 31.728515625 0 weather 0
nice_weather_for_it 1580419177833 413 214 touchmove 94 55 31.728515625 31.728515625 0 weather 0
nice_weather_for_it 1580419177841 413 214 touchmove 91 52 31.728515625 31.728515625 0 weather 0
nice_weather_for_it 1580419177849 413 214 touchmove 89 51 31.728515625 31.728515625 0 weather 0
nice_weather_for_it 1580419177858 413 214 touchmove 88 49 31.728515625 31.728515625 0 weather 0
nice_weather_for_it 1580419177892 413 214 touchmove 89 47 31.728515625 31.728515625 0 weather 0
nice_weather_for_it 1580419177900 413 214 touchmove 97 45 31.728515625 31.728515625 0 weather 0
nice_weather_for_it 1580419177908 413 214 touchmove 108 41 31.728515625 31.728515625 0 weather 0
nice_weather_for_it 1580419177917 413 214 touchmove 123 38 31.728515625 31.728515625 0 weather 0
nice_weather_for_it 1580419177925 413 214 touchmove 137 37 31.728515625 31.728515625 0 weather 0
nice_weather_for_it 1580419177934 413 214 touchmove 149 35 31.728515625 31.728515625 0 weather 0
nice_weather_for_it 1580419177942 413 214 touchmove 158 35 31.728515625 31.728515625 0 weather 0
nice_weather_for_it 1580419177950 413 214 touchmove 166 35 31.728515625 31.728515625 0 weather 0
nice_weather_for_it 1580419177958 413 214 touchmove 174 35 31.728515625 31.728515625 0 weather 0
nice_weather_for_it 1580419177967 413 214 touchmove 182 35 31.728515625 31.728515625 0 weather 0
nice_weather_for_it 1580419177975 413 214 touchmove 189 35 31.728515625 31.728515625 0 weather 0
nice_weather_for_it 1580419177984 413 214 touchmove 196 34 31.728515625 31.728515625 0 weather 0
nice_weather_for_it 1580419177992 413 214 touchmove 201 34 31.728515625 31.728515625 0 weather 0
nice_weather_for_it 1580419178001 413 214 touchend 201 34 31.728515625 31.728515625 0 weather 0
nice_weather_for_it 1580419178982 413 214 touchstart 188 71 31.728515625 31.728515625 0 for 0
nice_weather_for_it 1580419178999 413 214 touchmove 191 69 31.728515625 31.728515625 0 for 0
nice_weather_for_it 1580419179006 413 214 touchmove 198 68 31.728515625 31.728515625 0 for 0
nice_weather_for_it 1580419179015 413 214 touchmove 206 67 31.728515625 31.728515625 0 for 0
nice_weather_for_it 1580419179023 413 214 touchmove 212 66 31.728515625 31.728515625 0 for 0
nice_weather_for_it 1580419179032 413 214 touchmove 221 65 31.728515625 31.728515625 0 for 0
nice_weather_for_it 1580419179040 413 214 touchmove 235 64 31.728515625 31.728515625 0 for 0
nice_weather_for_it 1580419179050 413 214 touchmove 250 63 31.728515625 31.728515625 0 for 0
nice_weather_for_it 1580419179057 413 214 touchmove 268 61 31.728515625 31.728515625 0 for 0
nice_weather_for_it 1580419179066 413 214 touchmove 288 58 31.728515625 31.728515625 0 for 0
nice_weather_for_it 1580419179074 413 214 touchmove 306 58 31.728515625 31.728515625 0 for 0
nice_weather_for_it 1580419179083 413 214 touchmove 323 57 31.728515625 31.728515625 0 for 0
nice_weather_for_it 1580419179091 413 214 touchmove 331 55 31.728515625 31.728515625 0 for 0
nice_weather_for_it 1580419179099 413 214 touchmove 344 53 31.728515625 31.728515625 0 for 0
nice_weather_for_it 1580419179107 413 214 touchmove 360 48 31.728515625 31.728515625 0 for 0
nice_weather_for_it 1580419179116 413 214 touchmove 365 44 31.728515625 31.728515625 0 for 0
nice_weather_for_it 1580419179124 413 214 touchmove 366 44 31.728515625 31.728515625 0 for 0
nice_weather_for_it 1580419179150 413 214 touchmove 366 43 31.728515625 31.728515625 0 for 0
nice_weather_for_it 1580419179158 413 214 touchmove 364 40 31.728515625 31.728515625 0 for 0
nice_weather_for_it 1580419179167 413 214 touchmove 359 37 31.728515625 31.728515625 0 for 0
nice_weather_for_it 1580419179175 413 214 touchmove 351 34 31.728515625 31.728515625 0 for 0
nice_weather_for_it 1580419179183 413 214 touchmove 343 30 31.728515625 31.728515625 0 for 0
nice_weather_for_it 1580419179192 413 214 touchmove 334 28 31.728515625 31.728515625 0 for 0
nice_weather_for_it 1580419179200 413 214 touchmove 324 26 31.728515625 31.728515625 0 for 0
nice_weather_for_it 1580419179208 413 214 touchmove 312 24 31.728515625 31.728515625 0 for 0
nice_weather_for_it 1580419179217 413 214 touchmove 299 24 31.728515625 31.728515625 0 for 0
nice_weather_for_it 1580419179225 413 214 touchmove 283 24 31.728515625 31.728515625 0 for 0
nice_weather_for_it 1580419179234 413 214 touchmove 267 24 31.728515625 31.728515625 0 for 0
nice_weather_for_it 1580419179242 413 214 touchmove 251 24 31.728515625 31.728515625 0 for 0
nice_weather_for_it 1580419179251 413 214 touchmove 236 26 31.728515625 31.728515625 0 for 0
nice_weather_for_it 1580419179258 413 214 touchmove 229 28 31.728515625 31.728515625 0 for 0
nice_weather_for_it 1580419179268 413 214 touchend 229 28 31.728515625 31.728515625 0 for 0
nice_weather_for_it 1580419179970 413 214 touchstart 329 13 31.728515625 31.728515625 0 it 0
nice_weather_for_it 1580419179996 413 214 touchmove 322 11 31.728515625 31.728515625 0 it 0
nice_weather_for_it 1580419180005 413 214 touchmove 313 11 31.728515625 31.728515625 0 it 0
nice_weather_for_it 1580419180014 413 214 touchmove 303 10 31.728515625 31.728515625 0 it 0
nice_weather_for_it 1580419180022 413 214 touchmove 292 9 31.728515625 31.728515625 0 it 0
nice_weather_for_it 1580419180031 413 214 touchmove 278 7 31.728515625 31.728515625 0 it 0
nice_weather_for_it 1580419180039 413 214 touchmove 263 5 31.728515625 31.728515625 0 it 0
nice_weather_for_it 1580419180048 413 214 touchmove 245 5 31.728515625 31.728515625 0 it 0
nice_weather_for_it 1580419180055 413 214 touchmove 226 10 31.728515625 31.728515625 0 it 0
nice_weather_for_it 1580419180065 413 214 touchmove 210 16 31.728515625 31.728515625 0 it 0
nice_weather_for_it 1580419180072 413 214 touchmove 195 21 31.728515625 31.728515625 0 it 0
nice_weather_for_it 1580419180082 413 214 touchmove 185 24 31.728515625 31.728515625 0 it 0
nice_weather_for_it 1580419180089 413 214 touchmove 181 26 31.728515625 31.728515625 0 it 0
nice_weather_for_it 1580419180099 413 214 touchend 181 26 31.728515625 31.728515625 0 it 0
