sentence timestamp keyb_width keyb_height event x_pos y_pos x_radius y_radius angle word is_err
includes_includes_includes 1756184907243 360 215 touchstart 360.1 399.1 0.607823 0.607823 0 includes 0
includes_includes_includes 1756184907259 360 215 touchmove 354.7 408.2 0.582119 0.582119 0 includes 0
includes_includes_includes 1756184907276 360 215 touchmove 349.8 415.1 0.639039 0.639039 0 includes 0
includes_includes_includes 1756184907293 360 215 touchmove 344.2 426.1 0.765871 0.765871 0 includes 0
includes_includes_includes 1756184907310 360 215 touchmove 339.1 435.5 0.760608 0.760608 0 includes 0
includes_includes_includes 1756184907327 360 215 touchmove 333.7 445.2 0.694142 0.694142 0 includes 0
includes_includes_includes 1756184907344 360 215 touchmove 328.3 455.1 0.561886 0.561886 0 includes 0
includes_includes_includes 1756184907361 360 215 touchmove 322.9 465.1 0.504113 0.504113 0 includes 0
includes_includes_includes 1756184907378 360 215 touchmove 317.5 474.9 0.734835 0.734835 0 includes 0
includes_includes_includes 1756184907395 360 215 touchmove 312.0 484.7 0.580442 0.580442 0 includes 0
includes_includes_includes 1756184907412 360 215 touchmove 306.5 494.4 0.675743 0.675743 0 includes 0
includes_includes_includes 1756184907429 360 215 touchmove 299.8 502.7 0.572761 0.572761 0 includes 0
includes_includes_includes 1756184907445 360 215 touchmove 292.3 509.8 0.600637 0.600637 0 includes 0
includes_includes_includes 1756184907462 360 215 touchmove 284.2 515.5 0.772268 0.772268 0 includes 0
includes_includes_includes 1756184907479 360 215 touchmove 275.2 520.0 0.721903 0.721903 0 includes 0
includes_includes_includes 1756184907496 360 215 touchmove 265.4 522.8 0.777669 0.777669 0 includes 0
includes_includes_includes 1756184907513 360 215 touchmove 254.9 524.5 0.581739 0.581739 0 includes 0
includes_includes_includes 1756184907530 360 215 touchmove 243.6 525.1 0.793278 0.793278 0 includes 0
includes_includes_includes 1756184907547 360 215 touchmove 232.5 525.5 0.688857 0.688857 0 includes 0
includes_includes_includes 1756184907564 360 215 touchmove 221.5 525.8 0.790661 0.790661 0 includes 0
includes_includes_includes 1756184907581 360 215 touchmove 210.8 525.9 0.550276 0.550276 0 includes 0
includes_includes_includes 1756184907598 360 215 touchmove 200.1 525.9 0.520940 0.520940 0 includes 0
includes_includes_includes 1756184907615 360 215 touchmove 189.5 526.0 0.731413 0.731413 0 includes 0
includes_includes_includes 1756184907631 360 215 touchmove 178.9 525.9 0.522755 0.522755 0 includes 0
includes_includes_includes 1756184907648 360 215 touchmove 168.1 525.7 0.653073 0.653073 0 includes 0
includes_includes_includes 1756184907665 360 215 touchmove 157.4 525.5 0.774301 0.774301 0 includes 0
includes_includes_includes 1756184907682 360 215 touchmove 146.6 525.2 0.601079 0.601079 0 includes 0
includes_includes_includes 1756184907699 360 215 touchmove 135.4 525.1 0.618008 0.618008 0 includes 0
includes_includes_includes 1756184907716 360 215 touchmove 124.3 524.9 0.545472 0.545472 0 includes 0
includes_includes_includes 1756184907733 360 215 touchmove 113.1 524.6 0.611475 0.611475 0 includes 0
includes_includes_includes 1756184907750 360 215 touchmove 103.0 524.3 0.725262 0.725262 0 includes 0
includes_includes_includes 1756184907767 360 215 touchmove 95.7 523.9 0.636169 0.636169 0 includes 0
includes_includes_includes 1756184907784 360 215 touchmove 91.6 523.4 0.583370 0.583370 0 includes 0
includes_includes_includes 1756184907801 360 215 touchmove 90.6 522.4 0.676595 0.676595 0 includes 0
includes_includes_includes 1756184907817 360 215 touchmove 92.8 521.2 0.735499 0.735499 0 includes 0
includes_includes_includes 1756184907834 360 215 touchmove 98.2 519.7 0.688829 0.688829 0 includes 0
includes_includes_includes 1756184907851 360 215 touchmove 106.7 518.3 0.594922 0.594922 0 includes 0
includes_includes_includes 1756184907868 360 215 touchmove 117.4 516.7 0.577686 0.577686 0 includes 0
includes_includes_includes 1756184907885 360 215 touchmove 128.5 515.1 0.665801 0.665801 0 includes 0
includes_includes_includes 1756184907902 360 215 touchmove 139.7 513.4 0.716413 0.716413 0 includes 0
includes_includes_includes 1756184907919 360 215 touchmove 150.8 511.8 0.689855 0.689855 0 includes 0
includes_includes_includes 1756184907936 360 215 touchmove 161.6 510.2 0.699544 0.699544 0 includes 0
includes_includes_includes 1756184907953 360 215 touchmove 172.2 508.8 0.593988 0.593988 0 includes 0
includes_includes_includes 1756184907970 360 215 touchmove 182.9 507.0 0.625954 0.625954 0 includes 0
includes_includes_includes 1756184907987 360 215 touchmove 193.6 505.3 0.597770 0.597770 0 includes 0
includes_includes_includes 1756184908003 360 215 touchmove 204.3 503.4 0.518683 0.518683 0 includes 0
includes_includes_includes 1756184908020 360 215 touchmove 215.1 501.6 0.750320 0.750320 0 includes 0
includes_includes_includes 1756184908037 360 215 touchmove 225.9 499.8 0.594804 0.594804 0 includes 0
includes_includes_includes 1756184908054 360 215 touchmove 237.2 498.0 0.577485 0.577485 0 includes 0
includes_includes_includes 1756184908071 360 215 touchmove 248.5 495.9 0.606101 0.606101 0 includes 0
includes_includes_includes 1756184908088 360 215 touchmove 259.6 494.0 0.602418 0.602418 0 includes 0
includes_includes_includes 1756184908105 360 215 touchmove 270.9 492.0 0.592715 0.592715 0 includes 0
includes_includes_includes 1756184908122 360 215 touchmove 282.0 490.1 0.505771 0.505771 0 includes 0
includes_includes_includes 1756184908139 360 215 touchmove 292.8 488.3 0.711812 0.711812 0 includes 0
includes_includes_includes 1756184908156 360 215 touchmove 303.7 486.6 0.772367 0.772367 0 includes 0
includes_includes_includes 1756184908173 360 215 touchmove 314.5 485.0 0.695142 0.695142 0 includes 0
includes_includes_includes 1756184908189 360 215 touchmove 325.1 483.6 0.657477 0.657477 0 includes 0
includes_includes_includes 1756184908206 360 215 touchmove 336.1 482.3 0.727882 0.727882 0 includes 0
includes_includes_includes 1756184908223 360 215 touchmove 346.8 480.9 0.596046 0.596046 0 includes 0
includes_includes_includes 1756184908240 360 215 touchmove 357.5 479.4 0.749110 0.749110 0 includes 0
includes_includes_includes 1756184908257 360 215 touchmove 368.5 477.7 0.779742 0.779742 0 includes 0
includes_includes_includes 1756184908274 360 215 touchmove 379.4 476.0 0.546567 0.546567 0 includes 0
includes_includes_includes 1756184908291 360 215 touchmove 390.3 474.2 0.656051 0.656051 0 includes 0
includes_includes_includes 1756184908308 360 215 touchmove 401.4 472.5 0.713127 0.713127 0 includes 0
includes_includes_includes 1756184908325 360 215 touchmove 412.5 470.7 0.637896 0.637896 0 includes 0
includes_includes_includes 1756184908342 360 215 touchmove 423.9 469.1 0.717931 0.717931 0 includes 0
includes_includes_includes 1756184908359 360 215 touchmove 435.1 467.6 0.717004 0.717004 0 includes 0
includes_includes_includes 1756184908376 360 215 touchmove 443.3 465.8 0.544977 0.544977 0 includes 0
includes_includes_includes 1756184908392 360 215 touchmove 448.4 463.6 0.612383 0.612383 0 includes 0
includes_includes_includes 1756184908409 360 215 touchmove 450.6 461.4 0.730630 0.730630 0 includes 0
includes_includes_includes 1756184908426 360 215 touchmove 449.7 458.7 0.593143 0.593143 0 includes 0
includes_includes_includes 1756184908443 360 215 touchmove 445.6 455.7 0.695286 0.695286 0 includes 0
includes_includes_includes 1756184908460 360 215 touchmove 438.4 452.3 0.506473 0.506473 0 includes 0
includes_includes_includes 1756184908477 360 215 touchmove 428.4 448.4 0.799729 0.799729 0 includes 0
includes_includes_includes 1756184908494 360 215 touchmove 417.9 444.7 0.798486 0.798486 0 includes 0
includes_includes_includes 1756184908511 360 215 touchmove 407.3 440.9 0.559341 0.559341 0 includes 0
includes_includes_includes 1756184908528 360 215 touchmove 396.7 437.2 0.688265 0.688265 0 includes 0
includes_includes_includes 1756184908545 360 215 touchmove 386.1 433.4 0.670758 0.670758 0 includes 0
includes_includes_includes 1756184908562 360 215 touchmove 375.4 429.8 0.523717 0.523717 0 includes 0
includes_includes_includes 1756184908578 360 215 touchmove 365.0 426.1 0.553385 0.553385 0 includes 0
includes_includes_includes 1756184908595 360 215 touchmove 354.4 422.5 0.690315 0.690315 0 includes 0
includes_includes_includes 1756184908612 360 215 touchmove 344.3 419.0 0.602628 0.602628 0 includes 0
includes_includes_includes 1756184908629 360 215 touchmove 334.2 415.7 0.538614 0.538614 0 includes 0
includes_includes_includes 1756184908646 360 215 touchmove 324.0 412.1 0.520560 0.520560 0 includes 0
includes_includes_includes 1756184908663 360 215 touchmove 313.6 408.9 0.653407 0.653407 0 includes 0
includes_includes_includes 1756184908680 360 215 touchmove 303.3 406.6 0.535243 0.535243 0 includes 0
includes_includes_includes 1756184908697 360 215 touchmove 292.7 405.4 0.678768 0.678768 0 includes 0
includes_includes_includes 1756184908714 360 215 touchmove 282.1 405.2 0.521708 0.521708 0 includes 0
includes_includes_includes 1756184908731 360 215 touchmove 271.4 405.8 0.527581 0.527581 0 includes 0
includes_includes_includes 1756184908748 360 215 touchmove 260.5 407.3 0.655833 0.655833 0 includes 0
includes_includes_includes 1756184908764 360 215 touchmove 249.5 410.0 0.622066 0.622066 0 includes 0
includes_includes_includes 1756184908781 360 215 touchmove 238.6 413.0 0.576856 0.576856 0 includes 0
includes_includes_includes 1756184908798 360 215 touchmove 227.5 415.8 0.568958 0.568958 0 includes 0
includes_includes_includes 1756184908815 360 215 touchmove 216.7 418.4 0.797183 0.797183 0 includes 0
includes_includes_includes 1756184908832 360 215 touchmove 205.9 421.1 0.508775 0.508775 0 includes 0
includes_includes_includes 1756184908849 360 215 touchmove 195.1 423.6 0.501156 0.501156 0 includes 0
includes_includes_includes 1756184908866 360 215 touchmove 184.4 426.0 0.735333 0.735333 0 includes 0
includes_includes_includes 1756184908883 360 215 touchmove 173.8 428.4 0.775982 0.775982 0 includes 0
includes_includes_includes 1756184908900 360 215 touchmove 163.2 430.8 0.637457 0.637457 0 includes 0
includes_includes_includes 1756184908917 360 215 touchmove 152.7 433.5 0.755914 0.755914 0 includes 0
includes_includes_includes 1756184908934 360 215 touchmove 141.9 436.2 0.742937 0.742937 0 includes 0
includes_includes_includes 1756184908950 360 215 touchmove 130.9 439.0 0.712702 0.712702 0 includes 0
includes_includes_includes 1756184908967 360 215 touchmove 119.8 441.9 0.743437 0.743437 0 includes 0
includes_includes_includes 1756184908984 360 215 touchmove 108.9 445.1 0.633973 0.633973 0 includes 0
includes_includes_includes 1756184909001 360 215 touchmove 98.2 448.2 0.585197 0.585197 0 includes 0
includes_includes_includes 1756184909018 360 215 touchmove 87.7 451.0 0.786648 0.786648 0 includes 0
includes_includes_includes 1756184909035 360 215 touchmove 77.1 453.8 0.534842 0.534842 0 includes 0
includes_includes_includes 1756184909052 360 215 touchmove 66.7 456.3 0.517879 0.517879 0 includes 0
includes_includes_includes 1756184909069 360 215 touchmove 56.9 457.0 0.685437 0.685437 0 includes 0
includes_includes_includes 1756184909086 360 215 touchmove 48.0 456.0 0.525152 0.525152 0 includes 0
includes_includes_includes 1756184909103 360 215 touchmove 39.9 452.5 0.711531 0.711531 0 includes 0
includes_includes_includes 1756184909120 360 215 touchmove 32.2 447.5 0.598877 0.598877 0 includes 0
includes_includes_includes 1756184909136 360 215 touchmove 25.5 441.1 0.788419 0.788419 0 includes 0
includes_includes_includes 1756184909153 360 215 touchmove 19.6 433.2 0.597975 0.597975 0 includes 0
includes_includes_includes 1756184909170 360 215 touchmove 14.2 425.2 0.576388 0.576388 0 includes 0
includes_includes_includes 1756184909187 360 215 touchmove 9.0 419.7 0.552272 0.552272 0 includes 0
includes_includes_includes 1756184909204 360 215 touchmove 3.8 416.8 0.578437 0.578437 0 includes 0
includes_includes_includes 1756184909221 360 215 touchmove -1.5 417.0 0.632365 0.632365 0 includes 0
includes_includes_includes 1756184909238 360 215 touchmove -6.7 419.8 0.735419 0.735419 0 includes 0
includes_includes_includes 1756184909255 360 215 touchmove -12.1 425.2 0.677084 0.677084 0 includes 0
includes_includes_includes 1756184909272 360 215 touchmove -17.5 433.0 0.588393 0.588393 0 includes 0
includes_includes_includes 1756184909289 360 215 touchmove -22.6 442.7 0.781716 0.781716 0 includes 0
includes_includes_includes 1756184909306 360 215 touchmove -27.6 451.0 0.540174 0.540174 0 includes 0
includes_includes_includes 1756184909323 360 215 touchend -33.3 460.5 0.657555 0.657555 0 includes 0