sentence timestamp keyb_width keyb_height event x_pos y_pos x_radius y_radius angle word is_err
cotton_cotton_cotton 1756184910993 360 215 touchstart 71.4 523.9 0.575871 0.575871 0 cotton 0
cotton_cotton_cotton 1756184911009 360 215 touchmove 86.3 519.1 0.672485 0.672485 0 cotton 0
cotton_cotton_cotton 1756184911026 360 215 touchmove 102.7 515.7 0.641595 0.641595 0 cotton 0
cotton_cotton_cotton 1756184911043 360 215 touchmove 117.8 510.5 0.605423 0.605423 0 cotton 0
cotton_cotton_cotton 1756184911060 360 215 touchmove 133.6 505.7 0.572217 0.572217 0 cotton 0
cotton_cotton_cotton 1756184911077 360 215 touchmove 149.2 500.6 0.648055 0.648055 0 cotton 0
cotton_cotton_cotton 1756184911094 360 215 touchmove 164.4 495.1 0.640217 0.640217 0 cotton 0
cotton_cotton_cotton 1756184911111 360 215 touchmove 179.5 489.4 0.742437 0.742437 0 cotton 0
cotton_cotton_cotton 1756184911128 360 215 touchmove 194.4 483.7 0.603855 0.603855 0 cotton 0
cotton_cotton_cotton 1756184911145 360 215 touchmove 210.0 477.4 0.519234 0.519234 0 cotton 0
cotton_cotton_cotton 1756184911162 360 215 touchmove 225.9 471.1 0.596012 0.596012 0 cotton 0
cotton_cotton_cotton 1756184911178 360 215 touchmove 241.3 465.0 0.528374 0.528374 0 cotton 0
cotton_cotton_cotton 1756184911195 360 215 touchmove 256.8 459.4 0.785454 0.785454 0 cotton 0
cotton_cotton_cotton 1756184911212 360 215 touchmove 272.5 454.2 0.717944 0.717944 0 cotton 0
cotton_cotton_cotton 1756184911229 360 215 touchmove 287.8 449.2 0.534945 0.534945 0 cotton 0
cotton_cotton_cotton 1756184911246 360 215 touchmove 303.2 444.2 0.577777 0.577777 0 cotton 0
cotton_cotton_cotton 1756184911263 360 215 touchmove 318.3 439.7 0.630953 0.630953 0 cotton 0
cotton_cotton_cotton 1756184911280 360 215 touchmove 333.2 434.8 0.786158 0.786158 0 cotton 0
cotton_cotton_cotton 1756184911297 360 215 touchmove 348.0 430.0 0.741815 0.741815 0 cotton 0
cotton_cotton_cotton 1756184911314 360 215 touchmove 362.9 424.9 0.688722 0.688722 0 cotton 0
cotton_cotton_cotton 1756184911331 360 215 touchmove 377.7 419.6 0.512978 0.512978 0 cotton 0
cotton_cotton_cotton 1756184911347 360 215 touchmove 390.8 414.3 0.689999 0.689999 0 cotton 0
cotton_cotton_cotton 1756184911364 360 215 touchmove 399.5 409.5 0.528774 0.528774 0 cotton 0
cotton_cotton_cotton 1756184911381 360 215 touchmove 403.7 405.4 0.732170 0.732170 0 cotton 0
cotton_cotton_cotton 1756184911398 360 215 touchmove 403.4 402.1 0.556170 0.556170 0 cotton 0
cotton_cotton_cotton 1756184911415 360 215 touchmove 398.9 399.6 0.628148 0.628148 0 cotton 0
cotton_cotton_cotton 1756184911432 360 215 touchmove 390.0 398.3 0.627174 0.627174 0 cotton 0
cotton_cotton_cotton 1756184911449 360 215 touchmove 376.5 397.9 0.698280 0.698280 0 cotton 0
cotton_cotton_cotton 1756184911466 360 215 touchmove 360.9 398.4 0.702120 0.702120 0 cotton 0
cotton_cotton_cotton 1756184911483 360 215 touchmove 345.3 399.2 0.709304 0.709304 0 cotton 0
cotton_cotton_cotton 1756184911500 360 215 touchmove 329.5 400.1 0.662290 0.662290 0 cotton 0
cotton_cotton_cotton 1756184911516 360 215 touchmove 313.7 400.9 0.588806 0.588806 0 cotton 0
cotton_cotton_cotton 1756184911533 360 215 touchmove 297.5 401.9 0.751108 0.751108 0 cotton 0
cotton_cotton_cotton 1756184911550 360 215 touchmove 281.4 402.1 0.617095 0.617095 0 cotton 0
cotton_cotton_cotton 1756184911567 360 215 touchmove 265.2 402.2 0.755737 0.755737 0 cotton 0
cotton_cotton_cotton 1756184911584 360 215 touchmove 248.6 402.0 0.787228 0.787228 0 cotton 0
cotton_cotton_cotton 1756184911601 360 215 touchmove 231.9 401.6 0.715039 0.715039 0 cotton 0
cotton_cotton_cotton 1756184911618 360 215 touchmove 215.5 401.1 0.506601 0.506601 0 cotton 0
cotton_cotton_cotton 1756184911635 360 215 touchmove 199.2 400.8 0.571597 0.571597 0 cotton 0
cotton_cotton_cotton 1756184911652 360 215 touchmove 185.8 400.4 0.765131 0.765131 0 cotton 0
cotton_cotton_cotton 1756184911669 360 215 touchmove 177.3 400.3 0.799812 0.799812 0 cotton 0
cotton_cotton_cotton 1756184911685 360 215 touchmove 173.6 400.3 0.718316 0.718316 0 cotton 0
cotton_cotton_cotton 1756184911702 360 215 touchmove 174.5 400.2 0.777733 0.777733 0 cotton 0
cotton_cotton_cotton 1756184911719 360 215 touchmove 180.2 400.3 0.731744 0.731744 0 cotton 0
cotton_cotton_cotton 1756184911736 360 215 touchmove 190.3 400.4 0.631412 0.631412 0 cotton 0
cotton_cotton_cotton 1756184911753 360 215 touchmove 204.5 400.1 0.530634 0.530634 0 cotton 0
cotton_cotton_cotton 1756184911770 360 215 touchmove 220.4 399.8 0.791477 0.791477 0 cotton 0
cotton_cotton_cotton 1756184911787 360 215 touchmove 236.0 399.6 0.598199 0.598199 0 cotton 0
cotton_cotton_cotton 1756184911804 360 215 touchmove 251.5 399.1 0.781985 0.781985 0 cotton 0
cotton_cotton_cotton 1756184911821 360 215 touchmove 267.2 398.8 0.774630 0.774630 0 cotton 0
cotton_cotton_cotton 1756184911838 360 215 touchmove 283.0 398.5 0.692892 0.692892 0 cotton 0
cotton_cotton_cotton 1756184911854 360 215 touchmove 298.8 398.1 0.731772 0.731772 0 cotton 0
cotton_cotton_cotton 1756184911871 360 215 touchmove 315.1 398.5 0.554737 0.554737 0 cotton 0
cotton_cotton_cotton 1756184911888 360 215 touchmove 331.3 398.7 0.585774 0.585774 0 cotton 0
cotton_cotton_cotton 1756184911905 360 215 touchmove 347.5 398.7 0.695313 0.695313 0 cotton 0
cotton_cotton_cotton 1756184911922 360 215 touchmove 364.1 398.7 0.619636 0.619636 0 cotton 0
cotton_cotton_cotton 1756184911939 360 215 touchmove 380.3 399.0 0.594391 0.594391 0 cotton 0
cotton_cotton_cotton 1756184911956 360 215 touchmove 393.3 400.4 0.656133 0.656133 0 cotton 0
cotton_cotton_cotton 1756184911973 360 215 touchmove 402.4 403.5 0.741530 0.741530 0 cotton 0
cotton_cotton_cotton 1756184911990 360 215 touchmove 407.4 408.0 0.556088 0.556088 0 cotton 0
cotton_cotton_cotton 1756184912007 360 215 touchmove 408.3 414.0 0.694701 0.694701 0 cotton 0
cotton_cotton_cotton 1756184912023 360 215 touchmove 405.6 421.6 0.601613 0.601613 0 cotton 0
cotton_cotton_cotton 1756184912040 360 215 touchmove 398.4 431.3 0.746225 0.746225 0 cotton 0
cotton_cotton_cotton 1756184912057 360 215 touchmove 387.7 442.3 0.573691 0.573691 0 cotton 0
cotton_cotton_cotton 1756184912074 360 215 touchmove 376.0 453.3 0.569254 0.569254 0 cotton 0
cotton_cotton_cotton 1756184912091 360 215 touchmove 363.7 464.0 0.512844 0.512844 0 cotton 0
cotton_cotton_cotton 1756184912108 360 215 touchmove 351.3 474.3 0.725599 0.725599 0 cotton 0
cotton_cotton_cotton 1756184912125 360 215 touchmove 339.0 484.7 0.515290 0.515290 0 cotton 0
cotton_cotton_cotton 1756184912142 360 215 touchmove 326.4 495.0 0.546766 0.546766 0 cotton 0
cotton_cotton_cotton 1756184912159 360 215 touchmove 313.0 504.0 0.789385 0.789385 0 cotton 0
cotton_cotton_cotton 1756184912176 360 215 touchmove 300.4 513.9 0.638256 0.638256 0 cotton 0
cotton_cotton_cotton 1756184912193 360 215 touchend 287.7 524.3 0.656065 0.656065 0 cotton 0