sentence timestamp keyb_width keyb_height event x_pos y_pos x_radius y_radius angle word is_err
position_position_position 1756184906580 360 215 touchstart 502.8 400.7 0.747879 0.747879 0 position 0
position_position_position 1756184906596 360 215 touchmove 488.5 401.7 0.548907 0.548907 0 position 0
position_position_position 1756184906613 360 215 touchmove 475.0 402.3 0.760084 0.760084 0 position 0
position_position_position 1756184906630 360 215 touchmove 462.2 401.5 0.564588 0.564588 0 position 0
position_position_position 1756184906647 360 215 touchmove 448.8 401.8 0.762365 0.762365 0 position 0
position_position_position 1756184906664 360 215 touchmove 435.5 402.3 0.703854 0.703854 0 position 0
position_position_position 1756184906681 360 215 touchmove 422.4 402.9 0.669733 0.669733 0 position 0
position_position_position 1756184906698 360 215 touchmove 409.5 403.8 0.664161 0.664161 0 position 0
position_position_position 1756184906715 360 215 touchmove 396.4 405.0 0.642855 0.642855 0 position 0
position_position_position 1756184906732 360 215 touchmove 383.5 406.6 0.723727 0.723727 0 position 0
position_position_position 1756184906749 360 215 touchmove 370.5 408.6 0.680945 0.680945 0 position 0
position_position_position 1756184906766 360 215 touchmove 357.4 410.6 0.515919 0.515919 0 position 0
position_position_position 1756184906782 360 215 touchmove 344.2 412.6 0.756402 0.756402 0 position 0
position_position_position 1756184906799 360 215 touchmove 331.0 414.4 0.521604 0.521604 0 position 0
position_position_position 1756184906816 360 215 touchmove 317.7 416.3 0.566766 0.566766 0 position 0
position_position_position 1756184906833 360 215 touchmove 304.4 418.2 0.644584 0.644584 0 position 0
position_position_position 1756184906850 360 215 touchmove 291.0 420.0 0.690959 0.690959 0 position 0
position_position_position 1756184906867 360 215 touchmove 277.9 421.7 0.752400 0.752400 0 position 0
position_position_position 1756184906884 360 215 touchmove 265.0 423.5 0.600310 0.600310 0 position 0
position_position_position 1756184906901 360 215 touchmove 252.3 425.0 0.687498 0.687498 0 position 0
position_position_position 1756184906918 360 215 touchmove 239.4 426.8 0.728848 0.728848 0 position 0
position_position_position 1756184906935 360 215 touchmove 226.5 428.2 0.561734 0.561734 0 position 0
position_position_position 1756184906952 360 215 touchmove 213.8 429.6 0.666939 0.666939 0 position 0
position_position_position 1756184906968 360 215 touchmove 201.2 431.0 0.692942 0.692942 0 position 0
position_position_position 1756184906985 360 215 touchmove 188.3 432.5 0.737014 0.737014 0 position 0
position_position_position 1756184907002 360 215 touchmove 175.1 433.9 0.733258 0.733258 0 position 0
position_position_position 1756184907019 360 215 touchmove 161.9 435.7 0.718510 0.718510 0 position 0
position_position_position 1756184907036 360 215 touchmove 148.5 437.4 0.679547 0.679547 0 position 0
position_position_position 1756184907053 360 215 touchmove 135.2 439.5 0.725006 0.725006 0 position 0
position_position_position 1756184907070 360 215 touchmove 121.8 441.5 0.626761 0.626761 0 position 0
position_position_position 1756184907087 360 215 touchmove 108.0 443.4 0.526074 0.526074 0 position 0
position_position_position 1756184907104 360 215 touchmove 94.6 445.2 0.783138 0.783138 0 position 0
position_position_position 1756184907121 360 215 touchmove 81.0 446.9 0.701177 0.701177 0 position 0
position_position_position 1756184907138 360 215 touchmove 67.4 448.5 0.524610 0.524610 0 position 0
position_position_position 1756184907154 360 215 touchmove 54.1 450.1 0.687468 0.687468 0 position 0
position_position_position 1756184907171 360 215 touchmove 40.7 451.5 0.702033 0.702033 0 position 0
position_position_position 1756184907188 360 215 touchmove 27.1 453.2 0.554374 0.554374 0 position 0
position_position_position 1756184907205 360 215 touchmove 13.8 455.0 0.528154 0.528154 0 position 0
position_position_position 1756184907222 360 215 touchmove 0.8 456.7 0.609560 0.609560 0 position 0
position_position_position 1756184907239 360 215 touchmove -8.2 458.0 0.774797 0.774797 0 position 0
position_position_position 1756184907256 360 215 touchmove -13.3 458.8 0.672551 0.672551 0 position 0
position_position_position 1756184907273 360 215 touchmove -14.9 459.2 0.761226 0.761226 0 position 0
position_position_position 1756184907290 360 215 touchmove -12.1 459.1 0.665918 0.665918 0 position 0
position_position_position 1756184907307 360 215 touchmove -5.5 458.3 0.724396 0.724396 0 position 0
position_position_position 1756184907324 360 215 touchmove 4.8 456.5 0.689971 0.689971 0 position 0
position_position_position 1756184907340 360 215 touchmove 18.5 454.4 0.785736 0.785736 0 position 0
position_position_position 1756184907357 360 215 touchmove 32.1 452.2 0.540251 0.540251 0 position 0
position_position_position 1756184907374 360 215 touchmove 45.6 449.9 0.505857 0.505857 0 position 0
position_position_position 1756184907391 360 215 touchmove 59.1 447.3 0.697511 0.697511 0 position 0
position_position_position 1756184907408 360 215 touchmove 72.2 444.9 0.660757 0.660757 0 position 0
position_position_position 1756184907425 360 215 touchmove 85.0 443.0 0.537818 0.537818 0 position 0
position_position_position 1756184907442 360 215 touchmove 97.8 441.0 0.573899 0.573899 0 position 0
position_position_position 1756184907459 360 215 touchmove 110.6 438.9 0.710315 0.710315 0 position 0
position_position_position 1756184907476 360 215 touchmove 123.5 436.8 0.703279 0.703279 0 position 0
position_position_position 1756184907493 360 215 touchmove 136.7 434.8 0.682515 0.682515 0 position 0
position_position_position 1756184907510 360 215 touchmove 149.9 432.8 0.577269 0.577269 0 position 0
position_position_position 1756184907526 360 215 touchmove 163.1 430.6 0.528728 0.528728 0 position 0
position_position_position 1756184907543 360 215 touchmove 176.5 428.2 0.766180 0.766180 0 position 0
position_position_position 1756184907560 360 215 touchmove 189.9 426.1 0.659377 0.659377 0 position 0
position_position_position 1756184907577 360 215 touchmove 203.2 423.9 0.505727 0.505727 0 position 0
position_position_position 1756184907594 360 215 touchmove 216.4 421.7 0.716121 0.716121 0 position 0
position_position_position 1756184907611 360 215 touchmove 229.4 419.1 0.589574 0.589574 0 position 0
position_position_position 1756184907628 360 215 touchmove 242.1 416.7 0.656590 0.656590 0 position 0
position_position_position 1756184907645 360 215 touchmove 255.3 414.7 0.752958 0.752958 0 position 0
position_position_position 1756184907662 360 215 touchmove 268.3 412.5 0.677775 0.677775 0 position 0
position_position_position 1756184907679 360 215 touchmove 281.7 410.4 0.695719 0.695719 0 position 0
position_position_position 1756184907696 360 215 touchmove 294.9 408.5 0.534403 0.534403 0 position 0
position_position_position 1756184907713 360 215 touchmove 308.2 406.7 0.538007 0.538007 0 position 0
position_position_position 1756184907729 360 215 touchmove 321.2 405.1 0.756914 0.756914 0 position 0
position_position_position 1756184907746 360 215 touchmove 330.5 403.9 0.510373 0.510373 0 position 0
position_position_position 1756184907763 360 215 touchmove 335.6 402.8 0.792880 0.792880 0 position 0
position_position_position 1756184907780 360 215 touchmove 336.8 401.8 0.513632 0.513632 0 position 0
position_position_position 1756184907797 360 215 touchmove 334.2 401.4 0.782612 0.782612 0 position 0
position_position_position 1756184907814 360 215 touchmove 327.9 401.0 0.582933 0.582933 0 position 0
position_position_position 1756184907831 360 215 touchmove 317.9 400.7 0.643881 0.643881 0 position 0
position_position_position 1756184907848 360 215 touchmove 304.6 400.5 0.710169 0.710169 0 position 0
position_position_position 1756184907865 360 215 touchmove 291.5 400.5 0.686533 0.686533 0 position 0
position_position_position 1756184907882 360 215 touchmove 278.4 400.4 0.643101 0.643101 0 position 0
position_position_position 1756184907899 360 215 touchmove 265.3 400.4 0.618831 0.618831 0 position 0
position_position_position 1756184907915 360 215 touchmove 252.4 400.0 0.612047 0.612047 0 position 0
position_position_position 1756184907932 360 215 touchmove 239.6 399.8 0.518270 0.518270 0 position 0
position_position_position 1756184907949 360 215 touchmove 226.3 399.4 0.767623 0.767623 0 position 0
position_position_position 1756184907966 360 215 touchmove 212.9 399.3 0.746082 0.746082 0 position 0
position_position_position 1756184907983 360 215 touchmove 199.3 399.3 0.781783 0.781783 0 position 0
position_position_position 1756184908000 360 215 touchmove 185.7 399.2 0.785138 0.785138 0 position 0
position_position_position 1756184908017 360 215 touchmove 175.7 399.3 0.564246 0.564246 0 position 0
position_position_position 1756184908034 360 215 touchmove 169.3 399.4 0.593023 0.593023 0 position 0
position_position_position 1756184908051 360 215 touchmove 166.7 399.6 0.648728 0.648728 0 position 0
position_position_position 1756184908068 360 215 touchmove 168.1 399.9 0.710157 0.710157 0 position 0
position_position_position 1756184908085 360 215 touchmove 173.7 399.9 0.751860 0.751860 0 position 0
position_position_position 1756184908101 360 215 touchmove 182.9 399.7 0.544831 0.544831 0 position 0
position_position_position 1756184908118 360 215 touchmove 196.1 399.5 0.724761 0.724761 0 position 0
position_position_position 1756184908135 360 215 touchmove 209.6 399.0 0.640142 0.640142 0 position 0
position_position_position 1756184908152 360 215 touchmove 223.0 398.7 0.758379 0.758379 0 position 0
position_position_position 1756184908169 360 215 touchmove 236.4 398.6 0.510760 0.510760 0 position 0
position_position_position 1756184908186 360 215 touchmove 249.8 398.5 0.622741 0.622741 0 position 0
position_position_position 1756184908203 360 215 touchmove 263.1 398.6 0.683977 0.683977 0 position 0
position_position_position 1756184908220 360 215 touchmove 276.4 398.8 0.707648 0.707648 0 position 0
position_position_position 1756184908237 360 215 touchmove 289.7 399.1 0.611158 0.611158 0 position 0
position_position_position 1756184908254 360 215 touchmove 302.8 399.8 0.618982 0.618982 0 position 0
position_position_position 1756184908271 360 215 touchmove 315.9 400.3 0.794011 0.794011 0 position 0
position_position_position 1756184908287 360 215 touchmove 328.9 400.5 0.717768 0.717768 0 position 0
position_position_position 1756184908304 360 215 touchmove 342.1 400.7 0.758590 0.758590 0 position 0
position_position_position 1756184908321 360 215 touchmove 355.3 400.6 0.626105 0.626105 0 position 0
position_position_position 1756184908338 360 215 touchmove 368.9 400.8 0.642263 0.642263 0 position 0
position_position_position 1756184908355 360 215 touchmove 382.4 400.8 0.605071 0.605071 0 position 0
position_position_position 1756184908372 360 215 touchmove 395.3 401.0 0.734087 0.734087 0 position 0
position_position_position 1756184908389 360 215 touchmove 404.7 402.4 0.547015 0.547015 0 position 0
position_position_position 1756184908406 360 215 touchmove 411.0 405.2 0.785107 0.785107 0 position 0
position_position_position 1756184908423 360 215 touchmove 414.1 409.3 0.574871 0.574871 0 position 0
position_position_position 1756184908440 360 215 touchmove 413.5 414.9 0.621299 0.621299 0 position 0
position_position_position 1756184908457 360 215 touchmove 409.2 421.3 0.521577 0.521577 0 position 0
position_position_position 1756184908473 360 215 touchmove 401.5 428.9 0.595767 0.595767 0 position 0
position_position_position 1756184908490 360 215 touchmove 391.3 437.7 0.652777 0.652777 0 position 0
position_position_position 1756184908507 360 215 touchmove 381.1 446.6 0.522524 0.522524 0 position 0
position_position_position 1756184908524 360 215 touchmove 370.7 455.2 0.599744 0.599744 0 position 0
position_position_position 1756184908541 360 215 touchmove 360.2 464.1 0.740274 0.740274 0 position 0
position_position_position 1756184908558 360 215 touchmove 349.5 472.8 0.601828 0.601828 0 position 0
position_position_position 1756184908575 360 215 touchmove 339.3 481.6 0.706524 0.706524 0 position 0
position_position_position 1756184908592 360 215 touchmove 329.1 490.6 0.652173 0.652173 0 position 0
position_position_position 1756184908609 360 215 touchmove 318.9 499.1 0.560660 0.560660 0 position 0
position_position_position 1756184908626 360 215 touchmove 308.6 507.9 0.546694 0.546694 0 position 0
position_position_position 1756184908643 360 215 touchmove 299.1 517.0 0.584389 0.584389 0 position 0
position_position_position 1756184908660 360 215 touchend 288.8 524.4 0.605003 0.605003 0 position 0