sentence timestamp keyb_width keyb_height event x_pos y_pos x_radius y_radius angle word is_err
metallic_metallic_metallic 1756184920399 360 215 touchstart 359.5 524.5 0.792285 0.792285 0 metallic 0
metallic_metallic_metallic 1756184920415 360 215 touchmove 344.4 519.1 0.796475 0.796475 0 metallic 0
metallic_metallic_metallic 1756184920432 360 215 touchmove 329.4 514.3 0.525256 0.525256 0 metallic 0
metallic_metallic_metallic 1756184920449 360 215 touchmove 314.6 509.4 0.652941 0.652941 0 metallic 0
metallic_metallic_metallic 1756184920466 360 215 touchmove 299.8 504.4 0.572636 0.572636 0 metallic 0
metallic_metallic_metallic 1756184920483 360 215 touchmove 285.0 499.5 0.540901 0.540901 0 metallic 0
metallic_metallic_metallic 1756184920500 360 215 touchmove 270.3 494.4 0.608105 0.608105 0 metallic 0
metallic_metallic_metallic 1756184920516 360 215 touchmove 255.4 489.2 0.551795 0.551795 0 metallic 0
metallic_metallic_metallic 1756184920533 360 215 touchmove 240.6 484.2 0.513742 0.513742 0 metallic 0
metallic_metallic_metallic 1756184920550 360 215 touchmove 225.8 479.2 0.500113 0.500113 0 metallic 0
metallic_metallic_metallic 1756184920567 360 215 touchmove 210.9 474.0 0.738949 0.738949 0 metallic 0
metallic_metallic_metallic 1756184920584 360 215 touchmove 196.0 468.8 0.561690 0.561690 0 metallic 0
metallic_metallic_metallic 1756184920601 360 215 touchmove 181.0 463.6 0.749670 0.749670 0 metallic 0
metallic_metallic_metallic 1756184920617 360 215 touchmove 166.1 458.5 0.594398 0.594398 0 metallic 0
metallic_metallic_metallic 1756184920634 360 215 touchmove 151.2 453.5 0.535593 0.535593 0 metallic 0
metallic_metallic_metallic 1756184920651 360 215 touchmove 136.3 448.2 0.518665 0.518665 0 metallic 0
metallic_metallic_metallic 1756184920668 360 215 touchmove 121.4 443.0 0.583231 0.583231 0 metallic 0
metallic_metallic_metallic 1756184920685 360 215 touchmove 106.6 437.7 0.538141 0.538141 0 metallic 0
metallic_metallic_metallic 1756184920702 360 215 touchmove 91.6 432.5 0.694414 0.694414 0 metallic 0
metallic_metallic_metallic 1756184920719 360 215 touchmove 76.6 427.3 0.715920 0.715920 0 metallic 0
metallic_metallic_metallic 1756184920735 360 215 touchmove 61.4 422.0 0.595263 0.595263 0 metallic 0
metallic_metallic_metallic 1756184920752 360 215 touchmove 46.3 417.0 0.563421 0.563421 0 metallic 0
metallic_metallic_metallic 1756184920769 360 215 touchmove 35.1 412.6 0.796108 0.796108 0 metallic 0
metallic_metallic_metallic 1756184920786 360 215 touchmove 28.2 408.7 0.710970 0.710970 0 metallic 0
metallic_metallic_metallic 1756184920803 360 215 touchmove 25.8 405.6 0.783916 0.783916 0 metallic 0
metallic_metallic_metallic 1756184920820 360 215 touchmove 27.8 403.2 0.508325 0.508325 0 metallic 0
metallic_metallic_metallic 1756184920836 360 215 touchmove 34.3 401.5 0.774621 0.774621 0 metallic 0
metallic_metallic_metallic 1756184920853 360 215 touchmove 45.2 400.6 0.563499 0.563499 0 metallic 0
metallic_metallic_metallic 1756184920870 360 215 touchmove 60.5 400.1 0.516089 0.516089 0 metallic 0
metallic_metallic_metallic 1756184920887 360 215 touchmove 76.2 400.1 0.587916 0.587916 0 metallic 0
metallic_metallic_metallic 1756184920904 360 215 touchmove 92.2 400.0 0.541958 0.541958 0 metallic 0
metallic_metallic_metallic 1756184920921 360 215 touchmove 104.8 400.5 0.757726 0.757726 0 metallic 0
metallic_metallic_metallic 1756184920937 360 215 touchmove 112.8 401.3 0.516445 0.516445 0 metallic 0
metallic_metallic_metallic 1756184920954 360 215 touchmove 116.3 402.9 0.698461 0.698461 0 metallic 0
metallic_metallic_metallic 1756184920971 360 215 touchmove 115.4 405.1 0.753347 0.753347 0 metallic 0
metallic_metallic_metallic 1756184920988 360 215 touchmove 110.3 407.8 0.703196 0.703196 0 metallic 0
metallic_metallic_metallic 1756184921005 360 215 touchmove 100.8 411.1 0.524539 0.524539 0 metallic 0
metallic_metallic_metallic 1756184921022 360 215 touchmove 86.6 414.8 0.651419 0.651419 0 metallic 0
metallic_metallic_metallic 1756184921039 360 215 touchmove 71.5 418.8 0.516073 0.516073 0 metallic 0
metallic_metallic_metallic 1756184921055 360 215 touchmove 56.5 422.8 0.513001 0.513001 0 metallic 0
metallic_metallic_metallic 1756184921072 360 215 touchmove 41.4 426.8 0.701577 0.701577 0 metallic 0
metallic_metallic_metallic 1756184921089 360 215 touchmove 26.4 430.8 0.688112 0.688112 0 metallic 0
metallic_metallic_metallic 1756184921106 360 215 touchmove 11.1 434.8 0.537948 0.537948 0 metallic 0
metallic_metallic_metallic 1756184921123 360 215 touchmove -4.1 438.6 0.517174 0.517174 0 metallic 0
metallic_metallic_metallic 1756184921140 360 215 touchmove -19.4 442.4 0.657638 0.657638 0 metallic 0
metallic_metallic_metallic 1756184921156 360 215 touchmove -34.9 446.1 0.517689 0.517689 0 metallic 0
metallic_metallic_metallic 1756184921173 360 215 touchmove -50.4 449.6 0.730540 0.730540 0 metallic 0
metallic_metallic_metallic 1756184921190 360 215 touchmove -64.6 452.9 0.607406 0.607406 0 metallic 0
metallic_metallic_metallic 1756184921207 360 215 touchmove -74.4 455.6 0.769398 0.769398 0 metallic 0
metallic_metallic_metallic 1756184921224 360 215 touchmove -79.8 457.8 0.696544 0.696544 0 metallic 0
metallic_metallic_metallic 1756184921241 360 215 touchmove -80.8 459.5 0.634647 0.634647 0 metallic 0
metallic_metallic_metallic 1756184921257 360 215 touchmove -77.2 460.7 0.577117 0.577117 0 metallic 0
metallic_metallic_metallic 1756184921274 360 215 touchmove -69.1 461.6 0.780981 0.780981 0 metallic 0
metallic_metallic_metallic 1756184921291 360 215 touchmove -56.5 462.0 0.682869 0.682869 0 metallic 0
metallic_metallic_metallic 1756184921308 360 215 touchmove -40.7 462.0 0.635406 0.635406 0 metallic 0
metallic_metallic_metallic 1756184921325 360 215 touchmove -24.9 461.9 0.690091 0.690091 0 metallic 0
metallic_metallic_metallic 1756184921342 360 215 touchmove -9.0 461.9 0.531080 0.531080 0 metallic 0
metallic_metallic_metallic 1756184921359 360 215 touchmove 6.8 461.8 0.585959 0.585959 0 metallic 0
metallic_metallic_metallic 1756184921375 360 215 touchmove 22.6 461.8 0.597774 0.597774 0 metallic 0
metallic_metallic_metallic 1756184921392 360 215 touchmove 38.4 461.7 0.618105 0.618105 0 metallic 0
metallic_metallic_metallic 1756184921409 360 215 touchmove 54.2 461.6 0.564095 0.564095 0 metallic 0
metallic_metallic_metallic 1756184921426 360 215 touchmove 70.2 461.4 0.573902 0.573902 0 metallic 0
metallic_metallic_metallic 1756184921443 360 215 touchmove 86.1 461.4 0.702763 0.702763 0 metallic 0
metallic_metallic_metallic 1756184921460 360 215 touchmove 101.8 461.4 0.588317 0.588317 0 metallic 0
metallic_metallic_metallic 1756184921476 360 215 touchmove 117.5 461.3 0.518915 0.518915 0 metallic 0
metallic_metallic_metallic 1756184921493 360 215 touchmove 133.4 461.3 0.743088 0.743088 0 metallic 0
metallic_metallic_metallic 1756184921510 360 215 touchmove 149.2 461.3 0.606602 0.606602 0 metallic 0
metallic_metallic_metallic 1756184921527 360 215 touchmove 165.0 461.3 0.623687 0.623687 0 metallic 0
metallic_metallic_metallic 1756184921544 360 215 touchmove 180.7 461.4 0.673128 0.673128 0 metallic 0
metallic_metallic_metallic 1756184921561 360 215 touchmove 196.4 461.4 0.501922 0.501922 0 metallic 0
metallic_metallic_metallic 1756184921577 360 215 touchmove 212.2 461.5 0.528364 0.528364 0 metallic 0
metallic_metallic_metallic 1756184921594 360 215 touchmove 228.2 461.7 0.632760 0.632760 0 metallic 0
metallic_metallic_metallic 1756184921611 360 215 touchmove 244.2 461.9 0.518720 0.518720 0 metallic 0
metallic_metallic_metallic 1756184921628 360 215 touchmove 260.2 462.2 0.520833 0.520833 0 metallic 0
metallic_metallic_metallic 1756184921645 360 215 touchmove 276.2 462.3 0.713712 0.713712 0 metallic 0
metallic_metallic_metallic 1756184921662 360 215 touchmove 292.1 462.4 0.598081 0.598081 0 metallic 0
metallic_metallic_metallic 1756184921679 360 215 touchmove 307.8 462.5 0.529203 0.529203 0 metallic 0
metallic_metallic_metallic 1756184921695 360 215 touchmove 323.7 462.6 0.642124 0.642124 0 metallic 0
metallic_metallic_metallic 1756184921712 360 215 touchmove 339.4 462.5 0.737439 0.737439 0 metallic 0
metallic_metallic_metallic 1756184921729 360 215 touchmove 355.0 462.4 0.778111 0.778111 0 metallic 0
metallic_metallic_metallic 1756184921746 360 215 touchmove 370.6 462.5 0.722892 0.722892 0 metallic 0
metallic_metallic_metallic 1756184921763 360 215 touchmove 386.1 462.6 0.658000 0.658000 0 metallic 0
metallic_metallic_metallic 1756184921780 360 215 touchmove 401.7 462.9 0.550169 0.550169 0 metallic 0
metallic_metallic_metallic 1756184921796 360 215 touchmove 417.2 463.0 0.796460 0.796460 0 metallic 0
metallic_metallic_metallic 1756184921813 360 215 touchmove 429.4 462.3 0.770645 0.770645 0 metallic 0
metallic_metallic_metallic 1756184921830 360 215 touchmove 437.4 460.5 0.632136 0.632136 0 metallic 0
metallic_metallic_metallic 1756184921847 360 215 touchmove 441.3 457.5 0.776420 0.776420 0 metallic 0
metallic_metallic_metallic 1756184921864 360 215 touchmove 441.1 453.2 0.743536 0.743536 0 metallic 0
metallic_metallic_metallic 1756184921881 360 215 touchmove 436.8 447.6 0.661114 0.661114 0 metallic 0
metallic_metallic_metallic 1756184921897 360 215 touchmove 428.4 440.9 0.764378 0.764378 0 metallic 0
metallic_metallic_metallic 1756184921914 360 215 touchmove 415.9 433.0 0.719048 0.719048 0 metallic 0
metallic_metallic_metallic 1756184921931 360 215 touchmove 402.4 424.9 0.727590 0.727590 0 metallic 0
metallic_metallic_metallic 1756184921948 360 215 touchmove 388.9 418.7 0.547570 0.547570 0 metallic 0
metallic_metallic_metallic 1756184921965 360 215 touchmove 375.1 414.5 0.514199 0.514199 0 metallic 0
metallic_metallic_metallic 1756184921982 360 215 touchmove 361.0 412.3 0.698343 0.698343 0 metallic 0
metallic_metallic_metallic 1756184921999 360 215 touchmove 346.8 412.2 0.557088 0.557088 0 metallic 0
metallic_metallic_metallic 1756184922015 360 215 touchmove 332.6 414.2 0.715921 0.715921 0 metallic 0
metallic_metallic_metallic 1756184922032 360 215 touchmove 318.2 418.4 0.746198 0.746198 0 metallic 0
metallic_metallic_metallic 1756184922049 360 215 touchmove 303.6 424.6 0.634726 0.634726 0 metallic 0
metallic_metallic_metallic 1756184922066 360 215 touchmove 289.1 430.9 0.632482 0.632482 0 metallic 0
metallic_metallic_metallic 1756184922083 360 215 touchmove 274.6 437.1 0.657712 0.657712 0 metallic 0
metallic_metallic_metallic 1756184922100 360 215 touchmove 260.3 443.6 0.683941 0.683941 0 metallic 0
metallic_metallic_metallic 1756184922116 360 215 touchmove 246.1 450.0 0.758877 0.758877 0 metallic 0
metallic_metallic_metallic 1756184922133 360 215 touchmove 231.7 456.3 0.643776 0.643776 0 metallic 0
metallic_metallic_metallic 1756184922150 360 215 touchmove 217.2 462.5 0.594178 0.594178 0 metallic 0
metallic_metallic_metallic 1756184922167 360 215 touchmove 202.8 468.7 0.587912 0.587912 0 metallic 0
metallic_metallic_metallic 1756184922184 360 215 touchmove 188.3 474.9 0.555128 0.555128 0 metallic 0
metallic_metallic_metallic 1756184922201 360 215 touchmove 173.8 481.2 0.721207 0.721207 0 metallic 0
metallic_metallic_metallic 1756184922217 360 215 touchmove 159.3 487.3 0.539251 0.539251 0 metallic 0
metallic_metallic_metallic 1756184922234 360 215 touchmove 144.6 493.4 0.538877 0.538877 0 metallic 0
metallic_metallic_metallic 1756184922251 360 215 touchmove 130.0 499.8 0.763465 0.763465 0 metallic 0
metallic_metallic_metallic 1756184922268 360 215 touchmove 115.4 506.2 0.650933 0.650933 0 metallic 0
metallic_metallic_metallic 1756184922285 360 215 touchmove 100.8 512.5 0.527410 0.527410 0 metallic 0
metallic_metallic_metallic 1756184922302 360 215 touchmove 86.3 519.2 0.508310 0.508310 0 metallic 0
metallic_metallic_metallic 1756184922319 360 215 touchend 71.2 525.4 0.676595 0.676595 0 metallic 0