sentence timestamp keyb_width keyb_height event x_pos y_pos x_radius y_radius angle word is_err
reflects_reflects_reflects 1756184913814 360 215 touchstart 71.9 399.5 0.697080 0.697080 0 reflects 0
reflects_reflects_reflects 1756184913830 360 215 touchmove 60.4 399.4 0.578325 0.578325 0 reflects 0
reflects_reflects_reflects 1756184913847 360 215 touchmove 47.4 398.6 0.558719 0.558719 0 reflects 0
reflects_reflects_reflects 1756184913864 360 215 touchmove 36.1 398.3 0.644727 0.644727 0 reflects 0
reflects_reflects_reflects 1756184913881 360 215 touchmove 27.7 399.2 0.673642 0.673642 0 reflects 0
reflects_reflects_reflects 1756184913898 360 215 touchmove 22.5 401.0 0.727117 0.727117 0 reflects 0
reflects_reflects_reflects 1756184913915 360 215 touchmove 20.7 403.8 0.529775 0.529775 0 reflects 0
reflects_reflects_reflects 1756184913932 360 215 touchmove 22.0 407.5 0.648881 0.648881 0 reflects 0
reflects_reflects_reflects 1756184913949 360 215 touchmove 26.8 412.0 0.589880 0.589880 0 reflects 0
reflects_reflects_reflects 1756184913966 360 215 touchmove 34.8 417.5 0.663173 0.663173 0 reflects 0
reflects_reflects_reflects 1756184913983 360 215 touchmove 45.9 423.7 0.554794 0.554794 0 reflects 0
reflects_reflects_reflects 1756184914000 360 215 touchmove 57.0 429.8 0.672033 0.672033 0 reflects 0
reflects_reflects_reflects 1756184914016 360 215 touchmove 67.7 435.5 0.526844 0.526844 0 reflects 0
reflects_reflects_reflects 1756184914033 360 215 touchmove 78.3 441.4 0.691058 0.691058 0 reflects 0
reflects_reflects_reflects 1756184914050 360 215 touchmove 89.0 446.5 0.637524 0.637524 0 reflects 0
reflects_reflects_reflects 1756184914067 360 215 touchmove 99.8 451.0 0.600409 0.600409 0 reflects 0
reflects_reflects_reflects 1756184914084 360 215 touchmove 110.5 454.8 0.667579 0.667579 0 reflects 0
reflects_reflects_reflects 1756184914101 360 215 touchmove 121.4 457.7 0.761563 0.761563 0 reflects 0
reflects_reflects_reflects 1756184914118 360 215 touchmove 132.6 459.7 0.584103 0.584103 0 reflects 0
reflects_reflects_reflects 1756184914135 360 215 touchmove 144.3 461.0 0.576358 0.576358 0 reflects 0
reflects_reflects_reflects 1756184914152 360 215 touchmove 156.5 461.2 0.725439 0.725439 0 reflects 0
reflects_reflects_reflects 1756184914169 360 215 touchmove 168.8 461.4 0.746055 0.746055 0 reflects 0
reflects_reflects_reflects 1756184914186 360 215 touchmove 181.4 461.3 0.709970 0.709970 0 reflects 0
reflects_reflects_reflects 1756184914202 360 215 touchmove 193.9 461.1 0.637487 0.637487 0 reflects 0
reflects_reflects_reflects 1756184914219 360 215 touchmove 206.5 460.7 0.525341 0.525341 0 reflects 0
reflects_reflects_reflects 1756184914236 360 215 touchmove 219.1 460.5 0.605871 0.605871 0 reflects 0
reflects_reflects_reflects 1756184914253 360 215 touchmove 231.5 460.5 0.615369 0.615369 0 reflects 0
reflects_reflects_reflects 1756184914270 360 215 touchmove 243.7 460.4 0.744819 0.744819 0 reflects 0
reflects_reflects_reflects 1756184914287 360 215 touchmove 256.0 460.4 0.500503 0.500503 0 reflects 0
reflects_reflects_reflects 1756184914304 360 215 touchmove 268.2 460.2 0.748533 0.748533 0 reflects 0
reflects_reflects_reflects 1756184914321 360 215 touchmove 280.3 460.2 0.543533 0.543533 0 reflects 0
reflects_reflects_reflects 1756184914338 360 215 touchmove 292.7 460.4 0.616895 0.616895 0 reflects 0
reflects_reflects_reflects 1756184914355 360 215 touchmove 304.7 460.7 0.565722 0.565722 0 reflects 0
reflects_reflects_reflects 1756184914372 360 215 touchmove 316.8 460.8 0.588251 0.588251 0 reflects 0
reflects_reflects_reflects 1756184914388 360 215 touchmove 329.0 460.7 0.585404 0.585404 0 reflects 0
reflects_reflects_reflects 1756184914405 360 215 touchmove 341.1 460.7 0.596740 0.596740 0 reflects 0
reflects_reflects_reflects 1756184914422 360 215 touchmove 353.3 461.0 0.778465 0.778465 0 reflects 0
reflects_reflects_reflects 1756184914439 360 215 touchmove 365.4 461.2 0.713760 0.713760 0 reflects 0
reflects_reflects_reflects 1756184914456 360 215 touchmove 377.4 461.0 0.576328 0.576328 0 reflects 0
reflects_reflects_reflects 1756184914473 360 215 touchmove 389.7 460.9 0.514479 0.514479 0 reflects 0
reflects_reflects_reflects 1756184914490 360 215 touchmove 402.0 460.6 0.500209 0.500209 0 reflects 0
reflects_reflects_reflects 1756184914507 360 215 touchmove 414.3 460.9 0.550027 0.550027 0 reflects 0
reflects_reflects_reflects 1756184914524 360 215 touchmove 426.3 461.3 0.659045 0.659045 0 reflects 0
reflects_reflects_reflects 1756184914541 360 215 touchmove 436.3 461.2 0.545033 0.545033 0 reflects 0
reflects_reflects_reflects 1756184914558 360 215 touchmove 442.9 461.1 0.674163 0.674163 0 reflects 0
reflects_reflects_reflects 1756184914574 360 215 touchmove 446.0 460.7 0.590068 0.590068 0 reflects 0
reflects_reflects_reflects 1756184914591 360 215 touchmove 445.7 459.9 0.786443 0.786443 0 reflects 0
reflects_reflects_reflects 1756184914608 360 215 touchmove 442.0 459.3 0.612092 0.612092 0 reflects 0
reflects_reflects_reflects 1756184914625 360 215 touchmove 435.1 458.1 0.597699 0.597699 0 reflects 0
reflects_reflects_reflects 1756184914642 360 215 touchmove 424.9 456.6 0.715052 0.715052 0 reflects 0
reflects_reflects_reflects 1756184914659 360 215 touchmove 413.2 455.3 0.787072 0.787072 0 reflects 0
reflects_reflects_reflects 1756184914676 360 215 touchmove 401.0 453.7 0.592605 0.592605 0 reflects 0
reflects_reflects_reflects 1756184914693 360 215 touchmove 388.9 452.5 0.610492 0.610492 0 reflects 0
reflects_reflects_reflects 1756184914710 360 215 touchmove 376.7 451.2 0.577389 0.577389 0 reflects 0
reflects_reflects_reflects 1756184914727 360 215 touchmove 364.3 450.0 0.732869 0.732869 0 reflects 0
reflects_reflects_reflects 1756184914744 360 215 touchmove 351.8 448.6 0.712706 0.712706 0 reflects 0
reflects_reflects_reflects 1756184914760 360 215 touchmove 339.1 447.2 0.678929 0.678929 0 reflects 0
reflects_reflects_reflects 1756184914777 360 215 touchmove 326.6 445.6 0.544600 0.544600 0 reflects 0
reflects_reflects_reflects 1756184914794 360 215 touchmove 314.4 444.2 0.508092 0.508092 0 reflects 0
reflects_reflects_reflects 1756184914811 360 215 touchmove 302.1 443.0 0.603077 0.603077 0 reflects 0
reflects_reflects_reflects 1756184914828 360 215 touchmove 289.8 441.6 0.589838 0.589838 0 reflects 0
reflects_reflects_reflects 1756184914845 360 215 touchmove 277.7 439.8 0.789495 0.789495 0 reflects 0
reflects_reflects_reflects 1756184914862 360 215 touchmove 265.7 438.0 0.640948 0.640948 0 reflects 0
reflects_reflects_reflects 1756184914879 360 215 touchmove 253.8 435.9 0.595615 0.595615 0 reflects 0
reflects_reflects_reflects 1756184914896 360 215 touchmove 242.0 434.0 0.719275 0.719275 0 reflects 0
reflects_reflects_reflects 1756184914913 360 215 touchmove 230.1 432.2 0.618038 0.618038 0 reflects 0
reflects_reflects_reflects 1756184914930 360 215 touchmove 218.3 430.1 0.508614 0.508614 0 reflects 0
reflects_reflects_reflects 1756184914947 360 215 touchmove 206.4 428.2 0.703722 0.703722 0 reflects 0
reflects_reflects_reflects 1756184914963 360 215 touchmove 194.5 426.6 0.529718 0.529718 0 reflects 0
reflects_reflects_reflects 1756184914980 360 215 touchmove 182.6 425.1 0.722332 0.722332 0 reflects 0
reflects_reflects_reflects 1756184914997 360 215 touchmove 170.5 423.5 0.685893 0.685893 0 reflects 0
reflects_reflects_reflects 1756184915014 360 215 touchmove 158.2 421.7 0.734687 0.734687 0 reflects 0
reflects_reflects_reflects 1756184915031 360 215 touchmove 146.2 419.8 0.736682 0.736682 0 reflects 0
reflects_reflects_reflects 1756184915048 360 215 touchmove 134.1 418.2 0.729541 0.729541 0 reflects 0
reflects_reflects_reflects 1756184915065 360 215 touchmove 122.2 416.8 0.668373 0.668373 0 reflects 0
reflects_reflects_reflects 1756184915082 360 215 touchmove 110.0 415.2 0.709908 0.709908 0 reflects 0
reflects_reflects_reflects 1756184915099 360 215 touchmove 97.6 413.4 0.625526 0.625526 0 reflects 0
reflects_reflects_reflects 1756184915116 360 215 touchmove 85.2 411.8 0.545588 0.545588 0 reflects 0
reflects_reflects_reflects 1756184915133 360 215 touchmove 73.2 410.5 0.790367 0.790367 0 reflects 0
reflects_reflects_reflects 1756184915149 360 215 touchmove 61.0 408.9 0.637680 0.637680 0 reflects 0
reflects_reflects_reflects 1756184915166 360 215 touchmove 49.0 406.8 0.788998 0.788998 0 reflects 0
reflects_reflects_reflects 1756184915183 360 215 touchmove 36.8 404.5 0.713825 0.713825 0 reflects 0
reflects_reflects_reflects 1756184915200 360 215 touchmove 27.3 404.3 0.752826 0.752826 0 reflects 0
reflects_reflects_reflects 1756184915217 360 215 touchmove 20.6 406.0 0.792886 0.792886 0 reflects 0
reflects_reflects_reflects 1756184915234 360 215 touchmove 16.6 409.5 0.537358 0.537358 0 reflects 0
reflects_reflects_reflects 1756184915251 360 215 touchmove 15.2 414.8 0.725142 0.725142 0 reflects 0
reflects_reflects_reflects 1756184915268 360 215 touchmove 16.1 422.1 0.772709 0.772709 0 reflects 0
reflects_reflects_reflects 1756184915285 360 215 touchmove 19.6 431.3 0.742255 0.742255 0 reflects 0
reflects_reflects_reflects 1756184915302 360 215 touchmove 25.5 442.2 0.588015 0.588015 0 reflects 0
reflects_reflects_reflects 1756184915319 360 215 touchmove 31.5 453.0 0.657813 0.657813 0 reflects 0
reflects_reflects_reflects 1756184915335 360 215 touchmove 37.4 463.9 0.724180 0.724180 0 reflects 0
reflects_reflects_reflects 1756184915352 360 215 touchmove 43.3 474.6 0.587318 0.587318 0 reflects 0
reflects_reflects_reflects 1756184915369 360 215 touchmove 49.3 485.5 0.628468 0.628468 0 reflects 0
reflects_reflects_reflects 1756184915386 360 215 touchmove 55.6 495.6 0.768298 0.768298 0 reflects 0
reflects_reflects_reflects 1756184915403 360 215 touchmove 61.9 502.6 0.744770 0.744770 0 reflects 0
reflects_reflects_reflects 1756184915420 360 215 touchmove 68.0 506.2 0.665812 0.665812 0 reflects 0
reflects_reflects_reflects 1756184915437 360 215 touchmove 74.2 506.8 0.789816 0.789816 0 reflects 0
reflects_reflects_reflects 1756184915454 360 215 touchmove 80.4 504.2 0.751506 0.751506 0 reflects 0
reflects_reflects_reflects 1756184915471 360 215 touchmove 86.5 498.6 0.796533 0.796533 0 reflects 0
reflects_reflects_reflects 1756184915488 360 215 touchmove 92.4 489.7 0.718219 0.718219 0 reflects 0
reflects_reflects_reflects 1756184915505 360 215 touchmove 98.1 478.4 0.772098 0.772098 0 reflects 0
reflects_reflects_reflects 1756184915521 360 215 touchmove 104.2 467.3 0.727256 0.727256 0 reflects 0
reflects_reflects_reflects 1756184915538 360 215 touchmove 110.4 456.5 0.624689 0.624689 0 reflects 0
reflects_reflects_reflects 1756184915555 360 215 touchmove 116.6 445.7 0.779800 0.779800 0 reflects 0
reflects_reflects_reflects 1756184915572 360 215 touchmove 122.6 435.0 0.739010 0.739010 0 reflects 0
reflects_reflects_reflects 1756184915589 360 215 touchmove 127.2 425.5 0.732403 0.732403 0 reflects 0
reflects_reflects_reflects 1756184915606 360 215 touchmove 129.4 418.3 0.781385 0.781385 0 reflects 0
reflects_reflects_reflects 1756184915623 360 215 touchmove 129.3 413.2 0.560046 0.560046 0 reflects 0
reflects_reflects_reflects 1756184915640 360 215 touchmove 126.6 410.2 0.687327 0.687327 0 reflects 0
reflects_reflects_reflects 1756184915657 360 215 touchmove 121.4 409.5 0.536105 0.536105 0 reflects 0
reflects_reflects_reflects 1756184915674 360 215 touchmove 113.8 411.0 0.678855 0.678855 0 reflects 0
reflects_reflects_reflects 1756184915691 360 215 touchmove 103.7 414.3 0.600503 0.600503 0 reflects 0
reflects_reflects_reflects 1756184915707 360 215 touchmove 92.4 418.9 0.622575 0.622575 0 reflects 0
reflects_reflects_reflects 1756184915724 360 215 touchmove 81.0 423.3 0.660317 0.660317 0 reflects 0
reflects_reflects_reflects 1756184915741 360 215 touchmove 69.5 427.5 0.757074 0.757074 0 reflects 0
reflects_reflects_reflects 1756184915758 360 215 touchmove 57.9 431.9 0.721383 0.721383 0 reflects 0
reflects_reflects_reflects 1756184915775 360 215 touchmove 46.0 435.8 0.508075 0.508075 0 reflects 0
reflects_reflects_reflects 1756184915792 360 215 touchmove 34.2 439.8 0.573677 0.573677 0 reflects 0
reflects_reflects_reflects 1756184915809 360 215 touchmove 22.3 443.9 0.719341 0.719341 0 reflects 0
reflects_reflects_reflects 1756184915826 360 215 touchmove 10.5 447.6 0.709571 0.709571 0 reflects 0
reflects_reflects_reflects 1756184915843 360 215 touchmove -1.4 451.4 0.603978 0.603978 0 reflects 0
reflects_reflects_reflects 1756184915860 360 215 touchmove -13.3 455.8 0.797034 0.797034 0 reflects 0
reflects_reflects_reflects 1756184915877 360 215 touchmove -24.9 459.0 0.722301 0.722301 0 reflects 0
reflects_reflects_reflects 1756184915894 360 215 touchend -37.4 462.9 0.779072 0.779072 0 reflects 0