sentence timestamp keyb_width keyb_height event x_pos y_pos x_radius y_radius angle word is_err
feminine_feminine_feminine 1756184918741 360 215 touchstart 109.7 462.2 0.757868 0.757868 0 feminine 0
feminine_feminine_feminine 1756184918757 360 215 touchmove 99.9 456.9 0.798776 0.798776 0 feminine 0
feminine_feminine_feminine 1756184918774 360 215 touchmove 89.9 451.4 0.689726 0.689726 0 feminine 0
feminine_feminine_feminine 1756184918791 360 215 touchmove 81.1 445.7 0.612296 0.612296 0 feminine 0
feminine_feminine_feminine 1756184918808 360 215 touchmove 71.4 440.1 0.677956 0.677956 0 feminine 0
feminine_feminine_feminine 1756184918825 360 215 touchmove 61.4 434.5 0.734723 0.734723 0 feminine 0
feminine_feminine_feminine 1756184918842 360 215 touchmove 51.7 428.8 0.531493 0.531493 0 feminine 0
feminine_feminine_feminine 1756184918859 360 215 touchmove 41.6 423.0 0.756758 0.756758 0 feminine 0
feminine_feminine_feminine 1756184918876 360 215 touchmove 31.8 417.4 0.622683 0.622683 0 feminine 0
feminine_feminine_feminine 1756184918893 360 215 touchmove 24.3 412.9 0.718810 0.718810 0 feminine 0
feminine_feminine_feminine 1756184918910 360 215 touchmove 19.9 409.8 0.765943 0.765943 0 feminine 0
feminine_feminine_feminine 1756184918927 360 215 touchmove 18.7 408.0 0.583659 0.583659 0 feminine 0
feminine_feminine_feminine 1756184918943 360 215 touchmove 20.6 407.6 0.725510 0.725510 0 feminine 0
feminine_feminine_feminine 1756184918960 360 215 touchmove 25.3 408.5 0.571460 0.571460 0 feminine 0
feminine_feminine_feminine 1756184918977 360 215 touchmove 32.5 410.4 0.627898 0.627898 0 feminine 0
feminine_feminine_feminine 1756184918994 360 215 touchmove 42.4 413.9 0.759989 0.759989 0 feminine 0
feminine_feminine_feminine 1756184919011 360 215 touchmove 52.7 417.3 0.546693 0.546693 0 feminine 0
feminine_feminine_feminine 1756184919028 360 215 touchmove 62.9 420.8 0.582121 0.582121 0 feminine 0
feminine_feminine_feminine 1756184919045 360 215 touchmove 73.0 424.1 0.678696 0.678696 0 feminine 0
feminine_feminine_feminine 1756184919062 360 215 touchmove 83.2 427.2 0.675580 0.675580 0 feminine 0
feminine_feminine_feminine 1756184919079 360 215 touchmove 93.3 430.6 0.602063 0.602063 0 feminine 0
feminine_feminine_feminine 1756184919096 360 215 touchmove 103.8 434.0 0.669483 0.669483 0 feminine 0
feminine_feminine_feminine 1756184919113 360 215 touchmove 114.8 437.6 0.711929 0.711929 0 feminine 0
feminine_feminine_feminine 1756184919129 360 215 touchmove 125.7 441.6 0.595118 0.595118 0 feminine 0
feminine_feminine_feminine 1756184919146 360 215 touchmove 136.5 445.6 0.769356 0.769356 0 feminine 0
feminine_feminine_feminine 1756184919163 360 215 touchmove 147.3 449.6 0.748338 0.748338 0 feminine 0
feminine_feminine_feminine 1756184919180 360 215 touchmove 157.9 453.7 0.623261 0.623261 0 feminine 0
feminine_feminine_feminine 1756184919197 360 215 touchmove 168.6 457.6 0.752081 0.752081 0 feminine 0
feminine_feminine_feminine 1756184919214 360 215 touchmove 179.4 461.5 0.627673 0.627673 0 feminine 0
feminine_feminine_feminine 1756184919231 360 215 touchmove 190.0 465.2 0.772988 0.772988 0 feminine 0
feminine_feminine_feminine 1756184919248 360 215 touchmove 200.6 468.6 0.562192 0.562192 0 feminine 0
feminine_feminine_feminine 1756184919265 360 215 touchmove 211.2 471.5 0.596431 0.596431 0 feminine 0
feminine_feminine_feminine 1756184919282 360 215 touchmove 221.9 474.7 0.579446 0.579446 0 feminine 0
feminine_feminine_feminine 1756184919299 360 215 touchmove 232.5 478.2 0.592472 0.592472 0 feminine 0
feminine_feminine_feminine 1756184919315 360 215 touchmove 243.2 481.7 0.696442 0.696442 0 feminine 0
feminine_feminine_feminine 1756184919332 360 215 touchmove 253.6 485.0 0.570007 0.570007 0 feminine 0
feminine_feminine_feminine 1756184919349 360 215 touchmove 264.0 488.4 0.682752 0.682752 0 feminine 0
feminine_feminine_feminine 1756184919366 360 215 touchmove 274.4 492.1 0.616142 0.616142 0 feminine 0
feminine_feminine_feminine 1756184919383 360 215 touchmove 284.9 496.1 0.661650 0.661650 0 feminine 0
feminine_feminine_feminine 1756184919400 360 215 touchmove 295.3 500.0 0.502438 0.502438 0 feminine 0
feminine_feminine_feminine 1756184919417 360 215 touchmove 305.9 503.5 0.699070 0.699070 0 feminine 0
feminine_feminine_feminine 1756184919434 360 215 touchmove 316.3 507.2 0.725535 0.725535 0 feminine 0
feminine_feminine_feminine 1756184919451 360 215 touchmove 326.9 511.0 0.734520 0.734520 0 feminine 0
feminine_feminine_feminine 1756184919468 360 215 touchmove 336.4 512.9 0.578714 0.578714 0 feminine 0
feminine_feminine_feminine 1756184919485 360 215 touchmove 344.4 512.6 0.539781 0.539781 0 feminine 0
feminine_feminine_feminine 1756184919501 360 215 touchmove 350.8 510.5 0.594389 0.594389 0 feminine 0
feminine_feminine_feminine 1756184919518 360 215 touchmove 355.8 506.5 0.597783 0.597783 0 feminine 0
feminine_feminine_feminine 1756184919535 360 215 touchmove 359.1 500.2 0.528384 0.528384 0 feminine 0
feminine_feminine_feminine 1756184919552 360 215 touchmove 360.9 491.8 0.591467 0.591467 0 feminine 0
feminine_feminine_feminine 1756184919569 360 215 touchmove 361.1 481.4 0.595055 0.595055 0 feminine 0
feminine_feminine_feminine 1756184919586 360 215 touchmove 361.0 470.8 0.528833 0.528833 0 feminine 0
feminine_feminine_feminine 1756184919603 360 215 touchmove 361.0 460.3 0.584320 0.584320 0 feminine 0
feminine_feminine_feminine 1756184919620 360 215 touchmove 360.7 449.5 0.507957 0.507957 0 feminine 0
feminine_feminine_feminine 1756184919637 360 215 touchmove 360.6 438.4 0.632763 0.632763 0 feminine 0
feminine_feminine_feminine 1756184919654 360 215 touchmove 360.0 429.1 0.770526 0.770526 0 feminine 0
feminine_feminine_feminine 1756184919671 360 215 touchmove 358.9 423.0 0.661823 0.661823 0 feminine 0
feminine_feminine_feminine 1756184919687 360 215 touchmove 356.8 419.7 0.636062 0.636062 0 feminine 0
feminine_feminine_feminine 1756184919704 360 215 touchmove 353.9 419.2 0.756344 0.756344 0 feminine 0
feminine_feminine_feminine 1756184919721 360 215 touchmove 350.3 421.5 0.531777 0.531777 0 feminine 0
feminine_feminine_feminine 1756184919738 360 215 touchmove 346.1 427.0 0.510516 0.510516 0 feminine 0
feminine_feminine_feminine 1756184919755 360 215 touchmove 341.1 435.6 0.646747 0.646747 0 feminine 0
feminine_feminine_feminine 1756184919772 360 215 touchmove 335.7 445.5 0.735835 0.735835 0 feminine 0
feminine_feminine_feminine 1756184919789 360 215 touchmove 330.1 455.2 0.685545 0.685545 0 feminine 0
feminine_feminine_feminine 1756184919806 360 215 touchmove 324.3 464.8 0.790995 0.790995 0 feminine 0
feminine_feminine_feminine 1756184919823 360 215 touchmove 318.4 474.3 0.664067 0.664067 0 feminine 0
feminine_feminine_feminine 1756184919840 360 215 touchmove 312.4 483.8 0.679338 0.679338 0 feminine 0
feminine_feminine_feminine 1756184919857 360 215 touchmove 306.3 493.2 0.666100 0.666100 0 feminine 0
feminine_feminine_feminine 1756184919874 360 215 touchmove 301.7 500.5 0.660122 0.660122 0 feminine 0
feminine_feminine_feminine 1756184919890 360 215 touchmove 298.7 504.7 0.698301 0.698301 0 feminine 0
feminine_feminine_feminine 1756184919907 360 215 touchmove 297.4 506.1 0.638102 0.638102 0 feminine 0
feminine_feminine_feminine 1756184919924 360 215 touchmove 297.6 505.0 0.523067 0.523067 0 feminine 0
feminine_feminine_feminine 1756184919941 360 215 touchmove 299.8 501.4 0.738181 0.738181 0 feminine 0
feminine_feminine_feminine 1756184919958 360 215 touchmove 303.2 494.9 0.777959 0.777959 0 feminine 0
feminine_feminine_feminine 1756184919975 360 215 touchmove 308.3 485.7 0.668643 0.668643 0 feminine 0
feminine_feminine_feminine 1756184919992 360 215 touchmove 313.8 476.0 0.667555 0.667555 0 feminine 0
feminine_feminine_feminine 1756184920009 360 215 touchmove 319.2 466.5 0.796474 0.796474 0 feminine 0
feminine_feminine_feminine 1756184920026 360 215 touchmove 324.8 457.0 0.767157 0.767157 0 feminine 0
feminine_feminine_feminine 1756184920043 360 215 touchmove 330.5 447.6 0.588494 0.588494 0 feminine 0
feminine_feminine_feminine 1756184920060 360 215 touchmove 336.1 438.1 0.687937 0.687937 0 feminine 0
feminine_feminine_feminine 1756184920076 360 215 touchmove 342.1 428.8 0.725495 0.725495 0 feminine 0
feminine_feminine_feminine 1756184920093 360 215 touchmove 346.4 422.2 0.589296 0.589296 0 feminine 0
feminine_feminine_feminine 1756184920110 360 215 touchmove 349.2 418.2 0.710269 0.710269 0 feminine 0
feminine_feminine_feminine 1756184920127 360 215 touchmove 350.5 417.1 0.754266 0.754266 0 feminine 0
feminine_feminine_feminine 1756184920144 360 215 touchmove 350.2 419.0 0.738500 0.738500 0 feminine 0
feminine_feminine_feminine 1756184920161 360 215 touchmove 348.2 423.5 0.573413 0.573413 0 feminine 0
feminine_feminine_feminine 1756184920178 360 215 touchmove 344.7 430.6 0.754279 0.754279 0 feminine 0
feminine_feminine_feminine 1756184920195 360 215 touchmove 339.7 440.1 0.792269 0.792269 0 feminine 0
feminine_feminine_feminine 1756184920212 360 215 touchmove 334.3 449.7 0.514883 0.514883 0 feminine 0
feminine_feminine_feminine 1756184920229 360 215 touchmove 328.7 459.3 0.650504 0.650504 0 feminine 0
feminine_feminine_feminine 1756184920246 360 215 touchmove 323.0 468.6 0.793334 0.793334 0 feminine 0
feminine_feminine_feminine 1756184920262 360 215 touchmove 317.3 477.9 0.707314 0.707314 0 feminine 0
feminine_feminine_feminine 1756184920279 360 215 touchmove 312.0 487.2 0.521060 0.521060 0 feminine 0
feminine_feminine_feminine 1756184920296 360 215 touchmove 306.5 496.6 0.626816 0.626816 0 feminine 0
feminine_feminine_feminine 1756184920313 360 215 touchmove 300.1 504.3 0.539229 0.539229 0 feminine 0
feminine_feminine_feminine 1756184920330 360 215 touchmove 293.0 510.3 0.700329 0.700329 0 feminine 0
feminine_feminine_feminine 1756184920347 360 215 touchmove 285.0 514.0 0.778288 0.778288 0 feminine 0
feminine_feminine_feminine 1756184920364 360 215 touchmove 276.6 515.8 0.526659 0.526659 0 feminine 0
feminine_feminine_feminine 1756184920381 360 215 touchmove 267.4 515.4 0.572705 0.572705 0 feminine 0
feminine_feminine_feminine 1756184920398 360 215 touchmove 257.2 513.0 0.698602 0.698602 0 feminine 0
feminine_feminine_feminine 1756184920415 360 215 touchmove 246.5 508.8 0.707126 0.707126 0 feminine 0
feminine_feminine_feminine 1756184920432 360 215 touchmove 235.9 504.2 0.539115 0.539115 0 feminine 0
feminine_feminine_feminine 1756184920448 360 215 touchmove 225.6 499.8 0.544477 0.544477 0 feminine 0
feminine_feminine_feminine 1756184920465 360 215 touchmove 215.5 495.5 0.555462 0.555462 0 feminine 0
feminine_feminine_feminine 1756184920482 360 215 touchmove 205.3 491.0 0.564780 0.564780 0 feminine 0
feminine_feminine_feminine 1756184920499 360 215 touchmove 194.9 486.3 0.706161 0.706161 0 feminine 0
feminine_feminine_feminine 1756184920516 360 215 touchmove 184.7 481.5 0.610173 0.610173 0 feminine 0
feminine_feminine_feminine 1756184920533 360 215 touchmove 174.3 476.8 0.689774 0.689774 0 feminine 0
feminine_feminine_feminine 1756184920550 360 215 touchmove 164.0 472.3 0.516060 0.516060 0 feminine 0
feminine_feminine_feminine 1756184920567 360 215 touchmove 153.8 467.4 0.641047 0.641047 0 feminine 0
feminine_feminine_feminine 1756184920584 360 215 touchmove 143.5 462.3 0.688795 0.688795 0 feminine 0
feminine_feminine_feminine 1756184920601 360 215 touchmove 133.1 457.6 0.778451 0.778451 0 feminine 0
feminine_feminine_feminine 1756184920618 360 215 touchmove 122.6 453.1 0.674189 0.674189 0 feminine 0
feminine_feminine_feminine 1756184920634 360 215 touchmove 112.0 448.9 0.515967 0.515967 0 feminine 0
feminine_feminine_feminine 1756184920651 360 215 touchmove 101.4 444.3 0.570316 0.570316 0 feminine 0
feminine_feminine_feminine 1756184920668 360 215 touchmove 90.9 439.6 0.642317 0.642317 0 feminine 0
feminine_feminine_feminine 1756184920685 360 215 touchmove 80.4 435.2 0.515333 0.515333 0 feminine 0
feminine_feminine_feminine 1756184920702 360 215 touchmove 69.8 431.1 0.673868 0.673868 0 feminine 0
feminine_feminine_feminine 1756184920719 360 215 touchmove 59.6 426.9 0.605457 0.605457 0 feminine 0
feminine_feminine_feminine 1756184920736 360 215 touchmove 49.5 422.6 0.784303 0.784303 0 feminine 0
feminine_feminine_feminine 1756184920753 360 215 touchmove 39.4 417.9 0.639709 0.639709 0 feminine 0
feminine_feminine_feminine 1756184920770 360 215 touchmove 29.5 413.5 0.753980 0.753980 0 feminine 0
feminine_feminine_feminine 1756184920787 360 215 touchmove 20.1 409.0 0.510622 0.510622 0 feminine 0
feminine_feminine_feminine 1756184920804 360 215 touchmove 8.6 404.0 0.520098 0.520098 0 feminine 0
feminine_feminine_feminine 1756184920821 360 215 touchend 0.2 399.5 0.522518 0.522518 0 feminine 0