sentence timestamp keyb_width keyb_height event x_pos y_pos x_radius y_radius angle word is_err
rabbit_rabbit_rabbit 1756184915622 360 215 touchstart 69.8 401.2 0.667408 0.667408 0 rabbit 0
rabbit_rabbit_rabbit 1756184915638 360 215 touchmove 57.4 406.0 0.706626 0.706626 0 rabbit 0
rabbit_rabbit_rabbit 1756184915655 360 215 touchmove 44.4 408.2 0.788540 0.788540 0 rabbit 0
rabbit_rabbit_rabbit 1756184915672 360 215 touchmove 32.1 413.5 0.618722 0.618722 0 rabbit 0
rabbit_rabbit_rabbit 1756184915689 360 215 touchmove 20.2 418.3 0.758775 0.758775 0 rabbit 0
rabbit_rabbit_rabbit 1756184915706 360 215 touchmove 8.2 422.8 0.566204 0.566204 0 rabbit 0
rabbit_rabbit_rabbit 1756184915723 360 215 touchmove -3.5 427.3 0.504664 0.504664 0 rabbit 0
rabbit_rabbit_rabbit 1756184915740 360 215 touchmove -14.9 431.6 0.668337 0.668337 0 rabbit 0
rabbit_rabbit_rabbit 1756184915757 360 215 touchmove -26.5 436.0 0.693356 0.693356 0 rabbit 0
rabbit_rabbit_rabbit 1756184915774 360 215 touchmove -38.3 440.4 0.706039 0.706039 0 rabbit 0
rabbit_rabbit_rabbit 1756184915791 360 215 touchmove -50.3 444.4 0.756919 0.756919 0 rabbit 0
rabbit_rabbit_rabbit 1756184915807 360 215 touchmove -62.8 448.0 0.669651 0.669651 0 rabbit 0
rabbit_rabbit_rabbit 1756184915824 360 215 touchmove -73.7 451.9 0.505527 0.505527 0 rabbit 0
rabbit_rabbit_rabbit 1756184915841 360 215 touchmove -81.3 456.0 0.593507 0.593507 0 rabbit 0
rabbit_rabbit_rabbit 1756184915858 360 215 touchmove -85.3 459.6 0.765435 0.765435 0 rabbit 0
rabbit_rabbit_rabbit 1756184915875 360 215 touchmove -85.9 462.7 0.707500 0.707500 0 rabbit 0
rabbit_rabbit_rabbit 1756184915892 360 215 touchmove -82.9 465.7 0.616026 0.616026 0 rabbit 0
rabbit_rabbit_rabbit 1756184915909 360 215 touchmove -76.0 468.4 0.672737 0.672737 0 rabbit 0
rabbit_rabbit_rabbit 1756184915926 360 215 touchmove -65.2 471.0 0.773911 0.773911 0 rabbit 0
rabbit_rabbit_rabbit 1756184915943 360 215 touchmove -52.3 473.3 0.697889 0.697889 0 rabbit 0
rabbit_rabbit_rabbit 1756184915960 360 215 touchmove -39.2 475.5 0.658360 0.658360 0 rabbit 0
rabbit_rabbit_rabbit 1756184915976 360 215 touchmove -25.8 478.2 0.616426 0.616426 0 rabbit 0
rabbit_rabbit_rabbit 1756184915993 360 215 touchmove -12.8 480.5 0.658942 0.658942 0 rabbit 0
rabbit_rabbit_rabbit 1756184916010 360 215 touchmove 0.1 483.3 0.553549 0.553549 0 rabbit 0
rabbit_rabbit_rabbit 1756184916027 360 215 touchmove 12.6 486.0 0.790880 0.790880 0 rabbit 0
rabbit_rabbit_rabbit 1756184916044 360 215 touchmove 25.3 488.7 0.561223 0.561223 0 rabbit 0
rabbit_rabbit_rabbit 1756184916061 360 215 touchmove 38.3 491.3 0.617297 0.617297 0 rabbit 0
rabbit_rabbit_rabbit 1756184916078 360 215 touchmove 51.0 493.8 0.538356 0.538356 0 rabbit 0
rabbit_rabbit_rabbit 1756184916095 360 215 touchmove 63.6 496.3 0.771609 0.771609 0 rabbit 0
rabbit_rabbit_rabbit 1756184916112 360 215 touchmove 76.6 499.1 0.587107 0.587107 0 rabbit 0
rabbit_rabbit_rabbit 1756184916129 360 215 touchmove 90.0 501.4 0.555163 0.555163 0 rabbit 0
rabbit_rabbit_rabbit 1756184916145 360 215 touchmove 103.0 503.7 0.531045 0.531045 0 rabbit 0
rabbit_rabbit_rabbit 1756184916162 360 215 touchmove 116.0 505.8 0.660376 0.660376 0 rabbit 0
rabbit_rabbit_rabbit 1756184916179 360 215 touchmove 128.8 508.3 0.598433 0.598433 0 rabbit 0
rabbit_rabbit_rabbit 1756184916196 360 215 touchmove 141.7 511.0 0.610923 0.610923 0 rabbit 0
rabbit_rabbit_rabbit 1756184916213 360 215 touchmove 154.6 513.4 0.702215 0.702215 0 rabbit 0
rabbit_rabbit_rabbit 1756184916230 360 215 touchmove 167.2 516.0 0.772826 0.772826 0 rabbit 0
rabbit_rabbit_rabbit 1756184916247 360 215 touchmove 179.6 518.1 0.549954 0.549954 0 rabbit 0
rabbit_rabbit_rabbit 1756184916264 360 215 touchmove 192.0 518.8 0.795078 0.795078 0 rabbit 0
rabbit_rabbit_rabbit 1756184916281 360 215 touchmove 203.7 518.1 0.785383 0.785383 0 rabbit 0
rabbit_rabbit_rabbit 1756184916298 360 215 touchmove 214.8 515.7 0.535734 0.535734 0 rabbit 0
rabbit_rabbit_rabbit 1756184916314 360 215 touchmove 225.8 511.7 0.517404 0.517404 0 rabbit 0
rabbit_rabbit_rabbit 1756184916331 360 215 touchmove 236.8 506.2 0.549043 0.549043 0 rabbit 0
rabbit_rabbit_rabbit 1756184916348 360 215 touchmove 247.4 499.3 0.705300 0.705300 0 rabbit 0
rabbit_rabbit_rabbit 1756184916365 360 215 touchmove 257.8 490.9 0.569509 0.569509 0 rabbit 0
rabbit_rabbit_rabbit 1756184916382 360 215 touchmove 267.7 482.4 0.731989 0.731989 0 rabbit 0
rabbit_rabbit_rabbit 1756184916399 360 215 touchmove 277.7 473.9 0.544749 0.544749 0 rabbit 0
rabbit_rabbit_rabbit 1756184916416 360 215 touchmove 288.0 465.1 0.714161 0.714161 0 rabbit 0
rabbit_rabbit_rabbit 1756184916433 360 215 touchmove 297.8 456.0 0.586025 0.586025 0 rabbit 0
rabbit_rabbit_rabbit 1756184916450 360 215 touchmove 307.1 447.1 0.686728 0.686728 0 rabbit 0
rabbit_rabbit_rabbit 1756184916467 360 215 touchmove 316.7 437.9 0.544719 0.544719 0 rabbit 0
rabbit_rabbit_rabbit 1756184916483 360 215 touchmove 326.1 429.5 0.770412 0.770412 0 rabbit 0
rabbit_rabbit_rabbit 1756184916500 360 215 touchmove 333.9 422.2 0.554837 0.554837 0 rabbit 0
rabbit_rabbit_rabbit 1756184916517 360 215 touchmove 338.6 416.2 0.629431 0.629431 0 rabbit 0
rabbit_rabbit_rabbit 1756184916534 360 215 touchmove 339.7 411.6 0.788339 0.788339 0 rabbit 0
rabbit_rabbit_rabbit 1756184916551 360 215 touchmove 337.9 407.9 0.635839 0.635839 0 rabbit 0
rabbit_rabbit_rabbit 1756184916568 360 215 touchmove 332.9 405.3 0.570803 0.570803 0 rabbit 0
rabbit_rabbit_rabbit 1756184916585 360 215 touchmove 324.4 403.9 0.716065 0.716065 0 rabbit 0
rabbit_rabbit_rabbit 1756184916602 360 215 touchmove 312.8 403.2 0.666748 0.666748 0 rabbit 0
rabbit_rabbit_rabbit 1756184916619 360 215 touchmove 300.4 402.8 0.681535 0.681535 0 rabbit 0
rabbit_rabbit_rabbit 1756184916636 360 215 touchmove 287.5 401.9 0.588996 0.588996 0 rabbit 0
rabbit_rabbit_rabbit 1756184916652 360 215 touchmove 274.6 401.3 0.641841 0.641841 0 rabbit 0
rabbit_rabbit_rabbit 1756184916669 360 215 touchmove 262.3 400.8 0.562734 0.562734 0 rabbit 0
rabbit_rabbit_rabbit 1756184916686 360 215 touchmove 250.2 400.7 0.541133 0.541133 0 rabbit 0
rabbit_rabbit_rabbit 1756184916703 360 215 touchmove 237.7 400.7 0.662860 0.662860 0 rabbit 0
rabbit_rabbit_rabbit 1756184916720 360 215 touchmove 225.1 400.6 0.674773 0.674773 0 rabbit 0
rabbit_rabbit_rabbit 1756184916737 360 215 touchmove 211.8 400.4 0.767570 0.767570 0 rabbit 0
rabbit_rabbit_rabbit 1756184916754 360 215 touchmove 198.7 400.5 0.528372 0.528372 0 rabbit 0
rabbit_rabbit_rabbit 1756184916771 360 215 touchmove 185.7 400.4 0.631607 0.631607 0 rabbit 0
rabbit_rabbit_rabbit 1756184916788 360 215 touchmove 171.0 400.7 0.578044 0.578044 0 rabbit 0
rabbit_rabbit_rabbit 1756184916805 360 215 touchmove 157.5 400.1 0.593975 0.593975 0 rabbit 0
rabbit_rabbit_rabbit 1756184916822 360 215 touchend 142.7 399.7 0.553253 0.553253 0 rabbit 0