sentence timestamp keyb_width keyb_height event x_pos y_pos x_radius y_radius angle word is_err
precisely_precisely_precisely 1756184912622 360 215 touchstart 504.0 400.8 0.596913 0.596913 0 precisely 0
precisely_precisely_precisely 1756184912638 360 215 touchmove 487.5 400.8 0.592802 0.592802 0 precisely 0
precisely_precisely_precisely 1756184912655 360 215 touchmove 470.6 400.4 0.747158 0.747158 0 precisely 0
precisely_precisely_precisely 1756184912672 360 215 touchmove 453.8 400.3 0.614432 0.614432 0 precisely 0
precisely_precisely_precisely 1756184912689 360 215 touchmove 437.0 400.3 0.737168 0.737168 0 precisely 0
precisely_precisely_precisely 1756184912706 360 215 touchmove 420.1 400.3 0.746883 0.746883 0 precisely 0
precisely_precisely_precisely 1756184912723 360 215 touchmove 403.2 400.4 0.725551 0.725551 0 precisely 0
precisely_precisely_precisely 1756184912740 360 215 touchmove 386.3 400.4 0.669090 0.669090 0 precisely 0
precisely_precisely_precisely 1756184912757 360 215 touchmove 369.3 400.4 0.646753 0.646753 0 precisely 0
precisely_precisely_precisely 1756184912773 360 215 touchmove 352.3 400.4 0.603157 0.603157 0 precisely 0
precisely_precisely_precisely 1756184912790 360 215 touchmove 335.2 400.6 0.618455 0.618455 0 precisely 0
precisely_precisely_precisely 1756184912807 360 215 touchmove 318.2 400.7 0.599445 0.599445 0 precisely 0
precisely_precisely_precisely 1756184912824 360 215 touchmove 301.3 400.6 0.638005 0.638005 0 precisely 0
precisely_precisely_precisely 1756184912841 360 215 touchmove 284.4 400.6 0.630250 0.630250 0 precisely 0
precisely_precisely_precisely 1756184912858 360 215 touchmove 267.4 400.6 0.659021 0.659021 0 precisely 0
precisely_precisely_precisely 1756184912875 360 215 touchmove 250.5 400.5 0.648349 0.648349 0 precisely 0
precisely_precisely_precisely 1756184912892 360 215 touchmove 233.6 400.6 0.614900 0.614900 0 precisely 0
precisely_precisely_precisely 1756184912908 360 215 touchmove 216.7 400.5 0.560702 0.560702 0 precisely 0
precisely_precisely_precisely 1756184912925 360 215 touchmove 199.7 400.4 0.678593 0.678593 0 precisely 0
precisely_precisely_precisely 1756184912942 360 215 touchmove 182.8 400.2 0.501825 0.501825 0 precisely 0
precisely_precisely_precisely 1756184912959 360 215 touchmove 166.0 399.9 0.569543 0.569543 0 precisely 0
precisely_precisely_precisely 1756184912976 360 215 touchmove 149.1 399.7 0.697522 0.697522 0 precisely 0
precisely_precisely_precisely 1756184912993 360 215 touchmove 132.1 399.6 0.787886 0.787886 0 precisely 0
precisely_precisely_precisely 1756184913010 360 215 touchmove 115.1 399.4 0.700188 0.700188 0 precisely 0
precisely_precisely_precisely 1756184913027 360 215 touchmove 98.1 399.3 0.725768 0.725768 0 precisely 0
precisely_precisely_precisely 1756184913043 360 215 touchmove 81.2 399.3 0.518658 0.518658 0 precisely 0
precisely_precisely_precisely 1756184913060 360 215 touchmove 64.1 399.5 0.713991 0.713991 0 precisely 0
precisely_precisely_precisely 1756184913077 360 215 touchmove 47.8 400.1 0.531531 0.531531 0 precisely 0
precisely_precisely_precisely 1756184913094 360 215 touchmove 35.3 402.7 0.527156 0.527156 0 precisely 0
precisely_precisely_precisely 1756184913111 360 215 touchmove 26.5 407.4 0.620441 0.620441 0 precisely 0
precisely_precisely_precisely 1756184913128 360 215 touchmove 21.3 414.0 0.599223 0.599223 0 precisely 0
precisely_precisely_precisely 1756184913145 360 215 touchmove 19.7 422.6 0.567210 0.567210 0 precisely 0
precisely_precisely_precisely 1756184913162 360 215 touchmove 21.9 433.6 0.588822 0.588822 0 precisely 0
precisely_precisely_precisely 1756184913178 360 215 touchmove 27.7 446.5 0.708466 0.708466 0 precisely 0
precisely_precisely_precisely 1756184913195 360 215 touchmove 36.2 461.1 0.521157 0.521157 0 precisely 0
precisely_precisely_precisely 1756184913212 360 215 touchmove 44.6 475.8 0.651504 0.651504 0 precisely 0
precisely_precisely_precisely 1756184913229 360 215 touchmove 53.7 488.4 0.615212 0.615212 0 precisely 0
precisely_precisely_precisely 1756184913246 360 215 touchmove 63.9 498.0 0.758811 0.758811 0 precisely 0
precisely_precisely_precisely 1756184913263 360 215 touchmove 75.1 504.6 0.734162 0.734162 0 precisely 0
precisely_precisely_precisely 1756184913280 360 215 touchmove 87.2 507.7 0.676692 0.676692 0 precisely 0
precisely_precisely_precisely 1756184913297 360 215 touchmove 100.3 508.0 0.515673 0.515673 0 precisely 0
precisely_precisely_precisely 1756184913313 360 215 touchmove 114.3 505.2 0.516906 0.516906 0 precisely 0
precisely_precisely_precisely 1756184913330 360 215 touchmove 129.4 499.2 0.556085 0.556085 0 precisely 0
precisely_precisely_precisely 1756184913347 360 215 touchmove 144.9 492.4 0.600712 0.600712 0 precisely 0
precisely_precisely_precisely 1756184913364 360 215 touchmove 160.5 485.5 0.685668 0.685668 0 precisely 0
precisely_precisely_precisely 1756184913381 360 215 touchmove 176.1 478.7 0.719225 0.719225 0 precisely 0
precisely_precisely_precisely 1756184913398 360 215 touchmove 191.6 472.0 0.775594 0.775594 0 precisely 0
precisely_precisely_precisely 1756184913415 360 215 touchmove 207.0 465.2 0.521734 0.521734 0 precisely 0
precisely_precisely_precisely 1756184913432 360 215 touchmove 222.6 458.3 0.757697 0.757697 0 precisely 0
precisely_precisely_precisely 1756184913448 360 215 touchmove 238.3 451.6 0.793813 0.793813 0 precisely 0
precisely_precisely_precisely 1756184913465 360 215 touchmove 253.9 444.8 0.622350 0.622350 0 precisely 0
precisely_precisely_precisely 1756184913482 360 215 touchmove 269.4 438.0 0.755428 0.755428 0 precisely 0
precisely_precisely_precisely 1756184913499 360 215 touchmove 284.8 431.3 0.593898 0.593898 0 precisely 0
precisely_precisely_precisely 1756184913516 360 215 touchmove 300.4 424.5 0.685651 0.685651 0 precisely 0
precisely_precisely_precisely 1756184913533 360 215 touchmove 315.2 418.2 0.706165 0.706165 0 precisely 0
precisely_precisely_precisely 1756184913550 360 215 touchmove 325.5 413.2 0.725185 0.725185 0 precisely 0
precisely_precisely_precisely 1756184913567 360 215 touchmove 331.1 409.6 0.545392 0.545392 0 precisely 0
precisely_precisely_precisely 1756184913583 360 215 touchmove 332.0 407.3 0.661021 0.661021 0 precisely 0
precisely_precisely_precisely 1756184913600 360 215 touchmove 328.4 406.3 0.685481 0.685481 0 precisely 0
precisely_precisely_precisely 1756184913617 360 215 touchmove 320.3 406.8 0.637509 0.637509 0 precisely 0
precisely_precisely_precisely 1756184913634 360 215 touchmove 307.6 408.6 0.759489 0.759489 0 precisely 0
precisely_precisely_precisely 1756184913651 360 215 touchmove 290.8 411.5 0.646068 0.646068 0 precisely 0
precisely_precisely_precisely 1756184913668 360 215 touchmove 274.1 414.5 0.691612 0.691612 0 precisely 0
precisely_precisely_precisely 1756184913685 360 215 touchmove 257.4 417.4 0.541503 0.541503 0 precisely 0
precisely_precisely_precisely 1756184913702 360 215 touchmove 240.8 420.2 0.684221 0.684221 0 precisely 0
precisely_precisely_precisely 1756184913718 360 215 touchmove 224.2 423.0 0.785946 0.785946 0 precisely 0
precisely_precisely_precisely 1756184913735 360 215 touchmove 207.4 425.7 0.575891 0.575891 0 precisely 0
precisely_precisely_precisely 1756184913752 360 215 touchmove 190.6 428.4 0.510635 0.510635 0 precisely 0
precisely_precisely_precisely 1756184913769 360 215 touchmove 173.9 430.9 0.704821 0.704821 0 precisely 0
precisely_precisely_precisely 1756184913786 360 215 touchmove 157.1 433.3 0.775346 0.775346 0 precisely 0
precisely_precisely_precisely 1756184913803 360 215 touchmove 140.3 435.7 0.642325 0.642325 0 precisely 0
precisely_precisely_precisely 1756184913820 360 215 touchmove 123.4 438.2 0.592316 0.592316 0 precisely 0
precisely_precisely_precisely 1756184913837 360 215 touchmove 106.7 440.6 0.694926 0.694926 0 precisely 0
precisely_precisely_precisely 1756184913853 360 215 touchmove 90.0 443.1 0.750694 0.750694 0 precisely 0
precisely_precisely_precisely 1756184913870 360 215 touchmove 73.3 445.8 0.688598 0.688598 0 precisely 0
precisely_precisely_precisely 1756184913887 360 215 touchmove 56.7 448.4 0.710847 0.710847 0 precisely 0
precisely_precisely_precisely 1756184913904 360 215 touchmove 40.0 450.9 0.798275 0.798275 0 precisely 0
precisely_precisely_precisely 1756184913921 360 215 touchmove 23.3 453.4 0.593379 0.593379 0 precisely 0
precisely_precisely_precisely 1756184913938 360 215 touchmove 8.4 454.8 0.726153 0.726153 0 precisely 0
precisely_precisely_precisely 1756184913955 360 215 touchmove -3.0 453.7 0.702946 0.702946 0 precisely 0
precisely_precisely_precisely 1756184913972 360 215 touchmove -10.8 450.2 0.781788 0.781788 0 precisely 0
precisely_precisely_precisely 1756184913988 360 215 touchmove -14.9 444.2 0.658417 0.658417 0 precisely 0
precisely_precisely_precisely 1756184914005 360 215 touchmove -15.1 436.4 0.601181 0.601181 0 precisely 0
precisely_precisely_precisely 1756184914022 360 215 touchmove -10.5 428.4 0.794019 0.794019 0 precisely 0
precisely_precisely_precisely 1756184914039 360 215 touchmove -1.2 420.5 0.654408 0.654408 0 precisely 0
precisely_precisely_precisely 1756184914056 360 215 touchmove 11.2 413.8 0.642404 0.642404 0 precisely 0
precisely_precisely_precisely 1756184914073 360 215 touchmove 24.6 409.4 0.551779 0.551779 0 precisely 0
precisely_precisely_precisely 1756184914090 360 215 touchmove 39.3 407.3 0.755014 0.755014 0 precisely 0
precisely_precisely_precisely 1756184914107 360 215 touchmove 55.1 407.6 0.647225 0.647225 0 precisely 0
precisely_precisely_precisely 1756184914123 360 215 touchmove 71.8 409.7 0.528915 0.528915 0 precisely 0
precisely_precisely_precisely 1756184914140 360 215 touchmove 88.5 411.9 0.702224 0.702224 0 precisely 0
precisely_precisely_precisely 1756184914157 360 215 touchmove 105.3 414.2 0.589991 0.589991 0 precisely 0
precisely_precisely_precisely 1756184914174 360 215 touchmove 122.0 416.4 0.761896 0.761896 0 precisely 0
precisely_precisely_precisely 1756184914191 360 215 touchmove 138.8 418.7 0.712981 0.712981 0 precisely 0
precisely_precisely_precisely 1756184914208 360 215 touchmove 155.6 421.0 0.518217 0.518217 0 precisely 0
precisely_precisely_precisely 1756184914225 360 215 touchmove 172.3 423.2 0.684322 0.684322 0 precisely 0
precisely_precisely_precisely 1756184914242 360 215 touchmove 188.9 425.2 0.544165 0.544165 0 precisely 0
precisely_precisely_precisely 1756184914258 360 215 touchmove 205.6 427.4 0.614793 0.614793 0 precisely 0
precisely_precisely_precisely 1756184914275 360 215 touchmove 222.3 429.4 0.555064 0.555064 0 precisely 0
precisely_precisely_precisely 1756184914292 360 215 touchmove 239.0 431.6 0.629919 0.629919 0 precisely 0
precisely_precisely_precisely 1756184914309 360 215 touchmove 255.7 433.7 0.632565 0.632565 0 precisely 0
precisely_precisely_precisely 1756184914326 360 215 touchmove 272.4 435.9 0.779855 0.779855 0 precisely 0
precisely_precisely_precisely 1756184914343 360 215 touchmove 289.2 438.1 0.553173 0.553173 0 precisely 0
precisely_precisely_precisely 1756184914360 360 215 touchmove 306.1 440.4 0.517615 0.517615 0 precisely 0
precisely_precisely_precisely 1756184914377 360 215 touchmove 323.0 442.8 0.613280 0.613280 0 precisely 0
precisely_precisely_precisely 1756184914393 360 215 touchmove 339.7 445.1 0.792372 0.792372 0 precisely 0
precisely_precisely_precisely 1756184914410 360 215 touchmove 356.5 447.3 0.547411 0.547411 0 precisely 0
precisely_precisely_precisely 1756184914427 360 215 touchmove 373.3 449.7 0.620179 0.620179 0 precisely 0
precisely_precisely_precisely 1756184914444 360 215 touchmove 390.1 452.0 0.716287 0.716287 0 precisely 0
precisely_precisely_precisely 1756184914461 360 215 touchmove 406.9 454.4 0.564457 0.564457 0 precisely 0
precisely_precisely_precisely 1756184914478 360 215 touchmove 421.9 456.5 0.523876 0.523876 0 precisely 0
precisely_precisely_precisely 1756184914495 360 215 touchmove 432.2 457.5 0.737321 0.737321 0 precisely 0
precisely_precisely_precisely 1756184914512 360 215 touchmove 437.9 457.6 0.770831 0.770831 0 precisely 0
precisely_precisely_precisely 1756184914528 360 215 touchmove 438.8 457.0 0.627389 0.627389 0 precisely 0
precisely_precisely_precisely 1756184914545 360 215 touchmove 434.8 455.4 0.692023 0.692023 0 precisely 0
precisely_precisely_precisely 1756184914562 360 215 touchmove 426.1 452.9 0.731948 0.731948 0 precisely 0
precisely_precisely_precisely 1756184914579 360 215 touchmove 412.7 449.4 0.642691 0.642691 0 precisely 0
precisely_precisely_precisely 1756184914596 360 215 touchmove 396.3 445.3 0.506772 0.506772 0 precisely 0
precisely_precisely_precisely 1756184914613 360 215 touchmove 379.8 441.3 0.678118 0.678118 0 precisely 0
precisely_precisely_precisely 1756184914630 360 215 touchmove 363.3 437.4 0.657966 0.657966 0 precisely 0
precisely_precisely_precisely 1756184914647 360 215 touchmove 346.8 433.2 0.617659 0.617659 0 precisely 0
precisely_precisely_precisely 1756184914663 360 215 touchmove 330.3 429.0 0.580369 0.580369 0 precisely 0
precisely_precisely_precisely 1756184914680 360 215 touchmove 313.8 424.9 0.760270 0.760270 0 precisely 0
precisely_precisely_precisely 1756184914697 360 215 touchmove 297.4 420.8 0.602856 0.602856 0 precisely 0
precisely_precisely_precisely 1756184914714 360 215 touchmove 280.8 416.6 0.744360 0.744360 0 precisely 0
precisely_precisely_precisely 1756184914731 360 215 touchmove 264.3 412.4 0.532878 0.532878 0 precisely 0
precisely_precisely_precisely 1756184914748 360 215 touchmove 248.0 408.6 0.637970 0.637970 0 precisely 0
precisely_precisely_precisely 1756184914765 360 215 touchmove 231.3 403.7 0.772808 0.772808 0 precisely 0
precisely_precisely_precisely 1756184914782 360 215 touchend 215.0 399.7 0.794199 0.794199 0 precisely 0