sentence timestamp keyb_width keyb_height event x_pos y_pos x_radius y_radius angle word is_err
maybe_maybe_maybe 1756184906401 360 215 touchstart 360.0 525.2 0.609996 0.609996 0 maybe 0
maybe_maybe_maybe 1756184906417 360 215 touchmove 343.6 523.1 0.743999 0.743999 0 maybe 0
maybe_maybe_maybe 1756184906434 360 215 touchmove 327.2 521.0 0.513162 0.513162 0 maybe 0
maybe_maybe_maybe 1756184906451 360 215 touchmove 310.5 518.7 0.710070 0.710070 0 maybe 0
maybe_maybe_maybe 1756184906468 360 215 touchmove 293.9 516.3 0.643809 0.643809 0 maybe 0
maybe_maybe_maybe 1756184906485 360 215 touchmove 277.4 514.1 0.500067 0.500067 0 maybe 0
maybe_maybe_maybe 1756184906502 360 215 touchmove 260.8 511.9 0.726944 0.726944 0 maybe 0
maybe_maybe_maybe 1756184906519 360 215 touchmove 244.3 509.8 0.688474 0.688474 0 maybe 0
maybe_maybe_maybe 1756184906536 360 215 touchmove 227.9 507.6 0.546018 0.546018 0 maybe 0
maybe_maybe_maybe 1756184906553 360 215 touchmove 211.5 505.6 0.691305 0.691305 0 maybe 0
maybe_maybe_maybe 1756184906570 360 215 touchmove 195.3 503.5 0.680402 0.680402 0 maybe 0
maybe_maybe_maybe 1756184906586 360 215 touchmove 179.0 501.5 0.589199 0.589199 0 maybe 0
maybe_maybe_maybe 1756184906603 360 215 touchmove 162.8 499.4 0.642857 0.642857 0 maybe 0
maybe_maybe_maybe 1756184906620 360 215 touchmove 146.5 497.2 0.680451 0.680451 0 maybe 0
maybe_maybe_maybe 1756184906637 360 215 touchmove 130.2 495.0 0.752601 0.752601 0 maybe 0
maybe_maybe_maybe 1756184906654 360 215 touchmove 113.9 492.9 0.662675 0.662675 0 maybe 0
maybe_maybe_maybe 1756184906671 360 215 touchmove 97.5 490.6 0.739236 0.739236 0 maybe 0
maybe_maybe_maybe 1756184906688 360 215 touchmove 81.1 488.3 0.603807 0.603807 0 maybe 0
maybe_maybe_maybe 1756184906705 360 215 touchmove 64.7 486.1 0.796241 0.796241 0 maybe 0
maybe_maybe_maybe 1756184906722 360 215 touchmove 48.3 483.9 0.744760 0.744760 0 maybe 0
maybe_maybe_maybe 1756184906739 360 215 touchmove 32.0 481.7 0.528174 0.528174 0 maybe 0
maybe_maybe_maybe 1756184906755 360 215 touchmove 15.7 479.4 0.519523 0.519523 0 maybe 0
maybe_maybe_maybe 1756184906772 360 215 touchmove -0.8 477.0 0.751131 0.751131 0 maybe 0
maybe_maybe_maybe 1756184906789 360 215 touchmove -17.1 474.7 0.521502 0.521502 0 maybe 0
maybe_maybe_maybe 1756184906806 360 215 touchmove -33.5 472.3 0.601638 0.601638 0 maybe 0
maybe_maybe_maybe 1756184906823 360 215 touchmove -50.0 469.9 0.567543 0.567543 0 maybe 0
maybe_maybe_maybe 1756184906840 360 215 touchmove -64.2 467.6 0.593927 0.593927 0 maybe 0
maybe_maybe_maybe 1756184906857 360 215 touchmove -73.9 465.1 0.528460 0.528460 0 maybe 0
maybe_maybe_maybe 1756184906874 360 215 touchmove -78.8 462.4 0.534366 0.534366 0 maybe 0
maybe_maybe_maybe 1756184906891 360 215 touchmove -78.9 459.7 0.749782 0.749782 0 maybe 0
maybe_maybe_maybe 1756184906908 360 215 touchmove -74.2 456.8 0.758637 0.758637 0 maybe 0
maybe_maybe_maybe 1756184906924 360 215 touchmove -64.9 453.9 0.583786 0.583786 0 maybe 0
maybe_maybe_maybe 1756184906941 360 215 touchmove -50.8 450.8 0.675770 0.675770 0 maybe 0
maybe_maybe_maybe 1756184906958 360 215 touchmove -34.4 447.6 0.643375 0.643375 0 maybe 0
maybe_maybe_maybe 1756184906975 360 215 touchmove -18.1 444.4 0.717217 0.717217 0 maybe 0
maybe_maybe_maybe 1756184906992 360 215 touchmove -1.8 441.3 0.516232 0.516232 0 maybe 0
maybe_maybe_maybe 1756184907009 360 215 touchmove 14.4 438.1 0.521066 0.521066 0 maybe 0
maybe_maybe_maybe 1756184907026 360 215 touchmove 30.5 435.0 0.538826 0.538826 0 maybe 0
maybe_maybe_maybe 1756184907043 360 215 touchmove 46.6 432.0 0.593086 0.593086 0 maybe 0
maybe_maybe_maybe 1756184907060 360 215 touchmove 62.9 429.0 0.799839 0.799839 0 maybe 0
maybe_maybe_maybe 1756184907077 360 215 touchmove 79.2 425.8 0.560658 0.560658 0 maybe 0
maybe_maybe_maybe 1756184907093 360 215 touchmove 95.4 422.8 0.624519 0.624519 0 maybe 0
maybe_maybe_maybe 1756184907110 360 215 touchmove 111.8 419.8 0.716683 0.716683 0 maybe 0
maybe_maybe_maybe 1756184907127 360 215 touchmove 128.1 416.8 0.693946 0.693946 0 maybe 0
maybe_maybe_maybe 1756184907144 360 215 touchmove 144.5 413.8 0.667946 0.667946 0 maybe 0
maybe_maybe_maybe 1756184907161 360 215 touchmove 160.7 410.7 0.593843 0.593843 0 maybe 0
maybe_maybe_maybe 1756184907178 360 215 touchmove 175.6 409.2 0.792791 0.792791 0 maybe 0
maybe_maybe_maybe 1756184907195 360 215 touchmove 188.3 410.6 0.549483 0.549483 0 maybe 0
maybe_maybe_maybe 1756184907212 360 215 touchmove 198.6 414.6 0.523615 0.523615 0 maybe 0
maybe_maybe_maybe 1756184907229 360 215 touchmove 206.7 421.5 0.650292 0.650292 0 maybe 0
maybe_maybe_maybe 1756184907246 360 215 touchmove 212.5 431.2 0.524699 0.524699 0 maybe 0
maybe_maybe_maybe 1756184907262 360 215 touchmove 215.7 443.7 0.578589 0.578589 0 maybe 0
maybe_maybe_maybe 1756184907279 360 215 touchmove 216.7 459.1 0.754099 0.754099 0 maybe 0
maybe_maybe_maybe 1756184907296 360 215 touchmove 216.6 475.3 0.739060 0.739060 0 maybe 0
maybe_maybe_maybe 1756184907313 360 215 touchmove 214.4 488.2 0.537364 0.537364 0 maybe 0
maybe_maybe_maybe 1756184907330 360 215 touchmove 210.2 497.6 0.745371 0.745371 0 maybe 0
maybe_maybe_maybe 1756184907347 360 215 touchmove 203.8 503.3 0.587052 0.587052 0 maybe 0
maybe_maybe_maybe 1756184907364 360 215 touchmove 195.3 505.5 0.603622 0.603622 0 maybe 0
maybe_maybe_maybe 1756184907381 360 215 touchmove 184.9 504.4 0.538055 0.538055 0 maybe 0
maybe_maybe_maybe 1756184907398 360 215 touchmove 172.3 499.5 0.659671 0.659671 0 maybe 0
maybe_maybe_maybe 1756184907415 360 215 touchmove 157.9 491.4 0.625576 0.625576 0 maybe 0
maybe_maybe_maybe 1756184907431 360 215 touchmove 143.4 483.1 0.528336 0.528336 0 maybe 0
maybe_maybe_maybe 1756184907448 360 215 touchmove 128.8 474.8 0.585287 0.585287 0 maybe 0
maybe_maybe_maybe 1756184907465 360 215 touchmove 114.3 466.6 0.673437 0.673437 0 maybe 0
maybe_maybe_maybe 1756184907482 360 215 touchmove 99.9 458.5 0.705162 0.705162 0 maybe 0
maybe_maybe_maybe 1756184907499 360 215 touchmove 85.5 450.3 0.783663 0.783663 0 maybe 0
maybe_maybe_maybe 1756184907516 360 215 touchmove 71.3 442.0 0.779812 0.779812 0 maybe 0
maybe_maybe_maybe 1756184907533 360 215 touchmove 56.9 433.8 0.528450 0.528450 0 maybe 0
maybe_maybe_maybe 1756184907550 360 215 touchmove 42.7 425.6 0.653729 0.653729 0 maybe 0
maybe_maybe_maybe 1756184907567 360 215 touchmove 28.5 417.2 0.684897 0.684897 0 maybe 0
maybe_maybe_maybe 1756184907584 360 215 touchmove 14.4 408.6 0.592887 0.592887 0 maybe 0
maybe_maybe_maybe 1756184907601 360 215 touchend 0.4 400.1 0.674052 0.674052 0 maybe 0