sentence timestamp keyb_width keyb_height event x_pos y_pos x_radius y_radius angle word is_err
baptist_baptist_baptist 1756184920773 360 215 touchstart 215.8 527.4 0.557986 0.557986 0 baptist 0
baptist_baptist_baptist 1756184920789 360 215 touchmove 189.1 523.3 0.514287 0.514287 0 baptist 0
baptist_baptist_baptist 1756184920806 360 215 touchmove 163.2 518.7 0.697724 0.697724 0 baptist 0
baptist_baptist_baptist 1756184920823 360 215 touchmove 140.9 513.7 0.705360 0.705360 0 baptist 0
baptist_baptist_baptist 1756184920840 360 215 touchmove 116.2 508.8 0.574108 0.574108 0 baptist 0
baptist_baptist_baptist 1756184920857 360 215 touchmove 91.8 504.0 0.688063 0.688063 0 baptist 0
baptist_baptist_baptist 1756184920874 360 215 touchmove 67.3 498.9 0.588332 0.588332 0 baptist 0
baptist_baptist_baptist 1756184920891 360 215 touchmove 42.3 493.4 0.664531 0.664531 0 baptist 0
baptist_baptist_baptist 1756184920907 360 215 touchmove 17.1 488.4 0.550906 0.550906 0 baptist 0
baptist_baptist_baptist 1756184920924 360 215 touchmove -8.5 483.6 0.572711 0.572711 0 baptist 0
baptist_baptist_baptist 1756184920941 360 215 touchmove -33.4 479.3 0.747211 0.747211 0 baptist 0
baptist_baptist_baptist 1756184920958 360 215 touchmove -51.1 474.7 0.738166 0.738166 0 baptist 0
baptist_baptist_baptist 1756184920975 360 215 touchmove -61.1 470.0 0.591140 0.591140 0 baptist 0
baptist_baptist_baptist 1756184920992 360 215 touchmove -63.6 465.7 0.759258 0.759258 0 baptist 0
baptist_baptist_baptist 1756184921009 360 215 touchmove -59.1 462.2 0.690579 0.690579 0 baptist 0
baptist_baptist_baptist 1756184921026 360 215 touchmove -47.3 458.9 0.551786 0.551786 0 baptist 0
baptist_baptist_baptist 1756184921042 360 215 touchmove -28.6 455.8 0.582621 0.582621 0 baptist 0
baptist_baptist_baptist 1756184921059 360 215 touchmove -3.3 452.4 0.641868 0.641868 0 baptist 0
baptist_baptist_baptist 1756184921076 360 215 touchmove 21.9 449.9 0.693195 0.693195 0 baptist 0
baptist_baptist_baptist 1756184921093 360 215 touchmove 46.5 447.5 0.527782 0.527782 0 baptist 0
baptist_baptist_baptist 1756184921110 360 215 touchmove 71.0 445.4 0.731401 0.731401 0 baptist 0
baptist_baptist_baptist 1756184921127 360 215 touchmove 95.9 443.0 0.785616 0.785616 0 baptist 0
baptist_baptist_baptist 1756184921144 360 215 touchmove 120.8 440.3 0.635530 0.635530 0 baptist 0
baptist_baptist_baptist 1756184921160 360 215 touchmove 146.2 437.4 0.747076 0.747076 0 baptist 0
baptist_baptist_baptist 1756184921177 360 215 touchmove 172.1 434.5 0.622931 0.622931 0 baptist 0
baptist_baptist_baptist 1756184921194 360 215 touchmove 197.6 431.5 0.639384 0.639384 0 baptist 0
baptist_baptist_baptist 1756184921211 360 215 touchmove 222.7 428.5 0.518370 0.518370 0 baptist 0
baptist_baptist_baptist 1756184921228 360 215 touchmove 247.9 425.6 0.772912 0.772912 0 baptist 0
baptist_baptist_baptist 1756184921245 360 215 touchmove 272.8 422.6 0.642283 0.642283 0 baptist 0
baptist_baptist_baptist 1756184921262 360 215 touchmove 298.0 419.9 0.617165 0.617165 0 baptist 0
baptist_baptist_baptist 1756184921279 360 215 touchmove 323.2 417.4 0.649222 0.649222 0 baptist 0
baptist_baptist_baptist 1756184921295 360 215 touchmove 348.5 415.0 0.571490 0.571490 0 baptist 0
baptist_baptist_baptist 1756184921312 360 215 touchmove 373.8 412.6 0.516743 0.516743 0 baptist 0
baptist_baptist_baptist 1756184921329 360 215 touchmove 399.3 409.9 0.784262 0.784262 0 baptist 0
baptist_baptist_baptist 1756184921346 360 215 touchmove 424.9 407.4 0.550199 0.550199 0 baptist 0
baptist_baptist_baptist 1756184921363 360 215 touchmove 444.4 405.8 0.572951 0.572951 0 baptist 0
baptist_baptist_baptist 1756184921380 360 215 touchmove 456.6 404.1 0.625482 0.625482 0 baptist 0
baptist_baptist_baptist 1756184921397 360 215 touchmove 460.9 402.8 0.502318 0.502318 0 baptist 0
baptist_baptist_baptist 1756184921413 360 215 touchmove 457.8 401.9 0.524960 0.524960 0 baptist 0
baptist_baptist_baptist 1756184921430 360 215 touchmove 448.2 401.6 0.540164 0.540164 0 baptist 0
baptist_baptist_baptist 1756184921447 360 215 touchmove 431.7 401.6 0.759271 0.759271 0 baptist 0
baptist_baptist_baptist 1756184921464 360 215 touchmove 407.4 401.9 0.524033 0.524033 0 baptist 0
baptist_baptist_baptist 1756184921481 360 215 touchmove 381.7 401.4 0.794323 0.794323 0 baptist 0
baptist_baptist_baptist 1756184921498 360 215 touchmove 355.9 401.1 0.562198 0.562198 0 baptist 0
baptist_baptist_baptist 1756184921515 360 215 touchmove 330.5 401.1 0.792723 0.792723 0 baptist 0
baptist_baptist_baptist 1756184921532 360 215 touchmove 304.9 400.9 0.596769 0.596769 0 baptist 0
baptist_baptist_baptist 1756184921548 360 215 touchmove 279.0 400.6 0.538330 0.538330 0 baptist 0
baptist_baptist_baptist 1756184921565 360 215 touchmove 252.9 400.4 0.720467 0.720467 0 baptist 0
baptist_baptist_baptist 1756184921582 360 215 touchmove 227.4 400.0 0.586312 0.586312 0 baptist 0
baptist_baptist_baptist 1756184921599 360 215 touchmove 207.6 400.3 0.744550 0.744550 0 baptist 0
baptist_baptist_baptist 1756184921616 360 215 touchmove 195.4 400.2 0.726686 0.726686 0 baptist 0
baptist_baptist_baptist 1756184921633 360 215 touchmove 189.8 400.1 0.725963 0.725963 0 baptist 0
baptist_baptist_baptist 1756184921650 360 215 touchmove 191.4 400.1 0.787904 0.787904 0 baptist 0
baptist_baptist_baptist 1756184921666 360 215 touchmove 200.2 400.3 0.536929 0.536929 0 baptist 0
baptist_baptist_baptist 1756184921683 360 215 touchmove 216.5 400.5 0.664916 0.664916 0 baptist 0
baptist_baptist_baptist 1756184921700 360 215 touchmove 239.6 400.6 0.646060 0.646060 0 baptist 0
baptist_baptist_baptist 1756184921717 360 215 touchmove 264.6 400.3 0.578619 0.578619 0 baptist 0
baptist_baptist_baptist 1756184921734 360 215 touchmove 287.8 400.5 0.669731 0.669731 0 baptist 0
baptist_baptist_baptist 1756184921751 360 215 touchmove 304.4 400.9 0.533245 0.533245 0 baptist 0
baptist_baptist_baptist 1756184921768 360 215 touchmove 313.9 401.9 0.758845 0.758845 0 baptist 0
baptist_baptist_baptist 1756184921785 360 215 touchmove 316.3 403.2 0.777796 0.777796 0 baptist 0
baptist_baptist_baptist 1756184921801 360 215 touchmove 311.4 405.3 0.688642 0.688642 0 baptist 0
baptist_baptist_baptist 1756184921818 360 215 touchmove 299.3 408.4 0.749811 0.749811 0 baptist 0
baptist_baptist_baptist 1756184921835 360 215 touchmove 279.5 411.7 0.686184 0.686184 0 baptist 0
baptist_baptist_baptist 1756184921852 360 215 touchmove 254.7 415.9 0.539774 0.539774 0 baptist 0
baptist_baptist_baptist 1756184921869 360 215 touchmove 229.7 420.1 0.662105 0.662105 0 baptist 0
baptist_baptist_baptist 1756184921886 360 215 touchmove 204.3 424.5 0.609005 0.609005 0 baptist 0
baptist_baptist_baptist 1756184921903 360 215 touchmove 179.1 428.9 0.745794 0.745794 0 baptist 0
baptist_baptist_baptist 1756184921919 360 215 touchmove 153.6 433.1 0.613712 0.613712 0 baptist 0
baptist_baptist_baptist 1756184921936 360 215 touchmove 128.4 437.2 0.744294 0.744294 0 baptist 0
baptist_baptist_baptist 1756184921953 360 215 touchmove 103.6 441.6 0.727924 0.727924 0 baptist 0
baptist_baptist_baptist 1756184921970 360 215 touchmove 78.2 445.5 0.748855 0.748855 0 baptist 0
baptist_baptist_baptist 1756184921987 360 215 touchmove 52.6 449.6 0.636678 0.636678 0 baptist 0
baptist_baptist_baptist 1756184922004 360 215 touchmove 30.8 452.5 0.558830 0.558830 0 baptist 0
baptist_baptist_baptist 1756184922021 360 215 touchmove 15.5 453.7 0.582251 0.582251 0 baptist 0
baptist_baptist_baptist 1756184922038 360 215 touchmove 7.6 453.2 0.627351 0.627351 0 baptist 0
baptist_baptist_baptist 1756184922054 360 215 touchmove 6.8 450.6 0.541538 0.541538 0 baptist 0
baptist_baptist_baptist 1756184922071 360 215 touchmove 13.1 446.3 0.521672 0.521672 0 baptist 0
baptist_baptist_baptist 1756184922088 360 215 touchmove 26.3 440.3 0.530489 0.530489 0 baptist 0
baptist_baptist_baptist 1756184922105 360 215 touchmove 46.9 432.4 0.705226 0.705226 0 baptist 0
baptist_baptist_baptist 1756184922122 360 215 touchmove 71.2 424.1 0.559624 0.559624 0 baptist 0
baptist_baptist_baptist 1756184922139 360 215 touchmove 94.7 415.0 0.532737 0.532737 0 baptist 0
baptist_baptist_baptist 1756184922156 360 215 touchmove 120.5 405.3 0.545516 0.545516 0 baptist 0
baptist_baptist_baptist 1756184922173 360 215 touchend 145.2 400.3 0.505629 0.505629 0 baptist 0