sentence timestamp keyb_width keyb_height event x_pos y_pos x_radius y_radius angle word is_err
sentiment_sentiment_sentiment 1756184916877 360 215 touchstart -34.6 464.8 0.604084 0.604084 0 sentiment 0
sentiment_sentiment_sentiment 1756184916893 360 215 touchmove -25.1 450.8 0.578785 0.578785 0 sentiment 0
sentiment_sentiment_sentiment 1756184916910 360 215 touchmove -17.8 434.1 0.682445 0.682445 0 sentiment 0
sentiment_sentiment_sentiment 1756184916927 360 215 touchmove -6.6 428.0 0.552837 0.552837 0 sentiment 0
sentiment_sentiment_sentiment 1756184916944 360 215 touchmove 4.2 421.4 0.785739 0.785739 0 sentiment 0
sentiment_sentiment_sentiment 1756184916961 360 215 touchmove 16.1 417.8 0.624773 0.624773 0 sentiment 0
sentiment_sentiment_sentiment 1756184916977 360 215 touchmove 29.3 417.2 0.523887 0.523887 0 sentiment 0
sentiment_sentiment_sentiment 1756184916994 360 215 touchmove 43.5 419.4 0.755610 0.755610 0 sentiment 0
sentiment_sentiment_sentiment 1756184917011 360 215 touchmove 58.7 424.5 0.775507 0.775507 0 sentiment 0
sentiment_sentiment_sentiment 1756184917028 360 215 touchmove 74.4 430.7 0.708090 0.708090 0 sentiment 0
sentiment_sentiment_sentiment 1756184917045 360 215 touchmove 90.4 437.0 0.654464 0.654464 0 sentiment 0
sentiment_sentiment_sentiment 1756184917062 360 215 touchmove 106.5 443.3 0.586003 0.586003 0 sentiment 0
sentiment_sentiment_sentiment 1756184917078 360 215 touchmove 122.4 449.5 0.662662 0.662662 0 sentiment 0
sentiment_sentiment_sentiment 1756184917095 360 215 touchmove 137.7 455.9 0.566251 0.566251 0 sentiment 0
sentiment_sentiment_sentiment 1756184917112 360 215 touchmove 152.8 462.5 0.719473 0.719473 0 sentiment 0
sentiment_sentiment_sentiment 1756184917129 360 215 touchmove 167.5 469.4 0.751672 0.751672 0 sentiment 0
sentiment_sentiment_sentiment 1756184917146 360 215 touchmove 182.0 476.2 0.735529 0.735529 0 sentiment 0
sentiment_sentiment_sentiment 1756184917162 360 215 touchmove 196.8 483.2 0.551445 0.551445 0 sentiment 0
sentiment_sentiment_sentiment 1756184917179 360 215 touchmove 211.5 490.2 0.582593 0.582593 0 sentiment 0
sentiment_sentiment_sentiment 1756184917196 360 215 touchmove 226.3 497.3 0.753876 0.753876 0 sentiment 0
sentiment_sentiment_sentiment 1756184917213 360 215 touchmove 241.2 504.1 0.675786 0.675786 0 sentiment 0
sentiment_sentiment_sentiment 1756184917230 360 215 touchmove 252.2 508.3 0.604569 0.604569 0 sentiment 0
sentiment_sentiment_sentiment 1756184917247 360 215 touchmove 259.4 509.9 0.632194 0.632194 0 sentiment 0
sentiment_sentiment_sentiment 1756184917263 360 215 touchmove 262.6 508.7 0.603260 0.603260 0 sentiment 0
sentiment_sentiment_sentiment 1756184917280 360 215 touchmove 261.7 505.4 0.767629 0.767629 0 sentiment 0
sentiment_sentiment_sentiment 1756184917297 360 215 touchmove 256.9 499.4 0.671057 0.671057 0 sentiment 0
sentiment_sentiment_sentiment 1756184917314 360 215 touchmove 248.1 490.7 0.603627 0.603627 0 sentiment 0
sentiment_sentiment_sentiment 1756184917331 360 215 touchmove 235.2 479.8 0.745386 0.745386 0 sentiment 0
sentiment_sentiment_sentiment 1756184917348 360 215 touchmove 222.6 468.7 0.603199 0.603199 0 sentiment 0
sentiment_sentiment_sentiment 1756184917364 360 215 touchmove 209.7 457.5 0.602385 0.602385 0 sentiment 0
sentiment_sentiment_sentiment 1756184917381 360 215 touchmove 197.1 446.5 0.628241 0.628241 0 sentiment 0
sentiment_sentiment_sentiment 1756184917398 360 215 touchmove 184.7 435.2 0.783364 0.783364 0 sentiment 0
sentiment_sentiment_sentiment 1756184917415 360 215 touchmove 175.3 425.3 0.763606 0.763606 0 sentiment 0
sentiment_sentiment_sentiment 1756184917432 360 215 touchmove 170.2 417.6 0.739059 0.739059 0 sentiment 0
sentiment_sentiment_sentiment 1756184917448 360 215 touchmove 169.4 411.6 0.541909 0.541909 0 sentiment 0
sentiment_sentiment_sentiment 1756184917465 360 215 touchmove 172.6 406.8 0.667952 0.667952 0 sentiment 0
sentiment_sentiment_sentiment 1756184917482 360 215 touchmove 180.5 403.3 0.731678 0.731678 0 sentiment 0
sentiment_sentiment_sentiment 1756184917499 360 215 touchmove 192.2 401.4 0.641130 0.641130 0 sentiment 0
sentiment_sentiment_sentiment 1756184917516 360 215 touchmove 207.9 401.0 0.587799 0.587799 0 sentiment 0
sentiment_sentiment_sentiment 1756184917533 360 215 touchmove 224.7 400.8 0.709785 0.709785 0 sentiment 0
sentiment_sentiment_sentiment 1756184917549 360 215 touchmove 241.4 400.2 0.688114 0.688114 0 sentiment 0
sentiment_sentiment_sentiment 1756184917566 360 215 touchmove 258.4 399.1 0.518735 0.518735 0 sentiment 0
sentiment_sentiment_sentiment 1756184917583 360 215 touchmove 275.0 399.1 0.510130 0.510130 0 sentiment 0
sentiment_sentiment_sentiment 1756184917600 360 215 touchmove 291.7 399.3 0.528865 0.528865 0 sentiment 0
sentiment_sentiment_sentiment 1756184917617 360 215 touchmove 308.6 399.2 0.650384 0.650384 0 sentiment 0
sentiment_sentiment_sentiment 1756184917634 360 215 touchmove 323.3 401.6 0.627229 0.627229 0 sentiment 0
sentiment_sentiment_sentiment 1756184917650 360 215 touchmove 335.4 406.5 0.526941 0.526941 0 sentiment 0
sentiment_sentiment_sentiment 1756184917667 360 215 touchmove 345.1 413.8 0.720032 0.720032 0 sentiment 0
sentiment_sentiment_sentiment 1756184917684 360 215 touchmove 352.3 423.7 0.708552 0.708552 0 sentiment 0
sentiment_sentiment_sentiment 1756184917701 360 215 touchmove 357.5 435.6 0.696879 0.696879 0 sentiment 0
sentiment_sentiment_sentiment 1756184917718 360 215 touchmove 360.2 450.2 0.573114 0.573114 0 sentiment 0
sentiment_sentiment_sentiment 1756184917734 360 215 touchmove 360.3 467.2 0.563535 0.563535 0 sentiment 0
sentiment_sentiment_sentiment 1756184917751 360 215 touchmove 359.1 482.4 0.515346 0.515346 0 sentiment 0
sentiment_sentiment_sentiment 1756184917768 360 215 touchmove 355.6 494.2 0.640240 0.640240 0 sentiment 0
sentiment_sentiment_sentiment 1756184917785 360 215 touchmove 349.6 503.3 0.636326 0.636326 0 sentiment 0
sentiment_sentiment_sentiment 1756184917802 360 215 touchmove 341.4 509.1 0.687644 0.687644 0 sentiment 0
sentiment_sentiment_sentiment 1756184917819 360 215 touchmove 331.1 511.3 0.628392 0.628392 0 sentiment 0
sentiment_sentiment_sentiment 1756184917835 360 215 touchmove 318.3 510.2 0.531171 0.531171 0 sentiment 0
sentiment_sentiment_sentiment 1756184917852 360 215 touchmove 303.2 506.0 0.758124 0.758124 0 sentiment 0
sentiment_sentiment_sentiment 1756184917869 360 215 touchmove 286.8 500.6 0.603030 0.603030 0 sentiment 0
sentiment_sentiment_sentiment 1756184917886 360 215 touchmove 270.4 495.3 0.696274 0.696274 0 sentiment 0
sentiment_sentiment_sentiment 1756184917903 360 215 touchmove 253.9 489.4 0.515319 0.515319 0 sentiment 0
sentiment_sentiment_sentiment 1756184917919 360 215 touchmove 237.7 483.9 0.714052 0.714052 0 sentiment 0
sentiment_sentiment_sentiment 1756184917936 360 215 touchmove 221.7 478.6 0.724637 0.724637 0 sentiment 0
sentiment_sentiment_sentiment 1756184917953 360 215 touchmove 205.9 473.3 0.775545 0.775545 0 sentiment 0
sentiment_sentiment_sentiment 1756184917970 360 215 touchmove 190.1 467.9 0.690868 0.690868 0 sentiment 0
sentiment_sentiment_sentiment 1756184917987 360 215 touchmove 174.5 462.4 0.678584 0.678584 0 sentiment 0
sentiment_sentiment_sentiment 1756184918004 360 215 touchmove 159.1 456.7 0.519489 0.519489 0 sentiment 0
sentiment_sentiment_sentiment 1756184918020 360 215 touchmove 144.2 451.2 0.633532 0.633532 0 sentiment 0
sentiment_sentiment_sentiment 1756184918037 360 215 touchmove 129.3 445.5 0.557992 0.557992 0 sentiment 0
sentiment_sentiment_sentiment 1756184918054 360 215 touchmove 113.9 439.4 0.751603 0.751603 0 sentiment 0
sentiment_sentiment_sentiment 1756184918071 360 215 touchmove 98.4 433.5 0.676964 0.676964 0 sentiment 0
sentiment_sentiment_sentiment 1756184918088 360 215 touchmove 82.6 427.3 0.587979 0.587979 0 sentiment 0
sentiment_sentiment_sentiment 1756184918105 360 215 touchmove 66.7 421.1 0.719178 0.719178 0 sentiment 0
sentiment_sentiment_sentiment 1756184918121 360 215 touchmove 51.3 415.0 0.683564 0.683564 0 sentiment 0
sentiment_sentiment_sentiment 1756184918138 360 215 touchmove 39.3 410.9 0.729652 0.729652 0 sentiment 0
sentiment_sentiment_sentiment 1756184918155 360 215 touchmove 31.5 408.8 0.756109 0.756109 0 sentiment 0
sentiment_sentiment_sentiment 1756184918172 360 215 touchmove 28.2 408.8 0.754706 0.754706 0 sentiment 0
sentiment_sentiment_sentiment 1756184918189 360 215 touchmove 29.5 410.2 0.501729 0.501729 0 sentiment 0
sentiment_sentiment_sentiment 1756184918205 360 215 touchmove 35.8 413.5 0.798546 0.798546 0 sentiment 0
sentiment_sentiment_sentiment 1756184918222 360 215 touchmove 46.4 419.0 0.768574 0.768574 0 sentiment 0
sentiment_sentiment_sentiment 1756184918239 360 215 touchmove 61.6 426.3 0.748733 0.748733 0 sentiment 0
sentiment_sentiment_sentiment 1756184918256 360 215 touchmove 77.3 433.1 0.609351 0.609351 0 sentiment 0
sentiment_sentiment_sentiment 1756184918273 360 215 touchmove 93.3 440.0 0.704904 0.704904 0 sentiment 0
sentiment_sentiment_sentiment 1756184918290 360 215 touchmove 109.0 447.1 0.772239 0.772239 0 sentiment 0
sentiment_sentiment_sentiment 1756184918306 360 215 touchmove 124.5 453.9 0.648447 0.648447 0 sentiment 0
sentiment_sentiment_sentiment 1756184918323 360 215 touchmove 139.9 460.9 0.605748 0.605748 0 sentiment 0
sentiment_sentiment_sentiment 1756184918340 360 215 touchmove 155.3 467.4 0.507387 0.507387 0 sentiment 0
sentiment_sentiment_sentiment 1756184918357 360 215 touchmove 170.3 473.8 0.640110 0.640110 0 sentiment 0
sentiment_sentiment_sentiment 1756184918374 360 215 touchmove 185.1 480.5 0.591954 0.591954 0 sentiment 0
sentiment_sentiment_sentiment 1756184918391 360 215 touchmove 199.8 486.9 0.757601 0.757601 0 sentiment 0
sentiment_sentiment_sentiment 1756184918407 360 215 touchmove 214.8 493.3 0.741161 0.741161 0 sentiment 0
sentiment_sentiment_sentiment 1756184918424 360 215 touchmove 229.9 499.9 0.741335 0.741335 0 sentiment 0
sentiment_sentiment_sentiment 1756184918441 360 215 touchmove 243.9 505.7 0.543087 0.543087 0 sentiment 0
sentiment_sentiment_sentiment 1756184918458 360 215 touchmove 253.9 509.0 0.737574 0.737574 0 sentiment 0
sentiment_sentiment_sentiment 1756184918475 360 215 touchmove 260.0 509.6 0.521885 0.521885 0 sentiment 0
sentiment_sentiment_sentiment 1756184918491 360 215 touchmove 262.4 508.0 0.715718 0.715718 0 sentiment 0
sentiment_sentiment_sentiment 1756184918508 360 215 touchmove 260.6 503.9 0.709985 0.709985 0 sentiment 0
sentiment_sentiment_sentiment 1756184918525 360 215 touchmove 255.0 497.2 0.731350 0.731350 0 sentiment 0
sentiment_sentiment_sentiment 1756184918542 360 215 touchmove 245.5 488.1 0.693091 0.693091 0 sentiment 0
sentiment_sentiment_sentiment 1756184918559 360 215 touchmove 232.8 477.0 0.577381 0.577381 0 sentiment 0
sentiment_sentiment_sentiment 1756184918576 360 215 touchmove 219.8 466.0 0.717840 0.717840 0 sentiment 0
sentiment_sentiment_sentiment 1756184918592 360 215 touchmove 206.7 455.3 0.799082 0.799082 0 sentiment 0
sentiment_sentiment_sentiment 1756184918609 360 215 touchmove 194.2 444.3 0.737459 0.737459 0 sentiment 0
sentiment_sentiment_sentiment 1756184918626 360 215 touchmove 181.5 432.8 0.500857 0.500857 0 sentiment 0
sentiment_sentiment_sentiment 1756184918643 360 215 touchmove 166.5 421.0 0.584018 0.584018 0 sentiment 0
sentiment_sentiment_sentiment 1756184918660 360 215 touchmove 157.6 411.1 0.604107 0.604107 0 sentiment 0
sentiment_sentiment_sentiment 1756184918677 360 215 touchend 143.6 398.2 0.641363 0.641363 0 sentiment 0