sentence timestamp keyb_width keyb_height event x_pos y_pos x_radius y_radius angle word is_err
homeless_homeless_homeless 1756184912583 360 215 touchstart 252.1 461.7 0.741250 0.741250 0 homeless 0
homeless_homeless_homeless 1756184912599 360 215 touchmove 266.1 456.3 0.548813 0.548813 0 homeless 0
homeless_homeless_homeless 1756184912616 360 215 touchmove 280.4 451.8 0.643702 0.643702 0 homeless 0
homeless_homeless_homeless 1756184912633 360 215 touchmove 295.2 447.1 0.650353 0.650353 0 homeless 0
homeless_homeless_homeless 1756184912650 360 215 touchmove 309.5 442.1 0.606507 0.606507 0 homeless 0
homeless_homeless_homeless 1756184912667 360 215 touchmove 324.0 437.2 0.732596 0.732596 0 homeless 0
homeless_homeless_homeless 1756184912684 360 215 touchmove 338.5 432.2 0.571429 0.571429 0 homeless 0
homeless_homeless_homeless 1756184912700 360 215 touchmove 352.9 427.1 0.554932 0.554932 0 homeless 0
homeless_homeless_homeless 1756184912717 360 215 touchmove 367.2 422.1 0.520838 0.520838 0 homeless 0
homeless_homeless_homeless 1756184912734 360 215 touchmove 381.5 417.2 0.787766 0.787766 0 homeless 0
homeless_homeless_homeless 1756184912751 360 215 touchmove 394.4 413.6 0.697442 0.697442 0 homeless 0
homeless_homeless_homeless 1756184912768 360 215 touchmove 404.2 412.7 0.541623 0.541623 0 homeless 0
homeless_homeless_homeless 1756184912785 360 215 touchmove 410.7 414.3 0.628577 0.628577 0 homeless 0
homeless_homeless_homeless 1756184912801 360 215 touchmove 414.1 418.6 0.616946 0.616946 0 homeless 0
homeless_homeless_homeless 1756184912818 360 215 touchmove 414.6 425.5 0.714440 0.714440 0 homeless 0
homeless_homeless_homeless 1756184912835 360 215 touchmove 411.9 434.8 0.620900 0.620900 0 homeless 0
homeless_homeless_homeless 1756184912852 360 215 touchmove 406.1 446.7 0.556914 0.556914 0 homeless 0
homeless_homeless_homeless 1756184912869 360 215 touchmove 398.5 459.8 0.539682 0.539682 0 homeless 0
homeless_homeless_homeless 1756184912886 360 215 touchmove 390.9 472.9 0.532595 0.532595 0 homeless 0
homeless_homeless_homeless 1756184912903 360 215 touchmove 383.2 486.0 0.695657 0.695657 0 homeless 0
homeless_homeless_homeless 1756184912919 360 215 touchmove 374.4 496.3 0.595630 0.595630 0 homeless 0
homeless_homeless_homeless 1756184912936 360 215 touchmove 364.5 503.9 0.732399 0.732399 0 homeless 0
homeless_homeless_homeless 1756184912953 360 215 touchmove 353.7 508.9 0.724935 0.724935 0 homeless 0
homeless_homeless_homeless 1756184912970 360 215 touchmove 342.1 511.6 0.518342 0.518342 0 homeless 0
homeless_homeless_homeless 1756184912987 360 215 touchmove 329.5 511.9 0.736607 0.736607 0 homeless 0
homeless_homeless_homeless 1756184913004 360 215 touchmove 316.1 509.5 0.600116 0.600116 0 homeless 0
homeless_homeless_homeless 1756184913020 360 215 touchmove 301.8 504.6 0.557586 0.557586 0 homeless 0
homeless_homeless_homeless 1756184913037 360 215 touchmove 287.6 499.9 0.539985 0.539985 0 homeless 0
homeless_homeless_homeless 1756184913054 360 215 touchmove 273.3 495.3 0.761109 0.761109 0 homeless 0
homeless_homeless_homeless 1756184913071 360 215 touchmove 259.0 490.5 0.506723 0.506723 0 homeless 0
homeless_homeless_homeless 1756184913088 360 215 touchmove 244.5 485.7 0.784558 0.784558 0 homeless 0
homeless_homeless_homeless 1756184913105 360 215 touchmove 230.1 480.7 0.785143 0.785143 0 homeless 0
homeless_homeless_homeless 1756184913121 360 215 touchmove 215.9 475.6 0.514938 0.514938 0 homeless 0
homeless_homeless_homeless 1756184913138 360 215 touchmove 201.6 470.6 0.547276 0.547276 0 homeless 0
homeless_homeless_homeless 1756184913155 360 215 touchmove 187.2 465.6 0.664079 0.664079 0 homeless 0
homeless_homeless_homeless 1756184913172 360 215 touchmove 173.0 460.6 0.753375 0.753375 0 homeless 0
homeless_homeless_homeless 1756184913189 360 215 touchmove 158.9 455.7 0.630906 0.630906 0 homeless 0
homeless_homeless_homeless 1756184913206 360 215 touchmove 144.7 450.7 0.585622 0.585622 0 homeless 0
homeless_homeless_homeless 1756184913223 360 215 touchmove 130.4 445.7 0.665930 0.665930 0 homeless 0
homeless_homeless_homeless 1756184913239 360 215 touchmove 116.1 440.7 0.699268 0.699268 0 homeless 0
homeless_homeless_homeless 1756184913256 360 215 touchmove 101.6 435.7 0.587727 0.587727 0 homeless 0
homeless_homeless_homeless 1756184913273 360 215 touchmove 87.5 430.7 0.608182 0.608182 0 homeless 0
homeless_homeless_homeless 1756184913290 360 215 touchmove 73.2 425.8 0.746747 0.746747 0 homeless 0
homeless_homeless_homeless 1756184913307 360 215 touchmove 59.0 420.7 0.708948 0.708948 0 homeless 0
homeless_homeless_homeless 1756184913324 360 215 touchmove 44.7 415.6 0.695037 0.695037 0 homeless 0
homeless_homeless_homeless 1756184913340 360 215 touchmove 34.3 411.6 0.563018 0.563018 0 homeless 0
homeless_homeless_homeless 1756184913357 360 215 touchmove 28.0 408.5 0.639020 0.639020 0 homeless 0
homeless_homeless_homeless 1756184913374 360 215 touchmove 25.9 406.4 0.707678 0.707678 0 homeless 0
homeless_homeless_homeless 1756184913391 360 215 touchmove 27.8 405.1 0.605179 0.605179 0 homeless 0
homeless_homeless_homeless 1756184913408 360 215 touchmove 33.9 404.8 0.530868 0.530868 0 homeless 0
homeless_homeless_homeless 1756184913425 360 215 touchmove 44.2 405.7 0.790020 0.790020 0 homeless 0
homeless_homeless_homeless 1756184913441 360 215 touchmove 58.8 407.5 0.539460 0.539460 0 homeless 0
homeless_homeless_homeless 1756184913458 360 215 touchmove 73.7 409.6 0.529343 0.529343 0 homeless 0
homeless_homeless_homeless 1756184913475 360 215 touchmove 88.8 411.6 0.559787 0.559787 0 homeless 0
homeless_homeless_homeless 1756184913492 360 215 touchmove 103.8 413.7 0.528710 0.528710 0 homeless 0
homeless_homeless_homeless 1756184913509 360 215 touchmove 118.9 415.9 0.654491 0.654491 0 homeless 0
homeless_homeless_homeless 1756184913526 360 215 touchmove 134.0 418.0 0.581118 0.581118 0 homeless 0
homeless_homeless_homeless 1756184913543 360 215 touchmove 149.1 419.9 0.781951 0.781951 0 homeless 0
homeless_homeless_homeless 1756184913559 360 215 touchmove 164.1 421.9 0.641308 0.641308 0 homeless 0
homeless_homeless_homeless 1756184913576 360 215 touchmove 179.1 423.8 0.506986 0.506986 0 homeless 0
homeless_homeless_homeless 1756184913593 360 215 touchmove 193.9 425.7 0.737751 0.737751 0 homeless 0
homeless_homeless_homeless 1756184913610 360 215 touchmove 208.9 427.5 0.767068 0.767068 0 homeless 0
homeless_homeless_homeless 1756184913627 360 215 touchmove 224.0 429.4 0.551157 0.551157 0 homeless 0
homeless_homeless_homeless 1756184913644 360 215 touchmove 239.0 431.4 0.519185 0.519185 0 homeless 0
homeless_homeless_homeless 1756184913660 360 215 touchmove 254.0 433.4 0.632381 0.632381 0 homeless 0
homeless_homeless_homeless 1756184913677 360 215 touchmove 269.0 435.4 0.551839 0.551839 0 homeless 0
homeless_homeless_homeless 1756184913694 360 215 touchmove 284.1 437.4 0.624478 0.624478 0 homeless 0
homeless_homeless_homeless 1756184913711 360 215 touchmove 299.3 439.4 0.776754 0.776754 0 homeless 0
homeless_homeless_homeless 1756184913728 360 215 touchmove 314.4 441.5 0.505972 0.505972 0 homeless 0
homeless_homeless_homeless 1756184913745 360 215 touchmove 329.4 443.6 0.739940 0.739940 0 homeless 0
homeless_homeless_homeless 1756184913761 360 215 touchmove 344.4 445.7 0.644458 0.644458 0 homeless 0
homeless_homeless_homeless 1756184913778 360 215 touchmove 359.5 447.7 0.619258 0.619258 0 homeless 0
homeless_homeless_homeless 1756184913795 360 215 touchmove 374.6 449.8 0.528181 0.528181 0 homeless 0
homeless_homeless_homeless 1756184913812 360 215 touchmove 389.5 451.9 0.720717 0.720717 0 homeless 0
homeless_homeless_homeless 1756184913829 360 215 touchmove 404.5 454.0 0.575970 0.575970 0 homeless 0
homeless_homeless_homeless 1756184913846 360 215 touchmove 419.5 456.0 0.533436 0.533436 0 homeless 0
homeless_homeless_homeless 1756184913863 360 215 touchmove 431.1 457.5 0.755624 0.755624 0 homeless 0
homeless_homeless_homeless 1756184913879 360 215 touchmove 438.4 458.5 0.539152 0.539152 0 homeless 0
homeless_homeless_homeless 1756184913896 360 215 touchmove 441.4 458.9 0.789254 0.789254 0 homeless 0
homeless_homeless_homeless 1756184913913 360 215 touchmove 440.1 458.8 0.508871 0.508871 0 homeless 0
homeless_homeless_homeless 1756184913930 360 215 touchmove 434.6 458.1 0.786284 0.786284 0 homeless 0
homeless_homeless_homeless 1756184913947 360 215 touchmove 424.5 456.7 0.514898 0.514898 0 homeless 0
homeless_homeless_homeless 1756184913964 360 215 touchmove 410.3 454.7 0.626336 0.626336 0 homeless 0
homeless_homeless_homeless 1756184913980 360 215 touchmove 395.3 452.6 0.695042 0.695042 0 homeless 0
homeless_homeless_homeless 1756184913997 360 215 touchmove 380.4 450.7 0.674604 0.674604 0 homeless 0
homeless_homeless_homeless 1756184914014 360 215 touchmove 365.3 448.7 0.719474 0.719474 0 homeless 0
homeless_homeless_homeless 1756184914031 360 215 touchmove 350.2 446.7 0.657011 0.657011 0 homeless 0
homeless_homeless_homeless 1756184914048 360 215 touchmove 335.2 444.8 0.782079 0.782079 0 homeless 0
homeless_homeless_homeless 1756184914065 360 215 touchmove 320.2 442.8 0.679825 0.679825 0 homeless 0
homeless_homeless_homeless 1756184914081 360 215 touchmove 305.2 441.0 0.632976 0.632976 0 homeless 0
homeless_homeless_homeless 1756184914098 360 215 touchmove 290.0 439.2 0.578272 0.578272 0 homeless 0
homeless_homeless_homeless 1756184914115 360 215 touchmove 274.9 437.2 0.725514 0.725514 0 homeless 0
homeless_homeless_homeless 1756184914132 360 215 touchmove 259.9 435.2 0.603227 0.603227 0 homeless 0
homeless_homeless_homeless 1756184914149 360 215 touchmove 244.8 433.3 0.732385 0.732385 0 homeless 0
homeless_homeless_homeless 1756184914166 360 215 touchmove 229.7 431.3 0.710205 0.710205 0 homeless 0
homeless_homeless_homeless 1756184914183 360 215 touchmove 214.6 429.3 0.698818 0.698818 0 homeless 0
homeless_homeless_homeless 1756184914199 360 215 touchmove 199.6 427.4 0.582325 0.582325 0 homeless 0
homeless_homeless_homeless 1756184914216 360 215 touchmove 184.5 425.3 0.673935 0.673935 0 homeless 0
homeless_homeless_homeless 1756184914233 360 215 touchmove 169.4 423.4 0.681549 0.681549 0 homeless 0
homeless_homeless_homeless 1756184914250 360 215 touchmove 154.2 421.4 0.594349 0.594349 0 homeless 0
homeless_homeless_homeless 1756184914267 360 215 touchmove 139.1 419.4 0.705432 0.705432 0 homeless 0
homeless_homeless_homeless 1756184914284 360 215 touchmove 124.2 417.5 0.721846 0.721846 0 homeless 0
homeless_homeless_homeless 1756184914300 360 215 touchmove 109.1 415.5 0.532148 0.532148 0 homeless 0
homeless_homeless_homeless 1756184914317 360 215 touchmove 94.0 413.5 0.589287 0.589287 0 homeless 0
homeless_homeless_homeless 1756184914334 360 215 touchmove 79.0 411.4 0.609711 0.609711 0 homeless 0
homeless_homeless_homeless 1756184914351 360 215 touchmove 63.9 409.3 0.506494 0.506494 0 homeless 0
homeless_homeless_homeless 1756184914368 360 215 touchmove 49.0 407.2 0.681664 0.681664 0 homeless 0
homeless_homeless_homeless 1756184914385 360 215 touchmove 34.9 406.7 0.553422 0.553422 0 homeless 0
homeless_homeless_homeless 1756184914401 360 215 touchmove 21.8 408.4 0.652573 0.652573 0 homeless 0
homeless_homeless_homeless 1756184914418 360 215 touchmove 9.9 412.3 0.688462 0.688462 0 homeless 0
homeless_homeless_homeless 1756184914435 360 215 touchmove -0.9 418.4 0.742490 0.742490 0 homeless 0
homeless_homeless_homeless 1756184914452 360 215 touchmove -10.8 426.7 0.613861 0.613861 0 homeless 0
homeless_homeless_homeless 1756184914469 360 215 touchmove -19.4 436.8 0.789959 0.789959 0 homeless 0
homeless_homeless_homeless 1756184914486 360 215 touchmove -27.4 450.0 0.721468 0.721468 0 homeless 0
homeless_homeless_homeless 1756184914503 360 215 touchend -35.1 463.0 0.642514 0.642514 0 homeless 0