sentence timestamp keyb_width keyb_height event x_pos y_pos x_radius y_radius angle word is_err
unchanged_unchanged_unchanged 1756184920737 360 215 touchstart 289.3 398.7 0.533875 0.533875 0 unchanged 0
unchanged_unchanged_unchanged 1756184920753 360 215 touchmove 290.4 409.9 0.602285 0.602285 0 unchanged 0
unchanged_unchanged_unchanged 1756184920770 360 215 touchmove 290.1 421.9 0.754512 0.754512 0 unchanged 0
unchanged_unchanged_unchanged 1756184920787 360 215 touchmove 289.6 434.6 0.621134 0.621134 0 unchanged 0
unchanged_unchanged_unchanged 1756184920804 360 215 touchmove 289.5 446.9 0.772080 0.772080 0 unchanged 0
unchanged_unchanged_unchanged 1756184920821 360 215 touchmove 289.2 459.2 0.784351 0.784351 0 unchanged 0
unchanged_unchanged_unchanged 1756184920838 360 215 touchmove 289.0 471.6 0.550886 0.550886 0 unchanged 0
unchanged_unchanged_unchanged 1756184920854 360 215 touchmove 288.9 483.8 0.608829 0.608829 0 unchanged 0
unchanged_unchanged_unchanged 1756184920871 360 215 touchmove 287.4 494.7 0.777164 0.777164 0 unchanged 0
unchanged_unchanged_unchanged 1756184920888 360 215 touchmove 284.3 504.2 0.707029 0.707029 0 unchanged 0
unchanged_unchanged_unchanged 1756184920905 360 215 touchmove 279.7 511.3 0.796296 0.796296 0 unchanged 0
unchanged_unchanged_unchanged 1756184920922 360 215 touchmove 273.5 516.8 0.765326 0.765326 0 unchanged 0
unchanged_unchanged_unchanged 1756184920939 360 215 touchmove 265.7 520.5 0.685277 0.685277 0 unchanged 0
unchanged_unchanged_unchanged 1756184920955 360 215 touchmove 255.9 523.0 0.734429 0.734429 0 unchanged 0
unchanged_unchanged_unchanged 1756184920972 360 215 touchmove 244.3 524.0 0.764682 0.764682 0 unchanged 0
unchanged_unchanged_unchanged 1756184920989 360 215 touchmove 232.3 524.3 0.664935 0.664935 0 unchanged 0
unchanged_unchanged_unchanged 1756184921006 360 215 touchmove 220.3 524.7 0.522274 0.522274 0 unchanged 0
unchanged_unchanged_unchanged 1756184921023 360 215 touchmove 207.9 525.3 0.554594 0.554594 0 unchanged 0
unchanged_unchanged_unchanged 1756184921040 360 215 touchmove 195.7 525.8 0.717639 0.717639 0 unchanged 0
unchanged_unchanged_unchanged 1756184921056 360 215 touchmove 183.4 526.6 0.620554 0.620554 0 unchanged 0
unchanged_unchanged_unchanged 1756184921073 360 215 touchmove 171.4 526.5 0.739976 0.739976 0 unchanged 0
unchanged_unchanged_unchanged 1756184921090 360 215 touchmove 159.7 526.3 0.683259 0.683259 0 unchanged 0
unchanged_unchanged_unchanged 1756184921107 360 215 touchmove 148.1 526.4 0.789263 0.789263 0 unchanged 0
unchanged_unchanged_unchanged 1756184921124 360 215 touchmove 136.1 526.1 0.787098 0.787098 0 unchanged 0
unchanged_unchanged_unchanged 1756184921141 360 215 touchmove 123.8 526.1 0.717524 0.717524 0 unchanged 0
unchanged_unchanged_unchanged 1756184921157 360 215 touchmove 111.3 525.8 0.705392 0.705392 0 unchanged 0
unchanged_unchanged_unchanged 1756184921174 360 215 touchmove 101.8 524.9 0.713681 0.713681 0 unchanged 0
unchanged_unchanged_unchanged 1756184921191 360 215 touchmove 95.6 523.8 0.540596 0.540596 0 unchanged 0
unchanged_unchanged_unchanged 1756184921208 360 215 touchmove 92.4 522.1 0.672879 0.672879 0 unchanged 0
unchanged_unchanged_unchanged 1756184921225 360 215 touchmove 92.6 519.7 0.742864 0.742864 0 unchanged 0
unchanged_unchanged_unchanged 1756184921242 360 215 touchmove 96.5 516.8 0.707908 0.707908 0 unchanged 0
unchanged_unchanged_unchanged 1756184921258 360 215 touchmove 104.1 513.4 0.735722 0.735722 0 unchanged 0
unchanged_unchanged_unchanged 1756184921275 360 215 touchmove 115.2 509.8 0.632451 0.632451 0 unchanged 0
unchanged_unchanged_unchanged 1756184921292 360 215 touchmove 126.6 506.2 0.637247 0.637247 0 unchanged 0
unchanged_unchanged_unchanged 1756184921309 360 215 touchmove 138.2 502.2 0.694446 0.694446 0 unchanged 0
unchanged_unchanged_unchanged 1756184921326 360 215 touchmove 149.7 498.1 0.723049 0.723049 0 unchanged 0
unchanged_unchanged_unchanged 1756184921343 360 215 touchmove 161.2 494.0 0.658093 0.658093 0 unchanged 0
unchanged_unchanged_unchanged 1756184921359 360 215 touchmove 172.6 490.1 0.787957 0.787957 0 unchanged 0
unchanged_unchanged_unchanged 1756184921376 360 215 touchmove 184.1 486.2 0.787239 0.787239 0 unchanged 0
unchanged_unchanged_unchanged 1756184921393 360 215 touchmove 195.6 482.0 0.511573 0.511573 0 unchanged 0
unchanged_unchanged_unchanged 1756184921410 360 215 touchmove 207.1 477.3 0.530876 0.530876 0 unchanged 0
unchanged_unchanged_unchanged 1756184921427 360 215 touchmove 218.3 473.2 0.772498 0.772498 0 unchanged 0
unchanged_unchanged_unchanged 1756184921444 360 215 touchmove 226.3 469.8 0.722019 0.722019 0 unchanged 0
unchanged_unchanged_unchanged 1756184921460 360 215 touchmove 231.0 467.2 0.756704 0.756704 0 unchanged 0
unchanged_unchanged_unchanged 1756184921477 360 215 touchmove 232.4 464.8 0.554634 0.554634 0 unchanged 0
unchanged_unchanged_unchanged 1756184921494 360 215 touchmove 230.3 463.1 0.605544 0.605544 0 unchanged 0
unchanged_unchanged_unchanged 1756184921511 360 215 touchmove 224.8 462.0 0.520311 0.520311 0 unchanged 0
unchanged_unchanged_unchanged 1756184921528 360 215 touchmove 215.9 461.9 0.680737 0.680737 0 unchanged 0
unchanged_unchanged_unchanged 1756184921545 360 215 touchmove 204.1 462.2 0.692613 0.692613 0 unchanged 0
unchanged_unchanged_unchanged 1756184921561 360 215 touchmove 192.1 462.1 0.509629 0.509629 0 unchanged 0
unchanged_unchanged_unchanged 1756184921578 360 215 touchmove 179.8 461.7 0.757944 0.757944 0 unchanged 0
unchanged_unchanged_unchanged 1756184921595 360 215 touchmove 167.6 461.5 0.748913 0.748913 0 unchanged 0
unchanged_unchanged_unchanged 1756184921612 360 215 touchmove 155.4 461.3 0.571922 0.571922 0 unchanged 0
unchanged_unchanged_unchanged 1756184921629 360 215 touchmove 143.1 461.4 0.674059 0.674059 0 unchanged 0
unchanged_unchanged_unchanged 1756184921646 360 215 touchmove 130.7 461.7 0.577147 0.577147 0 unchanged 0
unchanged_unchanged_unchanged 1756184921662 360 215 touchmove 118.2 461.9 0.574586 0.574586 0 unchanged 0
unchanged_unchanged_unchanged 1756184921679 360 215 touchmove 105.8 462.4 0.626661 0.626661 0 unchanged 0
unchanged_unchanged_unchanged 1756184921696 360 215 touchmove 93.8 462.8 0.667850 0.667850 0 unchanged 0
unchanged_unchanged_unchanged 1756184921713 360 215 touchmove 81.5 463.4 0.645687 0.645687 0 unchanged 0
unchanged_unchanged_unchanged 1756184921730 360 215 touchmove 69.3 463.8 0.609754 0.609754 0 unchanged 0
unchanged_unchanged_unchanged 1756184921747 360 215 touchmove 57.1 464.1 0.758066 0.758066 0 unchanged 0
unchanged_unchanged_unchanged 1756184921763 360 215 touchmove 45.2 464.3 0.536679 0.536679 0 unchanged 0
unchanged_unchanged_unchanged 1756184921780 360 215 touchmove 33.4 464.1 0.727474 0.727474 0 unchanged 0
unchanged_unchanged_unchanged 1756184921797 360 215 touchmove 21.3 463.7 0.583225 0.583225 0 unchanged 0
unchanged_unchanged_unchanged 1756184921814 360 215 touchmove 9.1 463.6 0.788166 0.788166 0 unchanged 0
unchanged_unchanged_unchanged 1756184921831 360 215 touchmove -3.0 463.4 0.587439 0.587439 0 unchanged 0
unchanged_unchanged_unchanged 1756184921848 360 215 touchmove -15.0 463.2 0.503927 0.503927 0 unchanged 0
unchanged_unchanged_unchanged 1756184921864 360 215 touchmove -26.9 462.7 0.510696 0.510696 0 unchanged 0
unchanged_unchanged_unchanged 1756184921881 360 215 touchmove -39.3 462.5 0.717783 0.717783 0 unchanged 0
unchanged_unchanged_unchanged 1756184921898 360 215 touchmove -51.8 462.6 0.782726 0.782726 0 unchanged 0
unchanged_unchanged_unchanged 1756184921915 360 215 touchmove -64.0 462.6 0.609226 0.609226 0 unchanged 0
unchanged_unchanged_unchanged 1756184921932 360 215 touchmove -75.2 462.7 0.626356 0.626356 0 unchanged 0
unchanged_unchanged_unchanged 1756184921949 360 215 touchmove -83.0 462.6 0.760960 0.760960 0 unchanged 0
unchanged_unchanged_unchanged 1756184921965 360 215 touchmove -87.8 463.0 0.663925 0.663925 0 unchanged 0
unchanged_unchanged_unchanged 1756184921982 360 215 touchmove -89.0 463.7 0.705228 0.705228 0 unchanged 0
unchanged_unchanged_unchanged 1756184921999 360 215 touchmove -86.6 464.6 0.774519 0.774519 0 unchanged 0
unchanged_unchanged_unchanged 1756184922016 360 215 touchmove -80.4 465.9 0.511958 0.511958 0 unchanged 0
unchanged_unchanged_unchanged 1756184922033 360 215 touchmove -70.9 467.6 0.698859 0.698859 0 unchanged 0
unchanged_unchanged_unchanged 1756184922050 360 215 touchmove -58.8 469.4 0.645792 0.645792 0 unchanged 0
unchanged_unchanged_unchanged 1756184922066 360 215 touchmove -46.8 471.4 0.622526 0.622526 0 unchanged 0
unchanged_unchanged_unchanged 1756184922083 360 215 touchmove -34.5 473.2 0.711829 0.711829 0 unchanged 0
unchanged_unchanged_unchanged 1756184922100 360 215 touchmove -22.0 474.9 0.559556 0.559556 0 unchanged 0
unchanged_unchanged_unchanged 1756184922117 360 215 touchmove -9.7 476.8 0.688546 0.688546 0 unchanged 0
unchanged_unchanged_unchanged 1756184922134 360 215 touchmove 2.3 478.8 0.502877 0.502877 0 unchanged 0
unchanged_unchanged_unchanged 1756184922151 360 215 touchmove 14.4 480.9 0.611295 0.611295 0 unchanged 0
unchanged_unchanged_unchanged 1756184922167 360 215 touchmove 26.4 483.0 0.743334 0.743334 0 unchanged 0
unchanged_unchanged_unchanged 1756184922184 360 215 touchmove 38.6 485.0 0.752432 0.752432 0 unchanged 0
unchanged_unchanged_unchanged 1756184922201 360 215 touchmove 50.6 487.0 0.670585 0.670585 0 unchanged 0
unchanged_unchanged_unchanged 1756184922218 360 215 touchmove 62.5 489.2 0.582907 0.582907 0 unchanged 0
unchanged_unchanged_unchanged 1756184922235 360 215 touchmove 74.6 491.0 0.792426 0.792426 0 unchanged 0
unchanged_unchanged_unchanged 1756184922252 360 215 touchmove 86.8 492.5 0.760667 0.760667 0 unchanged 0
unchanged_unchanged_unchanged 1756184922268 360 215 touchmove 98.9 494.1 0.507184 0.507184 0 unchanged 0
unchanged_unchanged_unchanged 1756184922285 360 215 touchmove 110.6 495.9 0.673850 0.673850 0 unchanged 0
unchanged_unchanged_unchanged 1756184922302 360 215 touchmove 122.2 498.0 0.712450 0.712450 0 unchanged 0
unchanged_unchanged_unchanged 1756184922319 360 215 touchmove 134.0 499.8 0.651050 0.651050 0 unchanged 0
unchanged_unchanged_unchanged 1756184922336 360 215 touchmove 145.7 501.4 0.578664 0.578664 0 unchanged 0
unchanged_unchanged_unchanged 1756184922353 360 215 touchmove 157.5 503.3 0.621841 0.621841 0 unchanged 0
unchanged_unchanged_unchanged 1756184922369 360 215 touchmove 169.1 505.4 0.569536 0.569536 0 unchanged 0
unchanged_unchanged_unchanged 1756184922386 360 215 touchmove 180.8 507.2 0.642193 0.642193 0 unchanged 0
unchanged_unchanged_unchanged 1756184922403 360 215 touchmove 192.9 508.7 0.753011 0.753011 0 unchanged 0
unchanged_unchanged_unchanged 1756184922420 360 215 touchmove 204.7 510.3 0.769702 0.769702 0 unchanged 0
unchanged_unchanged_unchanged 1756184922437 360 215 touchmove 216.3 512.0 0.741838 0.741838 0 unchanged 0
unchanged_unchanged_unchanged 1756184922454 360 215 touchmove 228.1 513.8 0.604139 0.604139 0 unchanged 0
unchanged_unchanged_unchanged 1756184922470 360 215 touchmove 239.6 515.6 0.613072 0.613072 0 unchanged 0
unchanged_unchanged_unchanged 1756184922487 360 215 touchmove 251.0 517.6 0.541009 0.541009 0 unchanged 0
unchanged_unchanged_unchanged 1756184922504 360 215 touchmove 259.3 518.5 0.547568 0.547568 0 unchanged 0
unchanged_unchanged_unchanged 1756184922521 360 215 touchmove 264.6 518.4 0.696773 0.696773 0 unchanged 0
unchanged_unchanged_unchanged 1756184922538 360 215 touchmove 267.0 517.2 0.774538 0.774538 0 unchanged 0
unchanged_unchanged_unchanged 1756184922555 360 215 touchmove 266.2 515.0 0.689523 0.689523 0 unchanged 0
unchanged_unchanged_unchanged 1756184922571 360 215 touchmove 262.0 511.6 0.738083 0.738083 0 unchanged 0
unchanged_unchanged_unchanged 1756184922588 360 215 touchmove 254.5 507.2 0.732183 0.732183 0 unchanged 0
unchanged_unchanged_unchanged 1756184922605 360 215 touchmove 244.3 501.4 0.749676 0.749676 0 unchanged 0
unchanged_unchanged_unchanged 1756184922622 360 215 touchmove 233.7 495.7 0.530595 0.530595 0 unchanged 0
unchanged_unchanged_unchanged 1756184922639 360 215 touchmove 223.0 489.8 0.740628 0.740628 0 unchanged 0
unchanged_unchanged_unchanged 1756184922656 360 215 touchmove 212.2 483.9 0.635903 0.635903 0 unchanged 0
unchanged_unchanged_unchanged 1756184922672 360 215 touchmove 201.8 478.2 0.527180 0.527180 0 unchanged 0
unchanged_unchanged_unchanged 1756184922689 360 215 touchmove 191.1 472.6 0.656940 0.656940 0 unchanged 0
unchanged_unchanged_unchanged 1756184922706 360 215 touchmove 180.7 467.0 0.540102 0.540102 0 unchanged 0
unchanged_unchanged_unchanged 1756184922723 360 215 touchmove 169.7 461.8 0.521075 0.521075 0 unchanged 0
unchanged_unchanged_unchanged 1756184922740 360 215 touchmove 158.8 456.9 0.757491 0.757491 0 unchanged 0
unchanged_unchanged_unchanged 1756184922757 360 215 touchmove 147.8 452.3 0.790511 0.790511 0 unchanged 0
unchanged_unchanged_unchanged 1756184922773 360 215 touchmove 136.6 448.2 0.605165 0.605165 0 unchanged 0
unchanged_unchanged_unchanged 1756184922790 360 215 touchmove 125.3 444.0 0.511692 0.511692 0 unchanged 0
unchanged_unchanged_unchanged 1756184922807 360 215 touchmove 113.9 440.0 0.582756 0.582756 0 unchanged 0
unchanged_unchanged_unchanged 1756184922824 360 215 touchmove 102.6 435.8 0.701285 0.701285 0 unchanged 0
unchanged_unchanged_unchanged 1756184922841 360 215 touchmove 91.3 431.7 0.670157 0.670157 0 unchanged 0
unchanged_unchanged_unchanged 1756184922858 360 215 touchmove 80.2 427.7 0.796735 0.796735 0 unchanged 0
unchanged_unchanged_unchanged 1756184922874 360 215 touchmove 69.0 423.9 0.673409 0.673409 0 unchanged 0
unchanged_unchanged_unchanged 1756184922891 360 215 touchmove 57.9 419.7 0.548865 0.548865 0 unchanged 0
unchanged_unchanged_unchanged 1756184922908 360 215 touchmove 46.8 415.8 0.751757 0.751757 0 unchanged 0
unchanged_unchanged_unchanged 1756184922925 360 215 touchmove 35.4 412.0 0.683595 0.683595 0 unchanged 0
unchanged_unchanged_unchanged 1756184922942 360 215 touchmove 26.3 410.5 0.571210 0.571210 0 unchanged 0
unchanged_unchanged_unchanged 1756184922959 360 215 touchmove 19.8 410.9 0.792387 0.792387 0 unchanged 0
unchanged_unchanged_unchanged 1756184922975 360 215 touchmove 15.9 413.3 0.654304 0.654304 0 unchanged 0
unchanged_unchanged_unchanged 1756184922992 360 215 touchmove 14.6 417.4 0.521275 0.521275 0 unchanged 0
unchanged_unchanged_unchanged 1756184923009 360 215 touchmove 15.3 423.5 0.530050 0.530050 0 unchanged 0
unchanged_unchanged_unchanged 1756184923026 360 215 touchmove 18.6 431.8 0.567388 0.567388 0 unchanged 0
unchanged_unchanged_unchanged 1756184923043 360 215 touchmove 25.4 441.5 0.743331 0.743331 0 unchanged 0
unchanged_unchanged_unchanged 1756184923060 360 215 touchmove 30.0 451.1 0.632591 0.632591 0 unchanged 0
unchanged_unchanged_unchanged 1756184923077 360 215 touchend 36.4 462.9 0.731930 0.731930 0 unchanged 0