sentence timestamp keyb_width keyb_height event x_pos y_pos x_radius y_radius angle word is_err
portuguese_portuguese_portuguese 1756184914735 360 215 touchstart 506.5 400.7 0.582222 0.582222 0 portuguese 0
portuguese_portuguese_portuguese 1756184914751 360 215 touchmove 496.3 400.6 0.610669 0.610669 0 portuguese 0
portuguese_portuguese_portuguese 1756184914768 360 215 touchmove 482.6 399.5 0.539415 0.539415 0 portuguese 0
portuguese_portuguese_portuguese 1756184914785 360 215 touchmove 471.9 401.1 0.794661 0.794661 0 portuguese 0
portuguese_portuguese_portuguese 1756184914802 360 215 touchmove 460.7 401.4 0.512278 0.512278 0 portuguese 0
portuguese_portuguese_portuguese 1756184914819 360 215 touchmove 449.4 401.3 0.727900 0.727900 0 portuguese 0
portuguese_portuguese_portuguese 1756184914835 360 215 touchmove 438.2 401.4 0.502679 0.502679 0 portuguese 0
portuguese_portuguese_portuguese 1756184914852 360 215 touchmove 427.0 401.6 0.769949 0.769949 0 portuguese 0
portuguese_portuguese_portuguese 1756184914869 360 215 touchmove 415.8 401.5 0.571879 0.571879 0 portuguese 0
portuguese_portuguese_portuguese 1756184914886 360 215 touchmove 404.3 401.0 0.638036 0.638036 0 portuguese 0
portuguese_portuguese_portuguese 1756184914903 360 215 touchmove 392.8 400.2 0.617747 0.617747 0 portuguese 0
portuguese_portuguese_portuguese 1756184914919 360 215 touchmove 381.4 399.1 0.715909 0.715909 0 portuguese 0
portuguese_portuguese_portuguese 1756184914936 360 215 touchmove 369.9 398.7 0.637658 0.637658 0 portuguese 0
portuguese_portuguese_portuguese 1756184914953 360 215 touchmove 359.0 398.6 0.552423 0.552423 0 portuguese 0
portuguese_portuguese_portuguese 1756184914970 360 215 touchmove 348.2 398.6 0.754844 0.754844 0 portuguese 0
portuguese_portuguese_portuguese 1756184914987 360 215 touchmove 337.2 398.5 0.720343 0.720343 0 portuguese 0
portuguese_portuguese_portuguese 1756184915003 360 215 touchmove 326.3 398.8 0.648787 0.648787 0 portuguese 0
portuguese_portuguese_portuguese 1756184915020 360 215 touchmove 315.2 399.2 0.572082 0.572082 0 portuguese 0
portuguese_portuguese_portuguese 1756184915037 360 215 touchmove 303.8 400.0 0.693128 0.693128 0 portuguese 0
portuguese_portuguese_portuguese 1756184915054 360 215 touchmove 292.0 400.5 0.757868 0.757868 0 portuguese 0
portuguese_portuguese_portuguese 1756184915071 360 215 touchmove 280.0 400.8 0.635762 0.635762 0 portuguese 0
portuguese_portuguese_portuguese 1756184915087 360 215 touchmove 268.2 400.5 0.518280 0.518280 0 portuguese 0
portuguese_portuguese_portuguese 1756184915104 360 215 touchmove 256.7 400.6 0.561564 0.561564 0 portuguese 0
portuguese_portuguese_portuguese 1756184915121 360 215 touchmove 245.4 400.3 0.675191 0.675191 0 portuguese 0
portuguese_portuguese_portuguese 1756184915138 360 215 touchmove 234.1 400.5 0.629993 0.629993 0 portuguese 0
portuguese_portuguese_portuguese 1756184915155 360 215 touchmove 223.0 400.6 0.782143 0.782143 0 portuguese 0
portuguese_portuguese_portuguese 1756184915171 360 215 touchmove 212.6 400.5 0.656080 0.656080 0 portuguese 0
portuguese_portuguese_portuguese 1756184915188 360 215 touchmove 202.0 400.5 0.557775 0.557775 0 portuguese 0
portuguese_portuguese_portuguese 1756184915205 360 215 touchmove 191.2 400.9 0.665337 0.665337 0 portuguese 0
portuguese_portuguese_portuguese 1756184915222 360 215 touchmove 180.4 401.1 0.543203 0.543203 0 portuguese 0
portuguese_portuguese_portuguese 1756184915239 360 215 touchmove 169.4 401.1 0.650017 0.650017 0 portuguese 0
portuguese_portuguese_portuguese 1756184915256 360 215 touchmove 158.3 400.3 0.769044 0.769044 0 portuguese 0
portuguese_portuguese_portuguese 1756184915272 360 215 touchmove 147.3 399.9 0.674798 0.674798 0 portuguese 0
portuguese_portuguese_portuguese 1756184915289 360 215 touchmove 136.2 400.0 0.721309 0.721309 0 portuguese 0
portuguese_portuguese_portuguese 1756184915306 360 215 touchmove 125.1 399.9 0.660949 0.660949 0 portuguese 0
portuguese_portuguese_portuguese 1756184915323 360 215 touchmove 113.8 399.5 0.728640 0.728640 0 portuguese 0
portuguese_portuguese_portuguese 1756184915340 360 215 touchmove 103.5 399.0 0.589229 0.589229 0 portuguese 0
portuguese_portuguese_portuguese 1756184915356 360 215 touchmove 96.5 399.1 0.551700 0.551700 0 portuguese 0
portuguese_portuguese_portuguese 1756184915373 360 215 touchmove 93.0 399.4 0.662867 0.662867 0 portuguese 0
portuguese_portuguese_portuguese 1756184915390 360 215 touchmove 92.5 399.6 0.671340 0.671340 0 portuguese 0
portuguese_portuguese_portuguese 1756184915407 360 215 touchmove 94.9 399.5 0.564204 0.564204 0 portuguese 0
portuguese_portuguese_portuguese 1756184915424 360 215 touchmove 100.8 399.6 0.684279 0.684279 0 portuguese 0
portuguese_portuguese_portuguese 1756184915440 360 215 touchmove 110.0 399.6 0.714792 0.714792 0 portuguese 0
portuguese_portuguese_portuguese 1756184915457 360 215 touchmove 121.3 399.7 0.598964 0.598964 0 portuguese 0
portuguese_portuguese_portuguese 1756184915474 360 215 touchmove 132.7 399.6 0.713039 0.713039 0 portuguese 0
portuguese_portuguese_portuguese 1756184915491 360 215 touchmove 143.6 399.7 0.619590 0.619590 0 portuguese 0
portuguese_portuguese_portuguese 1756184915508 360 215 touchmove 154.7 399.8 0.602362 0.602362 0 portuguese 0
portuguese_portuguese_portuguese 1756184915524 360 215 touchmove 166.0 399.5 0.641348 0.641348 0 portuguese 0
portuguese_portuguese_portuguese 1756184915541 360 215 touchmove 177.3 399.1 0.552065 0.552065 0 portuguese 0
portuguese_portuguese_portuguese 1756184915558 360 215 touchmove 188.4 399.0 0.747558 0.747558 0 portuguese 0
portuguese_portuguese_portuguese 1756184915575 360 215 touchmove 199.5 399.1 0.562530 0.562530 0 portuguese 0
portuguese_portuguese_portuguese 1756184915592 360 215 touchmove 210.5 399.0 0.680898 0.680898 0 portuguese 0
portuguese_portuguese_portuguese 1756184915608 360 215 touchmove 221.1 398.5 0.519190 0.519190 0 portuguese 0
portuguese_portuguese_portuguese 1756184915625 360 215 touchmove 231.7 398.1 0.602021 0.602021 0 portuguese 0
portuguese_portuguese_portuguese 1756184915642 360 215 touchmove 242.3 397.8 0.710691 0.710691 0 portuguese 0
portuguese_portuguese_portuguese 1756184915659 360 215 touchmove 252.8 397.7 0.721390 0.721390 0 portuguese 0
portuguese_portuguese_portuguese 1756184915676 360 215 touchmove 260.6 398.7 0.647186 0.647186 0 portuguese 0
portuguese_portuguese_portuguese 1756184915692 360 215 touchmove 265.7 400.3 0.631815 0.631815 0 portuguese 0
portuguese_portuguese_portuguese 1756184915709 360 215 touchmove 267.6 403.2 0.654939 0.654939 0 portuguese 0
portuguese_portuguese_portuguese 1756184915726 360 215 touchmove 267.5 406.9 0.667860 0.667860 0 portuguese 0
portuguese_portuguese_portuguese 1756184915743 360 215 touchmove 264.4 411.0 0.703479 0.703479 0 portuguese 0
portuguese_portuguese_portuguese 1756184915760 360 215 touchmove 258.6 415.7 0.572100 0.572100 0 portuguese 0
portuguese_portuguese_portuguese 1756184915777 360 215 touchmove 249.4 421.1 0.706513 0.706513 0 portuguese 0
portuguese_portuguese_portuguese 1756184915793 360 215 touchmove 239.8 426.8 0.738117 0.738117 0 portuguese 0
portuguese_portuguese_portuguese 1756184915810 360 215 touchmove 229.8 432.4 0.645599 0.645599 0 portuguese 0
portuguese_portuguese_portuguese 1756184915827 360 215 touchmove 220.0 437.6 0.505377 0.505377 0 portuguese 0
portuguese_portuguese_portuguese 1756184915844 360 215 touchmove 210.1 443.2 0.757211 0.757211 0 portuguese 0
portuguese_portuguese_portuguese 1756184915861 360 215 touchmove 202.6 447.8 0.723861 0.723861 0 portuguese 0
portuguese_portuguese_portuguese 1756184915877 360 215 touchmove 197.7 451.1 0.546978 0.546978 0 portuguese 0
portuguese_portuguese_portuguese 1756184915894 360 215 touchmove 195.8 452.3 0.781727 0.781727 0 portuguese 0
portuguese_portuguese_portuguese 1756184915911 360 215 touchmove 197.4 451.6 0.523609 0.523609 0 portuguese 0
portuguese_portuguese_portuguese 1756184915928 360 215 touchmove 201.4 449.6 0.798622 0.798622 0 portuguese 0
portuguese_portuguese_portuguese 1756184915945 360 215 touchmove 208.4 446.1 0.707419 0.707419 0 portuguese 0
portuguese_portuguese_portuguese 1756184915961 360 215 touchmove 217.7 440.7 0.683809 0.683809 0 portuguese 0
portuguese_portuguese_portuguese 1756184915978 360 215 touchmove 227.3 434.5 0.708566 0.708566 0 portuguese 0
portuguese_portuguese_portuguese 1756184915995 360 215 touchmove 236.8 428.6 0.685527 0.685527 0 portuguese 0
portuguese_portuguese_portuguese 1756184916012 360 215 touchmove 246.2 423.1 0.698638 0.698638 0 portuguese 0
portuguese_portuguese_portuguese 1756184916029 360 215 touchmove 255.4 417.6 0.588065 0.588065 0 portuguese 0
portuguese_portuguese_portuguese 1756184916045 360 215 touchmove 263.3 412.5 0.733322 0.733322 0 portuguese 0
portuguese_portuguese_portuguese 1756184916062 360 215 touchmove 268.3 408.1 0.779959 0.779959 0 portuguese 0
portuguese_portuguese_portuguese 1756184916079 360 215 touchmove 270.5 404.8 0.622725 0.622725 0 portuguese 0
portuguese_portuguese_portuguese 1756184916096 360 215 touchmove 269.5 403.1 0.647319 0.647319 0 portuguese 0
portuguese_portuguese_portuguese 1756184916113 360 215 touchmove 265.0 401.7 0.795583 0.795583 0 portuguese 0
portuguese_portuguese_portuguese 1756184916129 360 215 touchmove 257.5 400.9 0.715421 0.715421 0 portuguese 0
portuguese_portuguese_portuguese 1756184916146 360 215 touchmove 246.5 401.1 0.537639 0.537639 0 portuguese 0
portuguese_portuguese_portuguese 1756184916163 360 215 touchmove 234.6 401.6 0.539335 0.539335 0 portuguese 0
portuguese_portuguese_portuguese 1756184916180 360 215 touchmove 222.9 401.7 0.694724 0.694724 0 portuguese 0
portuguese_portuguese_portuguese 1756184916197 360 215 touchmove 211.2 401.8 0.691904 0.691904 0 portuguese 0
portuguese_portuguese_portuguese 1756184916213 360 215 touchmove 199.9 401.7 0.696037 0.696037 0 portuguese 0
portuguese_portuguese_portuguese 1756184916230 360 215 touchmove 188.9 401.5 0.563260 0.563260 0 portuguese 0
portuguese_portuguese_portuguese 1756184916247 360 215 touchmove 177.9 401.3 0.552961 0.552961 0 portuguese 0
portuguese_portuguese_portuguese 1756184916264 360 215 touchmove 166.7 400.8 0.774724 0.774724 0 portuguese 0
portuguese_portuguese_portuguese 1756184916281 360 215 touchmove 155.6 401.2 0.765753 0.765753 0 portuguese 0
portuguese_portuguese_portuguese 1756184916298 360 215 touchmove 144.7 401.1 0.727194 0.727194 0 portuguese 0
portuguese_portuguese_portuguese 1756184916314 360 215 touchmove 133.7 400.9 0.665535 0.665535 0 portuguese 0
portuguese_portuguese_portuguese 1756184916331 360 215 touchmove 122.4 400.7 0.553303 0.553303 0 portuguese 0
portuguese_portuguese_portuguese 1756184916348 360 215 touchmove 111.4 401.0 0.606430 0.606430 0 portuguese 0
portuguese_portuguese_portuguese 1756184916365 360 215 touchmove 100.5 401.3 0.511806 0.511806 0 portuguese 0
portuguese_portuguese_portuguese 1756184916382 360 215 touchmove 90.4 401.6 0.799405 0.799405 0 portuguese 0
portuguese_portuguese_portuguese 1756184916398 360 215 touchmove 79.8 401.1 0.614636 0.614636 0 portuguese 0
portuguese_portuguese_portuguese 1756184916415 360 215 touchmove 69.0 401.3 0.659161 0.659161 0 portuguese 0
portuguese_portuguese_portuguese 1756184916432 360 215 touchmove 58.3 401.8 0.602696 0.602696 0 portuguese 0
portuguese_portuguese_portuguese 1756184916449 360 215 touchmove 47.8 402.1 0.672578 0.672578 0 portuguese 0
portuguese_portuguese_portuguese 1756184916466 360 215 touchmove 36.9 401.7 0.705195 0.705195 0 portuguese 0
portuguese_portuguese_portuguese 1756184916482 360 215 touchmove 26.9 402.4 0.757672 0.757672 0 portuguese 0
portuguese_portuguese_portuguese 1756184916499 360 215 touchmove 17.3 404.7 0.766979 0.766979 0 portuguese 0
portuguese_portuguese_portuguese 1756184916516 360 215 touchmove 8.2 408.3 0.772854 0.772854 0 portuguese 0
portuguese_portuguese_portuguese 1756184916533 360 215 touchmove -0.3 413.5 0.661370 0.661370 0 portuguese 0
portuguese_portuguese_portuguese 1756184916550 360 215 touchmove -8.2 419.9 0.725941 0.725941 0 portuguese 0
portuguese_portuguese_portuguese 1756184916566 360 215 touchmove -15.2 427.7 0.535448 0.535448 0 portuguese 0
portuguese_portuguese_portuguese 1756184916583 360 215 touchmove -20.8 436.5 0.788808 0.788808 0 portuguese 0
portuguese_portuguese_portuguese 1756184916600 360 215 touchmove -25.1 442.1 0.586533 0.586533 0 portuguese 0
portuguese_portuguese_portuguese 1756184916617 360 215 touchmove -27.2 445.3 0.690789 0.690789 0 portuguese 0
portuguese_portuguese_portuguese 1756184916634 360 215 touchmove -27.4 445.7 0.707160 0.707160 0 portuguese 0
portuguese_portuguese_portuguese 1756184916650 360 215 touchmove -26.3 443.3 0.651897 0.651897 0 portuguese 0
portuguese_portuguese_portuguese 1756184916667 360 215 touchmove -23.2 438.1 0.638892 0.638892 0 portuguese 0
portuguese_portuguese_portuguese 1756184916684 360 215 touchmove -18.5 430.1 0.766936 0.766936 0 portuguese 0
portuguese_portuguese_portuguese 1756184916701 360 215 touchmove -14.1 420.7 0.661010 0.661010 0 portuguese 0
portuguese_portuguese_portuguese 1756184916718 360 215 touchmove -5.9 411.5 0.612275 0.612275 0 portuguese 0
portuguese_portuguese_portuguese 1756184916735 360 215 touchend 0.1 401.4 0.563820 0.563820 0 portuguese 0