sentence timestamp keyb_width keyb_height event x_pos y_pos x_radius y_radius angle word is_err
displayed_displayed_displayed 1756184913274 360 215 touchstart 35.6 462.3 0.591908 0.591908 0 displayed 0
displayed_displayed_displayed 1756184913290 360 215 touchmove 53.3 458.3 0.721427 0.721427 0 displayed 0
displayed_displayed_displayed 1756184913307 360 215 touchmove 72.6 454.3 0.676534 0.676534 0 displayed 0
displayed_displayed_displayed 1756184913324 360 215 touchmove 90.1 450.9 0.762851 0.762851 0 displayed 0
displayed_displayed_displayed 1756184913341 360 215 touchmove 108.3 447.4 0.548808 0.548808 0 displayed 0
displayed_displayed_displayed 1756184913358 360 215 touchmove 126.4 443.8 0.656129 0.656129 0 displayed 0
displayed_displayed_displayed 1756184913375 360 215 touchmove 144.4 440.5 0.690655 0.690655 0 displayed 0
displayed_displayed_displayed 1756184913391 360 215 touchmove 162.3 437.1 0.724885 0.724885 0 displayed 0
displayed_displayed_displayed 1756184913408 360 215 touchmove 180.2 433.7 0.645152 0.645152 0 displayed 0
displayed_displayed_displayed 1756184913425 360 215 touchmove 197.9 430.3 0.796718 0.796718 0 displayed 0
displayed_displayed_displayed 1756184913442 360 215 touchmove 215.7 427.1 0.719824 0.719824 0 displayed 0
displayed_displayed_displayed 1756184913459 360 215 touchmove 233.3 423.8 0.752256 0.752256 0 displayed 0
displayed_displayed_displayed 1756184913476 360 215 touchmove 251.0 420.8 0.685945 0.685945 0 displayed 0
displayed_displayed_displayed 1756184913492 360 215 touchmove 268.9 417.7 0.695819 0.695819 0 displayed 0
displayed_displayed_displayed 1756184913509 360 215 touchmove 286.7 414.5 0.750516 0.750516 0 displayed 0
displayed_displayed_displayed 1756184913526 360 215 touchmove 304.7 411.5 0.686351 0.686351 0 displayed 0
displayed_displayed_displayed 1756184913543 360 215 touchmove 317.8 409.2 0.620837 0.620837 0 displayed 0
displayed_displayed_displayed 1756184913560 360 215 touchmove 325.8 407.7 0.621796 0.621796 0 displayed 0
displayed_displayed_displayed 1756184913577 360 215 touchmove 329.0 407.1 0.736479 0.736479 0 displayed 0
displayed_displayed_displayed 1756184913593 360 215 touchmove 327.1 407.2 0.636854 0.636854 0 displayed 0
displayed_displayed_displayed 1756184913610 360 215 touchmove 319.7 407.8 0.517016 0.517016 0 displayed 0
displayed_displayed_displayed 1756184913627 360 215 touchmove 307.1 409.5 0.633523 0.633523 0 displayed 0
displayed_displayed_displayed 1756184913644 360 215 touchmove 289.3 411.7 0.678382 0.678382 0 displayed 0
displayed_displayed_displayed 1756184913661 360 215 touchmove 271.1 414.2 0.524561 0.524561 0 displayed 0
displayed_displayed_displayed 1756184913678 360 215 touchmove 253.1 416.5 0.606066 0.606066 0 displayed 0
displayed_displayed_displayed 1756184913694 360 215 touchmove 235.0 418.9 0.689353 0.689353 0 displayed 0
displayed_displayed_displayed 1756184913711 360 215 touchmove 216.8 421.3 0.543161 0.543161 0 displayed 0
displayed_displayed_displayed 1756184913728 360 215 touchmove 198.4 424.2 0.750891 0.750891 0 displayed 0
displayed_displayed_displayed 1756184913745 360 215 touchmove 180.4 427.2 0.743727 0.743727 0 displayed 0
displayed_displayed_displayed 1756184913762 360 215 touchmove 162.2 430.4 0.562107 0.562107 0 displayed 0
displayed_displayed_displayed 1756184913779 360 215 touchmove 144.4 433.6 0.503969 0.503969 0 displayed 0
displayed_displayed_displayed 1756184913795 360 215 touchmove 126.0 436.9 0.769346 0.769346 0 displayed 0
displayed_displayed_displayed 1756184913812 360 215 touchmove 107.9 440.2 0.678049 0.678049 0 displayed 0
displayed_displayed_displayed 1756184913829 360 215 touchmove 89.6 443.3 0.618536 0.618536 0 displayed 0
displayed_displayed_displayed 1756184913846 360 215 touchmove 71.5 446.2 0.696104 0.696104 0 displayed 0
displayed_displayed_displayed 1756184913863 360 215 touchmove 53.6 449.0 0.607382 0.607382 0 displayed 0
displayed_displayed_displayed 1756184913880 360 215 touchmove 35.7 451.6 0.786173 0.786173 0 displayed 0
displayed_displayed_displayed 1756184913896 360 215 touchmove 17.8 454.3 0.731258 0.731258 0 displayed 0
displayed_displayed_displayed 1756184913913 360 215 touchmove 5.2 456.3 0.664826 0.664826 0 displayed 0
displayed_displayed_displayed 1756184913930 360 215 touchmove -2.5 457.4 0.573777 0.573777 0 displayed 0
displayed_displayed_displayed 1756184913947 360 215 touchmove -5.0 457.7 0.548880 0.548880 0 displayed 0
displayed_displayed_displayed 1756184913964 360 215 touchmove -2.4 457.4 0.702576 0.702576 0 displayed 0
displayed_displayed_displayed 1756184913981 360 215 touchmove 5.3 456.3 0.756776 0.756776 0 displayed 0
displayed_displayed_displayed 1756184913997 360 215 touchmove 18.2 454.6 0.676444 0.676444 0 displayed 0
displayed_displayed_displayed 1756184914014 360 215 touchmove 36.2 452.3 0.521387 0.521387 0 displayed 0
displayed_displayed_displayed 1756184914031 360 215 touchmove 54.2 450.1 0.760787 0.760787 0 displayed 0
displayed_displayed_displayed 1756184914048 360 215 touchmove 72.6 448.0 0.690808 0.690808 0 displayed 0
displayed_displayed_displayed 1756184914065 360 215 touchmove 90.8 446.2 0.696682 0.696682 0 displayed 0
displayed_displayed_displayed 1756184914082 360 215 touchmove 109.1 444.1 0.787309 0.787309 0 displayed 0
displayed_displayed_displayed 1756184914098 360 215 touchmove 127.5 442.3 0.505117 0.505117 0 displayed 0
displayed_displayed_displayed 1756184914115 360 215 touchmove 146.1 440.4 0.562995 0.562995 0 displayed 0
displayed_displayed_displayed 1756184914132 360 215 touchmove 164.6 438.4 0.707384 0.707384 0 displayed 0
displayed_displayed_displayed 1756184914149 360 215 touchmove 183.1 436.2 0.641730 0.641730 0 displayed 0
displayed_displayed_displayed 1756184914166 360 215 touchmove 201.4 434.0 0.658399 0.658399 0 displayed 0
displayed_displayed_displayed 1756184914183 360 215 touchmove 219.7 431.4 0.765880 0.765880 0 displayed 0
displayed_displayed_displayed 1756184914199 360 215 touchmove 238.0 429.4 0.742826 0.742826 0 displayed 0
displayed_displayed_displayed 1756184914216 360 215 touchmove 256.0 427.3 0.513584 0.513584 0 displayed 0
displayed_displayed_displayed 1756184914233 360 215 touchmove 273.8 425.2 0.611820 0.611820 0 displayed 0
displayed_displayed_displayed 1756184914250 360 215 touchmove 291.6 423.1 0.618003 0.618003 0 displayed 0
displayed_displayed_displayed 1756184914267 360 215 touchmove 309.7 421.1 0.665793 0.665793 0 displayed 0
displayed_displayed_displayed 1756184914284 360 215 touchmove 327.6 419.5 0.582001 0.582001 0 displayed 0
displayed_displayed_displayed 1756184914300 360 215 touchmove 345.6 417.8 0.746722 0.746722 0 displayed 0
displayed_displayed_displayed 1756184914317 360 215 touchmove 363.7 415.7 0.571790 0.571790 0 displayed 0
displayed_displayed_displayed 1756184914334 360 215 touchmove 382.0 413.5 0.585926 0.585926 0 displayed 0
displayed_displayed_displayed 1756184914351 360 215 touchmove 400.5 411.5 0.681112 0.681112 0 displayed 0
displayed_displayed_displayed 1756184914368 360 215 touchmove 418.9 409.5 0.622491 0.622491 0 displayed 0
displayed_displayed_displayed 1756184914385 360 215 touchmove 436.9 407.4 0.737845 0.737845 0 displayed 0
displayed_displayed_displayed 1756184914401 360 215 touchmove 454.2 405.7 0.611462 0.611462 0 displayed 0
displayed_displayed_displayed 1756184914418 360 215 touchmove 467.5 406.8 0.537960 0.537960 0 displayed 0
displayed_displayed_displayed 1756184914435 360 215 touchmove 477.3 410.8 0.638994 0.638994 0 displayed 0
displayed_displayed_displayed 1756184914452 360 215 touchmove 482.9 417.0 0.558513 0.558513 0 displayed 0
displayed_displayed_displayed 1756184914469 360 215 touchmove 483.7 424.8 0.700162 0.700162 0 displayed 0
displayed_displayed_displayed 1756184914486 360 215 touchmove 479.5 433.0 0.578803 0.578803 0 displayed 0
displayed_displayed_displayed 1756184914502 360 215 touchmove 470.4 441.8 0.728819 0.728819 0 displayed 0
displayed_displayed_displayed 1756184914519 360 215 touchmove 457.2 450.4 0.708206 0.708206 0 displayed 0
displayed_displayed_displayed 1756184914536 360 215 touchmove 442.5 456.6 0.620057 0.620057 0 displayed 0
displayed_displayed_displayed 1756184914553 360 215 touchmove 426.2 460.5 0.568816 0.568816 0 displayed 0
displayed_displayed_displayed 1756184914570 360 215 touchmove 408.5 462.3 0.719538 0.719538 0 displayed 0
displayed_displayed_displayed 1756184914587 360 215 touchmove 390.3 462.6 0.534222 0.534222 0 displayed 0
displayed_displayed_displayed 1756184914603 360 215 touchmove 372.3 462.9 0.577962 0.577962 0 displayed 0
displayed_displayed_displayed 1756184914620 360 215 touchmove 354.2 463.1 0.587625 0.587625 0 displayed 0
displayed_displayed_displayed 1756184914637 360 215 touchmove 335.9 463.1 0.645049 0.645049 0 displayed 0
displayed_displayed_displayed 1756184914654 360 215 touchmove 317.5 463.6 0.750099 0.750099 0 displayed 0
displayed_displayed_displayed 1756184914671 360 215 touchmove 299.1 463.7 0.533346 0.533346 0 displayed 0
displayed_displayed_displayed 1756184914688 360 215 touchmove 280.7 463.7 0.500144 0.500144 0 displayed 0
displayed_displayed_displayed 1756184914704 360 215 touchmove 262.5 463.8 0.694965 0.694965 0 displayed 0
displayed_displayed_displayed 1756184914721 360 215 touchmove 244.0 463.8 0.597888 0.597888 0 displayed 0
displayed_displayed_displayed 1756184914738 360 215 touchmove 225.4 463.6 0.583236 0.583236 0 displayed 0
displayed_displayed_displayed 1756184914755 360 215 touchmove 206.8 463.4 0.553429 0.553429 0 displayed 0
displayed_displayed_displayed 1756184914772 360 215 touchmove 188.5 463.0 0.782614 0.782614 0 displayed 0
displayed_displayed_displayed 1756184914789 360 215 touchmove 170.1 463.1 0.647560 0.647560 0 displayed 0
displayed_displayed_displayed 1756184914805 360 215 touchmove 151.6 462.9 0.516379 0.516379 0 displayed 0
displayed_displayed_displayed 1756184914822 360 215 touchmove 133.1 462.8 0.606294 0.606294 0 displayed 0
displayed_displayed_displayed 1756184914839 360 215 touchmove 114.7 463.1 0.767344 0.767344 0 displayed 0
displayed_displayed_displayed 1756184914856 360 215 touchmove 96.4 463.2 0.555301 0.555301 0 displayed 0
displayed_displayed_displayed 1756184914873 360 215 touchmove 78.1 463.4 0.584240 0.584240 0 displayed 0
displayed_displayed_displayed 1756184914890 360 215 touchmove 59.8 463.2 0.538553 0.538553 0 displayed 0
displayed_displayed_displayed 1756184914906 360 215 touchmove 41.6 463.1 0.647748 0.647748 0 displayed 0
displayed_displayed_displayed 1756184914923 360 215 touchmove 23.4 463.2 0.628379 0.628379 0 displayed 0
displayed_displayed_displayed 1756184914940 360 215 touchmove 5.1 463.1 0.525580 0.525580 0 displayed 0
displayed_displayed_displayed 1756184914957 360 215 touchmove -13.3 462.8 0.768244 0.768244 0 displayed 0
displayed_displayed_displayed 1756184914974 360 215 touchmove -31.8 462.9 0.647013 0.647013 0 displayed 0
displayed_displayed_displayed 1756184914991 360 215 touchmove -50.3 462.7 0.574501 0.574501 0 displayed 0
displayed_displayed_displayed 1756184915007 360 215 touchmove -64.5 462.4 0.759787 0.759787 0 displayed 0
displayed_displayed_displayed 1756184915024 360 215 touchmove -73.3 461.6 0.649320 0.649320 0 displayed 0
displayed_displayed_displayed 1756184915041 360 215 touchmove -76.8 460.2 0.506767 0.506767 0 displayed 0
displayed_displayed_displayed 1756184915058 360 215 touchmove -75.2 458.3 0.690902 0.690902 0 displayed 0
displayed_displayed_displayed 1756184915075 360 215 touchmove -68.5 455.9 0.580063 0.580063 0 displayed 0
displayed_displayed_displayed 1756184915092 360 215 touchmove -56.5 452.8 0.507467 0.507467 0 displayed 0
displayed_displayed_displayed 1756184915108 360 215 touchmove -39.1 449.5 0.586695 0.586695 0 displayed 0
displayed_displayed_displayed 1756184915125 360 215 touchmove -20.9 446.1 0.508295 0.508295 0 displayed 0
displayed_displayed_displayed 1756184915142 360 215 touchmove -3.1 442.7 0.762447 0.762447 0 displayed 0
displayed_displayed_displayed 1756184915159 360 215 touchmove 14.9 439.5 0.607359 0.607359 0 displayed 0
displayed_displayed_displayed 1756184915176 360 215 touchmove 32.5 436.0 0.742409 0.742409 0 displayed 0
displayed_displayed_displayed 1756184915193 360 215 touchmove 50.5 432.5 0.548435 0.548435 0 displayed 0
displayed_displayed_displayed 1756184915209 360 215 touchmove 68.4 429.0 0.569653 0.569653 0 displayed 0
displayed_displayed_displayed 1756184915226 360 215 touchmove 86.1 425.3 0.671792 0.671792 0 displayed 0
displayed_displayed_displayed 1756184915243 360 215 touchmove 103.9 421.7 0.763221 0.763221 0 displayed 0
displayed_displayed_displayed 1756184915260 360 215 touchmove 121.7 418.1 0.792552 0.792552 0 displayed 0
displayed_displayed_displayed 1756184915277 360 215 touchmove 139.9 414.6 0.702819 0.702819 0 displayed 0
displayed_displayed_displayed 1756184915294 360 215 touchmove 158.1 411.0 0.706916 0.706916 0 displayed 0
displayed_displayed_displayed 1756184915310 360 215 touchmove 172.2 407.9 0.605331 0.605331 0 displayed 0
displayed_displayed_displayed 1756184915327 360 215 touchmove 181.3 405.4 0.649144 0.649144 0 displayed 0
displayed_displayed_displayed 1756184915344 360 215 touchmove 184.9 403.7 0.587959 0.587959 0 displayed 0
displayed_displayed_displayed 1756184915361 360 215 touchmove 183.2 402.1 0.713160 0.713160 0 displayed 0
displayed_displayed_displayed 1756184915378 360 215 touchmove 176.6 401.0 0.733939 0.733939 0 displayed 0
displayed_displayed_displayed 1756184915395 360 215 touchmove 164.3 400.3 0.695084 0.695084 0 displayed 0
displayed_displayed_displayed 1756184915411 360 215 touchmove 147.1 400.4 0.701968 0.701968 0 displayed 0
displayed_displayed_displayed 1756184915428 360 215 touchmove 128.8 400.3 0.504852 0.504852 0 displayed 0
displayed_displayed_displayed 1756184915445 360 215 touchmove 110.4 400.0 0.725819 0.725819 0 displayed 0
displayed_displayed_displayed 1756184915462 360 215 touchmove 92.2 399.6 0.667941 0.667941 0 displayed 0
displayed_displayed_displayed 1756184915479 360 215 touchmove 74.2 399.6 0.748710 0.748710 0 displayed 0
displayed_displayed_displayed 1756184915496 360 215 touchmove 55.9 399.6 0.773591 0.773591 0 displayed 0
displayed_displayed_displayed 1756184915512 360 215 touchmove 41.2 402.1 0.711419 0.711419 0 displayed 0
displayed_displayed_displayed 1756184915529 360 215 touchmove 30.6 406.6 0.664032 0.664032 0 displayed 0
displayed_displayed_displayed 1756184915546 360 215 touchmove 23.7 413.5 0.542408 0.542408 0 displayed 0
displayed_displayed_displayed 1756184915563 360 215 touchmove 20.7 422.7 0.754108 0.754108 0 displayed 0
displayed_displayed_displayed 1756184915580 360 215 touchmove 18.2 431.7 0.526591 0.526591 0 displayed 0
displayed_displayed_displayed 1756184915597 360 215 touchmove 25.7 447.0 0.581869 0.581869 0 displayed 0
displayed_displayed_displayed 1756184915614 360 215 touchend 35.2 463.2 0.557266 0.557266 0 displayed 0