sentence timestamp keyb_width keyb_height event x_pos y_pos x_radius y_radius angle word is_err
shotgun_shotgun_shotgun 1756184920963 360 215 touchstart -35.6 466.4 0.623598 0.623598 0 shotgun 0
shotgun_shotgun_shotgun 1756184920980 360 215 touchmove -16.2 466.2 0.551999 0.551999 0 shotgun 0
shotgun_shotgun_shotgun 1756184920997 360 215 touchmove 1.3 465.2 0.632126 0.632126 0 shotgun 0
shotgun_shotgun_shotgun 1756184921014 360 215 touchmove 20.8 464.1 0.782222 0.782222 0 shotgun 0
shotgun_shotgun_shotgun 1756184921031 360 215 touchmove 39.6 463.4 0.530620 0.530620 0 shotgun 0
shotgun_shotgun_shotgun 1756184921048 360 215 touchmove 58.7 462.2 0.545393 0.545393 0 shotgun 0
shotgun_shotgun_shotgun 1756184921066 360 215 touchmove 77.7 461.3 0.629396 0.629396 0 shotgun 0
shotgun_shotgun_shotgun 1756184921083 360 215 touchmove 96.9 460.9 0.760372 0.760372 0 shotgun 0
shotgun_shotgun_shotgun 1756184921100 360 215 touchmove 116.1 461.0 0.575890 0.575890 0 shotgun 0
shotgun_shotgun_shotgun 1756184921117 360 215 touchmove 135.7 460.8 0.713199 0.713199 0 shotgun 0
shotgun_shotgun_shotgun 1756184921134 360 215 touchmove 155.7 461.5 0.711392 0.711392 0 shotgun 0
shotgun_shotgun_shotgun 1756184921152 360 215 touchmove 175.1 462.6 0.670905 0.670905 0 shotgun 0
shotgun_shotgun_shotgun 1756184921169 360 215 touchmove 194.0 463.8 0.614398 0.614398 0 shotgun 0
shotgun_shotgun_shotgun 1756184921186 360 215 touchmove 213.7 463.7 0.656860 0.656860 0 shotgun 0
shotgun_shotgun_shotgun 1756184921203 360 215 touchmove 232.1 461.5 0.598064 0.598064 0 shotgun 0
shotgun_shotgun_shotgun 1756184921220 360 215 touchmove 250.5 458.4 0.561632 0.561632 0 shotgun 0
shotgun_shotgun_shotgun 1756184921238 360 215 touchmove 268.7 454.7 0.574028 0.574028 0 shotgun 0
shotgun_shotgun_shotgun 1756184921255 360 215 touchmove 286.4 449.5 0.583126 0.583126 0 shotgun 0
shotgun_shotgun_shotgun 1756184921272 360 215 touchmove 304.5 443.3 0.571281 0.571281 0 shotgun 0
shotgun_shotgun_shotgun 1756184921289 360 215 touchmove 322.7 436.8 0.576334 0.576334 0 shotgun 0
shotgun_shotgun_shotgun 1756184921306 360 215 touchmove 340.6 429.9 0.778934 0.778934 0 shotgun 0
shotgun_shotgun_shotgun 1756184921324 360 215 touchmove 359.7 424.3 0.716437 0.716437 0 shotgun 0
shotgun_shotgun_shotgun 1756184921341 360 215 touchmove 378.1 419.0 0.696998 0.696998 0 shotgun 0
shotgun_shotgun_shotgun 1756184921358 360 215 touchmove 391.3 414.1 0.707131 0.707131 0 shotgun 0
shotgun_shotgun_shotgun 1756184921375 360 215 touchmove 399.3 409.5 0.754137 0.754137 0 shotgun 0
shotgun_shotgun_shotgun 1756184921392 360 215 touchmove 401.7 405.4 0.535347 0.535347 0 shotgun 0
shotgun_shotgun_shotgun 1756184921410 360 215 touchmove 398.7 402.2 0.547540 0.547540 0 shotgun 0
shotgun_shotgun_shotgun 1756184921427 360 215 touchmove 390.3 400.6 0.797369 0.797369 0 shotgun 0
shotgun_shotgun_shotgun 1756184921444 360 215 touchmove 376.6 399.2 0.613813 0.613813 0 shotgun 0
shotgun_shotgun_shotgun 1756184921461 360 215 touchmove 358.0 398.4 0.744271 0.744271 0 shotgun 0
shotgun_shotgun_shotgun 1756184921478 360 215 touchmove 339.1 398.0 0.716113 0.716113 0 shotgun 0
shotgun_shotgun_shotgun 1756184921495 360 215 touchmove 320.2 397.8 0.573804 0.573804 0 shotgun 0
shotgun_shotgun_shotgun 1756184921513 360 215 touchmove 302.1 397.9 0.752213 0.752213 0 shotgun 0
shotgun_shotgun_shotgun 1756184921530 360 215 touchmove 283.9 398.8 0.696857 0.696857 0 shotgun 0
shotgun_shotgun_shotgun 1756184921547 360 215 touchmove 264.7 399.4 0.585616 0.585616 0 shotgun 0
shotgun_shotgun_shotgun 1756184921564 360 215 touchmove 245.6 400.1 0.787215 0.787215 0 shotgun 0
shotgun_shotgun_shotgun 1756184921581 360 215 touchmove 226.3 400.6 0.604329 0.604329 0 shotgun 0
shotgun_shotgun_shotgun 1756184921599 360 215 touchmove 206.6 400.6 0.778426 0.778426 0 shotgun 0
shotgun_shotgun_shotgun 1756184921616 360 215 touchmove 190.9 402.8 0.565121 0.565121 0 shotgun 0
shotgun_shotgun_shotgun 1756184921633 360 215 touchmove 178.3 407.3 0.792112 0.792112 0 shotgun 0
shotgun_shotgun_shotgun 1756184921650 360 215 touchmove 170.1 413.4 0.760284 0.760284 0 shotgun 0
shotgun_shotgun_shotgun 1756184921667 360 215 touchmove 166.8 421.7 0.611386 0.611386 0 shotgun 0
shotgun_shotgun_shotgun 1756184921685 360 215 touchmove 168.9 428.7 0.607272 0.607272 0 shotgun 0
shotgun_shotgun_shotgun 1756184921702 360 215 touchmove 176.4 434.9 0.782279 0.782279 0 shotgun 0
shotgun_shotgun_shotgun 1756184921719 360 215 touchmove 188.7 439.8 0.574280 0.574280 0 shotgun 0
shotgun_shotgun_shotgun 1756184921736 360 215 touchmove 202.7 441.5 0.720346 0.720346 0 shotgun 0
shotgun_shotgun_shotgun 1756184921753 360 215 touchmove 217.6 439.2 0.614175 0.614175 0 shotgun 0
shotgun_shotgun_shotgun 1756184921771 360 215 touchmove 233.2 433.0 0.771421 0.771421 0 shotgun 0
shotgun_shotgun_shotgun 1756184921788 360 215 touchmove 248.7 425.8 0.593041 0.593041 0 shotgun 0
shotgun_shotgun_shotgun 1756184921805 360 215 touchmove 261.5 422.8 0.501115 0.501115 0 shotgun 0
shotgun_shotgun_shotgun 1756184921822 360 215 touchmove 271.3 422.7 0.545080 0.545080 0 shotgun 0
shotgun_shotgun_shotgun 1756184921839 360 215 touchmove 279.7 427.4 0.508012 0.508012 0 shotgun 0
shotgun_shotgun_shotgun 1756184921857 360 215 touchmove 285.1 436.4 0.782886 0.782886 0 shotgun 0
shotgun_shotgun_shotgun 1756184921874 360 215 touchmove 288.0 449.5 0.755593 0.755593 0 shotgun 0
shotgun_shotgun_shotgun 1756184921891 360 215 touchmove 288.7 466.8 0.578844 0.578844 0 shotgun 0
shotgun_shotgun_shotgun 1756184921908 360 215 touchmove 289.2 487.0 0.790509 0.790509 0 shotgun 0
shotgun_shotgun_shotgun 1756184921925 360 215 touchmove 285.7 505.5 0.676491 0.676491 0 shotgun 0
shotgun_shotgun_shotgun 1756184921943 360 215 touchend 285.5 525.1 0.683964 0.683964 0 shotgun 0