sentence timestamp keyb_width keyb_height event x_pos y_pos x_radius y_radius angle word is_err
accepts_accepts_accepts 1756184918665 360 215 touchstart -104.7 458.3 0.520637 0.520637 0 accepts 0
accepts_accepts_accepts 1756184918682 360 215 touchmove -81.1 465.4 0.657267 0.657267 0 accepts 0
accepts_accepts_accepts 1756184918699 360 215 touchmove -58.2 473.1 0.635814 0.635814 0 accepts 0
accepts_accepts_accepts 1756184918716 360 215 touchmove -36.1 482.3 0.645174 0.645174 0 accepts 0
accepts_accepts_accepts 1756184918733 360 215 touchmove -13.8 490.8 0.789511 0.789511 0 accepts 0
accepts_accepts_accepts 1756184918750 360 215 touchmove 8.1 499.1 0.514861 0.514861 0 accepts 0
accepts_accepts_accepts 1756184918768 360 215 touchmove 24.8 503.3 0.631169 0.631169 0 accepts 0
accepts_accepts_accepts 1756184918785 360 215 touchmove 36.8 503.3 0.798135 0.798135 0 accepts 0
accepts_accepts_accepts 1756184918802 360 215 touchmove 43.9 498.6 0.587511 0.587511 0 accepts 0
accepts_accepts_accepts 1756184918819 360 215 touchmove 45.6 489.6 0.792010 0.792010 0 accepts 0
accepts_accepts_accepts 1756184918836 360 215 touchmove 42.8 475.9 0.699737 0.699737 0 accepts 0
accepts_accepts_accepts 1756184918854 360 215 touchmove 37.1 458.8 0.520960 0.520960 0 accepts 0
accepts_accepts_accepts 1756184918871 360 215 touchmove 31.7 440.8 0.736853 0.736853 0 accepts 0
accepts_accepts_accepts 1756184918888 360 215 touchmove 31.4 426.0 0.727647 0.727647 0 accepts 0
accepts_accepts_accepts 1756184918905 360 215 touchmove 35.6 415.1 0.664201 0.664201 0 accepts 0
accepts_accepts_accepts 1756184918922 360 215 touchmove 44.6 407.4 0.772389 0.772389 0 accepts 0
accepts_accepts_accepts 1756184918940 360 215 touchmove 59.3 402.2 0.541202 0.541202 0 accepts 0
accepts_accepts_accepts 1756184918957 360 215 touchmove 79.7 400.4 0.764731 0.764731 0 accepts 0
accepts_accepts_accepts 1756184918974 360 215 touchmove 103.6 400.8 0.558385 0.558385 0 accepts 0
accepts_accepts_accepts 1756184918991 360 215 touchmove 127.7 401.4 0.646716 0.646716 0 accepts 0
accepts_accepts_accepts 1756184919008 360 215 touchmove 153.1 401.3 0.706135 0.706135 0 accepts 0
accepts_accepts_accepts 1756184919026 360 215 touchmove 178.9 401.2 0.732985 0.732985 0 accepts 0
accepts_accepts_accepts 1756184919043 360 215 touchmove 205.2 400.8 0.524997 0.524997 0 accepts 0
accepts_accepts_accepts 1756184919060 360 215 touchmove 230.7 400.1 0.749693 0.749693 0 accepts 0
accepts_accepts_accepts 1756184919077 360 215 touchmove 254.8 399.2 0.734324 0.734324 0 accepts 0
accepts_accepts_accepts 1756184919094 360 215 touchmove 279.4 398.5 0.723307 0.723307 0 accepts 0
accepts_accepts_accepts 1756184919112 360 215 touchmove 303.7 398.1 0.519776 0.519776 0 accepts 0
accepts_accepts_accepts 1756184919129 360 215 touchmove 326.9 398.3 0.537585 0.537585 0 accepts 0
accepts_accepts_accepts 1756184919146 360 215 touchmove 350.1 398.2 0.748990 0.748990 0 accepts 0
accepts_accepts_accepts 1756184919163 360 215 touchmove 373.0 398.3 0.735839 0.735839 0 accepts 0
accepts_accepts_accepts 1756184919180 360 215 touchmove 396.7 399.2 0.586509 0.586509 0 accepts 0
accepts_accepts_accepts 1756184919197 360 215 touchmove 421.0 400.5 0.796275 0.796275 0 accepts 0
accepts_accepts_accepts 1756184919215 360 215 touchmove 440.8 401.3 0.599461 0.599461 0 accepts 0
accepts_accepts_accepts 1756184919232 360 215 touchmove 453.3 401.6 0.577453 0.577453 0 accepts 0
accepts_accepts_accepts 1756184919249 360 215 touchmove 459.7 401.0 0.694352 0.694352 0 accepts 0
accepts_accepts_accepts 1756184919266 360 215 touchmove 458.7 400.4 0.674461 0.674461 0 accepts 0
accepts_accepts_accepts 1756184919283 360 215 touchmove 451.0 400.2 0.552397 0.552397 0 accepts 0
accepts_accepts_accepts 1756184919301 360 215 touchmove 436.5 400.2 0.601628 0.601628 0 accepts 0
accepts_accepts_accepts 1756184919318 360 215 touchmove 415.5 400.5 0.755792 0.755792 0 accepts 0
accepts_accepts_accepts 1756184919335 360 215 touchmove 391.6 400.4 0.785856 0.785856 0 accepts 0
accepts_accepts_accepts 1756184919352 360 215 touchmove 368.2 400.6 0.698849 0.698849 0 accepts 0
accepts_accepts_accepts 1756184919369 360 215 touchmove 344.0 400.9 0.684182 0.684182 0 accepts 0
accepts_accepts_accepts 1756184919387 360 215 touchmove 320.6 401.4 0.619475 0.619475 0 accepts 0
accepts_accepts_accepts 1756184919404 360 215 touchmove 296.4 401.2 0.746472 0.746472 0 accepts 0
accepts_accepts_accepts 1756184919421 360 215 touchmove 271.3 400.8 0.530231 0.530231 0 accepts 0
accepts_accepts_accepts 1756184919438 360 215 touchmove 246.3 399.8 0.692896 0.692896 0 accepts 0
accepts_accepts_accepts 1756184919455 360 215 touchmove 221.3 399.5 0.720555 0.720555 0 accepts 0
accepts_accepts_accepts 1756184919473 360 215 touchmove 196.6 400.1 0.795476 0.795476 0 accepts 0
accepts_accepts_accepts 1756184919490 360 215 touchmove 172.2 402.3 0.730905 0.730905 0 accepts 0
accepts_accepts_accepts 1756184919507 360 215 touchmove 148.1 405.4 0.722564 0.722564 0 accepts 0
accepts_accepts_accepts 1756184919524 360 215 touchmove 124.6 409.5 0.717020 0.717020 0 accepts 0
accepts_accepts_accepts 1756184919541 360 215 touchmove 101.8 415.1 0.528438 0.528438 0 accepts 0
accepts_accepts_accepts 1756184919559 360 215 touchmove 78.7 422.2 0.656263 0.656263 0 accepts 0
accepts_accepts_accepts 1756184919576 360 215 touchmove 55.3 429.3 0.611678 0.611678 0 accepts 0
accepts_accepts_accepts 1756184919593 360 215 touchmove 32.5 436.8 0.727177 0.727177 0 accepts 0
accepts_accepts_accepts 1756184919610 360 215 touchmove 9.5 447.4 0.577773 0.577773 0 accepts 0
accepts_accepts_accepts 1756184919627 360 215 touchmove -16.8 449.6 0.687276 0.687276 0 accepts 0
accepts_accepts_accepts 1756184919645 360 215 touchend -35.4 458.0 0.505537 0.505537 0 accepts 0