sentence timestamp keyb_width keyb_height event x_pos y_pos x_radius y_radius angle word is_err
friendship_friendship_friendship 1756184911097 360 215 touchstart 106.9 463.3 0.662358 0.662358 0 friendship 0
friendship_friendship_friendship 1756184911113 360 215 touchmove 98.4 448.4 0.530985 0.530985 0 friendship 0
friendship_friendship_friendship 1756184911130 360 215 touchmove 90.9 434.3 0.606433 0.606433 0 friendship 0
friendship_friendship_friendship 1756184911147 360 215 touchmove 90.9 424.7 0.763552 0.763552 0 friendship 0
friendship_friendship_friendship 1756184911164 360 215 touchmove 91.7 415.3 0.781368 0.781368 0 friendship 0
friendship_friendship_friendship 1756184911181 360 215 touchmove 95.9 408.2 0.564440 0.564440 0 friendship 0
friendship_friendship_friendship 1756184911197 360 215 touchmove 103.5 403.6 0.641541 0.641541 0 friendship 0
friendship_friendship_friendship 1756184911214 360 215 touchmove 114.6 400.7 0.640913 0.640913 0 friendship 0
friendship_friendship_friendship 1756184911231 360 215 touchmove 129.3 399.8 0.738369 0.738369 0 friendship 0
friendship_friendship_friendship 1756184911248 360 215 touchmove 145.5 399.5 0.605143 0.605143 0 friendship 0
friendship_friendship_friendship 1756184911265 360 215 touchmove 161.7 399.5 0.512397 0.512397 0 friendship 0
friendship_friendship_friendship 1756184911281 360 215 touchmove 178.4 400.0 0.530418 0.530418 0 friendship 0
friendship_friendship_friendship 1756184911298 360 215 touchmove 194.7 400.5 0.521767 0.521767 0 friendship 0
friendship_friendship_friendship 1756184911315 360 215 touchmove 211.2 400.8 0.758789 0.758789 0 friendship 0
friendship_friendship_friendship 1756184911332 360 215 touchmove 227.5 400.8 0.510888 0.510888 0 friendship 0
friendship_friendship_friendship 1756184911349 360 215 touchmove 243.3 401.1 0.618631 0.618631 0 friendship 0
friendship_friendship_friendship 1756184911365 360 215 touchmove 259.1 401.4 0.618423 0.618423 0 friendship 0
friendship_friendship_friendship 1756184911382 360 215 touchmove 275.0 401.6 0.716802 0.716802 0 friendship 0
friendship_friendship_friendship 1756184911399 360 215 touchmove 290.7 401.7 0.570047 0.570047 0 friendship 0
friendship_friendship_friendship 1756184911416 360 215 touchmove 307.0 401.5 0.794682 0.794682 0 friendship 0
friendship_friendship_friendship 1756184911433 360 215 touchmove 319.9 401.1 0.709492 0.709492 0 friendship 0
friendship_friendship_friendship 1756184911449 360 215 touchmove 328.2 401.2 0.634057 0.634057 0 friendship 0
friendship_friendship_friendship 1756184911466 360 215 touchmove 332.1 400.7 0.548152 0.548152 0 friendship 0
friendship_friendship_friendship 1756184911483 360 215 touchmove 331.5 400.1 0.760890 0.760890 0 friendship 0
friendship_friendship_friendship 1756184911500 360 215 touchmove 325.9 400.3 0.665338 0.665338 0 friendship 0
friendship_friendship_friendship 1756184911517 360 215 touchmove 315.8 400.2 0.518781 0.518781 0 friendship 0
friendship_friendship_friendship 1756184911533 360 215 touchmove 300.9 400.4 0.638015 0.638015 0 friendship 0
friendship_friendship_friendship 1756184911550 360 215 touchmove 284.7 400.5 0.542807 0.542807 0 friendship 0
friendship_friendship_friendship 1756184911567 360 215 touchmove 268.3 400.6 0.658596 0.658596 0 friendship 0
friendship_friendship_friendship 1756184911584 360 215 touchmove 252.0 401.1 0.674592 0.674592 0 friendship 0
friendship_friendship_friendship 1756184911601 360 215 touchmove 235.6 401.7 0.626228 0.626228 0 friendship 0
friendship_friendship_friendship 1756184911618 360 215 touchmove 219.5 401.6 0.586073 0.586073 0 friendship 0
friendship_friendship_friendship 1756184911634 360 215 touchmove 203.1 401.5 0.700884 0.700884 0 friendship 0
friendship_friendship_friendship 1756184911651 360 215 touchmove 187.0 401.0 0.536307 0.536307 0 friendship 0
friendship_friendship_friendship 1756184911668 360 215 touchmove 170.7 400.9 0.771031 0.771031 0 friendship 0
friendship_friendship_friendship 1756184911685 360 215 touchmove 154.7 401.0 0.620438 0.620438 0 friendship 0
friendship_friendship_friendship 1756184911702 360 215 touchmove 138.7 400.9 0.657106 0.657106 0 friendship 0
friendship_friendship_friendship 1756184911718 360 215 touchmove 122.5 400.6 0.599656 0.599656 0 friendship 0
friendship_friendship_friendship 1756184911735 360 215 touchmove 106.4 400.4 0.622952 0.622952 0 friendship 0
friendship_friendship_friendship 1756184911752 360 215 touchmove 90.2 400.2 0.635722 0.635722 0 friendship 0
friendship_friendship_friendship 1756184911769 360 215 touchmove 74.1 399.9 0.660564 0.660564 0 friendship 0
friendship_friendship_friendship 1756184911786 360 215 touchmove 58.4 399.3 0.590339 0.590339 0 friendship 0
friendship_friendship_friendship 1756184911802 360 215 touchmove 43.6 399.2 0.522307 0.522307 0 friendship 0
friendship_friendship_friendship 1756184911819 360 215 touchmove 33.2 400.2 0.564085 0.564085 0 friendship 0
friendship_friendship_friendship 1756184911836 360 215 touchmove 27.9 402.2 0.696764 0.696764 0 friendship 0
friendship_friendship_friendship 1756184911853 360 215 touchmove 27.0 405.3 0.652655 0.652655 0 friendship 0
friendship_friendship_friendship 1756184911870 360 215 touchmove 30.7 409.2 0.797790 0.797790 0 friendship 0
friendship_friendship_friendship 1756184911886 360 215 touchmove 38.5 414.7 0.767776 0.767776 0 friendship 0
friendship_friendship_friendship 1756184911903 360 215 touchmove 50.7 420.8 0.777835 0.777835 0 friendship 0
friendship_friendship_friendship 1756184911920 360 215 touchmove 65.9 426.9 0.515786 0.515786 0 friendship 0
friendship_friendship_friendship 1756184911937 360 215 touchmove 81.6 433.3 0.661155 0.661155 0 friendship 0
friendship_friendship_friendship 1756184911954 360 215 touchmove 96.1 439.6 0.634233 0.634233 0 friendship 0
friendship_friendship_friendship 1756184911970 360 215 touchmove 110.7 445.7 0.715004 0.715004 0 friendship 0
friendship_friendship_friendship 1756184911987 360 215 touchmove 125.2 451.9 0.570308 0.570308 0 friendship 0
friendship_friendship_friendship 1756184912004 360 215 touchmove 139.6 457.8 0.608432 0.608432 0 friendship 0
friendship_friendship_friendship 1756184912021 360 215 touchmove 154.2 464.1 0.665280 0.665280 0 friendship 0
friendship_friendship_friendship 1756184912038 360 215 touchmove 169.0 470.8 0.673616 0.673616 0 friendship 0
friendship_friendship_friendship 1756184912054 360 215 touchmove 183.7 477.3 0.500569 0.500569 0 friendship 0
friendship_friendship_friendship 1756184912071 360 215 touchmove 198.7 483.8 0.507760 0.507760 0 friendship 0
friendship_friendship_friendship 1756184912088 360 215 touchmove 213.5 491.0 0.614219 0.614219 0 friendship 0
friendship_friendship_friendship 1756184912105 360 215 touchmove 228.6 498.0 0.681268 0.681268 0 friendship 0
friendship_friendship_friendship 1756184912122 360 215 touchmove 243.9 505.3 0.626932 0.626932 0 friendship 0
friendship_friendship_friendship 1756184912139 360 215 touchmove 254.4 510.6 0.660924 0.660924 0 friendship 0
friendship_friendship_friendship 1756184912155 360 215 touchmove 260.3 514.1 0.725708 0.725708 0 friendship 0
friendship_friendship_friendship 1756184912172 360 215 touchmove 261.8 516.5 0.737795 0.737795 0 friendship 0
friendship_friendship_friendship 1756184912189 360 215 touchmove 259.2 517.6 0.555376 0.555376 0 friendship 0
friendship_friendship_friendship 1756184912206 360 215 touchmove 252.3 516.7 0.523845 0.523845 0 friendship 0
friendship_friendship_friendship 1756184912223 360 215 touchmove 240.8 514.3 0.746012 0.746012 0 friendship 0
friendship_friendship_friendship 1756184912239 360 215 touchmove 225.3 510.6 0.671658 0.671658 0 friendship 0
friendship_friendship_friendship 1756184912256 360 215 touchmove 209.6 507.0 0.710745 0.710745 0 friendship 0
friendship_friendship_friendship 1756184912273 360 215 touchmove 194.3 503.4 0.714597 0.714597 0 friendship 0
friendship_friendship_friendship 1756184912290 360 215 touchmove 178.8 499.1 0.532594 0.532594 0 friendship 0
friendship_friendship_friendship 1756184912307 360 215 touchmove 162.8 494.7 0.516303 0.516303 0 friendship 0
friendship_friendship_friendship 1756184912323 360 215 touchmove 146.7 490.3 0.664983 0.664983 0 friendship 0
friendship_friendship_friendship 1756184912340 360 215 touchmove 131.0 486.2 0.699541 0.699541 0 friendship 0
friendship_friendship_friendship 1756184912357 360 215 touchmove 114.9 482.1 0.542529 0.542529 0 friendship 0
friendship_friendship_friendship 1756184912374 360 215 touchmove 98.9 478.1 0.641587 0.641587 0 friendship 0
friendship_friendship_friendship 1756184912391 360 215 touchmove 82.9 474.2 0.785679 0.785679 0 friendship 0
friendship_friendship_friendship 1756184912407 360 215 touchmove 67.4 471.2 0.579802 0.579802 0 friendship 0
friendship_friendship_friendship 1756184912424 360 215 touchmove 52.0 468.6 0.658340 0.658340 0 friendship 0
friendship_friendship_friendship 1756184912441 360 215 touchmove 36.6 466.5 0.743251 0.743251 0 friendship 0
friendship_friendship_friendship 1756184912458 360 215 touchmove 20.4 464.7 0.511116 0.511116 0 friendship 0
friendship_friendship_friendship 1756184912475 360 215 touchmove 6.9 463.0 0.652542 0.652542 0 friendship 0
friendship_friendship_friendship 1756184912491 360 215 touchmove -1.9 462.2 0.633259 0.633259 0 friendship 0
friendship_friendship_friendship 1756184912508 360 215 touchmove -6.5 462.2 0.710273 0.710273 0 friendship 0
friendship_friendship_friendship 1756184912525 360 215 touchmove -6.7 462.0 0.549087 0.549087 0 friendship 0
friendship_friendship_friendship 1756184912542 360 215 touchmove -2.4 461.9 0.692904 0.692904 0 friendship 0
friendship_friendship_friendship 1756184912559 360 215 touchmove 6.6 462.1 0.659400 0.659400 0 friendship 0
friendship_friendship_friendship 1756184912575 360 215 touchmove 20.4 462.1 0.621010 0.621010 0 friendship 0
friendship_friendship_friendship 1756184912592 360 215 touchmove 36.1 462.1 0.578757 0.578757 0 friendship 0
friendship_friendship_friendship 1756184912609 360 215 touchmove 51.8 461.6 0.682863 0.682863 0 friendship 0
friendship_friendship_friendship 1756184912626 360 215 touchmove 67.6 461.2 0.677478 0.677478 0 friendship 0
friendship_friendship_friendship 1756184912643 360 215 touchmove 83.6 461.2 0.528669 0.528669 0 friendship 0
friendship_friendship_friendship 1756184912660 360 215 touchmove 100.3 461.4 0.773064 0.773064 0 friendship 0
friendship_friendship_friendship 1756184912676 360 215 touchmove 116.8 461.5 0.718580 0.718580 0 friendship 0
friendship_friendship_friendship 1756184912693 360 215 touchmove 133.3 461.6 0.670290 0.670290 0 friendship 0
friendship_friendship_friendship 1756184912710 360 215 touchmove 150.0 461.9 0.664239 0.664239 0 friendship 0
friendship_friendship_friendship 1756184912727 360 215 touchmove 166.4 462.3 0.636393 0.636393 0 friendship 0
friendship_friendship_friendship 1756184912744 360 215 touchmove 182.7 462.6 0.773733 0.773733 0 friendship 0
friendship_friendship_friendship 1756184912760 360 215 touchmove 198.8 462.8 0.720130 0.720130 0 friendship 0
friendship_friendship_friendship 1756184912777 360 215 touchmove 214.4 462.0 0.609591 0.609591 0 friendship 0
friendship_friendship_friendship 1756184912794 360 215 touchmove 229.5 459.8 0.502069 0.502069 0 friendship 0
friendship_friendship_friendship 1756184912811 360 215 touchmove 244.3 456.4 0.522595 0.522595 0 friendship 0
friendship_friendship_friendship 1756184912828 360 215 touchmove 259.2 452.3 0.638768 0.638768 0 friendship 0
friendship_friendship_friendship 1756184912844 360 215 touchmove 274.0 447.0 0.703865 0.703865 0 friendship 0
friendship_friendship_friendship 1756184912861 360 215 touchmove 288.4 440.5 0.678650 0.678650 0 friendship 0
friendship_friendship_friendship 1756184912878 360 215 touchmove 302.8 432.6 0.778103 0.778103 0 friendship 0
friendship_friendship_friendship 1756184912895 360 215 touchmove 316.6 424.4 0.663531 0.663531 0 friendship 0
friendship_friendship_friendship 1756184912912 360 215 touchmove 330.9 417.6 0.547869 0.547869 0 friendship 0
friendship_friendship_friendship 1756184912928 360 215 touchmove 345.5 412.1 0.626004 0.626004 0 friendship 0
friendship_friendship_friendship 1756184912945 360 215 touchmove 360.3 407.6 0.569561 0.569561 0 friendship 0
friendship_friendship_friendship 1756184912962 360 215 touchmove 375.4 404.3 0.501989 0.501989 0 friendship 0
friendship_friendship_friendship 1756184912979 360 215 touchmove 390.8 401.9 0.710179 0.710179 0 friendship 0
friendship_friendship_friendship 1756184912996 360 215 touchmove 406.7 400.7 0.698826 0.698826 0 friendship 0
friendship_friendship_friendship 1756184913012 360 215 touchmove 422.8 400.4 0.762327 0.762327 0 friendship 0
friendship_friendship_friendship 1756184913029 360 215 touchmove 439.0 400.2 0.570337 0.570337 0 friendship 0
friendship_friendship_friendship 1756184913046 360 215 touchmove 455.6 400.2 0.502350 0.502350 0 friendship 0
friendship_friendship_friendship 1756184913063 360 215 touchmove 471.2 398.2 0.532013 0.532013 0 friendship 0
friendship_friendship_friendship 1756184913080 360 215 touchmove 487.1 399.2 0.743292 0.743292 0 friendship 0
friendship_friendship_friendship 1756184913097 360 215 touchend 504.9 399.5 0.733983 0.733983 0 friendship 0