sentence timestamp keyb_width keyb_height event x_pos y_pos x_radius y_radius angle word is_err
custody_custody_custody 1756184911495 360 215 touchstart 71.3 526.1 0.657822 0.657822 0 custody 0
custody_custody_custody 1756184911511 360 215 touchmove 84.2 518.1 0.558136 0.558136 0 custody 0
custody_custody_custody 1756184911528 360 215 touchmove 97.1 511.0 0.573193 0.573193 0 custody 0
custody_custody_custody 1756184911545 360 215 touchmove 110.3 503.2 0.790801 0.790801 0 custody 0
custody_custody_custody 1756184911562 360 215 touchmove 123.5 495.4 0.696782 0.696782 0 custody 0
custody_custody_custody 1756184911579 360 215 touchmove 136.7 487.8 0.716585 0.716585 0 custody 0
custody_custody_custody 1756184911596 360 215 touchmove 150.1 479.9 0.759075 0.759075 0 custody 0
custody_custody_custody 1756184911612 360 215 touchmove 163.5 472.1 0.512034 0.512034 0 custody 0
custody_custody_custody 1756184911629 360 215 touchmove 177.0 464.1 0.691141 0.691141 0 custody 0
custody_custody_custody 1756184911646 360 215 touchmove 190.3 456.2 0.554083 0.554083 0 custody 0
custody_custody_custody 1756184911663 360 215 touchmove 203.6 448.2 0.515561 0.515561 0 custody 0
custody_custody_custody 1756184911680 360 215 touchmove 216.9 440.6 0.548494 0.548494 0 custody 0
custody_custody_custody 1756184911697 360 215 touchmove 230.2 432.9 0.671162 0.671162 0 custody 0
custody_custody_custody 1756184911714 360 215 touchmove 243.6 425.7 0.561759 0.561759 0 custody 0
custody_custody_custody 1756184911730 360 215 touchmove 254.3 419.6 0.536770 0.536770 0 custody 0
custody_custody_custody 1756184911747 360 215 touchmove 260.7 414.6 0.584830 0.584830 0 custody 0
custody_custody_custody 1756184911764 360 215 touchmove 263.3 411.2 0.787324 0.787324 0 custody 0
custody_custody_custody 1756184911781 360 215 touchmove 261.8 409.3 0.725286 0.725286 0 custody 0
custody_custody_custody 1756184911798 360 215 touchmove 256.1 408.8 0.527472 0.527472 0 custody 0
custody_custody_custody 1756184911815 360 215 touchmove 246.5 409.6 0.639572 0.639572 0 custody 0
custody_custody_custody 1756184911832 360 215 touchmove 232.7 411.6 0.542126 0.542126 0 custody 0
custody_custody_custody 1756184911848 360 215 touchmove 217.8 413.9 0.721930 0.721930 0 custody 0
custody_custody_custody 1756184911865 360 215 touchmove 203.0 416.5 0.757536 0.757536 0 custody 0
custody_custody_custody 1756184911882 360 215 touchmove 188.2 419.3 0.539918 0.539918 0 custody 0
custody_custody_custody 1756184911899 360 215 touchmove 173.6 422.3 0.796771 0.796771 0 custody 0
custody_custody_custody 1756184911916 360 215 touchmove 159.0 425.1 0.735226 0.735226 0 custody 0
custody_custody_custody 1756184911933 360 215 touchmove 144.2 427.9 0.653447 0.653447 0 custody 0
custody_custody_custody 1756184911950 360 215 touchmove 129.2 430.8 0.513324 0.513324 0 custody 0
custody_custody_custody 1756184911966 360 215 touchmove 114.1 433.8 0.570578 0.570578 0 custody 0
custody_custody_custody 1756184911983 360 215 touchmove 99.2 436.8 0.623918 0.623918 0 custody 0
custody_custody_custody 1756184912000 360 215 touchmove 84.2 439.9 0.717602 0.717602 0 custody 0
custody_custody_custody 1756184912017 360 215 touchmove 69.0 442.7 0.551317 0.551317 0 custody 0
custody_custody_custody 1756184912034 360 215 touchmove 53.8 445.3 0.777449 0.777449 0 custody 0
custody_custody_custody 1756184912051 360 215 touchmove 38.7 448.3 0.732944 0.732944 0 custody 0
custody_custody_custody 1756184912067 360 215 touchmove 23.8 451.0 0.616308 0.616308 0 custody 0
custody_custody_custody 1756184912084 360 215 touchmove 9.1 453.7 0.667205 0.667205 0 custody 0
custody_custody_custody 1756184912101 360 215 touchmove -1.4 455.3 0.782295 0.782295 0 custody 0
custody_custody_custody 1756184912118 360 215 touchmove -8.0 455.6 0.670236 0.670236 0 custody 0
custody_custody_custody 1756184912135 360 215 touchmove -10.1 454.9 0.759764 0.759764 0 custody 0
custody_custody_custody 1756184912152 360 215 touchmove -8.2 453.4 0.530965 0.530965 0 custody 0
custody_custody_custody 1756184912169 360 215 touchmove -2.2 450.6 0.536130 0.536130 0 custody 0
custody_custody_custody 1756184912185 360 215 touchmove 8.2 446.8 0.620911 0.620911 0 custody 0
custody_custody_custody 1756184912202 360 215 touchmove 22.4 442.1 0.745529 0.745529 0 custody 0
custody_custody_custody 1756184912219 360 215 touchmove 36.5 437.4 0.704008 0.704008 0 custody 0
custody_custody_custody 1756184912236 360 215 touchmove 50.8 432.6 0.571317 0.571317 0 custody 0
custody_custody_custody 1756184912253 360 215 touchmove 65.2 427.7 0.537134 0.537134 0 custody 0
custody_custody_custody 1756184912270 360 215 touchmove 79.6 422.7 0.634404 0.634404 0 custody 0
custody_custody_custody 1756184912287 360 215 touchmove 94.2 417.6 0.643248 0.643248 0 custody 0
custody_custody_custody 1756184912303 360 215 touchmove 108.8 412.9 0.626495 0.626495 0 custody 0
custody_custody_custody 1756184912320 360 215 touchmove 123.5 409.0 0.751328 0.751328 0 custody 0
custody_custody_custody 1756184912337 360 215 touchmove 138.6 405.5 0.603823 0.603823 0 custody 0
custody_custody_custody 1756184912354 360 215 touchmove 153.8 402.7 0.785857 0.785857 0 custody 0
custody_custody_custody 1756184912371 360 215 touchmove 168.9 400.5 0.549144 0.549144 0 custody 0
custody_custody_custody 1756184912388 360 215 touchmove 184.4 399.1 0.576697 0.576697 0 custody 0
custody_custody_custody 1756184912405 360 215 touchmove 199.7 398.5 0.785959 0.785959 0 custody 0
custody_custody_custody 1756184912421 360 215 touchmove 215.0 398.3 0.516471 0.516471 0 custody 0
custody_custody_custody 1756184912438 360 215 touchmove 230.4 398.2 0.549819 0.549819 0 custody 0
custody_custody_custody 1756184912455 360 215 touchmove 245.5 398.1 0.746736 0.746736 0 custody 0
custody_custody_custody 1756184912472 360 215 touchmove 260.4 398.3 0.524536 0.524536 0 custody 0
custody_custody_custody 1756184912489 360 215 touchmove 275.2 398.5 0.723894 0.723894 0 custody 0
custody_custody_custody 1756184912506 360 215 touchmove 290.0 398.6 0.716951 0.716951 0 custody 0
custody_custody_custody 1756184912522 360 215 touchmove 305.1 398.8 0.571007 0.571007 0 custody 0
custody_custody_custody 1756184912539 360 215 touchmove 320.2 398.7 0.687691 0.687691 0 custody 0
custody_custody_custody 1756184912556 360 215 touchmove 335.4 398.5 0.792378 0.792378 0 custody 0
custody_custody_custody 1756184912573 360 215 touchmove 350.9 398.5 0.615784 0.615784 0 custody 0
custody_custody_custody 1756184912590 360 215 touchmove 366.3 398.6 0.711335 0.711335 0 custody 0
custody_custody_custody 1756184912607 360 215 touchmove 381.9 398.8 0.719617 0.719617 0 custody 0
custody_custody_custody 1756184912624 360 215 touchmove 394.3 399.1 0.614118 0.614118 0 custody 0
custody_custody_custody 1756184912640 360 215 touchmove 402.5 399.5 0.725628 0.725628 0 custody 0
custody_custody_custody 1756184912657 360 215 touchmove 406.4 400.6 0.702285 0.702285 0 custody 0
custody_custody_custody 1756184912674 360 215 touchmove 405.9 402.2 0.500202 0.500202 0 custody 0
custody_custody_custody 1756184912691 360 215 touchmove 400.8 404.0 0.571282 0.571282 0 custody 0
custody_custody_custody 1756184912708 360 215 touchmove 391.2 406.0 0.674401 0.674401 0 custody 0
custody_custody_custody 1756184912725 360 215 touchmove 377.0 408.4 0.578303 0.578303 0 custody 0
custody_custody_custody 1756184912742 360 215 touchmove 361.7 411.0 0.520519 0.520519 0 custody 0
custody_custody_custody 1756184912758 360 215 touchmove 346.3 413.7 0.636999 0.636999 0 custody 0
custody_custody_custody 1756184912775 360 215 touchmove 330.9 416.4 0.641640 0.641640 0 custody 0
custody_custody_custody 1756184912792 360 215 touchmove 315.3 418.8 0.680835 0.680835 0 custody 0
custody_custody_custody 1756184912809 360 215 touchmove 300.0 421.2 0.694527 0.694527 0 custody 0
custody_custody_custody 1756184912826 360 215 touchmove 284.9 423.8 0.662317 0.662317 0 custody 0
custody_custody_custody 1756184912843 360 215 touchmove 270.0 426.4 0.740341 0.740341 0 custody 0
custody_custody_custody 1756184912860 360 215 touchmove 255.2 429.1 0.690816 0.690816 0 custody 0
custody_custody_custody 1756184912876 360 215 touchmove 240.2 431.5 0.759139 0.759139 0 custody 0
custody_custody_custody 1756184912893 360 215 touchmove 225.2 433.8 0.740008 0.740008 0 custody 0
custody_custody_custody 1756184912910 360 215 touchmove 209.9 435.9 0.743833 0.743833 0 custody 0
custody_custody_custody 1756184912927 360 215 touchmove 194.7 438.2 0.615908 0.615908 0 custody 0
custody_custody_custody 1756184912944 360 215 touchmove 179.5 440.4 0.733553 0.733553 0 custody 0
custody_custody_custody 1756184912961 360 215 touchmove 164.5 442.5 0.783626 0.783626 0 custody 0
custody_custody_custody 1756184912977 360 215 touchmove 149.4 444.4 0.766027 0.766027 0 custody 0
custody_custody_custody 1756184912994 360 215 touchmove 134.4 446.4 0.568139 0.568139 0 custody 0
custody_custody_custody 1756184913011 360 215 touchmove 119.5 448.4 0.739593 0.739593 0 custody 0
custody_custody_custody 1756184913028 360 215 touchmove 104.8 450.9 0.687222 0.687222 0 custody 0
custody_custody_custody 1756184913045 360 215 touchmove 90.3 453.5 0.776307 0.776307 0 custody 0
custody_custody_custody 1756184913062 360 215 touchmove 77.5 455.4 0.669699 0.669699 0 custody 0
custody_custody_custody 1756184913079 360 215 touchmove 68.5 456.2 0.651038 0.651038 0 custody 0
custody_custody_custody 1756184913095 360 215 touchmove 63.5 455.9 0.595796 0.595796 0 custody 0
custody_custody_custody 1756184913112 360 215 touchmove 62.8 454.9 0.686652 0.686652 0 custody 0
custody_custody_custody 1756184913129 360 215 touchmove 66.4 452.7 0.703592 0.703592 0 custody 0
custody_custody_custody 1756184913146 360 215 touchmove 74.2 449.1 0.711659 0.711659 0 custody 0
custody_custody_custody 1756184913163 360 215 touchmove 85.9 444.3 0.755124 0.755124 0 custody 0
custody_custody_custody 1756184913180 360 215 touchmove 100.1 439.4 0.532400 0.532400 0 custody 0
custody_custody_custody 1756184913197 360 215 touchmove 114.8 434.6 0.612889 0.612889 0 custody 0
custody_custody_custody 1756184913213 360 215 touchmove 129.8 429.5 0.640695 0.640695 0 custody 0
custody_custody_custody 1756184913230 360 215 touchmove 144.5 424.2 0.609149 0.609149 0 custody 0
custody_custody_custody 1756184913247 360 215 touchmove 159.0 419.1 0.528812 0.528812 0 custody 0
custody_custody_custody 1756184913264 360 215 touchmove 173.5 414.2 0.743640 0.743640 0 custody 0
custody_custody_custody 1756184913281 360 215 touchmove 188.6 407.5 0.524112 0.524112 0 custody 0
custody_custody_custody 1756184913298 360 215 touchmove 202.0 403.6 0.556281 0.556281 0 custody 0
custody_custody_custody 1756184913315 360 215 touchend 216.5 399.3 0.537360 0.537360 0 custody 0