sentence timestamp keyb_width keyb_height event x_pos y_pos x_radius y_radius angle word is_err
eternal_eternal_eternal 1756184913751 360 215 touchstart 0.8 400.0 0.606822 0.606822 0 eternal 0
eternal_eternal_eternal 1756184913767 360 215 touchmove 15.9 400.0 0.698622 0.698622 0 eternal 0
eternal_eternal_eternal 1756184913784 360 215 touchmove 29.8 400.1 0.794153 0.794153 0 eternal 0
eternal_eternal_eternal 1756184913801 360 215 touchmove 44.8 401.1 0.769528 0.769528 0 eternal 0
eternal_eternal_eternal 1756184913818 360 215 touchmove 59.4 401.3 0.794672 0.794672 0 eternal 0
eternal_eternal_eternal 1756184913835 360 215 touchmove 74.0 401.5 0.554847 0.554847 0 eternal 0
eternal_eternal_eternal 1756184913852 360 215 touchmove 88.6 401.6 0.659200 0.659200 0 eternal 0
eternal_eternal_eternal 1756184913868 360 215 touchmove 102.4 401.5 0.746967 0.746967 0 eternal 0
eternal_eternal_eternal 1756184913885 360 215 touchmove 111.9 401.2 0.595873 0.595873 0 eternal 0
eternal_eternal_eternal 1756184913902 360 215 touchmove 117.2 401.2 0.614235 0.614235 0 eternal 0
eternal_eternal_eternal 1756184913919 360 215 touchmove 118.3 401.3 0.505526 0.505526 0 eternal 0
eternal_eternal_eternal 1756184913936 360 215 touchmove 115.2 401.2 0.605167 0.605167 0 eternal 0
eternal_eternal_eternal 1756184913953 360 215 touchmove 108.1 400.9 0.627183 0.627183 0 eternal 0
eternal_eternal_eternal 1756184913970 360 215 touchmove 96.9 400.9 0.614186 0.614186 0 eternal 0
eternal_eternal_eternal 1756184913986 360 215 touchmove 82.3 400.8 0.560184 0.560184 0 eternal 0
eternal_eternal_eternal 1756184914003 360 215 touchmove 67.8 400.9 0.604927 0.604927 0 eternal 0
eternal_eternal_eternal 1756184914020 360 215 touchmove 53.1 400.7 0.780263 0.780263 0 eternal 0
eternal_eternal_eternal 1756184914037 360 215 touchmove 40.2 400.3 0.725450 0.725450 0 eternal 0
eternal_eternal_eternal 1756184914054 360 215 touchmove 31.5 400.1 0.644120 0.644120 0 eternal 0
eternal_eternal_eternal 1756184914071 360 215 touchmove 26.6 400.0 0.785198 0.785198 0 eternal 0
eternal_eternal_eternal 1756184914088 360 215 touchmove 25.9 399.8 0.539074 0.539074 0 eternal 0
eternal_eternal_eternal 1756184914104 360 215 touchmove 29.6 399.7 0.544742 0.544742 0 eternal 0
eternal_eternal_eternal 1756184914121 360 215 touchmove 37.3 400.1 0.757062 0.757062 0 eternal 0
eternal_eternal_eternal 1756184914138 360 215 touchmove 48.8 401.9 0.637794 0.637794 0 eternal 0
eternal_eternal_eternal 1756184914155 360 215 touchmove 62.7 404.7 0.788800 0.788800 0 eternal 0
eternal_eternal_eternal 1756184914172 360 215 touchmove 76.5 408.4 0.536772 0.536772 0 eternal 0
eternal_eternal_eternal 1756184914189 360 215 touchmove 90.1 413.3 0.649361 0.649361 0 eternal 0
eternal_eternal_eternal 1756184914206 360 215 touchmove 103.4 419.3 0.715483 0.715483 0 eternal 0
eternal_eternal_eternal 1756184914222 360 215 touchmove 116.2 426.2 0.782237 0.782237 0 eternal 0
eternal_eternal_eternal 1756184914239 360 215 touchmove 128.8 433.4 0.543343 0.543343 0 eternal 0
eternal_eternal_eternal 1756184914256 360 215 touchmove 141.7 440.5 0.672071 0.672071 0 eternal 0
eternal_eternal_eternal 1756184914273 360 215 touchmove 154.6 447.9 0.561738 0.561738 0 eternal 0
eternal_eternal_eternal 1756184914290 360 215 touchmove 167.3 455.6 0.533306 0.533306 0 eternal 0
eternal_eternal_eternal 1756184914307 360 215 touchmove 180.0 463.3 0.766346 0.766346 0 eternal 0
eternal_eternal_eternal 1756184914323 360 215 touchmove 192.5 470.9 0.590248 0.590248 0 eternal 0
eternal_eternal_eternal 1756184914340 360 215 touchmove 205.4 478.4 0.676660 0.676660 0 eternal 0
eternal_eternal_eternal 1756184914357 360 215 touchmove 218.2 485.8 0.583778 0.583778 0 eternal 0
eternal_eternal_eternal 1756184914374 360 215 touchmove 231.0 493.1 0.727394 0.727394 0 eternal 0
eternal_eternal_eternal 1756184914391 360 215 touchmove 243.8 500.3 0.760167 0.760167 0 eternal 0
eternal_eternal_eternal 1756184914408 360 215 touchmove 254.7 506.4 0.578000 0.578000 0 eternal 0
eternal_eternal_eternal 1756184914425 360 215 touchmove 261.6 511.2 0.667206 0.667206 0 eternal 0
eternal_eternal_eternal 1756184914441 360 215 touchmove 265.1 514.9 0.540453 0.540453 0 eternal 0
eternal_eternal_eternal 1756184914458 360 215 touchmove 264.3 517.4 0.518468 0.518468 0 eternal 0
eternal_eternal_eternal 1756184914475 360 215 touchmove 259.7 518.6 0.766827 0.766827 0 eternal 0
eternal_eternal_eternal 1756184914492 360 215 touchmove 251.3 518.4 0.645028 0.645028 0 eternal 0
eternal_eternal_eternal 1756184914509 360 215 touchmove 238.8 516.8 0.740006 0.740006 0 eternal 0
eternal_eternal_eternal 1756184914526 360 215 touchmove 224.1 514.8 0.607632 0.607632 0 eternal 0
eternal_eternal_eternal 1756184914543 360 215 touchmove 209.4 512.7 0.619198 0.619198 0 eternal 0
eternal_eternal_eternal 1756184914559 360 215 touchmove 194.6 510.4 0.652915 0.652915 0 eternal 0
eternal_eternal_eternal 1756184914576 360 215 touchmove 179.8 508.2 0.773460 0.773460 0 eternal 0
eternal_eternal_eternal 1756184914593 360 215 touchmove 164.8 505.9 0.684285 0.684285 0 eternal 0
eternal_eternal_eternal 1756184914610 360 215 touchmove 149.8 503.6 0.536298 0.536298 0 eternal 0
eternal_eternal_eternal 1756184914627 360 215 touchmove 134.9 501.5 0.551553 0.551553 0 eternal 0
eternal_eternal_eternal 1756184914644 360 215 touchmove 120.3 499.3 0.709594 0.709594 0 eternal 0
eternal_eternal_eternal 1756184914661 360 215 touchmove 105.6 497.2 0.522477 0.522477 0 eternal 0
eternal_eternal_eternal 1756184914677 360 215 touchmove 90.9 494.9 0.791743 0.791743 0 eternal 0
eternal_eternal_eternal 1756184914694 360 215 touchmove 76.4 492.7 0.712998 0.712998 0 eternal 0
eternal_eternal_eternal 1756184914711 360 215 touchmove 62.1 490.5 0.738594 0.738594 0 eternal 0
eternal_eternal_eternal 1756184914728 360 215 touchmove 47.6 488.1 0.516452 0.516452 0 eternal 0
eternal_eternal_eternal 1756184914745 360 215 touchmove 33.3 485.4 0.774051 0.774051 0 eternal 0
eternal_eternal_eternal 1756184914762 360 215 touchmove 18.8 482.9 0.792328 0.792328 0 eternal 0
eternal_eternal_eternal 1756184914778 360 215 touchmove 4.5 480.5 0.701679 0.701679 0 eternal 0
eternal_eternal_eternal 1756184914795 360 215 touchmove -9.4 478.0 0.731922 0.731922 0 eternal 0
eternal_eternal_eternal 1756184914812 360 215 touchmove -23.5 475.1 0.588511 0.588511 0 eternal 0
eternal_eternal_eternal 1756184914829 360 215 touchmove -37.9 472.6 0.693575 0.693575 0 eternal 0
eternal_eternal_eternal 1756184914846 360 215 touchmove -52.5 470.2 0.624204 0.624204 0 eternal 0
eternal_eternal_eternal 1756184914863 360 215 touchmove -66.0 467.9 0.545353 0.545353 0 eternal 0
eternal_eternal_eternal 1756184914880 360 215 touchmove -75.3 466.0 0.763504 0.763504 0 eternal 0
eternal_eternal_eternal 1756184914896 360 215 touchmove -80.6 464.3 0.783078 0.783078 0 eternal 0
eternal_eternal_eternal 1756184914913 360 215 touchmove -81.9 463.0 0.603737 0.603737 0 eternal 0
eternal_eternal_eternal 1756184914930 360 215 touchmove -78.9 462.4 0.724806 0.724806 0 eternal 0
eternal_eternal_eternal 1756184914947 360 215 touchmove -71.5 461.9 0.748431 0.748431 0 eternal 0
eternal_eternal_eternal 1756184914964 360 215 touchmove -59.9 461.8 0.697580 0.697580 0 eternal 0
eternal_eternal_eternal 1756184914981 360 215 touchmove -45.2 461.6 0.760243 0.760243 0 eternal 0
eternal_eternal_eternal 1756184914998 360 215 touchmove -30.5 461.3 0.793177 0.793177 0 eternal 0
eternal_eternal_eternal 1756184915014 360 215 touchmove -15.6 461.0 0.634986 0.634986 0 eternal 0
eternal_eternal_eternal 1756184915031 360 215 touchmove -0.9 460.8 0.539477 0.539477 0 eternal 0
eternal_eternal_eternal 1756184915048 360 215 touchmove 13.7 460.7 0.687343 0.687343 0 eternal 0
eternal_eternal_eternal 1756184915065 360 215 touchmove 28.2 460.6 0.739325 0.739325 0 eternal 0
eternal_eternal_eternal 1756184915082 360 215 touchmove 43.1 460.1 0.523770 0.523770 0 eternal 0
eternal_eternal_eternal 1756184915099 360 215 touchmove 58.0 460.2 0.726464 0.726464 0 eternal 0
eternal_eternal_eternal 1756184915116 360 215 touchmove 72.7 460.3 0.542316 0.542316 0 eternal 0
eternal_eternal_eternal 1756184915132 360 215 touchmove 87.5 460.9 0.508310 0.508310 0 eternal 0
eternal_eternal_eternal 1756184915149 360 215 touchmove 102.5 461.0 0.674557 0.674557 0 eternal 0
eternal_eternal_eternal 1756184915166 360 215 touchmove 117.2 461.1 0.743793 0.743793 0 eternal 0
eternal_eternal_eternal 1756184915183 360 215 touchmove 131.9 461.1 0.687759 0.687759 0 eternal 0
eternal_eternal_eternal 1756184915200 360 215 touchmove 146.5 461.4 0.607469 0.607469 0 eternal 0
eternal_eternal_eternal 1756184915217 360 215 touchmove 161.0 461.5 0.559131 0.559131 0 eternal 0
eternal_eternal_eternal 1756184915233 360 215 touchmove 175.8 461.4 0.528985 0.528985 0 eternal 0
eternal_eternal_eternal 1756184915250 360 215 touchmove 190.4 461.4 0.673334 0.673334 0 eternal 0
eternal_eternal_eternal 1756184915267 360 215 touchmove 204.8 461.6 0.725926 0.725926 0 eternal 0
eternal_eternal_eternal 1756184915284 360 215 touchmove 219.2 461.8 0.509157 0.509157 0 eternal 0
eternal_eternal_eternal 1756184915301 360 215 touchmove 233.8 462.5 0.703582 0.703582 0 eternal 0
eternal_eternal_eternal 1756184915318 360 215 touchmove 248.3 463.1 0.553716 0.553716 0 eternal 0
eternal_eternal_eternal 1756184915335 360 215 touchmove 263.0 463.4 0.777986 0.777986 0 eternal 0
eternal_eternal_eternal 1756184915351 360 215 touchmove 277.5 463.8 0.777196 0.777196 0 eternal 0
eternal_eternal_eternal 1756184915368 360 215 touchmove 291.9 463.9 0.595896 0.595896 0 eternal 0
eternal_eternal_eternal 1756184915385 360 215 touchmove 306.4 463.7 0.545676 0.545676 0 eternal 0
eternal_eternal_eternal 1756184915402 360 215 touchmove 321.1 463.4 0.647854 0.647854 0 eternal 0
eternal_eternal_eternal 1756184915419 360 215 touchmove 335.9 463.0 0.617536 0.617536 0 eternal 0
eternal_eternal_eternal 1756184915436 360 215 touchmove 350.5 462.4 0.549235 0.549235 0 eternal 0
eternal_eternal_eternal 1756184915453 360 215 touchmove 365.0 462.3 0.675449 0.675449 0 eternal 0
eternal_eternal_eternal 1756184915469 360 215 touchmove 379.7 462.0 0.596446 0.596446 0 eternal 0
eternal_eternal_eternal 1756184915486 360 215 touchmove 394.6 461.9 0.696112 0.696112 0 eternal 0
eternal_eternal_eternal 1756184915503 360 215 touchmove 409.5 462.3 0.629356 0.629356 0 eternal 0
eternal_eternal_eternal 1756184915520 360 215 touchmove 424.4 462.5 0.654470 0.654470 0 eternal 0
eternal_eternal_eternal 1756184915537 360 215 touchmove 439.6 462.8 0.565922 0.565922 0 eternal 0
eternal_eternal_eternal 1756184915554 360 215 touchmove 454.3 464.2 0.500628 0.500628 0 eternal 0
eternal_eternal_eternal 1756184915571 360 215 touchend 469.3 463.6 0.584747 0.584747 0 eternal 0