sentence timestamp keyb_width keyb_height event x_pos y_pos x_radius y_radius angle word is_err
hollywood_hollywood_hollywood 1756184909918 360 215 touchstart 252.9 462.3 0.535595 0.535595 0 hollywood 0
hollywood_hollywood_hollywood 1756184909934 360 215 touchmove 264.5 458.4 0.566846 0.566846 0 hollywood 0
hollywood_hollywood_hollywood 1756184909951 360 215 touchmove 274.9 453.3 0.723671 0.723671 0 hollywood 0
hollywood_hollywood_hollywood 1756184909968 360 215 touchmove 287.0 448.7 0.586134 0.586134 0 hollywood 0
hollywood_hollywood_hollywood 1756184909985 360 215 touchmove 298.5 444.3 0.505606 0.505606 0 hollywood 0
hollywood_hollywood_hollywood 1756184910002 360 215 touchmove 309.8 439.8 0.504645 0.504645 0 hollywood 0
hollywood_hollywood_hollywood 1756184910019 360 215 touchmove 321.3 435.8 0.698270 0.698270 0 hollywood 0
hollywood_hollywood_hollywood 1756184910035 360 215 touchmove 332.9 431.8 0.544552 0.544552 0 hollywood 0
hollywood_hollywood_hollywood 1756184910052 360 215 touchmove 344.7 427.8 0.735616 0.735616 0 hollywood 0
hollywood_hollywood_hollywood 1756184910069 360 215 touchmove 356.4 424.4 0.513690 0.513690 0 hollywood 0
hollywood_hollywood_hollywood 1756184910086 360 215 touchmove 368.3 420.8 0.755307 0.755307 0 hollywood 0
hollywood_hollywood_hollywood 1756184910103 360 215 touchmove 380.2 417.2 0.750593 0.750593 0 hollywood 0
hollywood_hollywood_hollywood 1756184910120 360 215 touchmove 392.2 413.8 0.754361 0.754361 0 hollywood 0
hollywood_hollywood_hollywood 1756184910136 360 215 touchmove 403.7 411.1 0.584544 0.584544 0 hollywood 0
hollywood_hollywood_hollywood 1756184910153 360 215 touchmove 414.1 410.6 0.625819 0.625819 0 hollywood 0
hollywood_hollywood_hollywood 1756184910170 360 215 touchmove 423.6 411.9 0.702547 0.702547 0 hollywood 0
hollywood_hollywood_hollywood 1756184910187 360 215 touchmove 432.3 415.4 0.607389 0.607389 0 hollywood 0
hollywood_hollywood_hollywood 1756184910204 360 215 touchmove 440.4 420.9 0.633165 0.633165 0 hollywood 0
hollywood_hollywood_hollywood 1756184910221 360 215 touchmove 447.5 428.5 0.792609 0.792609 0 hollywood 0
hollywood_hollywood_hollywood 1756184910237 360 215 touchmove 451.8 436.7 0.791018 0.791018 0 hollywood 0
hollywood_hollywood_hollywood 1756184910254 360 215 touchmove 453.4 444.1 0.668519 0.668519 0 hollywood 0
hollywood_hollywood_hollywood 1756184910271 360 215 touchmove 452.5 449.8 0.629593 0.629593 0 hollywood 0
hollywood_hollywood_hollywood 1756184910288 360 215 touchmove 448.9 453.3 0.571092 0.571092 0 hollywood 0
hollywood_hollywood_hollywood 1756184910305 360 215 touchmove 443.0 454.9 0.667854 0.667854 0 hollywood 0
hollywood_hollywood_hollywood 1756184910322 360 215 touchmove 434.4 454.3 0.705850 0.705850 0 hollywood 0
hollywood_hollywood_hollywood 1756184910338 360 215 touchmove 423.1 452.0 0.652607 0.652607 0 hollywood 0
hollywood_hollywood_hollywood 1756184910355 360 215 touchmove 411.3 449.0 0.562123 0.562123 0 hollywood 0
hollywood_hollywood_hollywood 1756184910372 360 215 touchmove 399.3 445.9 0.756045 0.756045 0 hollywood 0
hollywood_hollywood_hollywood 1756184910389 360 215 touchmove 387.4 442.6 0.679738 0.679738 0 hollywood 0
hollywood_hollywood_hollywood 1756184910406 360 215 touchmove 375.3 439.8 0.528222 0.528222 0 hollywood 0
hollywood_hollywood_hollywood 1756184910423 360 215 touchmove 363.0 437.0 0.582949 0.582949 0 hollywood 0
hollywood_hollywood_hollywood 1756184910439 360 215 touchmove 350.8 434.7 0.722539 0.722539 0 hollywood 0
hollywood_hollywood_hollywood 1756184910456 360 215 touchmove 338.8 431.9 0.746208 0.746208 0 hollywood 0
hollywood_hollywood_hollywood 1756184910473 360 215 touchmove 326.7 429.4 0.751203 0.751203 0 hollywood 0
hollywood_hollywood_hollywood 1756184910490 360 215 touchmove 314.8 426.6 0.741148 0.741148 0 hollywood 0
hollywood_hollywood_hollywood 1756184910507 360 215 touchmove 303.0 423.7 0.767820 0.767820 0 hollywood 0
hollywood_hollywood_hollywood 1756184910524 360 215 touchmove 291.3 420.5 0.553680 0.553680 0 hollywood 0
hollywood_hollywood_hollywood 1756184910540 360 215 touchmove 279.6 417.2 0.676768 0.676768 0 hollywood 0
hollywood_hollywood_hollywood 1756184910557 360 215 touchmove 267.7 413.6 0.715824 0.715824 0 hollywood 0
hollywood_hollywood_hollywood 1756184910574 360 215 touchmove 255.7 410.3 0.695292 0.695292 0 hollywood 0
hollywood_hollywood_hollywood 1756184910591 360 215 touchmove 243.6 407.1 0.764169 0.764169 0 hollywood 0
hollywood_hollywood_hollywood 1756184910608 360 215 touchmove 231.3 404.9 0.529040 0.529040 0 hollywood 0
hollywood_hollywood_hollywood 1756184910625 360 215 touchmove 218.7 403.2 0.700313 0.700313 0 hollywood 0
hollywood_hollywood_hollywood 1756184910641 360 215 touchmove 206.3 402.1 0.553139 0.553139 0 hollywood 0
hollywood_hollywood_hollywood 1756184910658 360 215 touchmove 194.2 401.0 0.741368 0.741368 0 hollywood 0
hollywood_hollywood_hollywood 1756184910675 360 215 touchmove 182.1 400.5 0.509142 0.509142 0 hollywood 0
hollywood_hollywood_hollywood 1756184910692 360 215 touchmove 170.0 400.5 0.700869 0.700869 0 hollywood 0
hollywood_hollywood_hollywood 1756184910709 360 215 touchmove 157.8 400.6 0.764928 0.764928 0 hollywood 0
hollywood_hollywood_hollywood 1756184910726 360 215 touchmove 145.6 400.5 0.631601 0.631601 0 hollywood 0
hollywood_hollywood_hollywood 1756184910742 360 215 touchmove 133.6 400.3 0.518473 0.518473 0 hollywood 0
hollywood_hollywood_hollywood 1756184910759 360 215 touchmove 121.4 399.9 0.597153 0.597153 0 hollywood 0
hollywood_hollywood_hollywood 1756184910776 360 215 touchmove 108.8 399.9 0.737120 0.737120 0 hollywood 0
hollywood_hollywood_hollywood 1756184910793 360 215 touchmove 96.2 399.8 0.566860 0.566860 0 hollywood 0
hollywood_hollywood_hollywood 1756184910810 360 215 touchmove 83.8 399.5 0.621552 0.621552 0 hollywood 0
hollywood_hollywood_hollywood 1756184910827 360 215 touchmove 71.6 399.2 0.584748 0.584748 0 hollywood 0
hollywood_hollywood_hollywood 1756184910843 360 215 touchmove 59.4 399.0 0.668759 0.668759 0 hollywood 0
hollywood_hollywood_hollywood 1756184910860 360 215 touchmove 47.0 398.9 0.761417 0.761417 0 hollywood 0
hollywood_hollywood_hollywood 1756184910877 360 215 touchmove 34.6 398.8 0.511427 0.511427 0 hollywood 0
hollywood_hollywood_hollywood 1756184910894 360 215 touchmove 22.4 398.8 0.751420 0.751420 0 hollywood 0
hollywood_hollywood_hollywood 1756184910911 360 215 touchmove 10.2 398.7 0.519835 0.519835 0 hollywood 0
hollywood_hollywood_hollywood 1756184910928 360 215 touchmove -2.4 398.9 0.588011 0.588011 0 hollywood 0
hollywood_hollywood_hollywood 1756184910944 360 215 touchmove -14.8 399.2 0.574291 0.574291 0 hollywood 0
hollywood_hollywood_hollywood 1756184910961 360 215 touchmove -27.2 399.6 0.690511 0.690511 0 hollywood 0
hollywood_hollywood_hollywood 1756184910978 360 215 touchmove -38.7 399.9 0.658229 0.658229 0 hollywood 0
hollywood_hollywood_hollywood 1756184910995 360 215 touchmove -46.6 400.1 0.794273 0.794273 0 hollywood 0
hollywood_hollywood_hollywood 1756184911012 360 215 touchmove -50.8 400.4 0.538706 0.538706 0 hollywood 0
hollywood_hollywood_hollywood 1756184911029 360 215 touchmove -51.5 400.7 0.506193 0.506193 0 hollywood 0
hollywood_hollywood_hollywood 1756184911045 360 215 touchmove -48.4 400.8 0.619692 0.619692 0 hollywood 0
hollywood_hollywood_hollywood 1756184911062 360 215 touchmove -42.0 400.8 0.532220 0.532220 0 hollywood 0
hollywood_hollywood_hollywood 1756184911079 360 215 touchmove -32.1 400.4 0.569660 0.569660 0 hollywood 0
hollywood_hollywood_hollywood 1756184911096 360 215 touchmove -19.5 400.3 0.735178 0.735178 0 hollywood 0
hollywood_hollywood_hollywood 1756184911113 360 215 touchmove -6.9 400.2 0.694462 0.694462 0 hollywood 0
hollywood_hollywood_hollywood 1756184911130 360 215 touchmove 5.3 400.1 0.777292 0.777292 0 hollywood 0
hollywood_hollywood_hollywood 1756184911146 360 215 touchmove 17.9 399.8 0.774302 0.774302 0 hollywood 0
hollywood_hollywood_hollywood 1756184911163 360 215 touchmove 30.4 399.6 0.784678 0.784678 0 hollywood 0
hollywood_hollywood_hollywood 1756184911180 360 215 touchmove 42.8 399.3 0.631677 0.631677 0 hollywood 0
hollywood_hollywood_hollywood 1756184911197 360 215 touchmove 55.2 399.2 0.793146 0.793146 0 hollywood 0
hollywood_hollywood_hollywood 1756184911214 360 215 touchmove 67.7 399.1 0.576282 0.576282 0 hollywood 0
hollywood_hollywood_hollywood 1756184911231 360 215 touchmove 80.0 398.8 0.798392 0.798392 0 hollywood 0
hollywood_hollywood_hollywood 1756184911247 360 215 touchmove 92.5 398.7 0.654339 0.654339 0 hollywood 0
hollywood_hollywood_hollywood 1756184911264 360 215 touchmove 104.7 398.7 0.763469 0.763469 0 hollywood 0
hollywood_hollywood_hollywood 1756184911281 360 215 touchmove 116.8 398.8 0.551274 0.551274 0 hollywood 0
hollywood_hollywood_hollywood 1756184911298 360 215 touchmove 128.8 399.1 0.503896 0.503896 0 hollywood 0
hollywood_hollywood_hollywood 1756184911315 360 215 touchmove 140.9 399.1 0.644283 0.644283 0 hollywood 0
hollywood_hollywood_hollywood 1756184911332 360 215 touchmove 153.1 399.3 0.596807 0.596807 0 hollywood 0
hollywood_hollywood_hollywood 1756184911348 360 215 touchmove 165.4 399.5 0.625885 0.625885 0 hollywood 0
hollywood_hollywood_hollywood 1756184911365 360 215 touchmove 177.7 399.5 0.593944 0.593944 0 hollywood 0
hollywood_hollywood_hollywood 1756184911382 360 215 touchmove 190.1 399.6 0.654199 0.654199 0 hollywood 0
hollywood_hollywood_hollywood 1756184911399 360 215 touchmove 202.5 399.4 0.777277 0.777277 0 hollywood 0
hollywood_hollywood_hollywood 1756184911416 360 215 touchmove 215.0 399.0 0.793814 0.793814 0 hollywood 0
hollywood_hollywood_hollywood 1756184911433 360 215 touchmove 227.2 398.7 0.588739 0.588739 0 hollywood 0
hollywood_hollywood_hollywood 1756184911449 360 215 touchmove 239.2 398.2 0.530724 0.530724 0 hollywood 0
hollywood_hollywood_hollywood 1756184911466 360 215 touchmove 251.4 397.9 0.659018 0.659018 0 hollywood 0
hollywood_hollywood_hollywood 1756184911483 360 215 touchmove 263.7 397.7 0.516451 0.516451 0 hollywood 0
hollywood_hollywood_hollywood 1756184911500 360 215 touchmove 276.0 397.7 0.701469 0.701469 0 hollywood 0
hollywood_hollywood_hollywood 1756184911517 360 215 touchmove 288.5 397.7 0.519689 0.519689 0 hollywood 0
hollywood_hollywood_hollywood 1756184911534 360 215 touchmove 300.8 397.9 0.585903 0.585903 0 hollywood 0
hollywood_hollywood_hollywood 1756184911550 360 215 touchmove 313.5 398.3 0.580652 0.580652 0 hollywood 0
hollywood_hollywood_hollywood 1756184911567 360 215 touchmove 326.4 398.8 0.555125 0.555125 0 hollywood 0
hollywood_hollywood_hollywood 1756184911584 360 215 touchmove 339.1 399.2 0.702787 0.702787 0 hollywood 0
hollywood_hollywood_hollywood 1756184911601 360 215 touchmove 351.7 399.4 0.542653 0.542653 0 hollywood 0
hollywood_hollywood_hollywood 1756184911618 360 215 touchmove 364.2 399.7 0.726727 0.726727 0 hollywood 0
hollywood_hollywood_hollywood 1756184911635 360 215 touchmove 376.8 399.8 0.575564 0.575564 0 hollywood 0
hollywood_hollywood_hollywood 1756184911651 360 215 touchmove 389.5 400.0 0.673986 0.673986 0 hollywood 0
hollywood_hollywood_hollywood 1756184911668 360 215 touchmove 400.2 400.3 0.703328 0.703328 0 hollywood 0
hollywood_hollywood_hollywood 1756184911685 360 215 touchmove 407.5 400.8 0.509872 0.509872 0 hollywood 0
hollywood_hollywood_hollywood 1756184911702 360 215 touchmove 410.9 401.6 0.567716 0.567716 0 hollywood 0
hollywood_hollywood_hollywood 1756184911719 360 215 touchmove 410.9 402.9 0.738339 0.738339 0 hollywood 0
hollywood_hollywood_hollywood 1756184911736 360 215 touchmove 407.3 404.3 0.613920 0.613920 0 hollywood 0
hollywood_hollywood_hollywood 1756184911752 360 215 touchmove 400.1 406.3 0.666748 0.666748 0 hollywood 0
hollywood_hollywood_hollywood 1756184911769 360 215 touchmove 389.3 408.3 0.782378 0.782378 0 hollywood 0
hollywood_hollywood_hollywood 1756184911786 360 215 touchmove 376.9 410.4 0.564214 0.564214 0 hollywood 0
hollywood_hollywood_hollywood 1756184911803 360 215 touchmove 364.7 412.6 0.502864 0.502864 0 hollywood 0
hollywood_hollywood_hollywood 1756184911820 360 215 touchmove 352.4 414.6 0.664360 0.664360 0 hollywood 0
hollywood_hollywood_hollywood 1756184911837 360 215 touchmove 339.9 416.7 0.798052 0.798052 0 hollywood 0
hollywood_hollywood_hollywood 1756184911853 360 215 touchmove 327.8 418.8 0.729510 0.729510 0 hollywood 0
hollywood_hollywood_hollywood 1756184911870 360 215 touchmove 315.7 420.5 0.718462 0.718462 0 hollywood 0
hollywood_hollywood_hollywood 1756184911887 360 215 touchmove 303.7 422.4 0.645119 0.645119 0 hollywood 0
hollywood_hollywood_hollywood 1756184911904 360 215 touchmove 291.6 424.2 0.554601 0.554601 0 hollywood 0
hollywood_hollywood_hollywood 1756184911921 360 215 touchmove 279.3 425.9 0.531625 0.531625 0 hollywood 0
hollywood_hollywood_hollywood 1756184911938 360 215 touchmove 267.5 427.5 0.581213 0.581213 0 hollywood 0
hollywood_hollywood_hollywood 1756184911954 360 215 touchmove 255.8 429.2 0.769788 0.769788 0 hollywood 0
hollywood_hollywood_hollywood 1756184911971 360 215 touchmove 243.4 431.0 0.795694 0.795694 0 hollywood 0
hollywood_hollywood_hollywood 1756184911988 360 215 touchmove 231.0 432.7 0.501808 0.501808 0 hollywood 0
hollywood_hollywood_hollywood 1756184912005 360 215 touchmove 218.5 434.4 0.729674 0.729674 0 hollywood 0
hollywood_hollywood_hollywood 1756184912022 360 215 touchmove 206.3 436.2 0.522033 0.522033 0 hollywood 0
hollywood_hollywood_hollywood 1756184912039 360 215 touchmove 194.1 438.0 0.786585 0.786585 0 hollywood 0
hollywood_hollywood_hollywood 1756184912055 360 215 touchmove 181.8 439.8 0.791673 0.791673 0 hollywood 0
hollywood_hollywood_hollywood 1756184912072 360 215 touchmove 169.4 441.8 0.580410 0.580410 0 hollywood 0
hollywood_hollywood_hollywood 1756184912089 360 215 touchmove 157.4 443.8 0.795930 0.795930 0 hollywood 0
hollywood_hollywood_hollywood 1756184912106 360 215 touchmove 145.4 446.0 0.527072 0.527072 0 hollywood 0
hollywood_hollywood_hollywood 1756184912123 360 215 touchmove 133.5 448.0 0.521974 0.521974 0 hollywood 0
hollywood_hollywood_hollywood 1756184912140 360 215 touchmove 121.2 450.1 0.558971 0.558971 0 hollywood 0
hollywood_hollywood_hollywood 1756184912156 360 215 touchmove 109.2 451.8 0.634935 0.634935 0 hollywood 0
hollywood_hollywood_hollywood 1756184912173 360 215 touchmove 97.3 453.7 0.729249 0.729249 0 hollywood 0
hollywood_hollywood_hollywood 1756184912190 360 215 touchmove 85.1 455.4 0.635453 0.635453 0 hollywood 0
hollywood_hollywood_hollywood 1756184912207 360 215 touchmove 72.8 457.1 0.630666 0.630666 0 hollywood 0
hollywood_hollywood_hollywood 1756184912224 360 215 touchmove 61.9 458.1 0.764962 0.764962 0 hollywood 0
hollywood_hollywood_hollywood 1756184912241 360 215 touchmove 48.0 460.1 0.622497 0.622497 0 hollywood 0
hollywood_hollywood_hollywood 1756184912258 360 215 touchend 35.9 462.7 0.733168 0.733168 0 hollywood 0