sentence timestamp keyb_width keyb_height event x_pos y_pos x_radius y_radius angle word is_err
enforce_enforce_enforce 1756184916993 360 215 touchstart -0.6 399.6 0.522327 0.522327 0 enforce 0
enforce_enforce_enforce 1756184917010 360 215 touchmove 23.1 409.8 0.785570 0.785570 0 enforce 0
enforce_enforce_enforce 1756184917027 360 215 touchmove 47.2 421.0 0.704466 0.704466 0 enforce 0
enforce_enforce_enforce 1756184917044 360 215 touchmove 69.2 431.6 0.717951 0.717951 0 enforce 0
enforce_enforce_enforce 1756184917061 360 215 touchmove 92.0 442.1 0.773810 0.773810 0 enforce 0
enforce_enforce_enforce 1756184917078 360 215 touchmove 115.3 452.3 0.715153 0.715153 0 enforce 0
enforce_enforce_enforce 1756184917096 360 215 touchmove 138.9 462.2 0.510856 0.510856 0 enforce 0
enforce_enforce_enforce 1756184917113 360 215 touchmove 162.6 472.2 0.663121 0.663121 0 enforce 0
enforce_enforce_enforce 1756184917130 360 215 touchmove 186.5 482.3 0.508498 0.508498 0 enforce 0
enforce_enforce_enforce 1756184917147 360 215 touchmove 210.5 492.2 0.788888 0.788888 0 enforce 0
enforce_enforce_enforce 1756184917164 360 215 touchmove 229.3 499.7 0.746806 0.746806 0 enforce 0
enforce_enforce_enforce 1756184917182 360 215 touchmove 241.7 504.5 0.761894 0.761894 0 enforce 0
enforce_enforce_enforce 1756184917199 360 215 touchmove 246.4 506.9 0.647667 0.647667 0 enforce 0
enforce_enforce_enforce 1756184917216 360 215 touchmove 243.5 507.3 0.688519 0.688519 0 enforce 0
enforce_enforce_enforce 1756184917233 360 215 touchmove 233.8 504.8 0.675742 0.675742 0 enforce 0
enforce_enforce_enforce 1756184917250 360 215 touchmove 217.6 499.6 0.590597 0.590597 0 enforce 0
enforce_enforce_enforce 1756184917268 360 215 touchmove 194.8 491.8 0.545317 0.545317 0 enforce 0
enforce_enforce_enforce 1756184917285 360 215 touchmove 172.7 483.6 0.539739 0.539739 0 enforce 0
enforce_enforce_enforce 1756184917302 360 215 touchmove 157.7 475.9 0.712780 0.712780 0 enforce 0
enforce_enforce_enforce 1756184917319 360 215 touchmove 149.9 469.3 0.605112 0.605112 0 enforce 0
enforce_enforce_enforce 1756184917336 360 215 touchmove 149.7 462.0 0.505582 0.505582 0 enforce 0
enforce_enforce_enforce 1756184917354 360 215 touchmove 156.8 455.4 0.651931 0.651931 0 enforce 0
enforce_enforce_enforce 1756184917371 360 215 touchmove 169.9 449.1 0.720298 0.720298 0 enforce 0
enforce_enforce_enforce 1756184917388 360 215 touchmove 190.5 443.2 0.629580 0.629580 0 enforce 0
enforce_enforce_enforce 1756184917405 360 215 touchmove 216.0 438.1 0.670776 0.670776 0 enforce 0
enforce_enforce_enforce 1756184917422 360 215 touchmove 241.3 433.9 0.559735 0.559735 0 enforce 0
enforce_enforce_enforce 1756184917440 360 215 touchmove 266.4 429.4 0.755700 0.755700 0 enforce 0
enforce_enforce_enforce 1756184917457 360 215 touchmove 291.7 425.4 0.628481 0.628481 0 enforce 0
enforce_enforce_enforce 1756184917474 360 215 touchmove 316.4 421.4 0.738408 0.738408 0 enforce 0
enforce_enforce_enforce 1756184917491 360 215 touchmove 342.2 418.1 0.529559 0.529559 0 enforce 0
enforce_enforce_enforce 1756184917508 360 215 touchmove 363.9 415.1 0.636411 0.636411 0 enforce 0
enforce_enforce_enforce 1756184917525 360 215 touchmove 378.1 412.5 0.785252 0.785252 0 enforce 0
enforce_enforce_enforce 1756184917543 360 215 touchmove 384.6 409.9 0.564471 0.564471 0 enforce 0
enforce_enforce_enforce 1756184917560 360 215 touchmove 384.6 407.1 0.797488 0.797488 0 enforce 0
enforce_enforce_enforce 1756184917577 360 215 touchmove 377.8 404.9 0.780281 0.780281 0 enforce 0
enforce_enforce_enforce 1756184917594 360 215 touchmove 363.7 403.6 0.594886 0.594886 0 enforce 0
enforce_enforce_enforce 1756184917611 360 215 touchmove 342.3 402.6 0.781915 0.781915 0 enforce 0
enforce_enforce_enforce 1756184917629 360 215 touchmove 317.0 402.0 0.791104 0.791104 0 enforce 0
enforce_enforce_enforce 1756184917646 360 215 touchmove 291.4 400.7 0.775938 0.775938 0 enforce 0
enforce_enforce_enforce 1756184917663 360 215 touchmove 266.4 399.3 0.677404 0.677404 0 enforce 0
enforce_enforce_enforce 1756184917680 360 215 touchmove 241.5 398.7 0.725637 0.725637 0 enforce 0
enforce_enforce_enforce 1756184917697 360 215 touchmove 216.0 398.7 0.608978 0.608978 0 enforce 0
enforce_enforce_enforce 1756184917715 360 215 touchmove 190.7 398.6 0.685806 0.685806 0 enforce 0
enforce_enforce_enforce 1756184917732 360 215 touchmove 164.2 398.9 0.720393 0.720393 0 enforce 0
enforce_enforce_enforce 1756184917749 360 215 touchmove 139.8 401.3 0.541201 0.541201 0 enforce 0
enforce_enforce_enforce 1756184917766 360 215 touchmove 119.6 407.4 0.696363 0.696363 0 enforce 0
enforce_enforce_enforce 1756184917783 360 215 touchmove 102.8 417.4 0.700406 0.700406 0 enforce 0
enforce_enforce_enforce 1756184917801 360 215 touchmove 89.4 430.8 0.693001 0.693001 0 enforce 0
enforce_enforce_enforce 1756184917818 360 215 touchmove 79.2 447.7 0.725325 0.725325 0 enforce 0
enforce_enforce_enforce 1756184917835 360 215 touchmove 71.3 463.7 0.584050 0.584050 0 enforce 0
enforce_enforce_enforce 1756184917852 360 215 touchmove 66.1 475.9 0.643086 0.643086 0 enforce 0
enforce_enforce_enforce 1756184917869 360 215 touchmove 60.6 482.4 0.586612 0.586612 0 enforce 0
enforce_enforce_enforce 1756184917887 360 215 touchmove 53.2 482.0 0.642015 0.642015 0 enforce 0
enforce_enforce_enforce 1756184917904 360 215 touchmove 44.0 474.6 0.674472 0.674472 0 enforce 0
enforce_enforce_enforce 1756184917921 360 215 touchmove 33.1 461.1 0.579289 0.579289 0 enforce 0
enforce_enforce_enforce 1756184917938 360 215 touchmove 21.0 437.8 0.574796 0.574796 0 enforce 0
enforce_enforce_enforce 1756184917955 360 215 touchmove 6.4 413.8 0.738872 0.738872 0 enforce 0
enforce_enforce_enforce 1756184917973 360 215 touchend -4.9 395.1 0.567370 0.567370 0 enforce 0