sentence timestamp keyb_width keyb_height event x_pos y_pos x_radius y_radius angle word is_err
comics_comics_comics 1756184914653 360 215 touchstart 72.4 524.6 0.639907 0.639907 0 comics 0
comics_comics_comics 1756184914669 360 215 touchmove 84.3 520.4 0.746800 0.746800 0 comics 0
comics_comics_comics 1756184914686 360 215 touchmove 96.7 515.9 0.713703 0.713703 0 comics 0
comics_comics_comics 1756184914703 360 215 touchmove 108.4 511.9 0.737047 0.737047 0 comics 0
comics_comics_comics 1756184914720 360 215 touchmove 120.6 507.7 0.663243 0.663243 0 comics 0
comics_comics_comics 1756184914737 360 215 touchmove 132.7 503.5 0.674228 0.674228 0 comics 0
comics_comics_comics 1756184914754 360 215 touchmove 144.8 499.4 0.754980 0.754980 0 comics 0
comics_comics_comics 1756184914771 360 215 touchmove 156.9 495.2 0.594684 0.594684 0 comics 0
comics_comics_comics 1756184914788 360 215 touchmove 169.1 490.9 0.771909 0.771909 0 comics 0
comics_comics_comics 1756184914805 360 215 touchmove 181.2 486.8 0.558269 0.558269 0 comics 0
comics_comics_comics 1756184914822 360 215 touchmove 193.3 482.6 0.545426 0.545426 0 comics 0
comics_comics_comics 1756184914839 360 215 touchmove 205.2 478.7 0.727270 0.727270 0 comics 0
comics_comics_comics 1756184914856 360 215 touchmove 217.2 474.5 0.618605 0.618605 0 comics 0
comics_comics_comics 1756184914873 360 215 touchmove 229.2 470.4 0.594941 0.594941 0 comics 0
comics_comics_comics 1756184914890 360 215 touchmove 241.2 466.3 0.727968 0.727968 0 comics 0
comics_comics_comics 1756184914907 360 215 touchmove 253.2 462.2 0.704815 0.704815 0 comics 0
comics_comics_comics 1756184914924 360 215 touchmove 265.3 457.9 0.765542 0.765542 0 comics 0
comics_comics_comics 1756184914941 360 215 touchmove 277.3 453.6 0.722250 0.722250 0 comics 0
comics_comics_comics 1756184914957 360 215 touchmove 289.3 449.3 0.618947 0.618947 0 comics 0
comics_comics_comics 1756184914974 360 215 touchmove 301.4 445.0 0.593949 0.593949 0 comics 0
comics_comics_comics 1756184914991 360 215 touchmove 313.4 440.7 0.652658 0.652658 0 comics 0
comics_comics_comics 1756184915008 360 215 touchmove 325.5 436.3 0.768152 0.768152 0 comics 0
comics_comics_comics 1756184915025 360 215 touchmove 337.6 432.2 0.756015 0.756015 0 comics 0
comics_comics_comics 1756184915042 360 215 touchmove 349.6 428.1 0.692490 0.692490 0 comics 0
comics_comics_comics 1756184915059 360 215 touchmove 361.7 423.9 0.748884 0.748884 0 comics 0
comics_comics_comics 1756184915076 360 215 touchmove 373.9 419.7 0.680864 0.680864 0 comics 0
comics_comics_comics 1756184915093 360 215 touchmove 386.0 415.5 0.737398 0.737398 0 comics 0
comics_comics_comics 1756184915110 360 215 touchmove 397.6 411.8 0.749298 0.749298 0 comics 0
comics_comics_comics 1756184915127 360 215 touchmove 406.6 410.4 0.722564 0.722564 0 comics 0
comics_comics_comics 1756184915144 360 215 touchmove 412.9 410.9 0.783084 0.783084 0 comics 0
comics_comics_comics 1756184915161 360 215 touchmove 416.6 413.7 0.509167 0.509167 0 comics 0
comics_comics_comics 1756184915178 360 215 touchmove 417.5 418.7 0.549594 0.549594 0 comics 0
comics_comics_comics 1756184915195 360 215 touchmove 415.9 425.9 0.648528 0.648528 0 comics 0
comics_comics_comics 1756184915212 360 215 touchmove 411.6 435.4 0.790544 0.790544 0 comics 0
comics_comics_comics 1756184915229 360 215 touchmove 405.3 446.6 0.530702 0.530702 0 comics 0
comics_comics_comics 1756184915245 360 215 touchmove 398.9 457.7 0.744688 0.744688 0 comics 0
comics_comics_comics 1756184915262 360 215 touchmove 392.5 469.0 0.641357 0.641357 0 comics 0
comics_comics_comics 1756184915279 360 215 touchmove 386.2 480.1 0.633881 0.633881 0 comics 0
comics_comics_comics 1756184915296 360 215 touchmove 379.7 491.1 0.559307 0.559307 0 comics 0
comics_comics_comics 1756184915313 360 215 touchmove 374.2 498.7 0.563165 0.563165 0 comics 0
comics_comics_comics 1756184915330 360 215 touchmove 369.5 502.7 0.700962 0.700962 0 comics 0
comics_comics_comics 1756184915347 360 215 touchmove 365.5 503.4 0.663566 0.663566 0 comics 0
comics_comics_comics 1756184915364 360 215 touchmove 362.4 500.5 0.657882 0.657882 0 comics 0
comics_comics_comics 1756184915381 360 215 touchmove 360.3 494.4 0.609944 0.609944 0 comics 0
comics_comics_comics 1756184915398 360 215 touchmove 359.1 485.0 0.697172 0.697172 0 comics 0
comics_comics_comics 1756184915415 360 215 touchmove 359.0 472.3 0.656481 0.656481 0 comics 0
comics_comics_comics 1756184915432 360 215 touchmove 358.9 459.6 0.709107 0.709107 0 comics 0
comics_comics_comics 1756184915449 360 215 touchmove 358.9 447.0 0.675519 0.675519 0 comics 0
comics_comics_comics 1756184915466 360 215 touchmove 358.6 435.0 0.753657 0.753657 0 comics 0
comics_comics_comics 1756184915483 360 215 touchmove 356.7 425.7 0.745923 0.745923 0 comics 0
comics_comics_comics 1756184915500 360 215 touchmove 353.1 418.9 0.696082 0.696082 0 comics 0
comics_comics_comics 1756184915517 360 215 touchmove 347.6 414.7 0.789967 0.789967 0 comics 0
comics_comics_comics 1756184915533 360 215 touchmove 340.5 413.1 0.666635 0.666635 0 comics 0
comics_comics_comics 1756184915550 360 215 touchmove 331.8 414.0 0.512497 0.512497 0 comics 0
comics_comics_comics 1756184915567 360 215 touchmove 321.5 417.4 0.789197 0.789197 0 comics 0
comics_comics_comics 1756184915584 360 215 touchmove 309.9 422.7 0.508497 0.508497 0 comics 0
comics_comics_comics 1756184915601 360 215 touchmove 298.3 427.9 0.652484 0.652484 0 comics 0
comics_comics_comics 1756184915618 360 215 touchmove 286.7 433.0 0.785449 0.785449 0 comics 0
comics_comics_comics 1756184915635 360 215 touchmove 275.2 438.0 0.575543 0.575543 0 comics 0
comics_comics_comics 1756184915652 360 215 touchmove 263.6 442.8 0.724985 0.724985 0 comics 0
comics_comics_comics 1756184915669 360 215 touchmove 251.9 447.7 0.727325 0.727325 0 comics 0
comics_comics_comics 1756184915686 360 215 touchmove 240.1 452.6 0.716985 0.716985 0 comics 0
comics_comics_comics 1756184915703 360 215 touchmove 228.4 457.5 0.725436 0.725436 0 comics 0
comics_comics_comics 1756184915720 360 215 touchmove 216.6 462.5 0.714922 0.714922 0 comics 0
comics_comics_comics 1756184915737 360 215 touchmove 204.9 467.7 0.670789 0.670789 0 comics 0
comics_comics_comics 1756184915754 360 215 touchmove 193.0 472.9 0.738509 0.738509 0 comics 0
comics_comics_comics 1756184915771 360 215 touchmove 181.2 478.2 0.782847 0.782847 0 comics 0
comics_comics_comics 1756184915788 360 215 touchmove 169.3 483.4 0.758956 0.758956 0 comics 0
comics_comics_comics 1756184915805 360 215 touchmove 157.5 488.6 0.743301 0.743301 0 comics 0
comics_comics_comics 1756184915821 360 215 touchmove 145.7 493.7 0.788492 0.788492 0 comics 0
comics_comics_comics 1756184915838 360 215 touchmove 134.0 498.7 0.784552 0.784552 0 comics 0
comics_comics_comics 1756184915855 360 215 touchmove 122.2 503.6 0.627446 0.627446 0 comics 0
comics_comics_comics 1756184915872 360 215 touchmove 110.5 508.3 0.518794 0.518794 0 comics 0
comics_comics_comics 1756184915889 360 215 touchmove 98.9 511.9 0.595702 0.595702 0 comics 0
comics_comics_comics 1756184915906 360 215 touchmove 87.3 514.0 0.624164 0.624164 0 comics 0
comics_comics_comics 1756184915923 360 215 touchmove 75.8 514.4 0.712137 0.712137 0 comics 0
comics_comics_comics 1756184915940 360 215 touchmove 64.2 513.3 0.565056 0.565056 0 comics 0
comics_comics_comics 1756184915957 360 215 touchmove 52.8 510.7 0.587925 0.587925 0 comics 0
comics_comics_comics 1756184915974 360 215 touchmove 41.6 506.5 0.584792 0.584792 0 comics 0
comics_comics_comics 1756184915991 360 215 touchmove 30.4 500.7 0.787327 0.787327 0 comics 0
comics_comics_comics 1756184916008 360 215 touchmove 19.3 494.5 0.797629 0.797629 0 comics 0
comics_comics_comics 1756184916025 360 215 touchmove 8.3 488.3 0.546801 0.546801 0 comics 0
comics_comics_comics 1756184916042 360 215 touchmove -2.6 482.0 0.671354 0.671354 0 comics 0
comics_comics_comics 1756184916059 360 215 touchmove -13.8 475.4 0.655716 0.655716 0 comics 0
comics_comics_comics 1756184916076 360 215 touchmove -24.5 469.6 0.734815 0.734815 0 comics 0
comics_comics_comics 1756184916093 360 215 touchend -34.9 463.2 0.734829 0.734829 0 comics 0