sentence timestamp keyb_width keyb_height event x_pos y_pos x_radius y_radius angle word is_err
wolves_wolves_wolves 1756184916582 360 215 touchstart -71.0 399.3 0.638769 0.638769 0 wolves 0
wolves_wolves_wolves 1756184916598 360 215 touchmove -54.4 398.8 0.712587 0.712587 0 wolves 0
wolves_wolves_wolves 1756184916615 360 215 touchmove -36.9 399.5 0.780117 0.780117 0 wolves 0
wolves_wolves_wolves 1756184916632 360 215 touchmove -21.4 400.9 0.632309 0.632309 0 wolves 0
wolves_wolves_wolves 1756184916649 360 215 touchmove -5.0 401.2 0.718880 0.718880 0 wolves 0
wolves_wolves_wolves 1756184916666 360 215 touchmove 11.5 401.6 0.561625 0.561625 0 wolves 0
wolves_wolves_wolves 1756184916683 360 215 touchmove 27.7 401.4 0.557192 0.557192 0 wolves 0
wolves_wolves_wolves 1756184916700 360 215 touchmove 43.9 401.2 0.755166 0.755166 0 wolves 0
wolves_wolves_wolves 1756184916717 360 215 touchmove 60.4 400.5 0.628102 0.628102 0 wolves 0
wolves_wolves_wolves 1756184916734 360 215 touchmove 76.1 399.8 0.791137 0.791137 0 wolves 0
wolves_wolves_wolves 1756184916751 360 215 touchmove 91.7 398.8 0.771701 0.771701 0 wolves 0
wolves_wolves_wolves 1756184916767 360 215 touchmove 107.4 397.9 0.731989 0.731989 0 wolves 0
wolves_wolves_wolves 1756184916784 360 215 touchmove 123.8 397.1 0.562306 0.562306 0 wolves 0
wolves_wolves_wolves 1756184916801 360 215 touchmove 140.2 397.1 0.743147 0.743147 0 wolves 0
wolves_wolves_wolves 1756184916818 360 215 touchmove 156.7 396.9 0.762254 0.762254 0 wolves 0
wolves_wolves_wolves 1756184916835 360 215 touchmove 173.3 397.0 0.635537 0.635537 0 wolves 0
wolves_wolves_wolves 1756184916852 360 215 touchmove 190.5 397.4 0.512488 0.512488 0 wolves 0
wolves_wolves_wolves 1756184916869 360 215 touchmove 207.7 398.1 0.604460 0.604460 0 wolves 0
wolves_wolves_wolves 1756184916886 360 215 touchmove 224.9 398.6 0.744972 0.744972 0 wolves 0
wolves_wolves_wolves 1756184916903 360 215 touchmove 241.1 399.1 0.590872 0.590872 0 wolves 0
wolves_wolves_wolves 1756184916920 360 215 touchmove 257.7 399.5 0.721002 0.721002 0 wolves 0
wolves_wolves_wolves 1756184916936 360 215 touchmove 274.0 399.5 0.508055 0.508055 0 wolves 0
wolves_wolves_wolves 1756184916953 360 215 touchmove 290.0 399.9 0.617747 0.617747 0 wolves 0
wolves_wolves_wolves 1756184916970 360 215 touchmove 306.0 400.2 0.758644 0.758644 0 wolves 0
wolves_wolves_wolves 1756184916987 360 215 touchmove 322.5 400.6 0.607492 0.607492 0 wolves 0
wolves_wolves_wolves 1756184917004 360 215 touchmove 338.9 401.3 0.756083 0.756083 0 wolves 0
wolves_wolves_wolves 1756184917021 360 215 touchmove 355.2 401.6 0.533038 0.533038 0 wolves 0
wolves_wolves_wolves 1756184917038 360 215 touchmove 371.5 401.6 0.790835 0.790835 0 wolves 0
wolves_wolves_wolves 1756184917055 360 215 touchmove 387.5 402.9 0.554147 0.554147 0 wolves 0
wolves_wolves_wolves 1756184917072 360 215 touchmove 403.0 405.5 0.707698 0.707698 0 wolves 0
wolves_wolves_wolves 1756184917089 360 215 touchmove 417.5 409.8 0.635050 0.635050 0 wolves 0
wolves_wolves_wolves 1756184917105 360 215 touchmove 430.4 416.2 0.619440 0.619440 0 wolves 0
wolves_wolves_wolves 1756184917122 360 215 touchmove 442.2 424.8 0.536715 0.536715 0 wolves 0
wolves_wolves_wolves 1756184917139 360 215 touchmove 449.6 433.8 0.610713 0.610713 0 wolves 0
wolves_wolves_wolves 1756184917156 360 215 touchmove 452.1 443.5 0.664435 0.664435 0 wolves 0
wolves_wolves_wolves 1756184917173 360 215 touchmove 450.5 452.8 0.747239 0.747239 0 wolves 0
wolves_wolves_wolves 1756184917190 360 215 touchmove 444.7 461.0 0.582744 0.582744 0 wolves 0
wolves_wolves_wolves 1756184917207 360 215 touchmove 435.1 467.6 0.715048 0.715048 0 wolves 0
wolves_wolves_wolves 1756184917224 360 215 touchmove 422.1 472.7 0.688865 0.688865 0 wolves 0
wolves_wolves_wolves 1756184917241 360 215 touchmove 405.7 476.2 0.525741 0.525741 0 wolves 0
wolves_wolves_wolves 1756184917258 360 215 touchmove 389.2 479.9 0.770192 0.770192 0 wolves 0
wolves_wolves_wolves 1756184917274 360 215 touchmove 372.7 483.3 0.542048 0.542048 0 wolves 0
wolves_wolves_wolves 1756184917291 360 215 touchmove 356.0 486.3 0.652275 0.652275 0 wolves 0
wolves_wolves_wolves 1756184917308 360 215 touchmove 339.5 489.3 0.620203 0.620203 0 wolves 0
wolves_wolves_wolves 1756184917325 360 215 touchmove 323.4 492.2 0.575910 0.575910 0 wolves 0
wolves_wolves_wolves 1756184917342 360 215 touchmove 307.4 495.1 0.679124 0.679124 0 wolves 0
wolves_wolves_wolves 1756184917359 360 215 touchmove 291.1 497.8 0.545500 0.545500 0 wolves 0
wolves_wolves_wolves 1756184917376 360 215 touchmove 275.0 500.5 0.732730 0.732730 0 wolves 0
wolves_wolves_wolves 1756184917393 360 215 touchmove 259.0 503.4 0.626409 0.626409 0 wolves 0
wolves_wolves_wolves 1756184917410 360 215 touchmove 243.2 506.6 0.639959 0.639959 0 wolves 0
wolves_wolves_wolves 1756184917427 360 215 touchmove 227.4 509.6 0.699029 0.699029 0 wolves 0
wolves_wolves_wolves 1756184917443 360 215 touchmove 211.4 512.6 0.596290 0.596290 0 wolves 0
wolves_wolves_wolves 1756184917460 360 215 touchmove 195.3 515.5 0.721417 0.721417 0 wolves 0
wolves_wolves_wolves 1756184917477 360 215 touchmove 179.8 516.4 0.584103 0.584103 0 wolves 0
wolves_wolves_wolves 1756184917494 360 215 touchmove 164.9 515.3 0.639093 0.639093 0 wolves 0
wolves_wolves_wolves 1756184917511 360 215 touchmove 150.1 512.3 0.503825 0.503825 0 wolves 0
wolves_wolves_wolves 1756184917528 360 215 touchmove 135.8 507.2 0.714091 0.714091 0 wolves 0
wolves_wolves_wolves 1756184917545 360 215 touchmove 122.0 500.4 0.589762 0.589762 0 wolves 0
wolves_wolves_wolves 1756184917562 360 215 touchmove 108.7 491.9 0.730630 0.730630 0 wolves 0
wolves_wolves_wolves 1756184917579 360 215 touchmove 95.9 481.1 0.798938 0.798938 0 wolves 0
wolves_wolves_wolves 1756184917596 360 215 touchmove 83.2 469.7 0.651983 0.651983 0 wolves 0
wolves_wolves_wolves 1756184917612 360 215 touchmove 70.8 458.2 0.740794 0.740794 0 wolves 0
wolves_wolves_wolves 1756184917629 360 215 touchmove 58.6 447.1 0.506345 0.506345 0 wolves 0
wolves_wolves_wolves 1756184917646 360 215 touchmove 46.0 436.2 0.551506 0.551506 0 wolves 0
wolves_wolves_wolves 1756184917663 360 215 touchmove 34.0 426.4 0.717813 0.717813 0 wolves 0
wolves_wolves_wolves 1756184917680 360 215 touchmove 22.7 420.4 0.524329 0.524329 0 wolves 0
wolves_wolves_wolves 1756184917697 360 215 touchmove 12.0 418.4 0.570818 0.570818 0 wolves 0
wolves_wolves_wolves 1756184917714 360 215 touchmove 1.4 420.5 0.784125 0.784125 0 wolves 0
wolves_wolves_wolves 1756184917731 360 215 touchmove -8.7 426.1 0.542535 0.542535 0 wolves 0
wolves_wolves_wolves 1756184917748 360 215 touchmove -17.5 433.8 0.723213 0.723213 0 wolves 0
wolves_wolves_wolves 1756184917765 360 215 touchmove -26.9 447.8 0.688858 0.688858 0 wolves 0
wolves_wolves_wolves 1756184917782 360 215 touchend -35.5 461.4 0.740754 0.740754 0 wolves 0