sentence timestamp keyb_width keyb_height event x_pos y_pos x_radius y_radius angle word is_err
stream_stream_stream 1756184909049 360 215 touchstart -33.4 461.0 0.642494 0.642494 0 stream 0
stream_stream_stream 1756184909065 360 215 touchmove -19.6 455.2 0.629259 0.629259 0 stream 0
stream_stream_stream 1756184909082 360 215 touchmove -8.4 449.5 0.515960 0.515960 0 stream 0
stream_stream_stream 1756184909099 360 215 touchmove 2.0 447.4 0.665994 0.665994 0 stream 0
stream_stream_stream 1756184909116 360 215 touchmove 13.9 443.6 0.565601 0.565601 0 stream 0
stream_stream_stream 1756184909133 360 215 touchmove 25.7 439.9 0.720245 0.720245 0 stream 0
stream_stream_stream 1756184909150 360 215 touchmove 37.8 436.4 0.599639 0.599639 0 stream 0
stream_stream_stream 1756184909167 360 215 touchmove 50.2 432.6 0.796948 0.796948 0 stream 0
stream_stream_stream 1756184909184 360 215 touchmove 62.9 428.6 0.789715 0.789715 0 stream 0
stream_stream_stream 1756184909201 360 215 touchmove 75.9 424.2 0.524671 0.524671 0 stream 0
stream_stream_stream 1756184909218 360 215 touchmove 88.9 419.9 0.732934 0.732934 0 stream 0
stream_stream_stream 1756184909234 360 215 touchmove 101.7 415.5 0.570002 0.570002 0 stream 0
stream_stream_stream 1756184909251 360 215 touchmove 112.8 411.1 0.659152 0.659152 0 stream 0
stream_stream_stream 1756184909268 360 215 touchmove 119.7 407.6 0.648145 0.648145 0 stream 0
stream_stream_stream 1756184909285 360 215 touchmove 123.0 405.0 0.645439 0.645439 0 stream 0
stream_stream_stream 1756184909302 360 215 touchmove 122.4 403.1 0.668717 0.668717 0 stream 0
stream_stream_stream 1756184909319 360 215 touchmove 118.1 401.8 0.535150 0.535150 0 stream 0
stream_stream_stream 1756184909336 360 215 touchmove 110.0 401.0 0.769138 0.769138 0 stream 0
stream_stream_stream 1756184909353 360 215 touchmove 98.3 400.5 0.725224 0.725224 0 stream 0
stream_stream_stream 1756184909370 360 215 touchmove 84.3 400.9 0.734404 0.734404 0 stream 0
stream_stream_stream 1756184909387 360 215 touchmove 70.8 400.9 0.518951 0.518951 0 stream 0
stream_stream_stream 1756184909403 360 215 touchmove 57.2 401.1 0.577295 0.577295 0 stream 0
stream_stream_stream 1756184909420 360 215 touchmove 44.0 400.9 0.757062 0.757062 0 stream 0
stream_stream_stream 1756184909437 360 215 touchmove 30.8 401.3 0.625680 0.625680 0 stream 0
stream_stream_stream 1756184909454 360 215 touchmove 18.1 403.3 0.794192 0.794192 0 stream 0
stream_stream_stream 1756184909471 360 215 touchmove 6.3 406.0 0.720837 0.720837 0 stream 0
stream_stream_stream 1756184909488 360 215 touchmove -5.2 409.4 0.652372 0.652372 0 stream 0
stream_stream_stream 1756184909505 360 215 touchmove -16.5 413.6 0.567435 0.567435 0 stream 0
stream_stream_stream 1756184909522 360 215 touchmove -27.6 418.5 0.669734 0.669734 0 stream 0
stream_stream_stream 1756184909539 360 215 touchmove -39.1 424.7 0.525852 0.525852 0 stream 0
stream_stream_stream 1756184909556 360 215 touchmove -50.0 431.3 0.609888 0.609888 0 stream 0
stream_stream_stream 1756184909572 360 215 touchmove -61.1 437.5 0.597770 0.597770 0 stream 0
stream_stream_stream 1756184909589 360 215 touchmove -73.2 444.0 0.764239 0.764239 0 stream 0
stream_stream_stream 1756184909606 360 215 touchmove -81.6 449.8 0.730833 0.730833 0 stream 0
stream_stream_stream 1756184909623 360 215 touchmove -86.5 455.1 0.530614 0.530614 0 stream 0
stream_stream_stream 1756184909640 360 215 touchmove -87.8 459.4 0.579036 0.579036 0 stream 0
stream_stream_stream 1756184909657 360 215 touchmove -85.3 463.0 0.585449 0.585449 0 stream 0
stream_stream_stream 1756184909674 360 215 touchmove -79.4 465.8 0.621797 0.621797 0 stream 0
stream_stream_stream 1756184909691 360 215 touchmove -70.1 467.9 0.711895 0.711895 0 stream 0
stream_stream_stream 1756184909708 360 215 touchmove -57.0 469.1 0.756084 0.756084 0 stream 0
stream_stream_stream 1756184909725 360 215 touchmove -44.1 470.6 0.577608 0.577608 0 stream 0
stream_stream_stream 1756184909741 360 215 touchmove -31.1 472.0 0.560357 0.560357 0 stream 0
stream_stream_stream 1756184909758 360 215 touchmove -18.1 473.8 0.689618 0.689618 0 stream 0
stream_stream_stream 1756184909775 360 215 touchmove -5.4 475.8 0.702854 0.702854 0 stream 0
stream_stream_stream 1756184909792 360 215 touchmove 7.2 477.6 0.701611 0.701611 0 stream 0
stream_stream_stream 1756184909809 360 215 touchmove 19.9 479.3 0.553645 0.553645 0 stream 0
stream_stream_stream 1756184909826 360 215 touchmove 32.8 480.9 0.648464 0.648464 0 stream 0
stream_stream_stream 1756184909843 360 215 touchmove 45.9 482.6 0.634245 0.634245 0 stream 0
stream_stream_stream 1756184909860 360 215 touchmove 58.8 484.6 0.594330 0.594330 0 stream 0
stream_stream_stream 1756184909877 360 215 touchmove 72.0 486.3 0.775204 0.775204 0 stream 0
stream_stream_stream 1756184909894 360 215 touchmove 85.1 488.0 0.514501 0.514501 0 stream 0
stream_stream_stream 1756184909910 360 215 touchmove 98.2 489.8 0.545333 0.545333 0 stream 0
stream_stream_stream 1756184909927 360 215 touchmove 111.2 491.7 0.638990 0.638990 0 stream 0
stream_stream_stream 1756184909944 360 215 touchmove 124.4 493.8 0.768209 0.768209 0 stream 0
stream_stream_stream 1756184909961 360 215 touchmove 137.5 495.8 0.664976 0.664976 0 stream 0
stream_stream_stream 1756184909978 360 215 touchmove 151.0 497.5 0.693571 0.693571 0 stream 0
stream_stream_stream 1756184909995 360 215 touchmove 164.1 499.1 0.793954 0.793954 0 stream 0
stream_stream_stream 1756184910012 360 215 touchmove 177.5 500.5 0.744177 0.744177 0 stream 0
stream_stream_stream 1756184910029 360 215 touchmove 191.0 502.1 0.730373 0.730373 0 stream 0
stream_stream_stream 1756184910046 360 215 touchmove 204.7 503.9 0.595693 0.595693 0 stream 0
stream_stream_stream 1756184910063 360 215 touchmove 218.1 505.5 0.711413 0.711413 0 stream 0
stream_stream_stream 1756184910079 360 215 touchmove 231.4 506.8 0.570355 0.570355 0 stream 0
stream_stream_stream 1756184910096 360 215 touchmove 244.4 508.3 0.793233 0.793233 0 stream 0
stream_stream_stream 1756184910113 360 215 touchmove 257.3 510.4 0.514683 0.514683 0 stream 0
stream_stream_stream 1756184910130 360 215 touchmove 270.3 512.1 0.769565 0.769565 0 stream 0
stream_stream_stream 1756184910147 360 215 touchmove 282.9 513.9 0.748007 0.748007 0 stream 0
stream_stream_stream 1756184910164 360 215 touchmove 295.4 515.6 0.622287 0.622287 0 stream 0
stream_stream_stream 1756184910181 360 215 touchmove 308.0 517.3 0.587116 0.587116 0 stream 0
stream_stream_stream 1756184910198 360 215 touchmove 320.6 519.2 0.507618 0.507618 0 stream 0
stream_stream_stream 1756184910215 360 215 touchmove 332.7 521.2 0.626076 0.626076 0 stream 0
stream_stream_stream 1756184910232 360 215 touchmove 346.6 522.5 0.530078 0.530078 0 stream 0
stream_stream_stream 1756184910249 360 215 touchend 358.7 524.1 0.559276 0.559276 0 stream 0