sentence timestamp keyb_width keyb_height event x_pos y_pos x_radius y_radius angle word is_err
wounds_wounds_wounds 1756184915280 360 215 touchstart -71.4 399.2 0.568095 0.568095 0 wounds 0
wounds_wounds_wounds 1756184915296 360 215 touchmove -58.8 398.8 0.767771 0.767771 0 wounds 0
wounds_wounds_wounds 1756184915313 360 215 touchmove -46.2 398.3 0.774524 0.774524 0 wounds 0
wounds_wounds_wounds 1756184915330 360 215 touchmove -34.9 398.5 0.621125 0.621125 0 wounds 0
wounds_wounds_wounds 1756184915347 360 215 touchmove -22.6 398.7 0.508525 0.508525 0 wounds 0
wounds_wounds_wounds 1756184915364 360 215 touchmove -10.5 398.6 0.601541 0.601541 0 wounds 0
wounds_wounds_wounds 1756184915381 360 215 touchmove 1.2 398.6 0.636011 0.636011 0 wounds 0
wounds_wounds_wounds 1756184915398 360 215 touchmove 13.0 398.7 0.714450 0.714450 0 wounds 0
wounds_wounds_wounds 1756184915415 360 215 touchmove 25.2 398.7 0.686038 0.686038 0 wounds 0
wounds_wounds_wounds 1756184915432 360 215 touchmove 37.4 398.6 0.508256 0.508256 0 wounds 0
wounds_wounds_wounds 1756184915449 360 215 touchmove 49.1 398.4 0.688298 0.688298 0 wounds 0
wounds_wounds_wounds 1756184915466 360 215 touchmove 60.9 397.9 0.765023 0.765023 0 wounds 0
wounds_wounds_wounds 1756184915483 360 215 touchmove 72.7 397.6 0.747301 0.747301 0 wounds 0
wounds_wounds_wounds 1756184915500 360 215 touchmove 84.7 397.5 0.566972 0.566972 0 wounds 0
wounds_wounds_wounds 1756184915517 360 215 touchmove 97.0 397.4 0.634739 0.634739 0 wounds 0
wounds_wounds_wounds 1756184915534 360 215 touchmove 108.9 397.6 0.560358 0.560358 0 wounds 0
wounds_wounds_wounds 1756184915551 360 215 touchmove 120.7 397.9 0.540967 0.540967 0 wounds 0
wounds_wounds_wounds 1756184915568 360 215 touchmove 132.6 398.2 0.707151 0.707151 0 wounds 0
wounds_wounds_wounds 1756184915585 360 215 touchmove 144.2 398.6 0.647970 0.647970 0 wounds 0
wounds_wounds_wounds 1756184915602 360 215 touchmove 156.2 399.0 0.762386 0.762386 0 wounds 0
wounds_wounds_wounds 1756184915619 360 215 touchmove 168.3 399.1 0.762828 0.762828 0 wounds 0
wounds_wounds_wounds 1756184915636 360 215 touchmove 179.7 398.8 0.559031 0.559031 0 wounds 0
wounds_wounds_wounds 1756184915653 360 215 touchmove 191.5 398.1 0.504683 0.504683 0 wounds 0
wounds_wounds_wounds 1756184915670 360 215 touchmove 203.5 397.6 0.634564 0.634564 0 wounds 0
wounds_wounds_wounds 1756184915686 360 215 touchmove 215.5 397.4 0.702160 0.702160 0 wounds 0
wounds_wounds_wounds 1756184915703 360 215 touchmove 227.5 397.2 0.773027 0.773027 0 wounds 0
wounds_wounds_wounds 1756184915720 360 215 touchmove 239.3 397.1 0.665903 0.665903 0 wounds 0
wounds_wounds_wounds 1756184915737 360 215 touchmove 251.1 397.2 0.756552 0.756552 0 wounds 0
wounds_wounds_wounds 1756184915754 360 215 touchmove 263.2 397.6 0.603622 0.603622 0 wounds 0
wounds_wounds_wounds 1756184915771 360 215 touchmove 275.2 398.4 0.676435 0.676435 0 wounds 0
wounds_wounds_wounds 1756184915788 360 215 touchmove 287.2 398.8 0.655019 0.655019 0 wounds 0
wounds_wounds_wounds 1756184915805 360 215 touchmove 299.2 398.9 0.734047 0.734047 0 wounds 0
wounds_wounds_wounds 1756184915822 360 215 touchmove 311.1 399.2 0.598132 0.598132 0 wounds 0
wounds_wounds_wounds 1756184915839 360 215 touchmove 323.0 399.2 0.741002 0.741002 0 wounds 0
wounds_wounds_wounds 1756184915856 360 215 touchmove 334.7 399.2 0.785491 0.785491 0 wounds 0
wounds_wounds_wounds 1756184915873 360 215 touchmove 346.8 399.0 0.556667 0.556667 0 wounds 0
wounds_wounds_wounds 1756184915890 360 215 touchmove 358.9 399.0 0.654484 0.654484 0 wounds 0
wounds_wounds_wounds 1756184915907 360 215 touchmove 370.9 399.0 0.615187 0.615187 0 wounds 0
wounds_wounds_wounds 1756184915924 360 215 touchmove 382.8 399.2 0.716403 0.716403 0 wounds 0
wounds_wounds_wounds 1756184915941 360 215 touchmove 395.0 399.3 0.597299 0.597299 0 wounds 0
wounds_wounds_wounds 1756184915958 360 215 touchmove 403.8 399.7 0.573888 0.573888 0 wounds 0
wounds_wounds_wounds 1756184915975 360 215 touchmove 409.4 399.9 0.681877 0.681877 0 wounds 0
wounds_wounds_wounds 1756184915992 360 215 touchmove 411.1 400.2 0.767333 0.767333 0 wounds 0
wounds_wounds_wounds 1756184916009 360 215 touchmove 409.2 400.5 0.568259 0.568259 0 wounds 0
wounds_wounds_wounds 1756184916026 360 215 touchmove 404.1 400.5 0.504518 0.504518 0 wounds 0
wounds_wounds_wounds 1756184916043 360 215 touchmove 395.5 400.6 0.526415 0.526415 0 wounds 0
wounds_wounds_wounds 1756184916060 360 215 touchmove 383.6 400.6 0.667127 0.667127 0 wounds 0
wounds_wounds_wounds 1756184916076 360 215 touchmove 371.6 400.4 0.639895 0.639895 0 wounds 0
wounds_wounds_wounds 1756184916093 360 215 touchmove 359.3 400.4 0.725400 0.725400 0 wounds 0
wounds_wounds_wounds 1756184916110 360 215 touchmove 347.2 400.2 0.716588 0.716588 0 wounds 0
wounds_wounds_wounds 1756184916127 360 215 touchmove 335.5 399.9 0.753134 0.753134 0 wounds 0
wounds_wounds_wounds 1756184916144 360 215 touchmove 323.5 399.9 0.787623 0.787623 0 wounds 0
wounds_wounds_wounds 1756184916161 360 215 touchmove 313.2 401.6 0.776675 0.776675 0 wounds 0
wounds_wounds_wounds 1756184916178 360 215 touchmove 304.6 405.2 0.711724 0.711724 0 wounds 0
wounds_wounds_wounds 1756184916195 360 215 touchmove 297.8 410.5 0.661065 0.661065 0 wounds 0
wounds_wounds_wounds 1756184916212 360 215 touchmove 292.8 417.5 0.618730 0.618730 0 wounds 0
wounds_wounds_wounds 1756184916229 360 215 touchmove 289.6 426.3 0.756005 0.756005 0 wounds 0
wounds_wounds_wounds 1756184916246 360 215 touchmove 288.1 436.8 0.580853 0.580853 0 wounds 0
wounds_wounds_wounds 1756184916263 360 215 touchmove 288.3 448.9 0.643292 0.643292 0 wounds 0
wounds_wounds_wounds 1756184916280 360 215 touchmove 288.4 461.0 0.723495 0.723495 0 wounds 0
wounds_wounds_wounds 1756184916297 360 215 touchmove 288.5 472.9 0.504471 0.504471 0 wounds 0
wounds_wounds_wounds 1756184916314 360 215 touchmove 288.6 485.0 0.647971 0.647971 0 wounds 0
wounds_wounds_wounds 1756184916331 360 215 touchmove 287.5 495.7 0.789519 0.789519 0 wounds 0
wounds_wounds_wounds 1756184916348 360 215 touchmove 284.9 504.3 0.593313 0.593313 0 wounds 0
wounds_wounds_wounds 1756184916365 360 215 touchmove 280.5 510.6 0.728822 0.728822 0 wounds 0
wounds_wounds_wounds 1756184916382 360 215 touchmove 274.5 514.9 0.661371 0.661371 0 wounds 0
wounds_wounds_wounds 1756184916399 360 215 touchmove 266.7 516.9 0.746685 0.746685 0 wounds 0
wounds_wounds_wounds 1756184916416 360 215 touchmove 257.2 516.9 0.621414 0.621414 0 wounds 0
wounds_wounds_wounds 1756184916433 360 215 touchmove 246.1 514.5 0.557171 0.557171 0 wounds 0
wounds_wounds_wounds 1756184916450 360 215 touchmove 234.6 511.4 0.664401 0.664401 0 wounds 0
wounds_wounds_wounds 1756184916466 360 215 touchmove 222.7 508.4 0.657693 0.657693 0 wounds 0
wounds_wounds_wounds 1756184916483 360 215 touchmove 211.0 505.6 0.550265 0.550265 0 wounds 0
wounds_wounds_wounds 1756184916500 360 215 touchmove 198.9 502.6 0.781427 0.781427 0 wounds 0
wounds_wounds_wounds 1756184916517 360 215 touchmove 187.0 499.7 0.724536 0.724536 0 wounds 0
wounds_wounds_wounds 1756184916534 360 215 touchmove 175.4 497.0 0.576990 0.576990 0 wounds 0
wounds_wounds_wounds 1756184916551 360 215 touchmove 163.9 494.4 0.682767 0.682767 0 wounds 0
wounds_wounds_wounds 1756184916568 360 215 touchmove 152.2 491.9 0.631637 0.631637 0 wounds 0
wounds_wounds_wounds 1756184916585 360 215 touchmove 140.4 489.1 0.730563 0.730563 0 wounds 0
wounds_wounds_wounds 1756184916602 360 215 touchmove 128.6 486.3 0.762515 0.762515 0 wounds 0
wounds_wounds_wounds 1756184916619 360 215 touchmove 117.2 483.4 0.537422 0.537422 0 wounds 0
wounds_wounds_wounds 1756184916636 360 215 touchmove 105.8 480.4 0.688753 0.688753 0 wounds 0
wounds_wounds_wounds 1756184916653 360 215 touchmove 94.5 477.0 0.579026 0.579026 0 wounds 0
wounds_wounds_wounds 1756184916670 360 215 touchmove 83.0 473.6 0.757343 0.757343 0 wounds 0
wounds_wounds_wounds 1756184916687 360 215 touchmove 71.4 470.3 0.661554 0.661554 0 wounds 0
wounds_wounds_wounds 1756184916704 360 215 touchmove 59.9 467.8 0.760412 0.760412 0 wounds 0
wounds_wounds_wounds 1756184916721 360 215 touchmove 48.2 465.8 0.742253 0.742253 0 wounds 0
wounds_wounds_wounds 1756184916738 360 215 touchmove 36.5 464.4 0.737743 0.737743 0 wounds 0
wounds_wounds_wounds 1756184916755 360 215 touchmove 24.6 463.3 0.573038 0.573038 0 wounds 0
wounds_wounds_wounds 1756184916772 360 215 touchmove 12.5 462.9 0.697471 0.697471 0 wounds 0
wounds_wounds_wounds 1756184916789 360 215 touchmove 0.6 462.9 0.783602 0.783602 0 wounds 0
wounds_wounds_wounds 1756184916806 360 215 touchmove -11.5 462.9 0.517440 0.517440 0 wounds 0
wounds_wounds_wounds 1756184916823 360 215 touchmove -23.2 463.3 0.601982 0.601982 0 wounds 0
wounds_wounds_wounds 1756184916840 360 215 touchend -34.3 462.9 0.664428 0.664428 0 wounds 0