sentence timestamp keyb_width keyb_height event x_pos y_pos x_radius y_radius angle word is_err
redemption_redemption_redemption 1756184920462 360 215 touchstart 71.3 399.0 0.638272 0.638272 0 redemption 0
redemption_redemption_redemption 1756184920478 360 215 touchmove 52.0 400.6 0.725411 0.725411 0 redemption 0
redemption_redemption_redemption 1756184920495 360 215 touchmove 31.3 400.8 0.514946 0.514946 0 redemption 0
redemption_redemption_redemption 1756184920512 360 215 touchmove 32.2 409.7 0.795621 0.795621 0 redemption 0
redemption_redemption_redemption 1756184920529 360 215 touchmove 26.5 418.4 0.658731 0.658731 0 redemption 0
redemption_redemption_redemption 1756184920546 360 215 touchmove 22.9 426.0 0.741510 0.741510 0 redemption 0
redemption_redemption_redemption 1756184920563 360 215 touchmove 21.0 431.1 0.607573 0.607573 0 redemption 0
redemption_redemption_redemption 1756184920580 360 215 touchmove 20.1 433.7 0.699547 0.699547 0 redemption 0
redemption_redemption_redemption 1756184920596 360 215 touchmove 18.4 433.5 0.652207 0.652207 0 redemption 0
redemption_redemption_redemption 1756184920613 360 215 touchmove 17.9 431.4 0.552596 0.552596 0 redemption 0
redemption_redemption_redemption 1756184920630 360 215 touchmove 18.9 427.3 0.512341 0.512341 0 redemption 0
redemption_redemption_redemption 1756184920647 360 215 touchmove 21.3 420.9 0.516495 0.516495 0 redemption 0
redemption_redemption_redemption 1756184920664 360 215 touchmove 27.0 416.2 0.605602 0.605602 0 redemption 0
redemption_redemption_redemption 1756184920681 360 215 touchmove 36.3 414.8 0.587976 0.587976 0 redemption 0
redemption_redemption_redemption 1756184920698 360 215 touchmove 49.9 417.3 0.562018 0.562018 0 redemption 0
redemption_redemption_redemption 1756184920715 360 215 touchmove 67.9 423.3 0.628725 0.628725 0 redemption 0
redemption_redemption_redemption 1756184920731 360 215 touchmove 86.8 429.1 0.708262 0.708262 0 redemption 0
redemption_redemption_redemption 1756184920748 360 215 touchmove 105.7 435.6 0.735621 0.735621 0 redemption 0
redemption_redemption_redemption 1756184920765 360 215 touchmove 125.4 442.2 0.571627 0.571627 0 redemption 0
redemption_redemption_redemption 1756184920782 360 215 touchmove 145.0 448.9 0.573910 0.573910 0 redemption 0
redemption_redemption_redemption 1756184920799 360 215 touchmove 164.9 455.7 0.648719 0.648719 0 redemption 0
redemption_redemption_redemption 1756184920816 360 215 touchmove 185.1 462.5 0.659419 0.659419 0 redemption 0
redemption_redemption_redemption 1756184920833 360 215 touchmove 204.6 468.7 0.626824 0.626824 0 redemption 0
redemption_redemption_redemption 1756184920849 360 215 touchmove 223.6 475.6 0.690419 0.690419 0 redemption 0
redemption_redemption_redemption 1756184920866 360 215 touchmove 242.6 482.4 0.505883 0.505883 0 redemption 0
redemption_redemption_redemption 1756184920883 360 215 touchmove 261.0 489.2 0.655251 0.655251 0 redemption 0
redemption_redemption_redemption 1756184920900 360 215 touchmove 279.7 495.5 0.535679 0.535679 0 redemption 0
redemption_redemption_redemption 1756184920917 360 215 touchmove 298.3 501.9 0.624529 0.624529 0 redemption 0
redemption_redemption_redemption 1756184920934 360 215 touchmove 316.1 506.2 0.724077 0.724077 0 redemption 0
redemption_redemption_redemption 1756184920951 360 215 touchmove 333.7 508.0 0.666927 0.666927 0 redemption 0
redemption_redemption_redemption 1756184920968 360 215 touchmove 350.6 506.7 0.701217 0.701217 0 redemption 0
redemption_redemption_redemption 1756184920984 360 215 touchmove 366.8 502.9 0.619251 0.619251 0 redemption 0
redemption_redemption_redemption 1756184921001 360 215 touchmove 383.3 496.6 0.703169 0.703169 0 redemption 0
redemption_redemption_redemption 1756184921018 360 215 touchmove 399.1 488.4 0.539465 0.539465 0 redemption 0
redemption_redemption_redemption 1756184921035 360 215 touchmove 414.6 477.1 0.576960 0.576960 0 redemption 0
redemption_redemption_redemption 1756184921052 360 215 touchmove 429.3 464.7 0.799780 0.799780 0 redemption 0
redemption_redemption_redemption 1756184921069 360 215 touchmove 444.1 452.8 0.619823 0.619823 0 redemption 0
redemption_redemption_redemption 1756184921086 360 215 touchmove 458.7 440.8 0.699137 0.699137 0 redemption 0
redemption_redemption_redemption 1756184921102 360 215 touchmove 469.3 430.2 0.586120 0.586120 0 redemption 0
redemption_redemption_redemption 1756184921119 360 215 touchmove 475.2 421.4 0.536518 0.536518 0 redemption 0
redemption_redemption_redemption 1756184921136 360 215 touchmove 475.8 413.5 0.533470 0.533470 0 redemption 0
redemption_redemption_redemption 1756184921153 360 215 touchmove 471.6 407.8 0.655884 0.655884 0 redemption 0
redemption_redemption_redemption 1756184921170 360 215 touchmove 462.3 403.4 0.652366 0.652366 0 redemption 0
redemption_redemption_redemption 1756184921187 360 215 touchmove 448.3 400.9 0.609736 0.609736 0 redemption 0
redemption_redemption_redemption 1756184921204 360 215 touchmove 429.4 400.2 0.550823 0.550823 0 redemption 0
redemption_redemption_redemption 1756184921221 360 215 touchmove 409.3 399.7 0.780262 0.780262 0 redemption 0
redemption_redemption_redemption 1756184921237 360 215 touchmove 389.2 399.9 0.612636 0.612636 0 redemption 0
redemption_redemption_redemption 1756184921254 360 215 touchmove 369.5 400.4 0.741544 0.741544 0 redemption 0
redemption_redemption_redemption 1756184921271 360 215 touchmove 349.6 401.0 0.615118 0.615118 0 redemption 0
redemption_redemption_redemption 1756184921288 360 215 touchmove 330.0 402.0 0.533197 0.533197 0 redemption 0
redemption_redemption_redemption 1756184921305 360 215 touchmove 309.8 402.3 0.568623 0.568623 0 redemption 0
redemption_redemption_redemption 1756184921322 360 215 touchmove 289.3 403.0 0.689937 0.689937 0 redemption 0
redemption_redemption_redemption 1756184921339 360 215 touchmove 270.2 404.1 0.565448 0.565448 0 redemption 0
redemption_redemption_redemption 1756184921355 360 215 touchmove 251.1 405.2 0.741294 0.741294 0 redemption 0
redemption_redemption_redemption 1756184921372 360 215 touchmove 231.3 405.2 0.606783 0.606783 0 redemption 0
redemption_redemption_redemption 1756184921389 360 215 touchmove 211.6 404.9 0.526551 0.526551 0 redemption 0
redemption_redemption_redemption 1756184921406 360 215 touchmove 194.4 404.1 0.642907 0.642907 0 redemption 0
redemption_redemption_redemption 1756184921423 360 215 touchmove 183.6 403.9 0.793092 0.793092 0 redemption 0
redemption_redemption_redemption 1756184921440 360 215 touchmove 178.8 403.1 0.538182 0.538182 0 redemption 0
redemption_redemption_redemption 1756184921457 360 215 touchmove 178.6 402.0 0.656534 0.656534 0 redemption 0
redemption_redemption_redemption 1756184921474 360 215 touchmove 183.6 399.9 0.593917 0.593917 0 redemption 0
redemption_redemption_redemption 1756184921490 360 215 touchmove 194.9 398.6 0.702433 0.702433 0 redemption 0
redemption_redemption_redemption 1756184921507 360 215 touchmove 212.5 397.9 0.584832 0.584832 0 redemption 0
redemption_redemption_redemption 1756184921524 360 215 touchmove 234.0 397.5 0.623695 0.623695 0 redemption 0
redemption_redemption_redemption 1756184921541 360 215 touchmove 254.6 397.2 0.718066 0.718066 0 redemption 0
redemption_redemption_redemption 1756184921558 360 215 touchmove 275.1 396.5 0.639976 0.639976 0 redemption 0
redemption_redemption_redemption 1756184921575 360 215 touchmove 294.8 396.2 0.657808 0.657808 0 redemption 0
redemption_redemption_redemption 1756184921592 360 215 touchmove 314.4 396.5 0.575524 0.575524 0 redemption 0
redemption_redemption_redemption 1756184921608 360 215 touchmove 333.3 397.4 0.577725 0.577725 0 redemption 0
redemption_redemption_redemption 1756184921625 360 215 touchmove 351.1 398.0 0.781506 0.781506 0 redemption 0
redemption_redemption_redemption 1756184921642 360 215 touchmove 369.3 399.0 0.761075 0.761075 0 redemption 0
redemption_redemption_redemption 1756184921659 360 215 touchmove 384.1 400.8 0.609059 0.609059 0 redemption 0
redemption_redemption_redemption 1756184921676 360 215 touchmove 394.3 404.6 0.649627 0.649627 0 redemption 0
redemption_redemption_redemption 1756184921693 360 215 touchmove 400.3 410.3 0.591912 0.591912 0 redemption 0
redemption_redemption_redemption 1756184921710 360 215 touchmove 401.6 417.7 0.532908 0.532908 0 redemption 0
redemption_redemption_redemption 1756184921727 360 215 touchmove 398.5 426.7 0.655392 0.655392 0 redemption 0
redemption_redemption_redemption 1756184921743 360 215 touchmove 390.4 437.1 0.508452 0.508452 0 redemption 0
redemption_redemption_redemption 1756184921760 360 215 touchmove 376.7 449.2 0.543502 0.543502 0 redemption 0
redemption_redemption_redemption 1756184921777 360 215 touchmove 362.2 462.5 0.503080 0.503080 0 redemption 0
redemption_redemption_redemption 1756184921794 360 215 touchmove 347.6 475.9 0.544553 0.544553 0 redemption 0
redemption_redemption_redemption 1756184921811 360 215 touchmove 332.6 488.6 0.646277 0.646277 0 redemption 0
redemption_redemption_redemption 1756184921828 360 215 touchmove 317.9 503.3 0.702281 0.702281 0 redemption 0
redemption_redemption_redemption 1756184921845 360 215 touchmove 304.4 515.0 0.782530 0.782530 0 redemption 0
redemption_redemption_redemption 1756184921862 360 215 touchend 286.6 526.3 0.594456 0.594456 0 redemption 0