sentence timestamp keyb_width keyb_height event x_pos y_pos x_radius y_radius angle word is_err
poverty_poverty_poverty 1756184909533 360 215 touchstart 505.6 400.1 0.579713 0.579713 0 poverty 0
poverty_poverty_poverty 1756184909549 360 215 touchmove 497.7 399.9 0.673261 0.673261 0 poverty 0
poverty_poverty_poverty 1756184909566 360 215 touchmove 487.9 398.8 0.695625 0.695625 0 poverty 0
poverty_poverty_poverty 1756184909583 360 215 touchmove 477.6 399.7 0.612430 0.612430 0 poverty 0
poverty_poverty_poverty 1756184909600 360 215 touchmove 468.6 399.8 0.513613 0.513613 0 poverty 0
poverty_poverty_poverty 1756184909617 360 215 touchmove 459.1 400.1 0.578246 0.578246 0 poverty 0
poverty_poverty_poverty 1756184909634 360 215 touchmove 449.4 401.0 0.577874 0.577874 0 poverty 0
poverty_poverty_poverty 1756184909651 360 215 touchmove 439.6 402.3 0.560048 0.560048 0 poverty 0
poverty_poverty_poverty 1756184909667 360 215 touchmove 430.3 403.9 0.606420 0.606420 0 poverty 0
poverty_poverty_poverty 1756184909684 360 215 touchmove 421.4 406.0 0.750775 0.750775 0 poverty 0
poverty_poverty_poverty 1756184909701 360 215 touchmove 411.7 409.0 0.765965 0.765965 0 poverty 0
poverty_poverty_poverty 1756184909718 360 215 touchmove 402.0 412.8 0.730689 0.730689 0 poverty 0
poverty_poverty_poverty 1756184909735 360 215 touchmove 392.8 416.6 0.672343 0.672343 0 poverty 0
poverty_poverty_poverty 1756184909752 360 215 touchmove 384.1 420.3 0.723085 0.723085 0 poverty 0
poverty_poverty_poverty 1756184909769 360 215 touchmove 375.3 424.1 0.750969 0.750969 0 poverty 0
poverty_poverty_poverty 1756184909786 360 215 touchmove 366.6 427.8 0.642780 0.642780 0 poverty 0
poverty_poverty_poverty 1756184909802 360 215 touchmove 357.5 431.7 0.769682 0.769682 0 poverty 0
poverty_poverty_poverty 1756184909819 360 215 touchmove 348.9 435.5 0.500927 0.500927 0 poverty 0
poverty_poverty_poverty 1756184909836 360 215 touchmove 340.3 438.6 0.718811 0.718811 0 poverty 0
poverty_poverty_poverty 1756184909853 360 215 touchmove 331.9 442.0 0.573375 0.573375 0 poverty 0
poverty_poverty_poverty 1756184909870 360 215 touchmove 323.5 445.9 0.675762 0.675762 0 poverty 0
poverty_poverty_poverty 1756184909887 360 215 touchmove 315.2 450.2 0.571126 0.571126 0 poverty 0
poverty_poverty_poverty 1756184909904 360 215 touchmove 306.5 454.2 0.701121 0.701121 0 poverty 0
poverty_poverty_poverty 1756184909920 360 215 touchmove 297.8 458.3 0.618847 0.618847 0 poverty 0
poverty_poverty_poverty 1756184909937 360 215 touchmove 288.9 462.5 0.575689 0.575689 0 poverty 0
poverty_poverty_poverty 1756184909954 360 215 touchmove 279.8 466.7 0.589087 0.589087 0 poverty 0
poverty_poverty_poverty 1756184909971 360 215 touchmove 270.5 470.8 0.544210 0.544210 0 poverty 0
poverty_poverty_poverty 1756184909988 360 215 touchmove 261.4 474.7 0.684452 0.684452 0 poverty 0
poverty_poverty_poverty 1756184910005 360 215 touchmove 252.2 478.1 0.719756 0.719756 0 poverty 0
poverty_poverty_poverty 1756184910022 360 215 touchmove 243.7 481.8 0.504501 0.504501 0 poverty 0
poverty_poverty_poverty 1756184910039 360 215 touchmove 235.4 485.4 0.796588 0.796588 0 poverty 0
poverty_poverty_poverty 1756184910055 360 215 touchmove 226.7 488.8 0.631001 0.631001 0 poverty 0
poverty_poverty_poverty 1756184910072 360 215 touchmove 218.1 492.2 0.752059 0.752059 0 poverty 0
poverty_poverty_poverty 1756184910089 360 215 touchmove 209.1 495.6 0.769078 0.769078 0 poverty 0
poverty_poverty_poverty 1756184910106 360 215 touchmove 199.7 499.1 0.798334 0.798334 0 poverty 0
poverty_poverty_poverty 1756184910123 360 215 touchmove 190.5 503.0 0.749459 0.749459 0 poverty 0
poverty_poverty_poverty 1756184910140 360 215 touchmove 181.1 506.9 0.653027 0.653027 0 poverty 0
poverty_poverty_poverty 1756184910157 360 215 touchmove 172.0 510.8 0.655708 0.655708 0 poverty 0
poverty_poverty_poverty 1756184910173 360 215 touchmove 163.3 514.0 0.581102 0.581102 0 poverty 0
poverty_poverty_poverty 1756184910190 360 215 touchmove 155.1 515.9 0.593383 0.593383 0 poverty 0
poverty_poverty_poverty 1756184910207 360 215 touchmove 147.4 516.0 0.629616 0.629616 0 poverty 0
poverty_poverty_poverty 1756184910224 360 215 touchmove 140.4 514.7 0.738152 0.738152 0 poverty 0
poverty_poverty_poverty 1756184910241 360 215 touchmove 133.4 511.9 0.717769 0.717769 0 poverty 0
poverty_poverty_poverty 1756184910258 360 215 touchmove 126.1 507.5 0.550152 0.550152 0 poverty 0
poverty_poverty_poverty 1756184910275 360 215 touchmove 119.2 501.9 0.735813 0.735813 0 poverty 0
poverty_poverty_poverty 1756184910292 360 215 touchmove 111.7 495.7 0.758327 0.758327 0 poverty 0
poverty_poverty_poverty 1756184910308 360 215 touchmove 104.3 489.5 0.727350 0.727350 0 poverty 0
poverty_poverty_poverty 1756184910325 360 215 touchmove 96.7 483.6 0.646522 0.646522 0 poverty 0
poverty_poverty_poverty 1756184910342 360 215 touchmove 88.9 477.8 0.584678 0.584678 0 poverty 0
poverty_poverty_poverty 1756184910359 360 215 touchmove 81.3 471.8 0.781099 0.781099 0 poverty 0
poverty_poverty_poverty 1756184910376 360 215 touchmove 74.0 466.0 0.728716 0.728716 0 poverty 0
poverty_poverty_poverty 1756184910393 360 215 touchmove 66.4 459.4 0.794713 0.794713 0 poverty 0
poverty_poverty_poverty 1756184910410 360 215 touchmove 59.6 453.3 0.577860 0.577860 0 poverty 0
poverty_poverty_poverty 1756184910426 360 215 touchmove 52.9 447.2 0.785809 0.785809 0 poverty 0
poverty_poverty_poverty 1756184910443 360 215 touchmove 45.7 440.9 0.529192 0.529192 0 poverty 0
poverty_poverty_poverty 1756184910460 360 215 touchmove 38.4 434.5 0.769035 0.769035 0 poverty 0
poverty_poverty_poverty 1756184910477 360 215 touchmove 31.2 428.3 0.643665 0.643665 0 poverty 0
poverty_poverty_poverty 1756184910494 360 215 touchmove 24.0 421.9 0.602400 0.602400 0 poverty 0
poverty_poverty_poverty 1756184910511 360 215 touchmove 18.5 416.7 0.557766 0.557766 0 poverty 0
poverty_poverty_poverty 1756184910528 360 215 touchmove 15.0 412.1 0.744138 0.744138 0 poverty 0
poverty_poverty_poverty 1756184910545 360 215 touchmove 14.2 408.2 0.550153 0.550153 0 poverty 0
poverty_poverty_poverty 1756184910561 360 215 touchmove 16.1 404.9 0.745825 0.745825 0 poverty 0
poverty_poverty_poverty 1756184910578 360 215 touchmove 20.8 402.5 0.722834 0.722834 0 poverty 0
poverty_poverty_poverty 1756184910595 360 215 touchmove 27.9 400.7 0.576462 0.576462 0 poverty 0
poverty_poverty_poverty 1756184910612 360 215 touchmove 37.0 399.8 0.717293 0.717293 0 poverty 0
poverty_poverty_poverty 1756184910629 360 215 touchmove 46.8 399.3 0.728409 0.728409 0 poverty 0
poverty_poverty_poverty 1756184910646 360 215 touchmove 56.3 398.7 0.515389 0.515389 0 poverty 0
poverty_poverty_poverty 1756184910663 360 215 touchmove 65.7 398.3 0.560155 0.560155 0 poverty 0
poverty_poverty_poverty 1756184910679 360 215 touchmove 74.8 398.1 0.600077 0.600077 0 poverty 0
poverty_poverty_poverty 1756184910696 360 215 touchmove 83.7 398.2 0.708565 0.708565 0 poverty 0
poverty_poverty_poverty 1756184910713 360 215 touchmove 92.2 398.9 0.630220 0.630220 0 poverty 0
poverty_poverty_poverty 1756184910730 360 215 touchmove 101.4 399.9 0.642337 0.642337 0 poverty 0
poverty_poverty_poverty 1756184910747 360 215 touchmove 110.4 400.9 0.576408 0.576408 0 poverty 0
poverty_poverty_poverty 1756184910764 360 215 touchmove 119.7 402.0 0.554455 0.554455 0 poverty 0
poverty_poverty_poverty 1756184910781 360 215 touchmove 129.1 402.3 0.792956 0.792956 0 poverty 0
poverty_poverty_poverty 1756184910798 360 215 touchmove 138.5 402.5 0.580530 0.580530 0 poverty 0
poverty_poverty_poverty 1756184910814 360 215 touchmove 148.0 402.5 0.563144 0.563144 0 poverty 0
poverty_poverty_poverty 1756184910831 360 215 touchmove 157.8 402.2 0.640196 0.640196 0 poverty 0
poverty_poverty_poverty 1756184910848 360 215 touchmove 167.3 401.5 0.604384 0.604384 0 poverty 0
poverty_poverty_poverty 1756184910865 360 215 touchmove 176.9 400.7 0.716879 0.716879 0 poverty 0
poverty_poverty_poverty 1756184910882 360 215 touchmove 186.7 399.7 0.744876 0.744876 0 poverty 0
poverty_poverty_poverty 1756184910899 360 215 touchmove 197.0 399.7 0.732254 0.732254 0 poverty 0
poverty_poverty_poverty 1756184910916 360 215 touchmove 205.6 400.1 0.577038 0.577038 0 poverty 0
poverty_poverty_poverty 1756184910933 360 215 touchend 215.8 398.3 0.585978 0.585978 0 poverty 0