sentence timestamp keyb_width keyb_height event x_pos y_pos x_radius y_radius angle word is_err
sorted_sorted_sorted 1756184920976 360 215 touchstart -34.6 462.8 0.525397 0.525397 0 sorted 0
sorted_sorted_sorted 1756184920992 360 215 touchmove -19.4 461.7 0.698753 0.698753 0 sorted 0
sorted_sorted_sorted 1756184921009 360 215 touchmove -3.8 460.5 0.602616 0.602616 0 sorted 0
sorted_sorted_sorted 1756184921026 360 215 touchmove 12.2 458.5 0.659545 0.659545 0 sorted 0
sorted_sorted_sorted 1756184921043 360 215 touchmove 27.7 456.6 0.531357 0.531357 0 sorted 0
sorted_sorted_sorted 1756184921060 360 215 touchmove 43.1 454.3 0.572725 0.572725 0 sorted 0
sorted_sorted_sorted 1756184921077 360 215 touchmove 58.5 451.6 0.656363 0.656363 0 sorted 0
sorted_sorted_sorted 1756184921094 360 215 touchmove 73.9 448.9 0.698061 0.698061 0 sorted 0
sorted_sorted_sorted 1756184921111 360 215 touchmove 89.5 446.0 0.783540 0.783540 0 sorted 0
sorted_sorted_sorted 1756184921128 360 215 touchmove 104.8 443.4 0.672255 0.672255 0 sorted 0
sorted_sorted_sorted 1756184921145 360 215 touchmove 120.3 441.1 0.613304 0.613304 0 sorted 0
sorted_sorted_sorted 1756184921161 360 215 touchmove 135.8 439.1 0.609587 0.609587 0 sorted 0
sorted_sorted_sorted 1756184921178 360 215 touchmove 151.1 437.3 0.634799 0.634799 0 sorted 0
sorted_sorted_sorted 1756184921195 360 215 touchmove 166.5 435.5 0.715219 0.715219 0 sorted 0
sorted_sorted_sorted 1756184921212 360 215 touchmove 182.3 433.3 0.769208 0.769208 0 sorted 0
sorted_sorted_sorted 1756184921229 360 215 touchmove 198.2 431.1 0.772475 0.772475 0 sorted 0
sorted_sorted_sorted 1756184921246 360 215 touchmove 214.0 428.9 0.683982 0.683982 0 sorted 0
sorted_sorted_sorted 1756184921263 360 215 touchmove 229.3 426.6 0.632817 0.632817 0 sorted 0
sorted_sorted_sorted 1756184921280 360 215 touchmove 245.0 423.8 0.725163 0.725163 0 sorted 0
sorted_sorted_sorted 1756184921297 360 215 touchmove 261.0 420.9 0.515763 0.515763 0 sorted 0
sorted_sorted_sorted 1756184921314 360 215 touchmove 276.7 418.4 0.639653 0.639653 0 sorted 0
sorted_sorted_sorted 1756184921330 360 215 touchmove 292.1 416.3 0.547538 0.547538 0 sorted 0
sorted_sorted_sorted 1756184921347 360 215 touchmove 307.2 414.3 0.633777 0.633777 0 sorted 0
sorted_sorted_sorted 1756184921364 360 215 touchmove 322.7 412.5 0.662668 0.662668 0 sorted 0
sorted_sorted_sorted 1756184921381 360 215 touchmove 338.3 410.6 0.788795 0.788795 0 sorted 0
sorted_sorted_sorted 1756184921398 360 215 touchmove 353.7 408.8 0.719871 0.719871 0 sorted 0
sorted_sorted_sorted 1756184921415 360 215 touchmove 369.1 407.2 0.798781 0.798781 0 sorted 0
sorted_sorted_sorted 1756184921432 360 215 touchmove 384.3 405.5 0.789676 0.789676 0 sorted 0
sorted_sorted_sorted 1756184921449 360 215 touchmove 395.1 403.9 0.519611 0.519611 0 sorted 0
sorted_sorted_sorted 1756184921466 360 215 touchmove 401.5 402.4 0.785225 0.785225 0 sorted 0
sorted_sorted_sorted 1756184921483 360 215 touchmove 403.3 400.8 0.662963 0.662963 0 sorted 0
sorted_sorted_sorted 1756184921499 360 215 touchmove 400.3 399.6 0.789616 0.789616 0 sorted 0
sorted_sorted_sorted 1756184921516 360 215 touchmove 393.7 398.6 0.752032 0.752032 0 sorted 0
sorted_sorted_sorted 1756184921533 360 215 touchmove 382.3 398.1 0.651977 0.651977 0 sorted 0
sorted_sorted_sorted 1756184921550 360 215 touchmove 366.9 398.2 0.714371 0.714371 0 sorted 0
sorted_sorted_sorted 1756184921567 360 215 touchmove 351.2 398.2 0.562248 0.562248 0 sorted 0
sorted_sorted_sorted 1756184921584 360 215 touchmove 335.7 398.4 0.727512 0.727512 0 sorted 0
sorted_sorted_sorted 1756184921601 360 215 touchmove 320.2 399.0 0.562253 0.562253 0 sorted 0
sorted_sorted_sorted 1756184921618 360 215 touchmove 305.1 399.5 0.710293 0.710293 0 sorted 0
sorted_sorted_sorted 1756184921635 360 215 touchmove 289.5 400.1 0.799044 0.799044 0 sorted 0
sorted_sorted_sorted 1756184921652 360 215 touchmove 274.1 400.3 0.582178 0.582178 0 sorted 0
sorted_sorted_sorted 1756184921668 360 215 touchmove 257.7 400.4 0.640500 0.640500 0 sorted 0
sorted_sorted_sorted 1756184921685 360 215 touchmove 241.3 400.3 0.519263 0.519263 0 sorted 0
sorted_sorted_sorted 1756184921702 360 215 touchmove 225.0 400.1 0.770283 0.770283 0 sorted 0
sorted_sorted_sorted 1756184921719 360 215 touchmove 208.8 399.8 0.782068 0.782068 0 sorted 0
sorted_sorted_sorted 1756184921736 360 215 touchmove 192.5 399.6 0.733355 0.733355 0 sorted 0
sorted_sorted_sorted 1756184921753 360 215 touchmove 176.4 399.5 0.607047 0.607047 0 sorted 0
sorted_sorted_sorted 1756184921770 360 215 touchmove 160.3 399.6 0.799127 0.799127 0 sorted 0
sorted_sorted_sorted 1756184921787 360 215 touchmove 145.1 399.5 0.564597 0.564597 0 sorted 0
sorted_sorted_sorted 1756184921804 360 215 touchmove 130.1 399.4 0.676084 0.676084 0 sorted 0
sorted_sorted_sorted 1756184921821 360 215 touchmove 116.1 399.5 0.520360 0.520360 0 sorted 0
sorted_sorted_sorted 1756184921837 360 215 touchmove 106.4 399.6 0.728027 0.728027 0 sorted 0
sorted_sorted_sorted 1756184921854 360 215 touchmove 101.2 400.0 0.601977 0.601977 0 sorted 0
sorted_sorted_sorted 1756184921871 360 215 touchmove 100.4 400.2 0.596300 0.596300 0 sorted 0
sorted_sorted_sorted 1756184921888 360 215 touchmove 103.6 400.5 0.703832 0.703832 0 sorted 0
sorted_sorted_sorted 1756184921905 360 215 touchmove 108.4 400.7 0.736866 0.736866 0 sorted 0
sorted_sorted_sorted 1756184921922 360 215 touchmove 113.4 401.3 0.663063 0.663063 0 sorted 0
sorted_sorted_sorted 1756184921939 360 215 touchmove 116.8 401.6 0.785273 0.785273 0 sorted 0
sorted_sorted_sorted 1756184921956 360 215 touchmove 115.5 402.1 0.768167 0.768167 0 sorted 0
sorted_sorted_sorted 1756184921973 360 215 touchmove 109.6 402.2 0.739692 0.739692 0 sorted 0
sorted_sorted_sorted 1756184921990 360 215 touchmove 99.3 402.5 0.787813 0.787813 0 sorted 0
sorted_sorted_sorted 1756184922006 360 215 touchmove 84.9 402.1 0.792306 0.792306 0 sorted 0
sorted_sorted_sorted 1756184922023 360 215 touchmove 68.7 401.9 0.779689 0.779689 0 sorted 0
sorted_sorted_sorted 1756184922040 360 215 touchmove 52.7 401.3 0.583689 0.583689 0 sorted 0
sorted_sorted_sorted 1756184922057 360 215 touchmove 38.9 401.9 0.610275 0.610275 0 sorted 0
sorted_sorted_sorted 1756184922074 360 215 touchmove 28.9 404.4 0.684014 0.684014 0 sorted 0
sorted_sorted_sorted 1756184922091 360 215 touchmove 22.4 408.8 0.693392 0.693392 0 sorted 0
sorted_sorted_sorted 1756184922108 360 215 touchmove 18.8 415.4 0.759325 0.759325 0 sorted 0
sorted_sorted_sorted 1756184922125 360 215 touchmove 18.9 424.4 0.718976 0.718976 0 sorted 0
sorted_sorted_sorted 1756184922142 360 215 touchmove 22.1 435.3 0.756335 0.756335 0 sorted 0
sorted_sorted_sorted 1756184922159 360 215 touchmove 28.6 448.8 0.795338 0.795338 0 sorted 0
sorted_sorted_sorted 1756184922176 360 215 touchend 37.3 462.8 0.757388 0.757388 0 sorted 0