sentence timestamp keyb_width keyb_height event x_pos y_pos x_radius y_radius angle word is_err
cubs_cubs_cubs 1756184919597 360 215 touchstart 72.5 525.3 0.757845 0.757845 0 cubs 0
cubs_cubs_cubs 1756184919614 360 215 touchmove 82.7 519.6 0.614937 0.614937 0 cubs 0
cubs_cubs_cubs 1756184919631 360 215 touchmove 92.3 513.6 0.738140 0.738140 0 cubs 0
cubs_cubs_cubs 1756184919648 360 215 touchmove 102.7 507.4 0.571527 0.571527 0 cubs 0
cubs_cubs_cubs 1756184919665 360 215 touchmove 112.7 501.4 0.510661 0.510661 0 cubs 0
cubs_cubs_cubs 1756184919682 360 215 touchmove 122.6 495.3 0.786576 0.786576 0 cubs 0
cubs_cubs_cubs 1756184919699 360 215 touchmove 132.6 489.3 0.682843 0.682843 0 cubs 0
cubs_cubs_cubs 1756184919717 360 215 touchmove 142.7 483.3 0.500776 0.500776 0 cubs 0
cubs_cubs_cubs 1756184919734 360 215 touchmove 152.6 477.4 0.677674 0.677674 0 cubs 0
cubs_cubs_cubs 1756184919751 360 215 touchmove 162.7 471.6 0.566363 0.566363 0 cubs 0
cubs_cubs_cubs 1756184919768 360 215 touchmove 172.7 465.7 0.714770 0.714770 0 cubs 0
cubs_cubs_cubs 1756184919785 360 215 touchmove 182.9 459.8 0.528739 0.528739 0 cubs 0
cubs_cubs_cubs 1756184919802 360 215 touchmove 192.9 454.1 0.749079 0.749079 0 cubs 0
cubs_cubs_cubs 1756184919819 360 215 touchmove 203.0 448.2 0.769290 0.769290 0 cubs 0
cubs_cubs_cubs 1756184919837 360 215 touchmove 213.0 442.5 0.731045 0.731045 0 cubs 0
cubs_cubs_cubs 1756184919854 360 215 touchmove 223.1 436.8 0.598594 0.598594 0 cubs 0
cubs_cubs_cubs 1756184919871 360 215 touchmove 233.2 430.9 0.587749 0.587749 0 cubs 0
cubs_cubs_cubs 1756184919888 360 215 touchmove 243.2 425.3 0.650984 0.650984 0 cubs 0
cubs_cubs_cubs 1756184919905 360 215 touchmove 253.2 419.6 0.690112 0.690112 0 cubs 0
cubs_cubs_cubs 1756184919922 360 215 touchmove 261.8 415.3 0.658211 0.658211 0 cubs 0
cubs_cubs_cubs 1756184919939 360 215 touchmove 268.2 413.2 0.526127 0.526127 0 cubs 0
cubs_cubs_cubs 1756184919957 360 215 touchmove 272.4 413.2 0.745959 0.745959 0 cubs 0
cubs_cubs_cubs 1756184919974 360 215 touchmove 274.3 415.6 0.618811 0.618811 0 cubs 0
cubs_cubs_cubs 1756184919991 360 215 touchmove 273.9 420.1 0.527076 0.527076 0 cubs 0
cubs_cubs_cubs 1756184920008 360 215 touchmove 271.4 426.9 0.797087 0.797087 0 cubs 0
cubs_cubs_cubs 1756184920025 360 215 touchmove 266.6 436.2 0.715731 0.715731 0 cubs 0
cubs_cubs_cubs 1756184920042 360 215 touchmove 261.0 446.2 0.542574 0.542574 0 cubs 0
cubs_cubs_cubs 1756184920059 360 215 touchmove 255.5 456.3 0.675088 0.675088 0 cubs 0
cubs_cubs_cubs 1756184920077 360 215 touchmove 249.8 466.5 0.561015 0.561015 0 cubs 0
cubs_cubs_cubs 1756184920094 360 215 touchmove 244.1 476.7 0.637319 0.637319 0 cubs 0
cubs_cubs_cubs 1756184920111 360 215 touchmove 238.1 487.1 0.675891 0.675891 0 cubs 0
cubs_cubs_cubs 1756184920128 360 215 touchmove 231.9 496.9 0.569384 0.569384 0 cubs 0
cubs_cubs_cubs 1756184920145 360 215 touchmove 224.9 504.8 0.681269 0.681269 0 cubs 0
cubs_cubs_cubs 1756184920162 360 215 touchmove 217.1 510.9 0.503305 0.503305 0 cubs 0
cubs_cubs_cubs 1756184920179 360 215 touchmove 208.5 514.9 0.679818 0.679818 0 cubs 0
cubs_cubs_cubs 1756184920197 360 215 touchmove 199.3 517.1 0.721306 0.721306 0 cubs 0
cubs_cubs_cubs 1756184920214 360 215 touchmove 189.3 517.5 0.601140 0.601140 0 cubs 0
cubs_cubs_cubs 1756184920231 360 215 touchmove 178.6 515.9 0.652515 0.652515 0 cubs 0
cubs_cubs_cubs 1756184920248 360 215 touchmove 167.3 513.0 0.705910 0.705910 0 cubs 0
cubs_cubs_cubs 1756184920265 360 215 touchmove 156.0 510.0 0.524516 0.524516 0 cubs 0
cubs_cubs_cubs 1756184920282 360 215 touchmove 144.6 507.1 0.544918 0.544918 0 cubs 0
cubs_cubs_cubs 1756184920299 360 215 touchmove 133.2 504.5 0.537249 0.537249 0 cubs 0
cubs_cubs_cubs 1756184920317 360 215 touchmove 121.8 501.9 0.679930 0.679930 0 cubs 0
cubs_cubs_cubs 1756184920334 360 215 touchmove 110.4 499.3 0.571987 0.571987 0 cubs 0
cubs_cubs_cubs 1756184920351 360 215 touchmove 99.1 496.6 0.569200 0.569200 0 cubs 0
cubs_cubs_cubs 1756184920368 360 215 touchmove 87.8 494.0 0.704172 0.704172 0 cubs 0
cubs_cubs_cubs 1756184920385 360 215 touchmove 76.5 491.4 0.639912 0.639912 0 cubs 0
cubs_cubs_cubs 1756184920402 360 215 touchmove 65.3 488.6 0.768183 0.768183 0 cubs 0
cubs_cubs_cubs 1756184920419 360 215 touchmove 54.1 485.7 0.585759 0.585759 0 cubs 0
cubs_cubs_cubs 1756184920437 360 215 touchmove 42.9 482.7 0.609301 0.609301 0 cubs 0
cubs_cubs_cubs 1756184920454 360 215 touchmove 31.6 479.7 0.637049 0.637049 0 cubs 0
cubs_cubs_cubs 1756184920471 360 215 touchmove 20.4 476.8 0.539307 0.539307 0 cubs 0
cubs_cubs_cubs 1756184920488 360 215 touchmove 9.3 473.9 0.670901 0.670901 0 cubs 0
cubs_cubs_cubs 1756184920505 360 215 touchmove -1.9 470.9 0.748205 0.748205 0 cubs 0
cubs_cubs_cubs 1756184920522 360 215 touchmove -12.4 468.5 0.662370 0.662370 0 cubs 0
cubs_cubs_cubs 1756184920539 360 215 touchmove -24.3 465.5 0.505461 0.505461 0 cubs 0
cubs_cubs_cubs 1756184920557 360 215 touchend -35.2 462.0 0.716780 0.716780 0 cubs 0