sentence timestamp keyb_width keyb_height event x_pos y_pos x_radius y_radius angle word is_err
withdrawal_withdrawal_withdrawal 1756184914612 360 215 touchstart -72.5 400.2 0.670311 0.670311 0 withdrawal 0
withdrawal_withdrawal_withdrawal 1756184914628 360 215 touchmove -58.9 400.1 0.620244 0.620244 0 withdrawal 0
withdrawal_withdrawal_withdrawal 1756184914645 360 215 touchmove -45.3 399.9 0.545846 0.545846 0 withdrawal 0
withdrawal_withdrawal_withdrawal 1756184914662 360 215 touchmove -31.4 399.7 0.672124 0.672124 0 withdrawal 0
withdrawal_withdrawal_withdrawal 1756184914679 360 215 touchmove -17.7 399.7 0.521942 0.521942 0 withdrawal 0
withdrawal_withdrawal_withdrawal 1756184914695 360 215 touchmove -4.0 399.6 0.613544 0.613544 0 withdrawal 0
withdrawal_withdrawal_withdrawal 1756184914712 360 215 touchmove 9.8 399.5 0.592186 0.592186 0 withdrawal 0
withdrawal_withdrawal_withdrawal 1756184914729 360 215 touchmove 23.6 399.5 0.771432 0.771432 0 withdrawal 0
withdrawal_withdrawal_withdrawal 1756184914746 360 215 touchmove 37.6 399.4 0.761385 0.761385 0 withdrawal 0
withdrawal_withdrawal_withdrawal 1756184914763 360 215 touchmove 51.6 399.3 0.602889 0.602889 0 withdrawal 0
withdrawal_withdrawal_withdrawal 1756184914779 360 215 touchmove 65.4 399.4 0.773286 0.773286 0 withdrawal 0
withdrawal_withdrawal_withdrawal 1756184914796 360 215 touchmove 79.4 399.3 0.685363 0.685363 0 withdrawal 0
withdrawal_withdrawal_withdrawal 1756184914813 360 215 touchmove 93.5 399.3 0.726363 0.726363 0 withdrawal 0
withdrawal_withdrawal_withdrawal 1756184914830 360 215 touchmove 107.4 399.3 0.741493 0.741493 0 withdrawal 0
withdrawal_withdrawal_withdrawal 1756184914846 360 215 touchmove 121.3 399.3 0.707940 0.707940 0 withdrawal 0
withdrawal_withdrawal_withdrawal 1756184914863 360 215 touchmove 135.1 399.3 0.610661 0.610661 0 withdrawal 0
withdrawal_withdrawal_withdrawal 1756184914880 360 215 touchmove 148.9 399.4 0.551366 0.551366 0 withdrawal 0
withdrawal_withdrawal_withdrawal 1756184914897 360 215 touchmove 162.6 399.4 0.529517 0.529517 0 withdrawal 0
withdrawal_withdrawal_withdrawal 1756184914914 360 215 touchmove 176.4 399.4 0.730269 0.730269 0 withdrawal 0
withdrawal_withdrawal_withdrawal 1756184914930 360 215 touchmove 190.0 399.4 0.725379 0.725379 0 withdrawal 0
withdrawal_withdrawal_withdrawal 1756184914947 360 215 touchmove 203.9 399.4 0.579491 0.579491 0 withdrawal 0
withdrawal_withdrawal_withdrawal 1756184914964 360 215 touchmove 217.5 399.3 0.540223 0.540223 0 withdrawal 0
withdrawal_withdrawal_withdrawal 1756184914981 360 215 touchmove 231.1 399.4 0.647642 0.647642 0 withdrawal 0
withdrawal_withdrawal_withdrawal 1756184914998 360 215 touchmove 244.8 399.4 0.680600 0.680600 0 withdrawal 0
withdrawal_withdrawal_withdrawal 1756184915014 360 215 touchmove 258.4 399.4 0.693428 0.693428 0 withdrawal 0
withdrawal_withdrawal_withdrawal 1756184915031 360 215 touchmove 272.1 399.3 0.643559 0.643559 0 withdrawal 0
withdrawal_withdrawal_withdrawal 1756184915048 360 215 touchmove 285.9 399.2 0.574536 0.574536 0 withdrawal 0
withdrawal_withdrawal_withdrawal 1756184915065 360 215 touchmove 299.6 399.3 0.597776 0.597776 0 withdrawal 0
withdrawal_withdrawal_withdrawal 1756184915081 360 215 touchmove 313.4 399.5 0.645251 0.645251 0 withdrawal 0
withdrawal_withdrawal_withdrawal 1756184915098 360 215 touchmove 324.7 399.4 0.714496 0.714496 0 withdrawal 0
withdrawal_withdrawal_withdrawal 1756184915115 360 215 touchmove 332.0 399.5 0.516002 0.516002 0 withdrawal 0
withdrawal_withdrawal_withdrawal 1756184915132 360 215 touchmove 335.4 399.6 0.689681 0.689681 0 withdrawal 0
withdrawal_withdrawal_withdrawal 1756184915149 360 215 touchmove 334.8 399.8 0.767561 0.767561 0 withdrawal 0
withdrawal_withdrawal_withdrawal 1756184915165 360 215 touchmove 330.2 400.0 0.747344 0.747344 0 withdrawal 0
withdrawal_withdrawal_withdrawal 1756184915182 360 215 touchmove 321.5 400.0 0.628030 0.628030 0 withdrawal 0
withdrawal_withdrawal_withdrawal 1756184915199 360 215 touchmove 308.9 400.1 0.739070 0.739070 0 withdrawal 0
withdrawal_withdrawal_withdrawal 1756184915216 360 215 touchmove 295.1 400.2 0.524611 0.524611 0 withdrawal 0
withdrawal_withdrawal_withdrawal 1756184915232 360 215 touchmove 281.3 400.4 0.597957 0.597957 0 withdrawal 0
withdrawal_withdrawal_withdrawal 1756184915249 360 215 touchmove 267.7 400.6 0.757551 0.757551 0 withdrawal 0
withdrawal_withdrawal_withdrawal 1756184915266 360 215 touchmove 254.0 400.6 0.590529 0.590529 0 withdrawal 0
withdrawal_withdrawal_withdrawal 1756184915283 360 215 touchmove 240.3 400.6 0.529894 0.529894 0 withdrawal 0
withdrawal_withdrawal_withdrawal 1756184915300 360 215 touchmove 226.7 400.9 0.599408 0.599408 0 withdrawal 0
withdrawal_withdrawal_withdrawal 1756184915316 360 215 touchmove 213.2 401.0 0.603352 0.603352 0 withdrawal 0
withdrawal_withdrawal_withdrawal 1756184915333 360 215 touchmove 199.6 401.0 0.770056 0.770056 0 withdrawal 0
withdrawal_withdrawal_withdrawal 1756184915350 360 215 touchmove 185.8 400.9 0.626207 0.626207 0 withdrawal 0
withdrawal_withdrawal_withdrawal 1756184915367 360 215 touchmove 175.8 401.9 0.620245 0.620245 0 withdrawal 0
withdrawal_withdrawal_withdrawal 1756184915384 360 215 touchmove 169.4 403.7 0.753092 0.753092 0 withdrawal 0
withdrawal_withdrawal_withdrawal 1756184915400 360 215 touchmove 166.7 406.3 0.572744 0.572744 0 withdrawal 0
withdrawal_withdrawal_withdrawal 1756184915417 360 215 touchmove 167.6 409.9 0.593744 0.593744 0 withdrawal 0
withdrawal_withdrawal_withdrawal 1756184915434 360 215 touchmove 172.2 414.5 0.636439 0.636439 0 withdrawal 0
withdrawal_withdrawal_withdrawal 1756184915451 360 215 touchmove 180.7 420.2 0.772126 0.772126 0 withdrawal 0
withdrawal_withdrawal_withdrawal 1756184915467 360 215 touchmove 192.8 427.0 0.742627 0.742627 0 withdrawal 0
withdrawal_withdrawal_withdrawal 1756184915484 360 215 touchmove 204.7 433.7 0.747888 0.747888 0 withdrawal 0
withdrawal_withdrawal_withdrawal 1756184915501 360 215 touchmove 216.7 440.5 0.629850 0.629850 0 withdrawal 0
withdrawal_withdrawal_withdrawal 1756184915518 360 215 touchmove 225.1 446.4 0.641484 0.641484 0 withdrawal 0
withdrawal_withdrawal_withdrawal 1756184915535 360 215 touchmove 229.7 451.5 0.719004 0.719004 0 withdrawal 0
withdrawal_withdrawal_withdrawal 1756184915551 360 215 touchmove 230.7 455.6 0.705703 0.705703 0 withdrawal 0
withdrawal_withdrawal_withdrawal 1756184915568 360 215 touchmove 227.9 458.7 0.671356 0.671356 0 withdrawal 0
withdrawal_withdrawal_withdrawal 1756184915585 360 215 touchmove 221.6 460.8 0.606669 0.606669 0 withdrawal 0
withdrawal_withdrawal_withdrawal 1756184915602 360 215 touchmove 211.7 462.0 0.567008 0.567008 0 withdrawal 0
withdrawal_withdrawal_withdrawal 1756184915618 360 215 touchmove 198.0 462.2 0.565143 0.565143 0 withdrawal 0
withdrawal_withdrawal_withdrawal 1756184915635 360 215 touchmove 184.3 462.4 0.601459 0.601459 0 withdrawal 0
withdrawal_withdrawal_withdrawal 1756184915652 360 215 touchmove 170.7 462.5 0.790853 0.790853 0 withdrawal 0
withdrawal_withdrawal_withdrawal 1756184915669 360 215 touchmove 156.9 462.6 0.558000 0.558000 0 withdrawal 0
withdrawal_withdrawal_withdrawal 1756184915686 360 215 touchmove 143.3 462.7 0.770271 0.770271 0 withdrawal 0
withdrawal_withdrawal_withdrawal 1756184915702 360 215 touchmove 129.4 462.8 0.521815 0.521815 0 withdrawal 0
withdrawal_withdrawal_withdrawal 1756184915719 360 215 touchmove 115.5 462.9 0.614058 0.614058 0 withdrawal 0
withdrawal_withdrawal_withdrawal 1756184915736 360 215 touchmove 101.7 462.8 0.697333 0.697333 0 withdrawal 0
withdrawal_withdrawal_withdrawal 1756184915753 360 215 touchmove 87.8 462.6 0.708554 0.708554 0 withdrawal 0
withdrawal_withdrawal_withdrawal 1756184915770 360 215 touchmove 74.8 461.9 0.562428 0.562428 0 withdrawal 0
withdrawal_withdrawal_withdrawal 1756184915786 360 215 touchmove 64.7 459.5 0.722192 0.722192 0 withdrawal 0
withdrawal_withdrawal_withdrawal 1756184915803 360 215 touchmove 57.4 455.6 0.711888 0.711888 0 withdrawal 0
withdrawal_withdrawal_withdrawal 1756184915820 360 215 touchmove 53.0 450.0 0.730753 0.730753 0 withdrawal 0
withdrawal_withdrawal_withdrawal 1756184915837 360 215 touchmove 51.8 442.7 0.626513 0.626513 0 withdrawal 0
withdrawal_withdrawal_withdrawal 1756184915853 360 215 touchmove 53.4 434.0 0.562562 0.562562 0 withdrawal 0
withdrawal_withdrawal_withdrawal 1756184915870 360 215 touchmove 55.1 425.9 0.744212 0.744212 0 withdrawal 0
withdrawal_withdrawal_withdrawal 1756184915887 360 215 touchmove 56.3 419.1 0.698822 0.698822 0 withdrawal 0
withdrawal_withdrawal_withdrawal 1756184915904 360 215 touchmove 54.5 414.4 0.760607 0.760607 0 withdrawal 0
withdrawal_withdrawal_withdrawal 1756184915921 360 215 touchmove 49.9 412.0 0.779500 0.779500 0 withdrawal 0
withdrawal_withdrawal_withdrawal 1756184915937 360 215 touchmove 42.7 412.0 0.606564 0.606564 0 withdrawal 0
withdrawal_withdrawal_withdrawal 1756184915954 360 215 touchmove 32.5 414.3 0.540539 0.540539 0 withdrawal 0
withdrawal_withdrawal_withdrawal 1756184915971 360 215 touchmove 19.5 419.0 0.764460 0.764460 0 withdrawal 0
withdrawal_withdrawal_withdrawal 1756184915988 360 215 touchmove 6.5 423.8 0.563402 0.563402 0 withdrawal 0
withdrawal_withdrawal_withdrawal 1756184916005 360 215 touchmove -6.6 428.4 0.698330 0.698330 0 withdrawal 0
withdrawal_withdrawal_withdrawal 1756184916021 360 215 touchmove -19.6 433.0 0.669902 0.669902 0 withdrawal 0
withdrawal_withdrawal_withdrawal 1756184916038 360 215 touchmove -32.8 437.6 0.611345 0.611345 0 withdrawal 0
withdrawal_withdrawal_withdrawal 1756184916055 360 215 touchmove -45.9 442.0 0.730354 0.730354 0 withdrawal 0
withdrawal_withdrawal_withdrawal 1756184916072 360 215 touchmove -59.0 446.4 0.745762 0.745762 0 withdrawal 0
withdrawal_withdrawal_withdrawal 1756184916088 360 215 touchmove -71.5 450.0 0.539355 0.539355 0 withdrawal 0
withdrawal_withdrawal_withdrawal 1756184916105 360 215 touchmove -81.1 451.3 0.681925 0.681925 0 withdrawal 0
withdrawal_withdrawal_withdrawal 1756184916122 360 215 touchmove -87.8 450.3 0.504999 0.504999 0 withdrawal 0
withdrawal_withdrawal_withdrawal 1756184916139 360 215 touchmove -91.8 447.1 0.584042 0.584042 0 withdrawal 0
withdrawal_withdrawal_withdrawal 1756184916156 360 215 touchmove -92.7 441.3 0.647324 0.647324 0 withdrawal 0
withdrawal_withdrawal_withdrawal 1756184916172 360 215 touchmove -90.9 433.4 0.681843 0.681843 0 withdrawal 0
withdrawal_withdrawal_withdrawal 1756184916189 360 215 touchmove -88.3 426.8 0.765823 0.765823 0 withdrawal 0
withdrawal_withdrawal_withdrawal 1756184916206 360 215 touchmove -85.3 421.9 0.514594 0.514594 0 withdrawal 0
withdrawal_withdrawal_withdrawal 1756184916223 360 215 touchmove -84.2 420.4 0.755189 0.755189 0 withdrawal 0
withdrawal_withdrawal_withdrawal 1756184916239 360 215 touchmove -85.0 422.2 0.754511 0.754511 0 withdrawal 0
withdrawal_withdrawal_withdrawal 1756184916256 360 215 touchmove -87.8 427.5 0.701798 0.701798 0 withdrawal 0
withdrawal_withdrawal_withdrawal 1756184916273 360 215 touchmove -90.3 434.9 0.773050 0.773050 0 withdrawal 0
withdrawal_withdrawal_withdrawal 1756184916290 360 215 touchmove -91.7 444.0 0.502621 0.502621 0 withdrawal 0
withdrawal_withdrawal_withdrawal 1756184916307 360 215 touchmove -90.2 451.1 0.739708 0.739708 0 withdrawal 0
withdrawal_withdrawal_withdrawal 1756184916323 360 215 touchmove -85.9 456.5 0.741161 0.741161 0 withdrawal 0
withdrawal_withdrawal_withdrawal 1756184916340 360 215 touchmove -78.6 460.2 0.690519 0.690519 0 withdrawal 0
withdrawal_withdrawal_withdrawal 1756184916357 360 215 touchmove -68.5 462.1 0.778999 0.778999 0 withdrawal 0
withdrawal_withdrawal_withdrawal 1756184916374 360 215 touchmove -55.4 462.4 0.550688 0.550688 0 withdrawal 0
withdrawal_withdrawal_withdrawal 1756184916391 360 215 touchmove -41.7 462.3 0.592792 0.592792 0 withdrawal 0
withdrawal_withdrawal_withdrawal 1756184916407 360 215 touchmove -28.0 462.1 0.553694 0.553694 0 withdrawal 0
withdrawal_withdrawal_withdrawal 1756184916424 360 215 touchmove -14.3 461.9 0.788006 0.788006 0 withdrawal 0
withdrawal_withdrawal_withdrawal 1756184916441 360 215 touchmove -0.6 461.7 0.548449 0.548449 0 withdrawal 0
withdrawal_withdrawal_withdrawal 1756184916458 360 215 touchmove 13.0 461.3 0.536223 0.536223 0 withdrawal 0
withdrawal_withdrawal_withdrawal 1756184916474 360 215 touchmove 26.9 461.1 0.619998 0.619998 0 withdrawal 0
withdrawal_withdrawal_withdrawal 1756184916491 360 215 touchmove 40.7 461.0 0.740540 0.740540 0 withdrawal 0
withdrawal_withdrawal_withdrawal 1756184916508 360 215 touchmove 54.6 460.9 0.634602 0.634602 0 withdrawal 0
withdrawal_withdrawal_withdrawal 1756184916525 360 215 touchmove 68.3 460.8 0.669008 0.669008 0 withdrawal 0
withdrawal_withdrawal_withdrawal 1756184916542 360 215 touchmove 82.2 460.9 0.610292 0.610292 0 withdrawal 0
withdrawal_withdrawal_withdrawal 1756184916558 360 215 touchmove 96.0 460.9 0.551209 0.551209 0 withdrawal 0
withdrawal_withdrawal_withdrawal 1756184916575 360 215 touchmove 109.9 461.1 0.573635 0.573635 0 withdrawal 0
withdrawal_withdrawal_withdrawal 1756184916592 360 215 touchmove 123.6 461.3 0.760106 0.760106 0 withdrawal 0
withdrawal_withdrawal_withdrawal 1756184916609 360 215 touchmove 137.2 461.4 0.713698 0.713698 0 withdrawal 0
withdrawal_withdrawal_withdrawal 1756184916625 360 215 touchmove 150.9 461.4 0.687251 0.687251 0 withdrawal 0
withdrawal_withdrawal_withdrawal 1756184916642 360 215 touchmove 164.7 461.4 0.599802 0.599802 0 withdrawal 0
withdrawal_withdrawal_withdrawal 1756184916659 360 215 touchmove 178.5 461.6 0.722848 0.722848 0 withdrawal 0
withdrawal_withdrawal_withdrawal 1756184916676 360 215 touchmove 192.3 461.8 0.762139 0.762139 0 withdrawal 0
withdrawal_withdrawal_withdrawal 1756184916693 360 215 touchmove 206.0 461.8 0.625547 0.625547 0 withdrawal 0
withdrawal_withdrawal_withdrawal 1756184916709 360 215 touchmove 219.9 461.8 0.696137 0.696137 0 withdrawal 0
withdrawal_withdrawal_withdrawal 1756184916726 360 215 touchmove 233.7 461.9 0.702989 0.702989 0 withdrawal 0
withdrawal_withdrawal_withdrawal 1756184916743 360 215 touchmove 247.5 462.0 0.652487 0.652487 0 withdrawal 0
withdrawal_withdrawal_withdrawal 1756184916760 360 215 touchmove 261.3 462.0 0.746002 0.746002 0 withdrawal 0
withdrawal_withdrawal_withdrawal 1756184916777 360 215 touchmove 275.0 461.9 0.631892 0.631892 0 withdrawal 0
withdrawal_withdrawal_withdrawal 1756184916793 360 215 touchmove 288.5 461.9 0.795928 0.795928 0 withdrawal 0
withdrawal_withdrawal_withdrawal 1756184916810 360 215 touchmove 302.2 462.0 0.602722 0.602722 0 withdrawal 0
withdrawal_withdrawal_withdrawal 1756184916827 360 215 touchmove 315.8 462.2 0.686870 0.686870 0 withdrawal 0
withdrawal_withdrawal_withdrawal 1756184916844 360 215 touchmove 329.4 462.4 0.612569 0.612569 0 withdrawal 0
withdrawal_withdrawal_withdrawal 1756184916860 360 215 touchmove 343.0 462.5 0.661083 0.661083 0 withdrawal 0
withdrawal_withdrawal_withdrawal 1756184916877 360 215 touchmove 356.9 462.7 0.533961 0.533961 0 withdrawal 0
withdrawal_withdrawal_withdrawal 1756184916894 360 215 touchmove 370.7 462.8 0.699023 0.699023 0 withdrawal 0
withdrawal_withdrawal_withdrawal 1756184916911 360 215 touchmove 384.7 462.8 0.735185 0.735185 0 withdrawal 0
withdrawal_withdrawal_withdrawal 1756184916928 360 215 touchmove 398.6 462.8 0.735320 0.735320 0 withdrawal 0
withdrawal_withdrawal_withdrawal 1756184916944 360 215 touchmove 412.5 462.5 0.683076 0.683076 0 withdrawal 0
withdrawal_withdrawal_withdrawal 1756184916961 360 215 touchmove 426.3 462.4 0.576443 0.576443 0 withdrawal 0
withdrawal_withdrawal_withdrawal 1756184916978 360 215 touchmove 440.5 462.4 0.526752 0.526752 0 withdrawal 0
withdrawal_withdrawal_withdrawal 1756184916995 360 215 touchmove 453.7 461.6 0.581135 0.581135 0 withdrawal 0
withdrawal_withdrawal_withdrawal 1756184917012 360 215 touchend 467.2 461.9 0.610502 0.610502 0 withdrawal 0