sentence timestamp keyb_width keyb_height event x_pos y_pos x_radius y_radius angle word is_err
shaking_shaking_shaking 1756184915633 360 215 touchstart -40.1 462.4 0.636398 0.636398 0 shaking 0
shaking_shaking_shaking 1756184915649 360 215 touchmove -23.5 462.2 0.680314 0.680314 0 shaking 0
shaking_shaking_shaking 1756184915666 360 215 touchmove -4.7 461.1 0.744952 0.744952 0 shaking 0
shaking_shaking_shaking 1756184915683 360 215 touchmove 14.6 461.6 0.669617 0.669617 0 shaking 0
shaking_shaking_shaking 1756184915700 360 215 touchmove 32.9 461.4 0.621356 0.621356 0 shaking 0
shaking_shaking_shaking 1756184915717 360 215 touchmove 51.5 461.3 0.673290 0.673290 0 shaking 0
shaking_shaking_shaking 1756184915734 360 215 touchmove 70.2 461.3 0.609843 0.609843 0 shaking 0
shaking_shaking_shaking 1756184915751 360 215 touchmove 88.8 461.1 0.570860 0.570860 0 shaking 0
shaking_shaking_shaking 1756184915767 360 215 touchmove 107.3 461.0 0.513383 0.513383 0 shaking 0
shaking_shaking_shaking 1756184915784 360 215 touchmove 125.3 461.2 0.595913 0.595913 0 shaking 0
shaking_shaking_shaking 1756184915801 360 215 touchmove 143.1 461.6 0.686868 0.686868 0 shaking 0
shaking_shaking_shaking 1756184915818 360 215 touchmove 160.8 461.9 0.578281 0.578281 0 shaking 0
shaking_shaking_shaking 1756184915835 360 215 touchmove 178.7 461.6 0.641379 0.641379 0 shaking 0
shaking_shaking_shaking 1756184915852 360 215 touchmove 196.3 461.6 0.577770 0.577770 0 shaking 0
shaking_shaking_shaking 1756184915869 360 215 touchmove 209.1 461.5 0.766265 0.766265 0 shaking 0
shaking_shaking_shaking 1756184915886 360 215 touchmove 217.0 461.3 0.722381 0.722381 0 shaking 0
shaking_shaking_shaking 1756184915902 360 215 touchmove 219.8 461.1 0.713489 0.713489 0 shaking 0
shaking_shaking_shaking 1756184915919 360 215 touchmove 217.4 461.2 0.695182 0.695182 0 shaking 0
shaking_shaking_shaking 1756184915936 360 215 touchmove 210.2 461.3 0.531239 0.531239 0 shaking 0
shaking_shaking_shaking 1756184915953 360 215 touchmove 197.5 461.7 0.761998 0.761998 0 shaking 0
shaking_shaking_shaking 1756184915970 360 215 touchmove 179.8 462.0 0.798038 0.798038 0 shaking 0
shaking_shaking_shaking 1756184915987 360 215 touchmove 161.3 462.3 0.613593 0.613593 0 shaking 0
shaking_shaking_shaking 1756184916004 360 215 touchmove 143.1 462.1 0.580762 0.580762 0 shaking 0
shaking_shaking_shaking 1756184916020 360 215 touchmove 124.6 462.2 0.636854 0.636854 0 shaking 0
shaking_shaking_shaking 1756184916037 360 215 touchmove 106.4 461.9 0.568853 0.568853 0 shaking 0
shaking_shaking_shaking 1756184916054 360 215 touchmove 88.6 461.4 0.796213 0.796213 0 shaking 0
shaking_shaking_shaking 1756184916071 360 215 touchmove 70.9 461.2 0.515692 0.515692 0 shaking 0
shaking_shaking_shaking 1756184916088 360 215 touchmove 53.2 461.1 0.621173 0.621173 0 shaking 0
shaking_shaking_shaking 1756184916105 360 215 touchmove 35.7 461.2 0.754782 0.754782 0 shaking 0
shaking_shaking_shaking 1756184916122 360 215 touchmove 17.8 461.6 0.660260 0.660260 0 shaking 0
shaking_shaking_shaking 1756184916139 360 215 touchmove 0.2 461.6 0.788400 0.788400 0 shaking 0
shaking_shaking_shaking 1756184916155 360 215 touchmove -17.2 461.5 0.692971 0.692971 0 shaking 0
shaking_shaking_shaking 1756184916172 360 215 touchmove -35.1 461.4 0.528315 0.528315 0 shaking 0
shaking_shaking_shaking 1756184916189 360 215 touchmove -53.1 461.3 0.529671 0.529671 0 shaking 0
shaking_shaking_shaking 1756184916206 360 215 touchmove -65.8 460.9 0.793332 0.793332 0 shaking 0
shaking_shaking_shaking 1756184916223 360 215 touchmove -73.2 460.6 0.676912 0.676912 0 shaking 0
shaking_shaking_shaking 1756184916240 360 215 touchmove -75.5 460.2 0.744369 0.744369 0 shaking 0
shaking_shaking_shaking 1756184916257 360 215 touchmove -72.8 460.0 0.541699 0.541699 0 shaking 0
shaking_shaking_shaking 1756184916273 360 215 touchmove -65.5 460.2 0.599839 0.599839 0 shaking 0
shaking_shaking_shaking 1756184916290 360 215 touchmove -52.4 460.5 0.688389 0.688389 0 shaking 0
shaking_shaking_shaking 1756184916307 360 215 touchmove -34.6 460.5 0.649834 0.649834 0 shaking 0
shaking_shaking_shaking 1756184916324 360 215 touchmove -16.9 460.7 0.767398 0.767398 0 shaking 0
shaking_shaking_shaking 1756184916341 360 215 touchmove 0.5 460.3 0.649269 0.649269 0 shaking 0
shaking_shaking_shaking 1756184916358 360 215 touchmove 18.1 460.2 0.744492 0.744492 0 shaking 0
shaking_shaking_shaking 1756184916375 360 215 touchmove 36.1 460.0 0.517180 0.517180 0 shaking 0
shaking_shaking_shaking 1756184916392 360 215 touchmove 53.8 460.1 0.657580 0.657580 0 shaking 0
shaking_shaking_shaking 1756184916408 360 215 touchmove 71.4 460.1 0.716678 0.716678 0 shaking 0
shaking_shaking_shaking 1756184916425 360 215 touchmove 89.1 459.9 0.712412 0.712412 0 shaking 0
shaking_shaking_shaking 1756184916442 360 215 touchmove 107.1 459.7 0.781198 0.781198 0 shaking 0
shaking_shaking_shaking 1756184916459 360 215 touchmove 125.6 460.0 0.668158 0.668158 0 shaking 0
shaking_shaking_shaking 1756184916476 360 215 touchmove 143.9 460.2 0.537063 0.537063 0 shaking 0
shaking_shaking_shaking 1756184916493 360 215 touchmove 162.0 460.7 0.669415 0.669415 0 shaking 0
shaking_shaking_shaking 1756184916510 360 215 touchmove 180.3 461.0 0.762134 0.762134 0 shaking 0
shaking_shaking_shaking 1756184916526 360 215 touchmove 198.5 461.0 0.709086 0.709086 0 shaking 0
shaking_shaking_shaking 1756184916543 360 215 touchmove 216.7 461.3 0.767434 0.767434 0 shaking 0
shaking_shaking_shaking 1756184916560 360 215 touchmove 234.7 461.7 0.528003 0.528003 0 shaking 0
shaking_shaking_shaking 1756184916577 360 215 touchmove 252.5 462.0 0.504937 0.504937 0 shaking 0
shaking_shaking_shaking 1756184916594 360 215 touchmove 270.2 462.2 0.620252 0.620252 0 shaking 0
shaking_shaking_shaking 1756184916611 360 215 touchmove 288.1 461.9 0.788654 0.788654 0 shaking 0
shaking_shaking_shaking 1756184916628 360 215 touchmove 305.9 461.8 0.554942 0.554942 0 shaking 0
shaking_shaking_shaking 1756184916645 360 215 touchmove 323.4 461.9 0.644180 0.644180 0 shaking 0
shaking_shaking_shaking 1756184916661 360 215 touchmove 341.0 461.6 0.681760 0.681760 0 shaking 0
shaking_shaking_shaking 1756184916678 360 215 touchmove 354.5 459.6 0.649876 0.649876 0 shaking 0
shaking_shaking_shaking 1756184916695 360 215 touchmove 364.4 455.5 0.502411 0.502411 0 shaking 0
shaking_shaking_shaking 1756184916712 360 215 touchmove 370.8 448.9 0.773175 0.773175 0 shaking 0
shaking_shaking_shaking 1756184916729 360 215 touchmove 373.3 440.0 0.777703 0.777703 0 shaking 0
shaking_shaking_shaking 1756184916746 360 215 touchmove 372.2 433.1 0.734384 0.734384 0 shaking 0
shaking_shaking_shaking 1756184916763 360 215 touchmove 367.3 428.6 0.744239 0.744239 0 shaking 0
shaking_shaking_shaking 1756184916779 360 215 touchmove 358.6 426.6 0.779358 0.779358 0 shaking 0
shaking_shaking_shaking 1756184916796 360 215 touchmove 349.8 428.8 0.698921 0.698921 0 shaking 0
shaking_shaking_shaking 1756184916813 360 215 touchmove 340.8 435.6 0.709768 0.709768 0 shaking 0
shaking_shaking_shaking 1756184916830 360 215 touchmove 331.5 447.1 0.752594 0.752594 0 shaking 0
shaking_shaking_shaking 1756184916847 360 215 touchmove 322.1 463.1 0.798391 0.798391 0 shaking 0
shaking_shaking_shaking 1756184916864 360 215 touchmove 313.1 478.9 0.701484 0.701484 0 shaking 0
shaking_shaking_shaking 1756184916881 360 215 touchmove 303.0 491.6 0.666325 0.666325 0 shaking 0
shaking_shaking_shaking 1756184916898 360 215 touchmove 292.3 500.6 0.766283 0.766283 0 shaking 0
shaking_shaking_shaking 1756184916914 360 215 touchmove 281.0 505.7 0.505382 0.505382 0 shaking 0
shaking_shaking_shaking 1756184916931 360 215 touchmove 269.0 507.1 0.678067 0.678067 0 shaking 0
shaking_shaking_shaking 1756184916948 360 215 touchmove 255.9 505.2 0.734382 0.734382 0 shaking 0
shaking_shaking_shaking 1756184916965 360 215 touchmove 241.9 499.5 0.778248 0.778248 0 shaking 0
shaking_shaking_shaking 1756184916982 360 215 touchmove 226.8 490.5 0.595781 0.595781 0 shaking 0
shaking_shaking_shaking 1756184916999 360 215 touchmove 212.1 482.4 0.691874 0.691874 0 shaking 0
shaking_shaking_shaking 1756184917016 360 215 touchmove 196.2 471.4 0.637197 0.637197 0 shaking 0
shaking_shaking_shaking 1756184917033 360 215 touchend 181.6 461.3 0.654434 0.654434 0 shaking 0