sentence timestamp keyb_width keyb_height event x_pos y_pos x_radius y_radius angle word is_err
twilight_twilight_twilight 1756184920504 360 215 touchstart 145.4 400.5 0.577368 0.577368 0 twilight 0
twilight_twilight_twilight 1756184920520 360 215 touchmove 125.2 399.8 0.547790 0.547790 0 twilight 0
twilight_twilight_twilight 1756184920537 360 215 touchmove 104.4 400.0 0.623999 0.623999 0 twilight 0
twilight_twilight_twilight 1756184920554 360 215 touchmove 86.0 400.7 0.597584 0.597584 0 twilight 0
twilight_twilight_twilight 1756184920571 360 215 touchmove 66.0 400.3 0.580051 0.580051 0 twilight 0
twilight_twilight_twilight 1756184920588 360 215 touchmove 46.1 400.7 0.617304 0.617304 0 twilight 0
twilight_twilight_twilight 1756184920605 360 215 touchmove 26.7 400.6 0.669025 0.669025 0 twilight 0
twilight_twilight_twilight 1756184920622 360 215 touchmove 7.5 400.4 0.557114 0.557114 0 twilight 0
twilight_twilight_twilight 1756184920639 360 215 touchmove -12.1 400.0 0.587313 0.587313 0 twilight 0
twilight_twilight_twilight 1756184920656 360 215 touchmove -26.8 400.1 0.787111 0.787111 0 twilight 0
twilight_twilight_twilight 1756184920673 360 215 touchmove -35.8 400.5 0.788148 0.788148 0 twilight 0
twilight_twilight_twilight 1756184920690 360 215 touchmove -39.4 400.9 0.777874 0.777874 0 twilight 0
twilight_twilight_twilight 1756184920707 360 215 touchmove -37.7 401.0 0.644098 0.644098 0 twilight 0
twilight_twilight_twilight 1756184920724 360 215 touchmove -30.8 401.3 0.553791 0.553791 0 twilight 0
twilight_twilight_twilight 1756184920741 360 215 touchmove -18.3 401.6 0.628897 0.628897 0 twilight 0
twilight_twilight_twilight 1756184920758 360 215 touchmove 0.2 401.8 0.631922 0.631922 0 twilight 0
twilight_twilight_twilight 1756184920775 360 215 touchmove 19.7 401.5 0.616007 0.616007 0 twilight 0
twilight_twilight_twilight 1756184920792 360 215 touchmove 39.7 401.2 0.602741 0.602741 0 twilight 0
twilight_twilight_twilight 1756184920809 360 215 touchmove 60.1 400.9 0.686467 0.686467 0 twilight 0
twilight_twilight_twilight 1756184920826 360 215 touchmove 80.8 400.5 0.715106 0.715106 0 twilight 0
twilight_twilight_twilight 1756184920843 360 215 touchmove 101.8 400.7 0.780280 0.780280 0 twilight 0
twilight_twilight_twilight 1756184920860 360 215 touchmove 122.3 400.8 0.597292 0.597292 0 twilight 0
twilight_twilight_twilight 1756184920877 360 215 touchmove 141.9 400.6 0.539460 0.539460 0 twilight 0
twilight_twilight_twilight 1756184920894 360 215 touchmove 161.5 400.8 0.682580 0.682580 0 twilight 0
twilight_twilight_twilight 1756184920911 360 215 touchmove 180.5 400.6 0.554178 0.554178 0 twilight 0
twilight_twilight_twilight 1756184920928 360 215 touchmove 199.4 400.6 0.699980 0.699980 0 twilight 0
twilight_twilight_twilight 1756184920945 360 215 touchmove 218.7 400.6 0.549507 0.549507 0 twilight 0
twilight_twilight_twilight 1756184920962 360 215 touchmove 237.7 400.1 0.635572 0.635572 0 twilight 0
twilight_twilight_twilight 1756184920979 360 215 touchmove 257.0 399.6 0.702957 0.702957 0 twilight 0
twilight_twilight_twilight 1756184920996 360 215 touchmove 276.5 399.6 0.640741 0.640741 0 twilight 0
twilight_twilight_twilight 1756184921013 360 215 touchmove 296.0 399.3 0.582530 0.582530 0 twilight 0
twilight_twilight_twilight 1756184921030 360 215 touchmove 315.9 400.1 0.674202 0.674202 0 twilight 0
twilight_twilight_twilight 1756184921047 360 215 touchmove 335.4 402.4 0.751175 0.751175 0 twilight 0
twilight_twilight_twilight 1756184921063 360 215 touchmove 353.7 405.6 0.696909 0.696909 0 twilight 0
twilight_twilight_twilight 1756184921080 360 215 touchmove 371.5 410.4 0.593524 0.593524 0 twilight 0
twilight_twilight_twilight 1756184921097 360 215 touchmove 388.9 417.2 0.613021 0.613021 0 twilight 0
twilight_twilight_twilight 1756184921114 360 215 touchmove 406.4 424.7 0.620114 0.620114 0 twilight 0
twilight_twilight_twilight 1756184921131 360 215 touchmove 421.6 433.4 0.539336 0.539336 0 twilight 0
twilight_twilight_twilight 1756184921148 360 215 touchmove 431.8 440.0 0.737387 0.737387 0 twilight 0
twilight_twilight_twilight 1756184921165 360 215 touchmove 437.3 443.6 0.609954 0.609954 0 twilight 0
twilight_twilight_twilight 1756184921182 360 215 touchmove 438.5 444.7 0.692759 0.692759 0 twilight 0
twilight_twilight_twilight 1756184921199 360 215 touchmove 434.9 443.0 0.566746 0.566746 0 twilight 0
twilight_twilight_twilight 1756184921216 360 215 touchmove 426.7 438.3 0.574544 0.574544 0 twilight 0
twilight_twilight_twilight 1756184921233 360 215 touchmove 413.3 431.0 0.650397 0.650397 0 twilight 0
twilight_twilight_twilight 1756184921250 360 215 touchmove 396.7 423.2 0.515987 0.515987 0 twilight 0
twilight_twilight_twilight 1756184921267 360 215 touchmove 379.7 417.5 0.624922 0.624922 0 twilight 0
twilight_twilight_twilight 1756184921284 360 215 touchmove 362.5 414.0 0.676050 0.676050 0 twilight 0
twilight_twilight_twilight 1756184921301 360 215 touchmove 344.7 413.1 0.732109 0.732109 0 twilight 0
twilight_twilight_twilight 1756184921318 360 215 touchmove 326.7 414.0 0.693428 0.693428 0 twilight 0
twilight_twilight_twilight 1756184921335 360 215 touchmove 308.1 416.7 0.766695 0.766695 0 twilight 0
twilight_twilight_twilight 1756184921352 360 215 touchmove 289.5 422.1 0.548902 0.548902 0 twilight 0
twilight_twilight_twilight 1756184921369 360 215 touchmove 270.7 428.3 0.523265 0.523265 0 twilight 0
twilight_twilight_twilight 1756184921386 360 215 touchmove 252.6 435.5 0.776797 0.776797 0 twilight 0
twilight_twilight_twilight 1756184921403 360 215 touchmove 234.4 442.3 0.665270 0.665270 0 twilight 0
twilight_twilight_twilight 1756184921420 360 215 touchmove 222.0 447.8 0.625983 0.625983 0 twilight 0
twilight_twilight_twilight 1756184921437 360 215 touchmove 215.0 452.2 0.760639 0.760639 0 twilight 0
twilight_twilight_twilight 1756184921454 360 215 touchmove 213.6 455.9 0.579295 0.579295 0 twilight 0
twilight_twilight_twilight 1756184921471 360 215 touchmove 215.3 458.4 0.692370 0.692370 0 twilight 0
twilight_twilight_twilight 1756184921488 360 215 touchmove 217.4 458.5 0.520284 0.520284 0 twilight 0
twilight_twilight_twilight 1756184921505 360 215 touchmove 219.6 455.7 0.709696 0.709696 0 twilight 0
twilight_twilight_twilight 1756184921522 360 215 touchmove 221.4 450.6 0.569908 0.569908 0 twilight 0
twilight_twilight_twilight 1756184921539 360 215 touchmove 217.9 444.6 0.579017 0.579017 0 twilight 0
twilight_twilight_twilight 1756184921556 360 215 touchmove 209.0 437.3 0.757464 0.757464 0 twilight 0
twilight_twilight_twilight 1756184921573 360 215 touchmove 194.4 429.4 0.762047 0.762047 0 twilight 0
twilight_twilight_twilight 1756184921590 360 215 touchmove 178.8 419.7 0.659704 0.659704 0 twilight 0
twilight_twilight_twilight 1756184921607 360 215 touchmove 158.4 407.0 0.649362 0.649362 0 twilight 0
twilight_twilight_twilight 1756184921623 360 215 touchend 139.0 404.1 0.554921 0.554921 0 twilight 0