sentence timestamp keyb_width keyb_height event x_pos y_pos x_radius y_radius angle word is_err
survival_survival_survival 1756184911055 360 215 touchstart -35.2 461.0 0.507275 0.507275 0 survival 0
survival_survival_survival 1756184911071 360 215 touchmove -17.8 458.2 0.759502 0.759502 0 survival 0
survival_survival_survival 1756184911088 360 215 touchmove -0.9 455.4 0.504839 0.504839 0 survival 0
survival_survival_survival 1756184911105 360 215 touchmove 14.6 452.2 0.536156 0.536156 0 survival 0
survival_survival_survival 1756184911122 360 215 touchmove 30.7 449.1 0.569140 0.569140 0 survival 0
survival_survival_survival 1756184911139 360 215 touchmove 46.5 445.9 0.791674 0.791674 0 survival 0
survival_survival_survival 1756184911156 360 215 touchmove 62.4 442.7 0.654118 0.654118 0 survival 0
survival_survival_survival 1756184911173 360 215 touchmove 78.1 439.3 0.535215 0.535215 0 survival 0
survival_survival_survival 1756184911190 360 215 touchmove 93.8 436.3 0.508288 0.508288 0 survival 0
survival_survival_survival 1756184911207 360 215 touchmove 109.8 433.4 0.633495 0.633495 0 survival 0
survival_survival_survival 1756184911224 360 215 touchmove 126.0 430.3 0.610398 0.610398 0 survival 0
survival_survival_survival 1756184911241 360 215 touchmove 142.1 427.4 0.629265 0.629265 0 survival 0
survival_survival_survival 1756184911257 360 215 touchmove 158.0 424.4 0.707263 0.707263 0 survival 0
survival_survival_survival 1756184911274 360 215 touchmove 174.0 421.4 0.675637 0.675637 0 survival 0
survival_survival_survival 1756184911291 360 215 touchmove 189.9 418.3 0.794666 0.794666 0 survival 0
survival_survival_survival 1756184911308 360 215 touchmove 205.9 415.2 0.664005 0.664005 0 survival 0
survival_survival_survival 1756184911325 360 215 touchmove 221.8 412.1 0.537952 0.537952 0 survival 0
survival_survival_survival 1756184911342 360 215 touchmove 237.8 409.1 0.759621 0.759621 0 survival 0
survival_survival_survival 1756184911359 360 215 touchmove 249.4 406.5 0.619365 0.619365 0 survival 0
survival_survival_survival 1756184911376 360 215 touchmove 256.8 404.5 0.506802 0.506802 0 survival 0
survival_survival_survival 1756184911393 360 215 touchmove 259.4 403.0 0.723232 0.723232 0 survival 0
survival_survival_survival 1756184911410 360 215 touchmove 257.6 402.4 0.576981 0.576981 0 survival 0
survival_survival_survival 1756184911427 360 215 touchmove 250.6 401.8 0.558630 0.558630 0 survival 0
survival_survival_survival 1756184911443 360 215 touchmove 239.3 401.3 0.554563 0.554563 0 survival 0
survival_survival_survival 1756184911460 360 215 touchmove 223.3 401.4 0.527073 0.527073 0 survival 0
survival_survival_survival 1756184911477 360 215 touchmove 207.1 401.3 0.599317 0.599317 0 survival 0
survival_survival_survival 1756184911494 360 215 touchmove 190.7 401.2 0.641714 0.641714 0 survival 0
survival_survival_survival 1756184911511 360 215 touchmove 174.2 401.0 0.765981 0.765981 0 survival 0
survival_survival_survival 1756184911528 360 215 touchmove 157.7 400.4 0.660466 0.660466 0 survival 0
survival_survival_survival 1756184911545 360 215 touchmove 141.5 400.2 0.766644 0.766644 0 survival 0
survival_survival_survival 1756184911562 360 215 touchmove 124.9 400.1 0.531699 0.531699 0 survival 0
survival_survival_survival 1756184911579 360 215 touchmove 111.2 401.5 0.702036 0.702036 0 survival 0
survival_survival_survival 1756184911596 360 215 touchmove 101.0 405.3 0.691164 0.691164 0 survival 0
survival_survival_survival 1756184911613 360 215 touchmove 94.6 411.1 0.741567 0.741567 0 survival 0
survival_survival_survival 1756184911629 360 215 touchmove 91.9 418.7 0.540954 0.540954 0 survival 0
survival_survival_survival 1756184911646 360 215 touchmove 92.8 428.5 0.658190 0.658190 0 survival 0
survival_survival_survival 1756184911663 360 215 touchmove 97.0 440.2 0.507458 0.507458 0 survival 0
survival_survival_survival 1756184911680 360 215 touchmove 104.8 454.0 0.794862 0.794862 0 survival 0
survival_survival_survival 1756184911697 360 215 touchmove 113.2 468.3 0.711400 0.711400 0 survival 0
survival_survival_survival 1756184911714 360 215 touchmove 121.6 482.1 0.795335 0.795335 0 survival 0
survival_survival_survival 1756184911731 360 215 touchmove 131.0 492.9 0.721429 0.721429 0 survival 0
survival_survival_survival 1756184911748 360 215 touchmove 141.2 500.5 0.619775 0.619775 0 survival 0
survival_survival_survival 1756184911765 360 215 touchmove 152.1 505.0 0.711416 0.711416 0 survival 0
survival_survival_survival 1756184911782 360 215 touchmove 163.7 506.2 0.681795 0.681795 0 survival 0
survival_survival_survival 1756184911799 360 215 touchmove 176.5 504.1 0.547685 0.547685 0 survival 0
survival_survival_survival 1756184911815 360 215 touchmove 190.1 498.5 0.666250 0.666250 0 survival 0
survival_survival_survival 1756184911832 360 215 touchmove 204.4 490.1 0.658194 0.658194 0 survival 0
survival_survival_survival 1756184911849 360 215 touchmove 218.4 481.7 0.640958 0.640958 0 survival 0
survival_survival_survival 1756184911866 360 215 touchmove 232.1 473.3 0.590465 0.590465 0 survival 0
survival_survival_survival 1756184911883 360 215 touchmove 245.9 464.9 0.741223 0.741223 0 survival 0
survival_survival_survival 1756184911900 360 215 touchmove 259.8 456.7 0.695664 0.695664 0 survival 0
survival_survival_survival 1756184911917 360 215 touchmove 273.6 448.6 0.642822 0.642822 0 survival 0
survival_survival_survival 1756184911934 360 215 touchmove 287.3 440.6 0.799458 0.799458 0 survival 0
survival_survival_survival 1756184911951 360 215 touchmove 301.0 432.5 0.599862 0.599862 0 survival 0
survival_survival_survival 1756184911968 360 215 touchmove 315.1 424.5 0.518300 0.518300 0 survival 0
survival_survival_survival 1756184911985 360 215 touchmove 325.3 418.4 0.723759 0.723759 0 survival 0
survival_survival_survival 1756184912001 360 215 touchmove 331.6 414.9 0.659560 0.659560 0 survival 0
survival_survival_survival 1756184912018 360 215 touchmove 334.2 413.8 0.738701 0.738701 0 survival 0
survival_survival_survival 1756184912035 360 215 touchmove 332.5 415.1 0.724813 0.724813 0 survival 0
survival_survival_survival 1756184912052 360 215 touchmove 326.7 418.9 0.732002 0.732002 0 survival 0
survival_survival_survival 1756184912069 360 215 touchmove 317.5 425.3 0.780176 0.780176 0 survival 0
survival_survival_survival 1756184912086 360 215 touchmove 304.0 433.8 0.538750 0.538750 0 survival 0
survival_survival_survival 1756184912103 360 215 touchmove 290.6 442.8 0.507570 0.507570 0 survival 0
survival_survival_survival 1756184912120 360 215 touchmove 276.9 451.6 0.722281 0.722281 0 survival 0
survival_survival_survival 1756184912137 360 215 touchmove 263.2 460.1 0.742646 0.742646 0 survival 0
survival_survival_survival 1756184912154 360 215 touchmove 249.1 468.3 0.538555 0.538555 0 survival 0
survival_survival_survival 1756184912171 360 215 touchmove 235.0 476.3 0.515252 0.515252 0 survival 0
survival_survival_survival 1756184912188 360 215 touchmove 220.6 484.2 0.672383 0.672383 0 survival 0
survival_survival_survival 1756184912204 360 215 touchmove 205.9 491.9 0.624669 0.624669 0 survival 0
survival_survival_survival 1756184912221 360 215 touchmove 191.0 499.5 0.721546 0.721546 0 survival 0
survival_survival_survival 1756184912238 360 215 touchmove 175.9 505.8 0.737254 0.737254 0 survival 0
survival_survival_survival 1756184912255 360 215 touchmove 160.8 510.3 0.518292 0.518292 0 survival 0
survival_survival_survival 1756184912272 360 215 touchmove 145.8 513.2 0.545734 0.545734 0 survival 0
survival_survival_survival 1756184912289 360 215 touchmove 130.4 514.7 0.679924 0.679924 0 survival 0
survival_survival_survival 1756184912306 360 215 touchmove 114.6 514.5 0.501268 0.501268 0 survival 0
survival_survival_survival 1756184912323 360 215 touchmove 98.9 512.8 0.500066 0.500066 0 survival 0
survival_survival_survival 1756184912340 360 215 touchmove 83.0 509.3 0.640649 0.640649 0 survival 0
survival_survival_survival 1756184912357 360 215 touchmove 67.1 505.3 0.502787 0.502787 0 survival 0
survival_survival_survival 1756184912374 360 215 touchmove 51.1 501.5 0.698901 0.698901 0 survival 0
survival_survival_survival 1756184912390 360 215 touchmove 35.1 497.6 0.662580 0.662580 0 survival 0
survival_survival_survival 1756184912407 360 215 touchmove 19.1 493.7 0.690909 0.690909 0 survival 0
survival_survival_survival 1756184912424 360 215 touchmove 3.4 489.6 0.541980 0.541980 0 survival 0
survival_survival_survival 1756184912441 360 215 touchmove -12.4 485.1 0.739427 0.739427 0 survival 0
survival_survival_survival 1756184912458 360 215 touchmove -28.4 480.9 0.600403 0.600403 0 survival 0
survival_survival_survival 1756184912475 360 215 touchmove -44.6 476.8 0.557152 0.557152 0 survival 0
survival_survival_survival 1756184912492 360 215 touchmove -60.5 472.7 0.586008 0.586008 0 survival 0
survival_survival_survival 1756184912509 360 215 touchmove -71.9 469.3 0.677465 0.677465 0 survival 0
survival_survival_survival 1756184912526 360 215 touchmove -78.4 466.2 0.790268 0.790268 0 survival 0
survival_survival_survival 1756184912543 360 215 touchmove -80.4 463.9 0.724514 0.724514 0 survival 0
survival_survival_survival 1756184912560 360 215 touchmove -77.9 462.4 0.789742 0.789742 0 survival 0
survival_survival_survival 1756184912576 360 215 touchmove -70.6 461.4 0.510098 0.510098 0 survival 0
survival_survival_survival 1756184912593 360 215 touchmove -58.8 460.9 0.500558 0.500558 0 survival 0
survival_survival_survival 1756184912610 360 215 touchmove -42.2 460.9 0.578913 0.578913 0 survival 0
survival_survival_survival 1756184912627 360 215 touchmove -25.9 461.0 0.526380 0.526380 0 survival 0
survival_survival_survival 1756184912644 360 215 touchmove -9.5 461.1 0.690001 0.690001 0 survival 0
survival_survival_survival 1756184912661 360 215 touchmove 6.8 461.4 0.705711 0.705711 0 survival 0
survival_survival_survival 1756184912678 360 215 touchmove 23.2 461.6 0.731670 0.731670 0 survival 0
survival_survival_survival 1756184912695 360 215 touchmove 39.7 461.6 0.599216 0.599216 0 survival 0
survival_survival_survival 1756184912712 360 215 touchmove 56.5 461.5 0.651315 0.651315 0 survival 0
survival_survival_survival 1756184912729 360 215 touchmove 72.9 461.3 0.704127 0.704127 0 survival 0
survival_survival_survival 1756184912746 360 215 touchmove 89.8 461.0 0.648438 0.648438 0 survival 0
survival_survival_survival 1756184912762 360 215 touchmove 106.4 460.8 0.692107 0.692107 0 survival 0
survival_survival_survival 1756184912779 360 215 touchmove 123.1 460.6 0.629021 0.629021 0 survival 0
survival_survival_survival 1756184912796 360 215 touchmove 139.8 460.5 0.563780 0.563780 0 survival 0
survival_survival_survival 1756184912813 360 215 touchmove 156.5 460.5 0.768193 0.768193 0 survival 0
survival_survival_survival 1756184912830 360 215 touchmove 173.0 460.8 0.536425 0.536425 0 survival 0
survival_survival_survival 1756184912847 360 215 touchmove 189.4 461.1 0.617757 0.617757 0 survival 0
survival_survival_survival 1756184912864 360 215 touchmove 205.5 461.5 0.786102 0.786102 0 survival 0
survival_survival_survival 1756184912881 360 215 touchmove 221.8 461.8 0.504384 0.504384 0 survival 0
survival_survival_survival 1756184912898 360 215 touchmove 237.9 461.9 0.690027 0.690027 0 survival 0
survival_survival_survival 1756184912915 360 215 touchmove 254.1 461.7 0.617561 0.617561 0 survival 0
survival_survival_survival 1756184912932 360 215 touchmove 270.2 461.6 0.720244 0.720244 0 survival 0
survival_survival_survival 1756184912948 360 215 touchmove 286.7 461.5 0.556006 0.556006 0 survival 0
survival_survival_survival 1756184912965 360 215 touchmove 303.2 461.5 0.566409 0.566409 0 survival 0
survival_survival_survival 1756184912982 360 215 touchmove 319.6 461.7 0.700073 0.700073 0 survival 0
survival_survival_survival 1756184912999 360 215 touchmove 336.1 461.8 0.587122 0.587122 0 survival 0
survival_survival_survival 1756184913016 360 215 touchmove 352.6 461.9 0.669593 0.669593 0 survival 0
survival_survival_survival 1756184913033 360 215 touchmove 369.1 462.2 0.765031 0.765031 0 survival 0
survival_survival_survival 1756184913050 360 215 touchmove 385.7 462.4 0.546790 0.546790 0 survival 0
survival_survival_survival 1756184913067 360 215 touchmove 401.9 462.3 0.775612 0.775612 0 survival 0
survival_survival_survival 1756184913084 360 215 touchmove 418.2 462.2 0.721021 0.721021 0 survival 0
survival_survival_survival 1756184913101 360 215 touchmove 435.1 461.8 0.632026 0.632026 0 survival 0
survival_survival_survival 1756184913118 360 215 touchmove 451.4 461.0 0.622704 0.622704 0 survival 0
survival_survival_survival 1756184913135 360 215 touchend 467.1 460.6 0.598881 0.598881 0 survival 0