sentence timestamp keyb_width keyb_height event x_pos y_pos x_radius y_radius angle word is_err
hesitate_hesitate_hesitate 1756184920863 360 215 touchstart 252.6 457.4 0.705955 0.705955 0 hesitate 0
hesitate_hesitate_hesitate 1756184920879 360 215 touchmove 230.9 450.0 0.650593 0.650593 0 hesitate 0
hesitate_hesitate_hesitate 1756184920896 360 215 touchmove 209.3 444.9 0.671132 0.671132 0 hesitate 0
hesitate_hesitate_hesitate 1756184920913 360 215 touchmove 182.1 439.7 0.649087 0.649087 0 hesitate 0
hesitate_hesitate_hesitate 1756184920930 360 215 touchmove 158.4 435.2 0.516593 0.516593 0 hesitate 0
hesitate_hesitate_hesitate 1756184920947 360 215 touchmove 134.5 430.7 0.613942 0.613942 0 hesitate 0
hesitate_hesitate_hesitate 1756184920964 360 215 touchmove 110.0 426.0 0.550133 0.550133 0 hesitate 0
hesitate_hesitate_hesitate 1756184920981 360 215 touchmove 86.0 421.4 0.621563 0.621563 0 hesitate 0
hesitate_hesitate_hesitate 1756184920998 360 215 touchmove 62.8 417.5 0.707317 0.707317 0 hesitate 0
hesitate_hesitate_hesitate 1756184921015 360 215 touchmove 41.6 418.2 0.559041 0.559041 0 hesitate 0
hesitate_hesitate_hesitate 1756184921032 360 215 touchmove 21.9 421.7 0.784098 0.784098 0 hesitate 0
hesitate_hesitate_hesitate 1756184921049 360 215 touchmove 4.9 426.5 0.547103 0.547103 0 hesitate 0
hesitate_hesitate_hesitate 1756184921066 360 215 touchmove -4.7 432.4 0.780646 0.780646 0 hesitate 0
hesitate_hesitate_hesitate 1756184921083 360 215 touchmove -6.8 438.5 0.745066 0.745066 0 hesitate 0
hesitate_hesitate_hesitate 1756184921100 360 215 touchmove -2.7 445.0 0.740209 0.740209 0 hesitate 0
hesitate_hesitate_hesitate 1756184921117 360 215 touchmove 7.9 450.5 0.793948 0.793948 0 hesitate 0
hesitate_hesitate_hesitate 1756184921134 360 215 touchmove 23.5 451.8 0.607970 0.607970 0 hesitate 0
hesitate_hesitate_hesitate 1756184921151 360 215 touchmove 44.8 450.1 0.562369 0.562369 0 hesitate 0
hesitate_hesitate_hesitate 1756184921168 360 215 touchmove 69.7 446.6 0.554925 0.554925 0 hesitate 0
hesitate_hesitate_hesitate 1756184921185 360 215 touchmove 94.2 442.3 0.604258 0.604258 0 hesitate 0
hesitate_hesitate_hesitate 1756184921202 360 215 touchmove 118.5 438.2 0.674576 0.674576 0 hesitate 0
hesitate_hesitate_hesitate 1756184921219 360 215 touchmove 142.9 434.1 0.614574 0.614574 0 hesitate 0
hesitate_hesitate_hesitate 1756184921236 360 215 touchmove 166.9 431.0 0.641147 0.641147 0 hesitate 0
hesitate_hesitate_hesitate 1756184921253 360 215 touchmove 190.7 427.2 0.778242 0.778242 0 hesitate 0
hesitate_hesitate_hesitate 1756184921270 360 215 touchmove 215.2 422.9 0.780842 0.780842 0 hesitate 0
hesitate_hesitate_hesitate 1756184921287 360 215 touchmove 239.6 417.8 0.536162 0.536162 0 hesitate 0
hesitate_hesitate_hesitate 1756184921304 360 215 touchmove 263.9 413.5 0.526628 0.526628 0 hesitate 0
hesitate_hesitate_hesitate 1756184921321 360 215 touchmove 287.8 409.6 0.763839 0.763839 0 hesitate 0
hesitate_hesitate_hesitate 1756184921338 360 215 touchmove 305.2 406.8 0.660469 0.660469 0 hesitate 0
hesitate_hesitate_hesitate 1756184921355 360 215 touchmove 316.1 403.5 0.539781 0.539781 0 hesitate 0
hesitate_hesitate_hesitate 1756184921372 360 215 touchmove 320.3 401.1 0.512020 0.512020 0 hesitate 0
hesitate_hesitate_hesitate 1756184921389 360 215 touchmove 316.4 400.3 0.529995 0.529995 0 hesitate 0
hesitate_hesitate_hesitate 1756184921406 360 215 touchmove 305.4 400.5 0.743681 0.743681 0 hesitate 0
hesitate_hesitate_hesitate 1756184921422 360 215 touchmove 288.0 401.0 0.654937 0.654937 0 hesitate 0
hesitate_hesitate_hesitate 1756184921439 360 215 touchmove 263.9 401.5 0.599975 0.599975 0 hesitate 0
hesitate_hesitate_hesitate 1756184921456 360 215 touchmove 239.4 401.1 0.544097 0.544097 0 hesitate 0
hesitate_hesitate_hesitate 1756184921473 360 215 touchmove 214.7 401.6 0.693822 0.693822 0 hesitate 0
hesitate_hesitate_hesitate 1756184921490 360 215 touchmove 190.4 402.9 0.623261 0.623261 0 hesitate 0
hesitate_hesitate_hesitate 1756184921507 360 215 touchmove 166.3 404.5 0.619266 0.619266 0 hesitate 0
hesitate_hesitate_hesitate 1756184921524 360 215 touchmove 142.7 407.7 0.645253 0.645253 0 hesitate 0
hesitate_hesitate_hesitate 1756184921541 360 215 touchmove 118.8 411.4 0.500113 0.500113 0 hesitate 0
hesitate_hesitate_hesitate 1756184921558 360 215 touchmove 94.3 415.6 0.520485 0.520485 0 hesitate 0
hesitate_hesitate_hesitate 1756184921575 360 215 touchmove 70.2 421.3 0.597962 0.597962 0 hesitate 0
hesitate_hesitate_hesitate 1756184921592 360 215 touchmove 46.2 427.0 0.555113 0.555113 0 hesitate 0
hesitate_hesitate_hesitate 1756184921609 360 215 touchmove 21.6 433.1 0.606186 0.606186 0 hesitate 0
hesitate_hesitate_hesitate 1756184921626 360 215 touchmove -2.6 439.2 0.573410 0.573410 0 hesitate 0
hesitate_hesitate_hesitate 1756184921643 360 215 touchmove -26.6 444.4 0.733630 0.733630 0 hesitate 0
hesitate_hesitate_hesitate 1756184921660 360 215 touchmove -46.8 448.7 0.500238 0.500238 0 hesitate 0
hesitate_hesitate_hesitate 1756184921677 360 215 touchmove -60.2 451.7 0.784018 0.784018 0 hesitate 0
hesitate_hesitate_hesitate 1756184921694 360 215 touchmove -67.0 453.1 0.538441 0.538441 0 hesitate 0
hesitate_hesitate_hesitate 1756184921711 360 215 touchmove -67.0 453.4 0.508728 0.508728 0 hesitate 0
hesitate_hesitate_hesitate 1756184921728 360 215 touchmove -59.3 452.1 0.757880 0.757880 0 hesitate 0
hesitate_hesitate_hesitate 1756184921745 360 215 touchmove -45.4 448.8 0.561408 0.561408 0 hesitate 0
hesitate_hesitate_hesitate 1756184921762 360 215 touchmove -24.9 443.9 0.727986 0.727986 0 hesitate 0
hesitate_hesitate_hesitate 1756184921779 360 215 touchmove -1.1 438.2 0.673751 0.673751 0 hesitate 0
hesitate_hesitate_hesitate 1756184921796 360 215 touchmove 22.9 432.5 0.788272 0.788272 0 hesitate 0
hesitate_hesitate_hesitate 1756184921813 360 215 touchmove 47.3 426.6 0.762608 0.762608 0 hesitate 0
hesitate_hesitate_hesitate 1756184921830 360 215 touchmove 71.2 420.4 0.620054 0.620054 0 hesitate 0
hesitate_hesitate_hesitate 1756184921847 360 215 touchmove 88.5 414.5 0.742198 0.742198 0 hesitate 0
hesitate_hesitate_hesitate 1756184921864 360 215 touchmove 99.5 409.9 0.565972 0.565972 0 hesitate 0
hesitate_hesitate_hesitate 1756184921881 360 215 touchmove 102.7 406.5 0.636195 0.636195 0 hesitate 0
hesitate_hesitate_hesitate 1756184921898 360 215 touchmove 98.6 404.1 0.633071 0.633071 0 hesitate 0
hesitate_hesitate_hesitate 1756184921915 360 215 touchmove 87.6 402.6 0.506092 0.506092 0 hesitate 0
hesitate_hesitate_hesitate 1756184921932 360 215 touchmove 71.0 401.2 0.791741 0.791741 0 hesitate 0
hesitate_hesitate_hesitate 1756184921949 360 215 touchmove 43.5 401.9 0.660004 0.660004 0 hesitate 0
hesitate_hesitate_hesitate 1756184921966 360 215 touchmove 18.4 401.7 0.700140 0.700140 0 hesitate 0
hesitate_hesitate_hesitate 1756184921982 360 215 touchend 3.5 398.4 0.699808 0.699808 0 hesitate 0