sentence timestamp keyb_width keyb_height event x_pos y_pos x_radius y_radius angle word is_err
foundation_foundation_foundation 1756184907799 360 215 touchstart 111.3 467.4 0.719282 0.719282 0 foundation 0
foundation_foundation_foundation 1756184907815 360 215 touchmove 133.1 467.1 0.743210 0.743210 0 foundation 0
foundation_foundation_foundation 1756184907832 360 215 touchmove 157.0 459.2 0.721979 0.721979 0 foundation 0
foundation_foundation_foundation 1756184907849 360 215 touchmove 177.4 453.9 0.597967 0.597967 0 foundation 0
foundation_foundation_foundation 1756184907866 360 215 touchmove 198.0 449.7 0.754636 0.754636 0 foundation 0
foundation_foundation_foundation 1756184907883 360 215 touchmove 218.0 444.3 0.625870 0.625870 0 foundation 0
foundation_foundation_foundation 1756184907900 360 215 touchmove 237.4 439.3 0.591907 0.591907 0 foundation 0
foundation_foundation_foundation 1756184907917 360 215 touchmove 256.6 434.8 0.576689 0.576689 0 foundation 0
foundation_foundation_foundation 1756184907933 360 215 touchmove 276.6 430.6 0.782211 0.782211 0 foundation 0
foundation_foundation_foundation 1756184907950 360 215 touchmove 295.3 426.3 0.504784 0.504784 0 foundation 0
foundation_foundation_foundation 1756184907967 360 215 touchmove 315.0 422.1 0.521005 0.521005 0 foundation 0
foundation_foundation_foundation 1756184907984 360 215 touchmove 335.9 418.0 0.706244 0.706244 0 foundation 0
foundation_foundation_foundation 1756184908001 360 215 touchmove 356.9 414.5 0.765546 0.765546 0 foundation 0
foundation_foundation_foundation 1756184908018 360 215 touchmove 376.3 411.7 0.538131 0.538131 0 foundation 0
foundation_foundation_foundation 1756184908035 360 215 touchmove 390.0 409.6 0.738572 0.738572 0 foundation 0
foundation_foundation_foundation 1756184908052 360 215 touchmove 397.3 407.4 0.741431 0.741431 0 foundation 0
foundation_foundation_foundation 1756184908068 360 215 touchmove 398.8 405.2 0.785830 0.785830 0 foundation 0
foundation_foundation_foundation 1756184908085 360 215 touchmove 393.5 404.0 0.508203 0.508203 0 foundation 0
foundation_foundation_foundation 1756184908102 360 215 touchmove 381.6 402.8 0.714784 0.714784 0 foundation 0
foundation_foundation_foundation 1756184908119 360 215 touchmove 364.0 402.2 0.718014 0.718014 0 foundation 0
foundation_foundation_foundation 1756184908136 360 215 touchmove 343.7 403.2 0.609697 0.609697 0 foundation 0
foundation_foundation_foundation 1756184908153 360 215 touchmove 325.7 406.8 0.714039 0.714039 0 foundation 0
foundation_foundation_foundation 1756184908170 360 215 touchmove 311.0 414.2 0.689234 0.689234 0 foundation 0
foundation_foundation_foundation 1756184908186 360 215 touchmove 299.9 424.5 0.791634 0.791634 0 foundation 0
foundation_foundation_foundation 1756184908203 360 215 touchmove 291.7 437.4 0.597704 0.597704 0 foundation 0
foundation_foundation_foundation 1756184908220 360 215 touchmove 287.6 453.7 0.739805 0.739805 0 foundation 0
foundation_foundation_foundation 1756184908237 360 215 touchmove 284.9 471.2 0.542661 0.542661 0 foundation 0
foundation_foundation_foundation 1756184908254 360 215 touchmove 280.9 486.3 0.557781 0.557781 0 foundation 0
foundation_foundation_foundation 1756184908271 360 215 touchmove 274.7 497.7 0.564962 0.564962 0 foundation 0
foundation_foundation_foundation 1756184908288 360 215 touchmove 265.2 505.2 0.577902 0.577902 0 foundation 0
foundation_foundation_foundation 1756184908305 360 215 touchmove 252.4 508.7 0.681907 0.681907 0 foundation 0
foundation_foundation_foundation 1756184908321 360 215 touchmove 236.0 509.9 0.567371 0.567371 0 foundation 0
foundation_foundation_foundation 1756184908338 360 215 touchmove 215.5 507.1 0.607637 0.607637 0 foundation 0
foundation_foundation_foundation 1756184908355 360 215 touchmove 194.6 502.1 0.573416 0.573416 0 foundation 0
foundation_foundation_foundation 1756184908372 360 215 touchmove 173.7 497.4 0.598243 0.598243 0 foundation 0
foundation_foundation_foundation 1756184908389 360 215 touchmove 152.8 492.4 0.684149 0.684149 0 foundation 0
foundation_foundation_foundation 1756184908406 360 215 touchmove 132.3 487.5 0.554101 0.554101 0 foundation 0
foundation_foundation_foundation 1756184908423 360 215 touchmove 112.2 483.0 0.656115 0.656115 0 foundation 0
foundation_foundation_foundation 1756184908439 360 215 touchmove 92.9 477.6 0.536475 0.536475 0 foundation 0
foundation_foundation_foundation 1756184908456 360 215 touchmove 74.1 473.0 0.612128 0.612128 0 foundation 0
foundation_foundation_foundation 1756184908473 360 215 touchmove 54.5 468.7 0.538160 0.538160 0 foundation 0
foundation_foundation_foundation 1756184908490 360 215 touchmove 34.5 465.0 0.663812 0.663812 0 foundation 0
foundation_foundation_foundation 1756184908507 360 215 touchmove 14.3 462.9 0.602257 0.602257 0 foundation 0
foundation_foundation_foundation 1756184908524 360 215 touchmove -6.4 461.9 0.611811 0.611811 0 foundation 0
foundation_foundation_foundation 1756184908541 360 215 touchmove -27.7 461.0 0.779156 0.779156 0 foundation 0
foundation_foundation_foundation 1756184908558 360 215 touchmove -47.5 460.9 0.584354 0.584354 0 foundation 0
foundation_foundation_foundation 1756184908574 360 215 touchmove -61.2 459.8 0.645488 0.645488 0 foundation 0
foundation_foundation_foundation 1756184908591 360 215 touchmove -69.1 458.5 0.726664 0.726664 0 foundation 0
foundation_foundation_foundation 1756184908608 360 215 touchmove -70.9 456.3 0.754528 0.754528 0 foundation 0
foundation_foundation_foundation 1756184908625 360 215 touchmove -66.7 453.8 0.613886 0.613886 0 foundation 0
foundation_foundation_foundation 1756184908642 360 215 touchmove -56.7 449.7 0.561766 0.561766 0 foundation 0
foundation_foundation_foundation 1756184908659 360 215 touchmove -41.0 445.4 0.623687 0.623687 0 foundation 0
foundation_foundation_foundation 1756184908676 360 215 touchmove -21.4 440.4 0.593609 0.593609 0 foundation 0
foundation_foundation_foundation 1756184908692 360 215 touchmove -1.1 435.5 0.690097 0.690097 0 foundation 0
foundation_foundation_foundation 1756184908709 360 215 touchmove 18.8 431.0 0.656290 0.656290 0 foundation 0
foundation_foundation_foundation 1756184908726 360 215 touchmove 38.7 426.3 0.702068 0.702068 0 foundation 0
foundation_foundation_foundation 1756184908743 360 215 touchmove 58.4 420.9 0.665996 0.665996 0 foundation 0
foundation_foundation_foundation 1756184908760 360 215 touchmove 78.2 416.1 0.648915 0.648915 0 foundation 0
foundation_foundation_foundation 1756184908777 360 215 touchmove 98.8 412.2 0.761694 0.761694 0 foundation 0
foundation_foundation_foundation 1756184908794 360 215 touchmove 119.8 409.0 0.509267 0.509267 0 foundation 0
foundation_foundation_foundation 1756184908811 360 215 touchmove 140.5 406.6 0.670137 0.670137 0 foundation 0
foundation_foundation_foundation 1756184908827 360 215 touchmove 161.4 404.7 0.501158 0.501158 0 foundation 0
foundation_foundation_foundation 1756184908844 360 215 touchmove 182.5 404.5 0.531496 0.531496 0 foundation 0
foundation_foundation_foundation 1756184908861 360 215 touchmove 203.5 404.3 0.573049 0.573049 0 foundation 0
foundation_foundation_foundation 1756184908878 360 215 touchmove 224.6 404.8 0.560269 0.560269 0 foundation 0
foundation_foundation_foundation 1756184908895 360 215 touchmove 245.6 404.8 0.635627 0.635627 0 foundation 0
foundation_foundation_foundation 1756184908912 360 215 touchmove 266.9 404.4 0.784663 0.784663 0 foundation 0
foundation_foundation_foundation 1756184908929 360 215 touchmove 287.6 404.0 0.770213 0.770213 0 foundation 0
foundation_foundation_foundation 1756184908945 360 215 touchmove 308.4 403.4 0.605395 0.605395 0 foundation 0
foundation_foundation_foundation 1756184908962 360 215 touchmove 328.6 401.9 0.519431 0.519431 0 foundation 0
foundation_foundation_foundation 1756184908979 360 215 touchmove 349.1 401.0 0.565819 0.565819 0 foundation 0
foundation_foundation_foundation 1756184908996 360 215 touchmove 368.5 399.6 0.607490 0.607490 0 foundation 0
foundation_foundation_foundation 1756184909013 360 215 touchmove 383.4 400.5 0.565866 0.565866 0 foundation 0
foundation_foundation_foundation 1756184909030 360 215 touchmove 392.5 404.3 0.555652 0.555652 0 foundation 0
foundation_foundation_foundation 1756184909047 360 215 touchmove 397.0 409.8 0.746575 0.746575 0 foundation 0
foundation_foundation_foundation 1756184909064 360 215 touchmove 396.6 417.3 0.637286 0.637286 0 foundation 0
foundation_foundation_foundation 1756184909080 360 215 touchmove 391.4 427.5 0.704464 0.704464 0 foundation 0
foundation_foundation_foundation 1756184909097 360 215 touchmove 381.0 439.8 0.711049 0.711049 0 foundation 0
foundation_foundation_foundation 1756184909114 360 215 touchmove 366.3 454.3 0.784312 0.784312 0 foundation 0
foundation_foundation_foundation 1756184909131 360 215 touchmove 350.9 469.0 0.751713 0.751713 0 foundation 0
foundation_foundation_foundation 1756184909148 360 215 touchmove 336.1 482.3 0.681279 0.681279 0 foundation 0
foundation_foundation_foundation 1756184909165 360 215 touchmove 320.3 497.8 0.529280 0.529280 0 foundation 0
foundation_foundation_foundation 1756184909182 360 215 touchmove 304.5 511.2 0.650840 0.650840 0 foundation 0
foundation_foundation_foundation 1756184909199 360 215 touchend 290.8 520.4 0.706749 0.706749 0 foundation 0