sentence timestamp keyb_width keyb_height event x_pos y_pos x_radius y_radius angle word is_err
pulling_pulling_pulling 1756184911682 360 215 touchstart 503.6 400.5 0.749674 0.749674 0 pulling 0
pulling_pulling_pulling 1756184911698 360 215 touchmove 495.1 401.1 0.686662 0.686662 0 pulling 0
pulling_pulling_pulling 1756184911715 360 215 touchmove 486.6 401.1 0.590085 0.590085 0 pulling 0
pulling_pulling_pulling 1756184911732 360 215 touchmove 479.1 400.3 0.778882 0.778882 0 pulling 0
pulling_pulling_pulling 1756184911749 360 215 touchmove 471.1 400.3 0.647538 0.647538 0 pulling 0
pulling_pulling_pulling 1756184911766 360 215 touchmove 463.3 400.3 0.664513 0.664513 0 pulling 0
pulling_pulling_pulling 1756184911783 360 215 touchmove 455.5 400.3 0.589738 0.589738 0 pulling 0
pulling_pulling_pulling 1756184911800 360 215 touchmove 447.6 400.4 0.630044 0.630044 0 pulling 0
pulling_pulling_pulling 1756184911817 360 215 touchmove 439.7 400.5 0.696975 0.696975 0 pulling 0
pulling_pulling_pulling 1756184911834 360 215 touchmove 431.9 400.7 0.647152 0.647152 0 pulling 0
pulling_pulling_pulling 1756184911851 360 215 touchmove 423.9 400.7 0.791294 0.791294 0 pulling 0
pulling_pulling_pulling 1756184911868 360 215 touchmove 415.9 400.7 0.542115 0.542115 0 pulling 0
pulling_pulling_pulling 1756184911885 360 215 touchmove 407.7 400.7 0.675702 0.675702 0 pulling 0
pulling_pulling_pulling 1756184911902 360 215 touchmove 399.5 400.7 0.794348 0.794348 0 pulling 0
pulling_pulling_pulling 1756184911919 360 215 touchmove 391.4 400.8 0.758630 0.758630 0 pulling 0
pulling_pulling_pulling 1756184911936 360 215 touchmove 383.2 400.9 0.623715 0.623715 0 pulling 0
pulling_pulling_pulling 1756184911953 360 215 touchmove 375.0 400.8 0.537378 0.537378 0 pulling 0
pulling_pulling_pulling 1756184911970 360 215 touchmove 366.8 400.9 0.698967 0.698967 0 pulling 0
pulling_pulling_pulling 1756184911987 360 215 touchmove 358.5 400.9 0.564235 0.564235 0 pulling 0
pulling_pulling_pulling 1756184912004 360 215 touchmove 350.4 400.8 0.660002 0.660002 0 pulling 0
pulling_pulling_pulling 1756184912021 360 215 touchmove 342.3 400.8 0.651082 0.651082 0 pulling 0
pulling_pulling_pulling 1756184912038 360 215 touchmove 334.1 400.7 0.711927 0.711927 0 pulling 0
pulling_pulling_pulling 1756184912055 360 215 touchmove 326.0 400.6 0.609839 0.609839 0 pulling 0
pulling_pulling_pulling 1756184912072 360 215 touchmove 317.9 400.5 0.640608 0.640608 0 pulling 0
pulling_pulling_pulling 1756184912089 360 215 touchmove 310.6 400.5 0.720441 0.720441 0 pulling 0
pulling_pulling_pulling 1756184912106 360 215 touchmove 305.4 400.8 0.517236 0.517236 0 pulling 0
pulling_pulling_pulling 1756184912123 360 215 touchmove 302.4 401.5 0.584538 0.584538 0 pulling 0
pulling_pulling_pulling 1756184912140 360 215 touchmove 301.7 402.5 0.564278 0.564278 0 pulling 0
pulling_pulling_pulling 1756184912157 360 215 touchmove 303.3 403.9 0.737602 0.737602 0 pulling 0
pulling_pulling_pulling 1756184912174 360 215 touchmove 307.1 405.8 0.741036 0.741036 0 pulling 0
pulling_pulling_pulling 1756184912191 360 215 touchmove 313.0 408.1 0.576242 0.576242 0 pulling 0
pulling_pulling_pulling 1756184912208 360 215 touchmove 320.7 410.6 0.523358 0.523358 0 pulling 0
pulling_pulling_pulling 1756184912225 360 215 touchmove 328.4 413.3 0.660452 0.660452 0 pulling 0
pulling_pulling_pulling 1756184912242 360 215 touchmove 336.1 415.8 0.636821 0.636821 0 pulling 0
pulling_pulling_pulling 1756184912258 360 215 touchmove 343.6 418.3 0.669135 0.669135 0 pulling 0
pulling_pulling_pulling 1756184912275 360 215 touchmove 351.2 420.8 0.742383 0.742383 0 pulling 0
pulling_pulling_pulling 1756184912292 360 215 touchmove 358.8 423.4 0.631802 0.631802 0 pulling 0
pulling_pulling_pulling 1756184912309 360 215 touchmove 366.4 426.0 0.547920 0.547920 0 pulling 0
pulling_pulling_pulling 1756184912326 360 215 touchmove 373.8 428.7 0.789596 0.789596 0 pulling 0
pulling_pulling_pulling 1756184912343 360 215 touchmove 381.4 431.3 0.722505 0.722505 0 pulling 0
pulling_pulling_pulling 1756184912360 360 215 touchmove 389.1 434.1 0.667771 0.667771 0 pulling 0
pulling_pulling_pulling 1756184912377 360 215 touchmove 396.9 436.8 0.697622 0.697622 0 pulling 0
pulling_pulling_pulling 1756184912394 360 215 touchmove 404.5 439.5 0.638267 0.638267 0 pulling 0
pulling_pulling_pulling 1756184912411 360 215 touchmove 412.3 442.1 0.687095 0.687095 0 pulling 0
pulling_pulling_pulling 1756184912428 360 215 touchmove 420.1 444.8 0.742585 0.742585 0 pulling 0
pulling_pulling_pulling 1756184912445 360 215 touchmove 427.9 447.5 0.534094 0.534094 0 pulling 0
pulling_pulling_pulling 1756184912462 360 215 touchmove 435.6 450.2 0.730025 0.730025 0 pulling 0
pulling_pulling_pulling 1756184912479 360 215 touchmove 443.1 452.9 0.582342 0.582342 0 pulling 0
pulling_pulling_pulling 1756184912496 360 215 touchmove 449.3 455.1 0.717307 0.717307 0 pulling 0
pulling_pulling_pulling 1756184912513 360 215 touchmove 453.4 456.3 0.651816 0.651816 0 pulling 0
pulling_pulling_pulling 1756184912530 360 215 touchmove 455.1 456.5 0.646720 0.646720 0 pulling 0
pulling_pulling_pulling 1756184912547 360 215 touchmove 454.8 455.7 0.655430 0.655430 0 pulling 0
pulling_pulling_pulling 1756184912564 360 215 touchmove 452.4 453.8 0.762470 0.762470 0 pulling 0
pulling_pulling_pulling 1756184912581 360 215 touchmove 448.1 450.9 0.631913 0.631913 0 pulling 0
pulling_pulling_pulling 1756184912598 360 215 touchmove 441.8 447.1 0.607565 0.607565 0 pulling 0
pulling_pulling_pulling 1756184912615 360 215 touchmove 434.8 443.0 0.524617 0.524617 0 pulling 0
pulling_pulling_pulling 1756184912632 360 215 touchmove 427.8 439.0 0.766495 0.766495 0 pulling 0
pulling_pulling_pulling 1756184912649 360 215 touchmove 421.0 435.0 0.636833 0.636833 0 pulling 0
pulling_pulling_pulling 1756184912666 360 215 touchmove 414.1 431.0 0.601050 0.601050 0 pulling 0
pulling_pulling_pulling 1756184912683 360 215 touchmove 407.2 427.0 0.638055 0.638055 0 pulling 0
pulling_pulling_pulling 1756184912700 360 215 touchmove 400.2 423.1 0.545697 0.545697 0 pulling 0
pulling_pulling_pulling 1756184912717 360 215 touchmove 393.1 419.3 0.571519 0.571519 0 pulling 0
pulling_pulling_pulling 1756184912734 360 215 touchmove 386.1 415.5 0.586009 0.586009 0 pulling 0
pulling_pulling_pulling 1756184912751 360 215 touchmove 379.3 411.9 0.619899 0.619899 0 pulling 0
pulling_pulling_pulling 1756184912768 360 215 touchmove 373.0 409.9 0.618353 0.618353 0 pulling 0
pulling_pulling_pulling 1756184912785 360 215 touchmove 366.9 409.4 0.696440 0.696440 0 pulling 0
pulling_pulling_pulling 1756184912802 360 215 touchmove 361.3 410.6 0.560581 0.560581 0 pulling 0
pulling_pulling_pulling 1756184912818 360 215 touchmove 356.3 413.2 0.753106 0.753106 0 pulling 0
pulling_pulling_pulling 1756184912835 360 215 touchmove 351.7 417.3 0.755625 0.755625 0 pulling 0
pulling_pulling_pulling 1756184912852 360 215 touchmove 347.4 423.0 0.562291 0.562291 0 pulling 0
pulling_pulling_pulling 1756184912869 360 215 touchmove 343.3 430.0 0.502341 0.502341 0 pulling 0
pulling_pulling_pulling 1756184912886 360 215 touchmove 339.2 436.9 0.610033 0.610033 0 pulling 0
pulling_pulling_pulling 1756184912903 360 215 touchmove 335.3 443.8 0.761365 0.761365 0 pulling 0
pulling_pulling_pulling 1756184912920 360 215 touchmove 331.2 450.9 0.518300 0.518300 0 pulling 0
pulling_pulling_pulling 1756184912937 360 215 touchmove 327.1 458.0 0.515799 0.515799 0 pulling 0
pulling_pulling_pulling 1756184912954 360 215 touchmove 323.0 464.9 0.634255 0.634255 0 pulling 0
pulling_pulling_pulling 1756184912971 360 215 touchmove 318.8 471.9 0.520746 0.520746 0 pulling 0
pulling_pulling_pulling 1756184912988 360 215 touchmove 314.8 478.9 0.512471 0.512471 0 pulling 0
pulling_pulling_pulling 1756184913005 360 215 touchmove 310.7 485.8 0.755859 0.755859 0 pulling 0
pulling_pulling_pulling 1756184913022 360 215 touchmove 306.6 492.7 0.610596 0.610596 0 pulling 0
pulling_pulling_pulling 1756184913039 360 215 touchmove 302.5 499.6 0.504403 0.504403 0 pulling 0
pulling_pulling_pulling 1756184913056 360 215 touchmove 298.1 506.1 0.649006 0.649006 0 pulling 0
pulling_pulling_pulling 1756184913073 360 215 touchmove 293.4 511.0 0.724452 0.724452 0 pulling 0
pulling_pulling_pulling 1756184913090 360 215 touchmove 288.2 514.4 0.671388 0.671388 0 pulling 0
pulling_pulling_pulling 1756184913107 360 215 touchmove 282.7 516.1 0.596307 0.596307 0 pulling 0
pulling_pulling_pulling 1756184913124 360 215 touchmove 276.6 516.3 0.714864 0.714864 0 pulling 0
pulling_pulling_pulling 1756184913141 360 215 touchmove 270.2 515.0 0.553721 0.553721 0 pulling 0
pulling_pulling_pulling 1756184913158 360 215 touchmove 263.5 511.9 0.556500 0.556500 0 pulling 0
pulling_pulling_pulling 1756184913175 360 215 touchmove 256.6 507.8 0.524741 0.524741 0 pulling 0
pulling_pulling_pulling 1756184913192 360 215 touchmove 249.7 503.6 0.500774 0.500774 0 pulling 0
pulling_pulling_pulling 1756184913209 360 215 touchmove 242.9 499.3 0.716696 0.716696 0 pulling 0
pulling_pulling_pulling 1756184913226 360 215 touchmove 235.9 495.0 0.702805 0.702805 0 pulling 0
pulling_pulling_pulling 1756184913243 360 215 touchmove 228.9 490.8 0.616977 0.616977 0 pulling 0
pulling_pulling_pulling 1756184913260 360 215 touchmove 222.0 486.6 0.540804 0.540804 0 pulling 0
pulling_pulling_pulling 1756184913277 360 215 touchmove 215.1 482.6 0.587058 0.587058 0 pulling 0
pulling_pulling_pulling 1756184913294 360 215 touchmove 208.1 478.5 0.778590 0.778590 0 pulling 0
pulling_pulling_pulling 1756184913311 360 215 touchmove 200.9 474.6 0.652151 0.652151 0 pulling 0
pulling_pulling_pulling 1756184913328 360 215 touchmove 194.3 470.7 0.674101 0.674101 0 pulling 0
pulling_pulling_pulling 1756184913345 360 215 touchmove 186.9 467.0 0.685367 0.685367 0 pulling 0
pulling_pulling_pulling 1756184913362 360 215 touchend 179.4 462.8 0.690167 0.690167 0 pulling 0