sentence timestamp keyb_width keyb_height event x_pos y_pos x_radius y_radius angle word is_err
hierarchy_hierarchy_hierarchy 1756184920378 360 215 touchstart 245.5 466.2 0.644193 0.644193 0 hierarchy 0
hierarchy_hierarchy_hierarchy 1756184920395 360 215 touchmove 259.1 458.2 0.574816 0.574816 0 hierarchy 0
hierarchy_hierarchy_hierarchy 1756184920412 360 215 touchmove 272.9 449.8 0.510621 0.510621 0 hierarchy 0
hierarchy_hierarchy_hierarchy 1756184920429 360 215 touchmove 292.0 440.9 0.562386 0.562386 0 hierarchy 0
hierarchy_hierarchy_hierarchy 1756184920446 360 215 touchmove 308.1 431.9 0.766602 0.766602 0 hierarchy 0
hierarchy_hierarchy_hierarchy 1756184920463 360 215 touchmove 320.2 423.7 0.596537 0.596537 0 hierarchy 0
hierarchy_hierarchy_hierarchy 1756184920480 360 215 touchmove 327.7 416.4 0.799002 0.799002 0 hierarchy 0
hierarchy_hierarchy_hierarchy 1756184920497 360 215 touchmove 330.0 410.5 0.658324 0.658324 0 hierarchy 0
hierarchy_hierarchy_hierarchy 1756184920514 360 215 touchmove 327.3 405.9 0.753164 0.753164 0 hierarchy 0
hierarchy_hierarchy_hierarchy 1756184920531 360 215 touchmove 319.0 402.0 0.656957 0.656957 0 hierarchy 0
hierarchy_hierarchy_hierarchy 1756184920548 360 215 touchmove 306.4 399.1 0.599369 0.599369 0 hierarchy 0
hierarchy_hierarchy_hierarchy 1756184920565 360 215 touchmove 288.4 398.4 0.762951 0.762951 0 hierarchy 0
hierarchy_hierarchy_hierarchy 1756184920582 360 215 touchmove 270.2 398.1 0.681258 0.681258 0 hierarchy 0
hierarchy_hierarchy_hierarchy 1756184920599 360 215 touchmove 252.2 398.5 0.721487 0.721487 0 hierarchy 0
hierarchy_hierarchy_hierarchy 1756184920616 360 215 touchmove 234.3 398.6 0.754919 0.754919 0 hierarchy 0
hierarchy_hierarchy_hierarchy 1756184920633 360 215 touchmove 216.3 398.5 0.743000 0.743000 0 hierarchy 0
hierarchy_hierarchy_hierarchy 1756184920650 360 215 touchmove 198.3 398.6 0.641432 0.641432 0 hierarchy 0
hierarchy_hierarchy_hierarchy 1756184920667 360 215 touchmove 180.1 399.1 0.564482 0.564482 0 hierarchy 0
hierarchy_hierarchy_hierarchy 1756184920684 360 215 touchmove 162.4 399.0 0.595662 0.595662 0 hierarchy 0
hierarchy_hierarchy_hierarchy 1756184920701 360 215 touchmove 144.7 398.6 0.618545 0.618545 0 hierarchy 0
hierarchy_hierarchy_hierarchy 1756184920718 360 215 touchmove 126.8 398.3 0.622975 0.622975 0 hierarchy 0
hierarchy_hierarchy_hierarchy 1756184920735 360 215 touchmove 109.4 397.9 0.566872 0.566872 0 hierarchy 0
hierarchy_hierarchy_hierarchy 1756184920752 360 215 touchmove 92.6 398.0 0.656993 0.656993 0 hierarchy 0
hierarchy_hierarchy_hierarchy 1756184920769 360 215 touchmove 75.9 397.9 0.706244 0.706244 0 hierarchy 0
hierarchy_hierarchy_hierarchy 1756184920786 360 215 touchmove 58.7 397.9 0.671711 0.671711 0 hierarchy 0
hierarchy_hierarchy_hierarchy 1756184920803 360 215 touchmove 45.3 398.0 0.702896 0.702896 0 hierarchy 0
hierarchy_hierarchy_hierarchy 1756184920820 360 215 touchmove 36.8 398.2 0.650721 0.650721 0 hierarchy 0
hierarchy_hierarchy_hierarchy 1756184920837 360 215 touchmove 33.6 398.1 0.506790 0.506790 0 hierarchy 0
hierarchy_hierarchy_hierarchy 1756184920854 360 215 touchmove 35.4 398.5 0.654682 0.654682 0 hierarchy 0
hierarchy_hierarchy_hierarchy 1756184920871 360 215 touchmove 37.3 399.4 0.524189 0.524189 0 hierarchy 0
hierarchy_hierarchy_hierarchy 1756184920888 360 215 touchmove 39.9 401.3 0.577918 0.577918 0 hierarchy 0
hierarchy_hierarchy_hierarchy 1756184920905 360 215 touchmove 43.2 403.7 0.525051 0.525051 0 hierarchy 0
hierarchy_hierarchy_hierarchy 1756184920922 360 215 touchmove 43.0 407.1 0.684761 0.684761 0 hierarchy 0
hierarchy_hierarchy_hierarchy 1756184920939 360 215 touchmove 37.3 411.0 0.513236 0.513236 0 hierarchy 0
hierarchy_hierarchy_hierarchy 1756184920956 360 215 touchmove 26.3 415.7 0.547440 0.547440 0 hierarchy 0
hierarchy_hierarchy_hierarchy 1756184920973 360 215 touchmove 10.6 421.0 0.777589 0.777589 0 hierarchy 0
hierarchy_hierarchy_hierarchy 1756184920990 360 215 touchmove -6.3 426.7 0.781401 0.781401 0 hierarchy 0
hierarchy_hierarchy_hierarchy 1756184921008 360 215 touchmove -23.8 432.7 0.542611 0.542611 0 hierarchy 0
hierarchy_hierarchy_hierarchy 1756184921025 360 215 touchmove -41.7 438.5 0.789988 0.789988 0 hierarchy 0
hierarchy_hierarchy_hierarchy 1756184921042 360 215 touchmove -59.1 444.2 0.543227 0.543227 0 hierarchy 0
hierarchy_hierarchy_hierarchy 1756184921059 360 215 touchmove -71.2 448.4 0.769172 0.769172 0 hierarchy 0
hierarchy_hierarchy_hierarchy 1756184921076 360 215 touchmove -78.6 450.9 0.729358 0.729358 0 hierarchy 0
hierarchy_hierarchy_hierarchy 1756184921093 360 215 touchmove -80.8 452.6 0.687170 0.687170 0 hierarchy 0
hierarchy_hierarchy_hierarchy 1756184921110 360 215 touchmove -78.2 451.4 0.622836 0.622836 0 hierarchy 0
hierarchy_hierarchy_hierarchy 1756184921127 360 215 touchmove -71.2 448.1 0.676719 0.676719 0 hierarchy 0
hierarchy_hierarchy_hierarchy 1756184921144 360 215 touchmove -58.7 443.8 0.797695 0.797695 0 hierarchy 0
hierarchy_hierarchy_hierarchy 1756184921161 360 215 touchmove -41.6 438.2 0.797941 0.797941 0 hierarchy 0
hierarchy_hierarchy_hierarchy 1756184921178 360 215 touchmove -23.9 432.6 0.659451 0.659451 0 hierarchy 0
hierarchy_hierarchy_hierarchy 1756184921195 360 215 touchmove -6.1 427.2 0.502659 0.502659 0 hierarchy 0
hierarchy_hierarchy_hierarchy 1756184921212 360 215 touchmove 11.2 420.7 0.708698 0.708698 0 hierarchy 0
hierarchy_hierarchy_hierarchy 1756184921229 360 215 touchmove 27.2 417.3 0.659517 0.659517 0 hierarchy 0
hierarchy_hierarchy_hierarchy 1756184921246 360 215 touchmove 41.3 417.3 0.548201 0.548201 0 hierarchy 0
hierarchy_hierarchy_hierarchy 1756184921263 360 215 touchmove 52.1 420.5 0.792455 0.792455 0 hierarchy 0
hierarchy_hierarchy_hierarchy 1756184921280 360 215 touchmove 59.4 427.0 0.506040 0.506040 0 hierarchy 0
hierarchy_hierarchy_hierarchy 1756184921297 360 215 touchmove 64.6 437.1 0.673411 0.673411 0 hierarchy 0
hierarchy_hierarchy_hierarchy 1756184921314 360 215 touchmove 67.5 450.1 0.754761 0.754761 0 hierarchy 0
hierarchy_hierarchy_hierarchy 1756184921331 360 215 touchmove 67.9 466.5 0.712161 0.712161 0 hierarchy 0
hierarchy_hierarchy_hierarchy 1756184921348 360 215 touchmove 69.3 481.8 0.736351 0.736351 0 hierarchy 0
hierarchy_hierarchy_hierarchy 1756184921365 360 215 touchmove 73.4 494.0 0.619052 0.619052 0 hierarchy 0
hierarchy_hierarchy_hierarchy 1756184921382 360 215 touchmove 80.5 502.5 0.644230 0.644230 0 hierarchy 0
hierarchy_hierarchy_hierarchy 1756184921399 360 215 touchmove 90.4 507.3 0.569681 0.569681 0 hierarchy 0
hierarchy_hierarchy_hierarchy 1756184921416 360 215 touchmove 102.3 509.1 0.727614 0.727614 0 hierarchy 0
hierarchy_hierarchy_hierarchy 1756184921433 360 215 touchmove 116.2 507.4 0.675543 0.675543 0 hierarchy 0
hierarchy_hierarchy_hierarchy 1756184921450 360 215 touchmove 132.8 502.6 0.513443 0.513443 0 hierarchy 0
hierarchy_hierarchy_hierarchy 1756184921467 360 215 touchmove 150.3 496.9 0.728797 0.728797 0 hierarchy 0
hierarchy_hierarchy_hierarchy 1756184921484 360 215 touchmove 167.5 491.6 0.546682 0.546682 0 hierarchy 0
hierarchy_hierarchy_hierarchy 1756184921501 360 215 touchmove 184.2 486.2 0.537483 0.537483 0 hierarchy 0
hierarchy_hierarchy_hierarchy 1756184921518 360 215 touchmove 200.9 480.8 0.639424 0.639424 0 hierarchy 0
hierarchy_hierarchy_hierarchy 1756184921535 360 215 touchmove 213.7 473.5 0.600355 0.600355 0 hierarchy 0
hierarchy_hierarchy_hierarchy 1756184921552 360 215 touchmove 222.7 465.3 0.746026 0.746026 0 hierarchy 0
hierarchy_hierarchy_hierarchy 1756184921569 360 215 touchmove 228.1 454.8 0.705218 0.705218 0 hierarchy 0
hierarchy_hierarchy_hierarchy 1756184921586 360 215 touchmove 230.2 442.9 0.752032 0.752032 0 hierarchy 0
hierarchy_hierarchy_hierarchy 1756184921603 360 215 touchmove 230.0 431.7 0.647370 0.647370 0 hierarchy 0
hierarchy_hierarchy_hierarchy 1756184921620 360 215 touchmove 222.3 411.7 0.594843 0.594843 0 hierarchy 0
hierarchy_hierarchy_hierarchy 1756184921638 360 215 touchend 217.6 397.1 0.651149 0.651149 0 hierarchy 0