sentence timestamp keyb_width keyb_height event x_pos y_pos x_radius y_radius angle word is_err
deliberate_deliberate_deliberate 1756184920058 360 215 touchstart 34.3 462.0 0.654052 0.654052 0 deliberate 0
deliberate_deliberate_deliberate 1756184920074 360 215 touchmove 28.3 452.7 0.684228 0.684228 0 deliberate 0
deliberate_deliberate_deliberate 1756184920091 360 215 touchmove 21.9 443.4 0.682599 0.682599 0 deliberate 0
deliberate_deliberate_deliberate 1756184920108 360 215 touchmove 16.3 432.7 0.696538 0.696538 0 deliberate 0
deliberate_deliberate_deliberate 1756184920125 360 215 touchmove 12.3 423.6 0.711180 0.711180 0 deliberate 0
deliberate_deliberate_deliberate 1756184920141 360 215 touchmove 10.7 416.1 0.639713 0.639713 0 deliberate 0
deliberate_deliberate_deliberate 1756184920158 360 215 touchmove 11.7 410.3 0.703624 0.703624 0 deliberate 0
deliberate_deliberate_deliberate 1756184920175 360 215 touchmove 15.6 406.2 0.776554 0.776554 0 deliberate 0
deliberate_deliberate_deliberate 1756184920192 360 215 touchmove 21.8 403.8 0.543434 0.543434 0 deliberate 0
deliberate_deliberate_deliberate 1756184920208 360 215 touchmove 30.2 403.3 0.790366 0.790366 0 deliberate 0
deliberate_deliberate_deliberate 1756184920225 360 215 touchmove 40.9 404.7 0.512866 0.512866 0 deliberate 0
deliberate_deliberate_deliberate 1756184920242 360 215 touchmove 52.3 406.7 0.717750 0.717750 0 deliberate 0
deliberate_deliberate_deliberate 1756184920259 360 215 touchmove 63.6 408.4 0.579397 0.579397 0 deliberate 0
deliberate_deliberate_deliberate 1756184920276 360 215 touchmove 75.0 409.9 0.579200 0.579200 0 deliberate 0
deliberate_deliberate_deliberate 1756184920292 360 215 touchmove 86.0 411.3 0.576197 0.576197 0 deliberate 0
deliberate_deliberate_deliberate 1756184920309 360 215 touchmove 97.0 412.8 0.610026 0.610026 0 deliberate 0
deliberate_deliberate_deliberate 1756184920326 360 215 touchmove 108.2 414.3 0.777842 0.777842 0 deliberate 0
deliberate_deliberate_deliberate 1756184920343 360 215 touchmove 119.7 415.7 0.502913 0.502913 0 deliberate 0
deliberate_deliberate_deliberate 1756184920359 360 215 touchmove 131.2 417.0 0.615535 0.615535 0 deliberate 0
deliberate_deliberate_deliberate 1756184920376 360 215 touchmove 142.4 418.6 0.765920 0.765920 0 deliberate 0
deliberate_deliberate_deliberate 1756184920393 360 215 touchmove 153.5 419.9 0.699989 0.699989 0 deliberate 0
deliberate_deliberate_deliberate 1756184920410 360 215 touchmove 164.8 421.3 0.668672 0.668672 0 deliberate 0
deliberate_deliberate_deliberate 1756184920427 360 215 touchmove 176.2 422.7 0.572845 0.572845 0 deliberate 0
deliberate_deliberate_deliberate 1756184920443 360 215 touchmove 187.7 424.1 0.786221 0.786221 0 deliberate 0
deliberate_deliberate_deliberate 1756184920460 360 215 touchmove 198.9 425.4 0.670026 0.670026 0 deliberate 0
deliberate_deliberate_deliberate 1756184920477 360 215 touchmove 210.5 426.8 0.606190 0.606190 0 deliberate 0
deliberate_deliberate_deliberate 1756184920494 360 215 touchmove 222.4 428.3 0.542235 0.542235 0 deliberate 0
deliberate_deliberate_deliberate 1756184920510 360 215 touchmove 234.2 430.0 0.763526 0.763526 0 deliberate 0
deliberate_deliberate_deliberate 1756184920527 360 215 touchmove 246.1 431.7 0.660522 0.660522 0 deliberate 0
deliberate_deliberate_deliberate 1756184920544 360 215 touchmove 257.9 433.3 0.587043 0.587043 0 deliberate 0
deliberate_deliberate_deliberate 1756184920561 360 215 touchmove 269.6 434.8 0.604501 0.604501 0 deliberate 0
deliberate_deliberate_deliberate 1756184920578 360 215 touchmove 281.2 436.4 0.604738 0.604738 0 deliberate 0
deliberate_deliberate_deliberate 1756184920594 360 215 touchmove 292.4 437.8 0.562616 0.562616 0 deliberate 0
deliberate_deliberate_deliberate 1756184920611 360 215 touchmove 303.8 439.2 0.509175 0.509175 0 deliberate 0
deliberate_deliberate_deliberate 1756184920628 360 215 touchmove 315.2 440.8 0.664888 0.664888 0 deliberate 0
deliberate_deliberate_deliberate 1756184920645 360 215 touchmove 326.3 442.3 0.545353 0.545353 0 deliberate 0
deliberate_deliberate_deliberate 1756184920661 360 215 touchmove 337.3 444.0 0.687496 0.687496 0 deliberate 0
deliberate_deliberate_deliberate 1756184920678 360 215 touchmove 348.3 445.6 0.672695 0.672695 0 deliberate 0
deliberate_deliberate_deliberate 1756184920695 360 215 touchmove 359.4 447.4 0.581196 0.581196 0 deliberate 0
deliberate_deliberate_deliberate 1756184920712 360 215 touchmove 370.7 449.1 0.668676 0.668676 0 deliberate 0
deliberate_deliberate_deliberate 1756184920728 360 215 touchmove 381.7 450.7 0.601704 0.601704 0 deliberate 0
deliberate_deliberate_deliberate 1756184920745 360 215 touchmove 392.8 452.0 0.658117 0.658117 0 deliberate 0
deliberate_deliberate_deliberate 1756184920762 360 215 touchmove 404.1 453.5 0.662573 0.662573 0 deliberate 0
deliberate_deliberate_deliberate 1756184920779 360 215 touchmove 416.0 454.8 0.797232 0.797232 0 deliberate 0
deliberate_deliberate_deliberate 1756184920796 360 215 touchmove 427.5 456.2 0.740221 0.740221 0 deliberate 0
deliberate_deliberate_deliberate 1756184920812 360 215 touchmove 437.5 457.1 0.605094 0.605094 0 deliberate 0
deliberate_deliberate_deliberate 1756184920829 360 215 touchmove 444.6 457.1 0.751649 0.751649 0 deliberate 0
deliberate_deliberate_deliberate 1756184920846 360 215 touchmove 448.8 456.3 0.507151 0.507151 0 deliberate 0
deliberate_deliberate_deliberate 1756184920863 360 215 touchmove 449.8 454.5 0.550252 0.550252 0 deliberate 0
deliberate_deliberate_deliberate 1756184920879 360 215 touchmove 447.9 451.5 0.652813 0.652813 0 deliberate 0
deliberate_deliberate_deliberate 1756184920896 360 215 touchmove 442.5 447.7 0.729407 0.729407 0 deliberate 0
deliberate_deliberate_deliberate 1756184920913 360 215 touchmove 434.2 442.8 0.535581 0.535581 0 deliberate 0
deliberate_deliberate_deliberate 1756184920930 360 215 touchmove 424.0 437.0 0.703444 0.703444 0 deliberate 0
deliberate_deliberate_deliberate 1756184920947 360 215 touchmove 414.1 431.3 0.645420 0.645420 0 deliberate 0
deliberate_deliberate_deliberate 1756184920963 360 215 touchmove 404.1 425.7 0.502115 0.502115 0 deliberate 0
deliberate_deliberate_deliberate 1756184920980 360 215 touchmove 394.1 419.7 0.753820 0.753820 0 deliberate 0
deliberate_deliberate_deliberate 1756184920997 360 215 touchmove 384.1 415.2 0.765592 0.765592 0 deliberate 0
deliberate_deliberate_deliberate 1756184921014 360 215 touchmove 374.2 412.5 0.504658 0.504658 0 deliberate 0
deliberate_deliberate_deliberate 1756184921030 360 215 touchmove 364.6 411.7 0.539430 0.539430 0 deliberate 0
deliberate_deliberate_deliberate 1756184921047 360 215 touchmove 355.7 413.1 0.574234 0.574234 0 deliberate 0
deliberate_deliberate_deliberate 1756184921064 360 215 touchmove 346.6 416.4 0.765485 0.765485 0 deliberate 0
deliberate_deliberate_deliberate 1756184921081 360 215 touchmove 337.6 421.2 0.741707 0.741707 0 deliberate 0
deliberate_deliberate_deliberate 1756184921098 360 215 touchmove 328.8 428.0 0.517995 0.517995 0 deliberate 0
deliberate_deliberate_deliberate 1756184921114 360 215 touchmove 320.0 435.4 0.520843 0.520843 0 deliberate 0
deliberate_deliberate_deliberate 1756184921131 360 215 touchmove 311.4 442.8 0.551348 0.551348 0 deliberate 0
deliberate_deliberate_deliberate 1756184921148 360 215 touchmove 302.8 449.9 0.753709 0.753709 0 deliberate 0
deliberate_deliberate_deliberate 1756184921165 360 215 touchmove 294.1 457.1 0.701007 0.701007 0 deliberate 0
deliberate_deliberate_deliberate 1756184921181 360 215 touchmove 285.6 464.3 0.791748 0.791748 0 deliberate 0
deliberate_deliberate_deliberate 1756184921198 360 215 touchmove 277.2 471.8 0.756833 0.756833 0 deliberate 0
deliberate_deliberate_deliberate 1756184921215 360 215 touchmove 268.9 479.1 0.792178 0.792178 0 deliberate 0
deliberate_deliberate_deliberate 1756184921232 360 215 touchmove 260.4 486.6 0.543430 0.543430 0 deliberate 0
deliberate_deliberate_deliberate 1756184921248 360 215 touchmove 252.1 494.0 0.614496 0.614496 0 deliberate 0
deliberate_deliberate_deliberate 1756184921265 360 215 touchmove 243.6 501.2 0.694470 0.694470 0 deliberate 0
deliberate_deliberate_deliberate 1756184921282 360 215 touchmove 234.5 506.6 0.674989 0.674989 0 deliberate 0
deliberate_deliberate_deliberate 1756184921299 360 215 touchmove 225.4 510.1 0.645888 0.645888 0 deliberate 0
deliberate_deliberate_deliberate 1756184921316 360 215 touchmove 215.8 512.0 0.652821 0.652821 0 deliberate 0
deliberate_deliberate_deliberate 1756184921332 360 215 touchmove 206.0 512.3 0.642807 0.642807 0 deliberate 0
deliberate_deliberate_deliberate 1756184921349 360 215 touchmove 196.2 510.6 0.582620 0.582620 0 deliberate 0
deliberate_deliberate_deliberate 1756184921366 360 215 touchmove 185.7 507.2 0.515744 0.515744 0 deliberate 0
deliberate_deliberate_deliberate 1756184921383 360 215 touchmove 175.3 502.0 0.715860 0.715860 0 deliberate 0
deliberate_deliberate_deliberate 1756184921399 360 215 touchmove 165.2 496.9 0.660262 0.660262 0 deliberate 0
deliberate_deliberate_deliberate 1756184921416 360 215 touchmove 154.9 491.7 0.531793 0.531793 0 deliberate 0
deliberate_deliberate_deliberate 1756184921433 360 215 touchmove 145.3 486.3 0.507759 0.507759 0 deliberate 0
deliberate_deliberate_deliberate 1756184921450 360 215 touchmove 135.6 480.6 0.666953 0.666953 0 deliberate 0
deliberate_deliberate_deliberate 1756184921467 360 215 touchmove 126.0 475.0 0.516391 0.516391 0 deliberate 0
deliberate_deliberate_deliberate 1756184921483 360 215 touchmove 116.5 469.2 0.542043 0.542043 0 deliberate 0
deliberate_deliberate_deliberate 1756184921500 360 215 touchmove 106.8 463.7 0.798705 0.798705 0 deliberate 0
deliberate_deliberate_deliberate 1756184921517 360 215 touchmove 97.2 457.9 0.548159 0.548159 0 deliberate 0
deliberate_deliberate_deliberate 1756184921534 360 215 touchmove 87.6 452.2 0.744076 0.744076 0 deliberate 0
deliberate_deliberate_deliberate 1756184921550 360 215 touchmove 77.7 446.2 0.621027 0.621027 0 deliberate 0
deliberate_deliberate_deliberate 1756184921567 360 215 touchmove 67.7 440.2 0.633041 0.633041 0 deliberate 0
deliberate_deliberate_deliberate 1756184921584 360 215 touchmove 58.0 434.1 0.627336 0.627336 0 deliberate 0
deliberate_deliberate_deliberate 1756184921601 360 215 touchmove 48.2 428.1 0.649017 0.649017 0 deliberate 0
deliberate_deliberate_deliberate 1756184921618 360 215 touchmove 38.6 422.1 0.792873 0.792873 0 deliberate 0
deliberate_deliberate_deliberate 1756184921634 360 215 touchmove 29.1 416.2 0.756897 0.756897 0 deliberate 0
deliberate_deliberate_deliberate 1756184921651 360 215 touchmove 22.7 411.2 0.545834 0.545834 0 deliberate 0
deliberate_deliberate_deliberate 1756184921668 360 215 touchmove 19.4 407.2 0.678299 0.678299 0 deliberate 0
deliberate_deliberate_deliberate 1756184921685 360 215 touchmove 19.2 404.0 0.733083 0.733083 0 deliberate 0
deliberate_deliberate_deliberate 1756184921701 360 215 touchmove 22.0 401.7 0.693541 0.693541 0 deliberate 0
deliberate_deliberate_deliberate 1756184921718 360 215 touchmove 27.5 400.3 0.719380 0.719380 0 deliberate 0
deliberate_deliberate_deliberate 1756184921735 360 215 touchmove 36.3 399.7 0.553367 0.553367 0 deliberate 0
deliberate_deliberate_deliberate 1756184921752 360 215 touchmove 45.0 400.3 0.678095 0.678095 0 deliberate 0
deliberate_deliberate_deliberate 1756184921768 360 215 touchmove 50.5 401.2 0.648589 0.648589 0 deliberate 0
deliberate_deliberate_deliberate 1756184921785 360 215 touchmove 52.8 402.8 0.774955 0.774955 0 deliberate 0
deliberate_deliberate_deliberate 1756184921802 360 215 touchmove 51.7 405.0 0.724182 0.724182 0 deliberate 0
deliberate_deliberate_deliberate 1756184921819 360 215 touchmove 47.6 407.7 0.589141 0.589141 0 deliberate 0
deliberate_deliberate_deliberate 1756184921836 360 215 touchmove 40.3 410.9 0.509480 0.509480 0 deliberate 0
deliberate_deliberate_deliberate 1756184921852 360 215 touchmove 29.9 414.6 0.589522 0.589522 0 deliberate 0
deliberate_deliberate_deliberate 1756184921869 360 215 touchmove 19.1 418.5 0.684386 0.684386 0 deliberate 0
deliberate_deliberate_deliberate 1756184921886 360 215 touchmove 8.7 422.6 0.572584 0.572584 0 deliberate 0
deliberate_deliberate_deliberate 1756184921903 360 215 touchmove -1.8 426.5 0.611166 0.611166 0 deliberate 0
deliberate_deliberate_deliberate 1756184921919 360 215 touchmove -12.0 430.5 0.551147 0.551147 0 deliberate 0
deliberate_deliberate_deliberate 1756184921936 360 215 touchmove -22.4 434.4 0.781910 0.781910 0 deliberate 0
deliberate_deliberate_deliberate 1756184921953 360 215 touchmove -32.9 438.1 0.644900 0.644900 0 deliberate 0
deliberate_deliberate_deliberate 1756184921970 360 215 touchmove -43.3 441.7 0.523500 0.523500 0 deliberate 0
deliberate_deliberate_deliberate 1756184921987 360 215 touchmove -54.0 445.3 0.617176 0.617176 0 deliberate 0
deliberate_deliberate_deliberate 1756184922003 360 215 touchmove -65.0 448.8 0.758410 0.758410 0 deliberate 0
deliberate_deliberate_deliberate 1756184922020 360 215 touchmove -75.4 452.1 0.660393 0.660393 0 deliberate 0
deliberate_deliberate_deliberate 1756184922037 360 215 touchmove -82.8 454.3 0.580465 0.580465 0 deliberate 0
deliberate_deliberate_deliberate 1756184922054 360 215 touchmove -87.1 456.0 0.611763 0.611763 0 deliberate 0
deliberate_deliberate_deliberate 1756184922070 360 215 touchmove -88.0 457.0 0.568827 0.568827 0 deliberate 0
deliberate_deliberate_deliberate 1756184922087 360 215 touchmove -85.8 457.2 0.657252 0.657252 0 deliberate 0
deliberate_deliberate_deliberate 1756184922104 360 215 touchmove -80.8 456.4 0.595263 0.595263 0 deliberate 0
deliberate_deliberate_deliberate 1756184922121 360 215 touchmove -72.5 454.5 0.515038 0.515038 0 deliberate 0
deliberate_deliberate_deliberate 1756184922138 360 215 touchmove -61.7 452.0 0.735665 0.735665 0 deliberate 0
deliberate_deliberate_deliberate 1756184922154 360 215 touchmove -50.7 449.1 0.682182 0.682182 0 deliberate 0
deliberate_deliberate_deliberate 1756184922171 360 215 touchmove -39.4 446.3 0.755823 0.755823 0 deliberate 0
deliberate_deliberate_deliberate 1756184922188 360 215 touchmove -28.4 443.3 0.539292 0.539292 0 deliberate 0
deliberate_deliberate_deliberate 1756184922205 360 215 touchmove -17.3 440.0 0.696806 0.696806 0 deliberate 0
deliberate_deliberate_deliberate 1756184922221 360 215 touchmove -5.9 436.7 0.616432 0.616432 0 deliberate 0
deliberate_deliberate_deliberate 1756184922238 360 215 touchmove 5.6 433.8 0.520388 0.520388 0 deliberate 0
deliberate_deliberate_deliberate 1756184922255 360 215 touchmove 17.2 430.6 0.533877 0.533877 0 deliberate 0
deliberate_deliberate_deliberate 1756184922272 360 215 touchmove 28.5 427.6 0.725952 0.725952 0 deliberate 0
deliberate_deliberate_deliberate 1756184922288 360 215 touchmove 39.6 424.8 0.549528 0.549528 0 deliberate 0
deliberate_deliberate_deliberate 1756184922305 360 215 touchmove 50.8 421.8 0.776534 0.776534 0 deliberate 0
deliberate_deliberate_deliberate 1756184922322 360 215 touchmove 62.0 418.9 0.683875 0.683875 0 deliberate 0
deliberate_deliberate_deliberate 1756184922339 360 215 touchmove 73.1 416.1 0.693244 0.693244 0 deliberate 0
deliberate_deliberate_deliberate 1756184922356 360 215 touchmove 84.3 413.3 0.652569 0.652569 0 deliberate 0
deliberate_deliberate_deliberate 1756184922372 360 215 touchmove 95.3 410.7 0.675726 0.675726 0 deliberate 0
deliberate_deliberate_deliberate 1756184922389 360 215 touchmove 106.4 408.1 0.744907 0.744907 0 deliberate 0
deliberate_deliberate_deliberate 1756184922406 360 215 touchmove 115.7 405.6 0.748463 0.748463 0 deliberate 0
deliberate_deliberate_deliberate 1756184922423 360 215 touchmove 121.6 403.5 0.588868 0.588868 0 deliberate 0
deliberate_deliberate_deliberate 1756184922439 360 215 touchmove 124.4 401.8 0.541077 0.541077 0 deliberate 0
deliberate_deliberate_deliberate 1756184922456 360 215 touchmove 124.0 400.9 0.715166 0.715166 0 deliberate 0
deliberate_deliberate_deliberate 1756184922473 360 215 touchmove 120.1 400.2 0.715604 0.715604 0 deliberate 0
deliberate_deliberate_deliberate 1756184922490 360 215 touchmove 113.3 399.9 0.735827 0.735827 0 deliberate 0
deliberate_deliberate_deliberate 1756184922507 360 215 touchmove 103.3 400.1 0.657336 0.657336 0 deliberate 0
deliberate_deliberate_deliberate 1756184922523 360 215 touchmove 91.7 400.4 0.653030 0.653030 0 deliberate 0
deliberate_deliberate_deliberate 1756184922540 360 215 touchmove 80.1 400.7 0.548815 0.548815 0 deliberate 0
deliberate_deliberate_deliberate 1756184922557 360 215 touchmove 68.4 401.1 0.781254 0.781254 0 deliberate 0
deliberate_deliberate_deliberate 1756184922574 360 215 touchmove 56.6 400.9 0.553132 0.553132 0 deliberate 0
deliberate_deliberate_deliberate 1756184922590 360 215 touchmove 45.2 400.9 0.555343 0.555343 0 deliberate 0
deliberate_deliberate_deliberate 1756184922607 360 215 touchmove 33.4 401.0 0.622026 0.622026 0 deliberate 0
deliberate_deliberate_deliberate 1756184922624 360 215 touchmove 20.4 399.9 0.696233 0.696233 0 deliberate 0
deliberate_deliberate_deliberate 1756184922641 360 215 touchmove 10.1 401.0 0.528107 0.528107 0 deliberate 0
deliberate_deliberate_deliberate 1756184922658 360 215 touchend -1.3 401.8 0.716743 0.716743 0 deliberate 0