sentence timestamp keyb_width keyb_height event x_pos y_pos x_radius y_radius angle word is_err
glow_glow_glow 1756184919211 360 215 touchstart 179.4 462.6 0.540268 0.540268 0 glow 0
glow_glow_glow 1756184919228 360 215 touchmove 194.4 463.0 0.502502 0.502502 0 glow 0
glow_glow_glow 1756184919245 360 215 touchmove 209.9 462.5 0.706243 0.706243 0 glow 0
glow_glow_glow 1756184919262 360 215 touchmove 225.6 462.6 0.793024 0.793024 0 glow 0
glow_glow_glow 1756184919279 360 215 touchmove 241.2 462.4 0.744401 0.744401 0 glow 0
glow_glow_glow 1756184919296 360 215 touchmove 256.7 462.2 0.680162 0.680162 0 glow 0
glow_glow_glow 1756184919313 360 215 touchmove 272.3 462.1 0.619012 0.619012 0 glow 0
glow_glow_glow 1756184919331 360 215 touchmove 287.7 461.9 0.771655 0.771655 0 glow 0
glow_glow_glow 1756184919348 360 215 touchmove 303.3 461.7 0.796882 0.796882 0 glow 0
glow_glow_glow 1756184919365 360 215 touchmove 318.8 461.5 0.762797 0.762797 0 glow 0
glow_glow_glow 1756184919382 360 215 touchmove 334.5 461.6 0.593337 0.593337 0 glow 0
glow_glow_glow 1756184919399 360 215 touchmove 350.0 461.8 0.652800 0.652800 0 glow 0
glow_glow_glow 1756184919416 360 215 touchmove 365.6 461.9 0.535331 0.535331 0 glow 0
glow_glow_glow 1756184919433 360 215 touchmove 381.0 462.0 0.606561 0.606561 0 glow 0
glow_glow_glow 1756184919451 360 215 touchmove 396.3 462.2 0.741488 0.741488 0 glow 0
glow_glow_glow 1756184919468 360 215 touchmove 411.7 462.2 0.532063 0.532063 0 glow 0
glow_glow_glow 1756184919485 360 215 touchmove 426.0 461.8 0.554464 0.554464 0 glow 0
glow_glow_glow 1756184919502 360 215 touchmove 436.8 459.3 0.576721 0.576721 0 glow 0
glow_glow_glow 1756184919519 360 215 touchmove 444.3 454.8 0.535053 0.535053 0 glow 0
glow_glow_glow 1756184919536 360 215 touchmove 448.5 448.6 0.583616 0.583616 0 glow 0
glow_glow_glow 1756184919553 360 215 touchmove 449.5 440.4 0.548652 0.548652 0 glow 0
glow_glow_glow 1756184919571 360 215 touchmove 446.6 431.7 0.611243 0.611243 0 glow 0
glow_glow_glow 1756184919588 360 215 touchmove 439.4 422.9 0.589982 0.589982 0 glow 0
glow_glow_glow 1756184919605 360 215 touchmove 428.8 414.7 0.554682 0.554682 0 glow 0
glow_glow_glow 1756184919622 360 215 touchmove 417.1 408.5 0.654016 0.654016 0 glow 0
glow_glow_glow 1756184919639 360 215 touchmove 404.3 404.1 0.520044 0.520044 0 glow 0
glow_glow_glow 1756184919656 360 215 touchmove 390.5 401.5 0.670426 0.670426 0 glow 0
glow_glow_glow 1756184919673 360 215 touchmove 375.6 400.9 0.578762 0.578762 0 glow 0
glow_glow_glow 1756184919691 360 215 touchmove 360.3 400.9 0.543088 0.543088 0 glow 0
glow_glow_glow 1756184919708 360 215 touchmove 344.8 400.9 0.744708 0.744708 0 glow 0
glow_glow_glow 1756184919725 360 215 touchmove 329.2 400.9 0.775917 0.775917 0 glow 0
glow_glow_glow 1756184919742 360 215 touchmove 313.8 400.9 0.602882 0.602882 0 glow 0
glow_glow_glow 1756184919759 360 215 touchmove 298.1 400.8 0.724325 0.724325 0 glow 0
glow_glow_glow 1756184919776 360 215 touchmove 282.5 400.9 0.582153 0.582153 0 glow 0
glow_glow_glow 1756184919793 360 215 touchmove 266.9 400.8 0.617183 0.617183 0 glow 0
glow_glow_glow 1756184919811 360 215 touchmove 251.3 400.8 0.615377 0.615377 0 glow 0
glow_glow_glow 1756184919828 360 215 touchmove 235.7 400.8 0.577477 0.577477 0 glow 0
glow_glow_glow 1756184919845 360 215 touchmove 220.2 400.8 0.606205 0.606205 0 glow 0
glow_glow_glow 1756184919862 360 215 touchmove 204.7 400.8 0.613102 0.613102 0 glow 0
glow_glow_glow 1756184919879 360 215 touchmove 189.4 400.7 0.695828 0.695828 0 glow 0
glow_glow_glow 1756184919896 360 215 touchmove 174.0 400.7 0.529071 0.529071 0 glow 0
glow_glow_glow 1756184919913 360 215 touchmove 158.6 400.8 0.564042 0.564042 0 glow 0
glow_glow_glow 1756184919931 360 215 touchmove 143.2 400.8 0.607401 0.607401 0 glow 0
glow_glow_glow 1756184919948 360 215 touchmove 128.0 400.8 0.619429 0.619429 0 glow 0
glow_glow_glow 1756184919965 360 215 touchmove 112.8 400.9 0.763598 0.763598 0 glow 0
glow_glow_glow 1756184919982 360 215 touchmove 97.4 400.9 0.717642 0.717642 0 glow 0
glow_glow_glow 1756184919999 360 215 touchmove 82.1 401.0 0.537310 0.537310 0 glow 0
glow_glow_glow 1756184920016 360 215 touchmove 66.8 401.0 0.673549 0.673549 0 glow 0
glow_glow_glow 1756184920033 360 215 touchmove 51.6 400.8 0.522099 0.522099 0 glow 0
glow_glow_glow 1756184920051 360 215 touchmove 36.3 400.9 0.564344 0.564344 0 glow 0
glow_glow_glow 1756184920068 360 215 touchmove 20.7 400.8 0.776054 0.776054 0 glow 0
glow_glow_glow 1756184920085 360 215 touchmove 5.3 400.4 0.591934 0.591934 0 glow 0
glow_glow_glow 1756184920102 360 215 touchmove -10.2 400.2 0.573705 0.573705 0 glow 0
glow_glow_glow 1756184920119 360 215 touchmove -25.4 399.8 0.550059 0.550059 0 glow 0
glow_glow_glow 1756184920136 360 215 touchmove -40.8 399.2 0.703348 0.703348 0 glow 0
glow_glow_glow 1756184920153 360 215 touchmove -56.5 399.1 0.753937 0.753937 0 glow 0
glow_glow_glow 1756184920171 360 215 touchend -70.5 398.8 0.795688 0.795688 0 glow 0