sentence timestamp keyb_width keyb_height event x_pos y_pos x_radius y_radius angle word is_err
urged_urged_urged 1756184915828 360 215 touchstart 288.0 398.7 0.562149 0.562149 0 urged 0
urged_urged_urged 1756184915844 360 215 touchmove 280.8 398.4 0.631042 0.631042 0 urged 0
urged_urged_urged 1756184915861 360 215 touchmove 271.4 399.5 0.709336 0.709336 0 urged 0
urged_urged_urged 1756184915878 360 215 touchmove 264.4 400.0 0.610131 0.610131 0 urged 0
urged_urged_urged 1756184915895 360 215 touchmove 256.5 400.5 0.706128 0.706128 0 urged 0
urged_urged_urged 1756184915912 360 215 touchmove 248.4 401.0 0.798773 0.798773 0 urged 0
urged_urged_urged 1756184915929 360 215 touchmove 240.7 401.2 0.536153 0.536153 0 urged 0
urged_urged_urged 1756184915946 360 215 touchmove 233.0 401.3 0.709433 0.709433 0 urged 0
urged_urged_urged 1756184915963 360 215 touchmove 225.1 401.3 0.503543 0.503543 0 urged 0
urged_urged_urged 1756184915979 360 215 touchmove 217.1 400.9 0.549706 0.549706 0 urged 0
urged_urged_urged 1756184915996 360 215 touchmove 209.1 400.5 0.567604 0.567604 0 urged 0
urged_urged_urged 1756184916013 360 215 touchmove 201.2 400.2 0.634218 0.634218 0 urged 0
urged_urged_urged 1756184916030 360 215 touchmove 193.5 399.6 0.576132 0.576132 0 urged 0
urged_urged_urged 1756184916047 360 215 touchmove 185.8 399.3 0.738220 0.738220 0 urged 0
urged_urged_urged 1756184916064 360 215 touchmove 177.9 399.0 0.779639 0.779639 0 urged 0
urged_urged_urged 1756184916081 360 215 touchmove 170.2 399.0 0.768392 0.768392 0 urged 0
urged_urged_urged 1756184916098 360 215 touchmove 162.4 399.2 0.707498 0.707498 0 urged 0
urged_urged_urged 1756184916115 360 215 touchmove 154.7 399.5 0.755815 0.755815 0 urged 0
urged_urged_urged 1756184916131 360 215 touchmove 147.0 399.4 0.783954 0.783954 0 urged 0
urged_urged_urged 1756184916148 360 215 touchmove 139.5 400.0 0.749834 0.749834 0 urged 0
urged_urged_urged 1756184916165 360 215 touchmove 132.0 400.2 0.707321 0.707321 0 urged 0
urged_urged_urged 1756184916182 360 215 touchmove 124.4 400.4 0.631044 0.631044 0 urged 0
urged_urged_urged 1756184916199 360 215 touchmove 116.4 400.3 0.706525 0.706525 0 urged 0
urged_urged_urged 1756184916216 360 215 touchmove 108.4 400.2 0.680093 0.680093 0 urged 0
urged_urged_urged 1756184916233 360 215 touchmove 100.1 400.2 0.587687 0.587687 0 urged 0
urged_urged_urged 1756184916250 360 215 touchmove 92.8 400.4 0.542267 0.542267 0 urged 0
urged_urged_urged 1756184916266 360 215 touchmove 87.6 401.0 0.598232 0.598232 0 urged 0
urged_urged_urged 1756184916283 360 215 touchmove 84.3 402.3 0.586878 0.586878 0 urged 0
urged_urged_urged 1756184916300 360 215 touchmove 83.2 404.3 0.662407 0.662407 0 urged 0
urged_urged_urged 1756184916317 360 215 touchmove 84.6 406.9 0.606552 0.606552 0 urged 0
urged_urged_urged 1756184916334 360 215 touchmove 88.0 410.2 0.797074 0.797074 0 urged 0
urged_urged_urged 1756184916351 360 215 touchmove 94.3 413.6 0.775995 0.775995 0 urged 0
urged_urged_urged 1756184916368 360 215 touchmove 101.7 417.4 0.639321 0.639321 0 urged 0
urged_urged_urged 1756184916385 360 215 touchmove 108.6 420.9 0.663422 0.663422 0 urged 0
urged_urged_urged 1756184916402 360 215 touchmove 115.7 424.7 0.610226 0.610226 0 urged 0
urged_urged_urged 1756184916418 360 215 touchmove 122.8 428.4 0.597396 0.597396 0 urged 0
urged_urged_urged 1756184916435 360 215 touchmove 129.8 432.0 0.639532 0.639532 0 urged 0
urged_urged_urged 1756184916452 360 215 touchmove 136.9 435.7 0.612970 0.612970 0 urged 0
urged_urged_urged 1756184916469 360 215 touchmove 143.7 439.8 0.682720 0.682720 0 urged 0
urged_urged_urged 1756184916486 360 215 touchmove 150.3 444.2 0.501930 0.501930 0 urged 0
urged_urged_urged 1756184916503 360 215 touchmove 157.1 448.7 0.648211 0.648211 0 urged 0
urged_urged_urged 1756184916520 360 215 touchmove 163.0 452.4 0.546005 0.546005 0 urged 0
urged_urged_urged 1756184916537 360 215 touchmove 166.9 455.2 0.570598 0.570598 0 urged 0
urged_urged_urged 1756184916553 360 215 touchmove 168.8 456.9 0.703711 0.703711 0 urged 0
urged_urged_urged 1756184916570 360 215 touchmove 168.4 457.5 0.699970 0.699970 0 urged 0
urged_urged_urged 1756184916587 360 215 touchmove 165.8 457.0 0.530079 0.530079 0 urged 0
urged_urged_urged 1756184916604 360 215 touchmove 161.3 455.5 0.788009 0.788009 0 urged 0
urged_urged_urged 1756184916621 360 215 touchmove 154.7 453.3 0.741124 0.741124 0 urged 0
urged_urged_urged 1756184916638 360 215 touchmove 147.0 450.9 0.679802 0.679802 0 urged 0
urged_urged_urged 1756184916655 360 215 touchmove 139.2 448.7 0.610141 0.610141 0 urged 0
urged_urged_urged 1756184916672 360 215 touchmove 131.1 446.6 0.610962 0.610962 0 urged 0
urged_urged_urged 1756184916689 360 215 touchmove 123.4 444.2 0.626679 0.626679 0 urged 0
urged_urged_urged 1756184916705 360 215 touchmove 115.7 442.3 0.506128 0.506128 0 urged 0
urged_urged_urged 1756184916722 360 215 touchmove 108.0 440.0 0.653522 0.653522 0 urged 0
urged_urged_urged 1756184916739 360 215 touchmove 100.4 437.5 0.785074 0.785074 0 urged 0
urged_urged_urged 1756184916756 360 215 touchmove 92.9 434.8 0.697697 0.697697 0 urged 0
urged_urged_urged 1756184916773 360 215 touchmove 85.5 431.8 0.598139 0.598139 0 urged 0
urged_urged_urged 1756184916790 360 215 touchmove 78.5 429.0 0.542237 0.542237 0 urged 0
urged_urged_urged 1756184916807 360 215 touchmove 71.4 426.3 0.590454 0.590454 0 urged 0
urged_urged_urged 1756184916824 360 215 touchmove 64.0 423.3 0.749660 0.749660 0 urged 0
urged_urged_urged 1756184916840 360 215 touchmove 56.9 420.4 0.726150 0.726150 0 urged 0
urged_urged_urged 1756184916857 360 215 touchmove 49.9 417.7 0.643288 0.643288 0 urged 0
urged_urged_urged 1756184916874 360 215 touchmove 42.6 415.0 0.774398 0.774398 0 urged 0
urged_urged_urged 1756184916891 360 215 touchmove 35.4 412.2 0.696637 0.696637 0 urged 0
urged_urged_urged 1756184916908 360 215 touchmove 28.0 409.8 0.705305 0.705305 0 urged 0
urged_urged_urged 1756184916925 360 215 touchmove 21.0 407.5 0.597002 0.597002 0 urged 0
urged_urged_urged 1756184916942 360 215 touchmove 15.7 406.6 0.666881 0.666881 0 urged 0
urged_urged_urged 1756184916959 360 215 touchmove 11.9 407.1 0.790155 0.790155 0 urged 0
urged_urged_urged 1756184916976 360 215 touchmove 9.6 408.8 0.501517 0.501517 0 urged 0
urged_urged_urged 1756184916992 360 215 touchmove 9.2 411.9 0.709274 0.709274 0 urged 0
urged_urged_urged 1756184917009 360 215 touchmove 10.2 416.3 0.749907 0.749907 0 urged 0
urged_urged_urged 1756184917026 360 215 touchmove 13.1 421.6 0.674806 0.674806 0 urged 0
urged_urged_urged 1756184917043 360 215 touchmove 17.2 428.2 0.725891 0.725891 0 urged 0
urged_urged_urged 1756184917060 360 215 touchmove 21.5 434.9 0.599607 0.599607 0 urged 0
urged_urged_urged 1756184917077 360 215 touchmove 25.4 441.9 0.536851 0.536851 0 urged 0
urged_urged_urged 1756184917094 360 215 touchmove 28.9 447.7 0.556586 0.556586 0 urged 0
urged_urged_urged 1756184917111 360 215 touchmove 34.6 455.5 0.553620 0.553620 0 urged 0
urged_urged_urged 1756184917128 360 215 touchend 36.9 464.3 0.567811 0.567811 0 urged 0