sentence timestamp keyb_width keyb_height event x_pos y_pos x_radius y_radius angle word is_err
polling_polling_polling 1756184917710 360 215 touchstart 503.4 400.1 0.661300 0.661300 0 polling 0
polling_polling_polling 1756184917726 360 215 touchmove 498.1 399.7 0.586368 0.586368 0 polling 0
polling_polling_polling 1756184917743 360 215 touchmove 493.6 400.3 0.552819 0.552819 0 polling 0
polling_polling_polling 1756184917760 360 215 touchmove 489.3 399.3 0.667505 0.667505 0 polling 0
polling_polling_polling 1756184917777 360 215 touchmove 484.4 399.1 0.602930 0.602930 0 polling 0
polling_polling_polling 1756184917794 360 215 touchmove 479.6 399.3 0.681314 0.681314 0 polling 0
polling_polling_polling 1756184917811 360 215 touchmove 474.6 399.3 0.725538 0.725538 0 polling 0
polling_polling_polling 1756184917827 360 215 touchmove 469.7 399.5 0.511019 0.511019 0 polling 0
polling_polling_polling 1756184917844 360 215 touchmove 464.4 399.8 0.743806 0.743806 0 polling 0
polling_polling_polling 1756184917861 360 215 touchmove 459.6 400.0 0.617684 0.617684 0 polling 0
polling_polling_polling 1756184917878 360 215 touchmove 454.6 400.1 0.579996 0.579996 0 polling 0
polling_polling_polling 1756184917895 360 215 touchmove 449.9 400.5 0.561833 0.561833 0 polling 0
polling_polling_polling 1756184917912 360 215 touchmove 445.5 400.9 0.725640 0.725640 0 polling 0
polling_polling_polling 1756184917929 360 215 touchmove 442.5 402.2 0.658679 0.658679 0 polling 0
polling_polling_polling 1756184917945 360 215 touchmove 440.4 403.7 0.592330 0.592330 0 polling 0
polling_polling_polling 1756184917962 360 215 touchmove 439.3 405.9 0.500577 0.500577 0 polling 0
polling_polling_polling 1756184917979 360 215 touchmove 439.1 408.7 0.531111 0.531111 0 polling 0
polling_polling_polling 1756184917996 360 215 touchmove 439.9 412.0 0.539002 0.539002 0 polling 0
polling_polling_polling 1756184918013 360 215 touchmove 441.7 415.7 0.792274 0.792274 0 polling 0
polling_polling_polling 1756184918030 360 215 touchmove 444.2 419.7 0.609289 0.609289 0 polling 0
polling_polling_polling 1756184918047 360 215 touchmove 446.4 423.5 0.626910 0.626910 0 polling 0
polling_polling_polling 1756184918063 360 215 touchmove 449.0 427.7 0.745602 0.745602 0 polling 0
polling_polling_polling 1756184918080 360 215 touchmove 451.7 432.0 0.577605 0.577605 0 polling 0
polling_polling_polling 1756184918097 360 215 touchmove 454.3 436.4 0.734192 0.734192 0 polling 0
polling_polling_polling 1756184918114 360 215 touchmove 456.7 440.9 0.701617 0.701617 0 polling 0
polling_polling_polling 1756184918131 360 215 touchmove 459.1 445.3 0.749734 0.749734 0 polling 0
polling_polling_polling 1756184918148 360 215 touchmove 461.5 449.6 0.673689 0.673689 0 polling 0
polling_polling_polling 1756184918165 360 215 touchmove 463.0 453.0 0.780259 0.780259 0 polling 0
polling_polling_polling 1756184918181 360 215 touchmove 463.4 455.5 0.585476 0.585476 0 polling 0
polling_polling_polling 1756184918198 360 215 touchmove 462.8 457.0 0.601074 0.601074 0 polling 0
polling_polling_polling 1756184918215 360 215 touchmove 461.1 457.5 0.680486 0.680486 0 polling 0
polling_polling_polling 1756184918232 360 215 touchmove 458.6 457.0 0.618622 0.618622 0 polling 0
polling_polling_polling 1756184918249 360 215 touchmove 455.0 455.6 0.785827 0.785827 0 polling 0
polling_polling_polling 1756184918266 360 215 touchmove 450.4 453.8 0.575520 0.575520 0 polling 0
polling_polling_polling 1756184918282 360 215 touchmove 445.9 451.8 0.578683 0.578683 0 polling 0
polling_polling_polling 1756184918299 360 215 touchmove 441.4 449.4 0.680487 0.680487 0 polling 0
polling_polling_polling 1756184918316 360 215 touchmove 436.9 446.9 0.732034 0.732034 0 polling 0
polling_polling_polling 1756184918333 360 215 touchmove 432.5 444.3 0.565096 0.565096 0 polling 0
polling_polling_polling 1756184918350 360 215 touchmove 428.0 442.0 0.764651 0.764651 0 polling 0
polling_polling_polling 1756184918367 360 215 touchmove 423.6 439.6 0.639627 0.639627 0 polling 0
polling_polling_polling 1756184918384 360 215 touchmove 419.4 436.6 0.748231 0.748231 0 polling 0
polling_polling_polling 1756184918400 360 215 touchmove 414.7 433.3 0.724981 0.724981 0 polling 0
polling_polling_polling 1756184918417 360 215 touchmove 410.1 430.2 0.624985 0.624985 0 polling 0
polling_polling_polling 1756184918434 360 215 touchmove 405.6 427.5 0.580036 0.580036 0 polling 0
polling_polling_polling 1756184918451 360 215 touchmove 401.5 424.7 0.572277 0.572277 0 polling 0
polling_polling_polling 1756184918468 360 215 touchmove 397.6 421.9 0.529730 0.529730 0 polling 0
polling_polling_polling 1756184918485 360 215 touchmove 393.6 419.0 0.681116 0.681116 0 polling 0
polling_polling_polling 1756184918502 360 215 touchmove 389.6 416.3 0.526585 0.526585 0 polling 0
polling_polling_polling 1756184918518 360 215 touchmove 385.6 414.0 0.656539 0.656539 0 polling 0
polling_polling_polling 1756184918535 360 215 touchmove 381.8 411.7 0.600515 0.600515 0 polling 0
polling_polling_polling 1756184918552 360 215 touchmove 377.8 409.4 0.690744 0.690744 0 polling 0
polling_polling_polling 1756184918569 360 215 touchmove 373.3 407.4 0.648974 0.648974 0 polling 0
polling_polling_polling 1756184918586 360 215 touchmove 369.3 406.0 0.737699 0.737699 0 polling 0
polling_polling_polling 1756184918603 360 215 touchmove 365.2 405.6 0.511877 0.511877 0 polling 0
polling_polling_polling 1756184918620 360 215 touchmove 361.7 406.2 0.522853 0.522853 0 polling 0
polling_polling_polling 1756184918636 360 215 touchmove 358.3 407.7 0.668234 0.668234 0 polling 0
polling_polling_polling 1756184918653 360 215 touchmove 355.2 410.1 0.600507 0.600507 0 polling 0
polling_polling_polling 1756184918670 360 215 touchmove 352.3 413.3 0.754647 0.754647 0 polling 0
polling_polling_polling 1756184918687 360 215 touchmove 349.7 417.4 0.672797 0.672797 0 polling 0
polling_polling_polling 1756184918704 360 215 touchmove 347.0 421.6 0.764136 0.764136 0 polling 0
polling_polling_polling 1756184918721 360 215 touchmove 344.8 426.1 0.507083 0.507083 0 polling 0
polling_polling_polling 1756184918737 360 215 touchmove 342.4 430.5 0.588815 0.588815 0 polling 0
polling_polling_polling 1756184918754 360 215 touchmove 339.8 435.0 0.581017 0.581017 0 polling 0
polling_polling_polling 1756184918771 360 215 touchmove 337.3 439.4 0.564867 0.564867 0 polling 0
polling_polling_polling 1756184918788 360 215 touchmove 335.0 443.7 0.691545 0.691545 0 polling 0
polling_polling_polling 1756184918805 360 215 touchmove 332.9 448.1 0.756769 0.756769 0 polling 0
polling_polling_polling 1756184918822 360 215 touchmove 330.6 452.5 0.737808 0.737808 0 polling 0
polling_polling_polling 1756184918839 360 215 touchmove 328.1 456.6 0.558651 0.558651 0 polling 0
polling_polling_polling 1756184918855 360 215 touchmove 325.8 460.7 0.720492 0.720492 0 polling 0
polling_polling_polling 1756184918872 360 215 touchmove 323.8 465.1 0.607134 0.607134 0 polling 0
polling_polling_polling 1756184918889 360 215 touchmove 321.7 469.7 0.700526 0.700526 0 polling 0
polling_polling_polling 1756184918906 360 215 touchmove 319.3 474.3 0.647862 0.647862 0 polling 0
polling_polling_polling 1756184918923 360 215 touchmove 316.9 479.0 0.508825 0.508825 0 polling 0
polling_polling_polling 1756184918940 360 215 touchmove 314.6 483.5 0.535293 0.535293 0 polling 0
polling_polling_polling 1756184918957 360 215 touchmove 312.2 487.9 0.741801 0.741801 0 polling 0
polling_polling_polling 1756184918973 360 215 touchmove 309.5 492.3 0.725784 0.725784 0 polling 0
polling_polling_polling 1756184918990 360 215 touchmove 306.9 496.5 0.605249 0.605249 0 polling 0
polling_polling_polling 1756184919007 360 215 touchmove 304.2 500.5 0.690843 0.690843 0 polling 0
polling_polling_polling 1756184919024 360 215 touchmove 301.5 504.5 0.576164 0.576164 0 polling 0
polling_polling_polling 1756184919041 360 215 touchmove 298.6 508.4 0.667561 0.667561 0 polling 0
polling_polling_polling 1756184919058 360 215 touchmove 296.0 512.3 0.638060 0.638060 0 polling 0
polling_polling_polling 1756184919075 360 215 touchmove 292.9 515.4 0.527509 0.527509 0 polling 0
polling_polling_polling 1756184919091 360 215 touchmove 290.1 517.6 0.653336 0.653336 0 polling 0
polling_polling_polling 1756184919108 360 215 touchmove 286.7 519.0 0.710785 0.710785 0 polling 0
polling_polling_polling 1756184919125 360 215 touchmove 283.0 519.3 0.720858 0.720858 0 polling 0
polling_polling_polling 1756184919142 360 215 touchmove 279.3 518.8 0.710322 0.710322 0 polling 0
polling_polling_polling 1756184919159 360 215 touchmove 275.2 517.4 0.776578 0.776578 0 polling 0
polling_polling_polling 1756184919176 360 215 touchmove 270.8 515.0 0.695587 0.695587 0 polling 0
polling_polling_polling 1756184919192 360 215 touchmove 266.6 512.7 0.734370 0.734370 0 polling 0
polling_polling_polling 1756184919209 360 215 touchmove 262.2 510.3 0.722330 0.722330 0 polling 0
polling_polling_polling 1756184919226 360 215 touchmove 257.6 507.6 0.733065 0.733065 0 polling 0
polling_polling_polling 1756184919243 360 215 touchmove 253.3 505.1 0.644326 0.644326 0 polling 0
polling_polling_polling 1756184919260 360 215 touchmove 248.8 502.2 0.654976 0.654976 0 polling 0
polling_polling_polling 1756184919277 360 215 touchmove 244.6 499.5 0.656844 0.656844 0 polling 0
polling_polling_polling 1756184919294 360 215 touchmove 240.4 497.0 0.752198 0.752198 0 polling 0
polling_polling_polling 1756184919310 360 215 touchmove 236.0 494.5 0.787394 0.787394 0 polling 0
polling_polling_polling 1756184919327 360 215 touchmove 231.6 492.3 0.555608 0.555608 0 polling 0
polling_polling_polling 1756184919344 360 215 touchmove 227.6 490.2 0.518621 0.518621 0 polling 0
polling_polling_polling 1756184919361 360 215 touchmove 223.1 488.2 0.784274 0.784274 0 polling 0
polling_polling_polling 1756184919378 360 215 touchmove 218.8 486.2 0.579483 0.579483 0 polling 0
polling_polling_polling 1756184919395 360 215 touchmove 214.2 484.0 0.751593 0.751593 0 polling 0
polling_polling_polling 1756184919412 360 215 touchmove 209.6 481.9 0.503461 0.503461 0 polling 0
polling_polling_polling 1756184919428 360 215 touchmove 205.3 479.5 0.623466 0.623466 0 polling 0
polling_polling_polling 1756184919445 360 215 touchmove 201.0 476.8 0.597388 0.597388 0 polling 0
polling_polling_polling 1756184919462 360 215 touchmove 196.6 474.3 0.785615 0.785615 0 polling 0
polling_polling_polling 1756184919479 360 215 touchmove 192.4 471.6 0.536141 0.536141 0 polling 0
polling_polling_polling 1756184919496 360 215 touchmove 188.4 468.4 0.549453 0.549453 0 polling 0
polling_polling_polling 1756184919513 360 215 touchmove 184.3 466.5 0.572473 0.572473 0 polling 0
polling_polling_polling 1756184919530 360 215 touchend 179.7 463.6 0.508841 0.508841 0 polling 0