sentence timestamp keyb_width keyb_height event x_pos y_pos x_radius y_radius angle word is_err
commanded_commanded_commanded 1756184917821 360 215 touchstart 73.3 523.7 0.672275 0.672275 0 commanded 0
commanded_commanded_commanded 1756184917837 360 215 touchmove 86.7 519.5 0.642998 0.642998 0 commanded 0
commanded_commanded_commanded 1756184917854 360 215 touchmove 99.9 514.1 0.517446 0.517446 0 commanded 0
commanded_commanded_commanded 1756184917871 360 215 touchmove 112.3 510.7 0.520852 0.520852 0 commanded 0
commanded_commanded_commanded 1756184917888 360 215 touchmove 124.7 506.5 0.516181 0.516181 0 commanded 0
commanded_commanded_commanded 1756184917905 360 215 touchmove 136.9 502.1 0.678305 0.678305 0 commanded 0
commanded_commanded_commanded 1756184917922 360 215 touchmove 148.8 498.0 0.754191 0.754191 0 commanded 0
commanded_commanded_commanded 1756184917938 360 215 touchmove 160.5 493.7 0.754940 0.754940 0 commanded 0
commanded_commanded_commanded 1756184917955 360 215 touchmove 172.2 489.5 0.719024 0.719024 0 commanded 0
commanded_commanded_commanded 1756184917972 360 215 touchmove 183.9 485.2 0.569913 0.569913 0 commanded 0
commanded_commanded_commanded 1756184917989 360 215 touchmove 195.6 481.3 0.791902 0.791902 0 commanded 0
commanded_commanded_commanded 1756184918006 360 215 touchmove 207.6 477.1 0.798525 0.798525 0 commanded 0
commanded_commanded_commanded 1756184918023 360 215 touchmove 219.5 473.1 0.797313 0.797313 0 commanded 0
commanded_commanded_commanded 1756184918039 360 215 touchmove 231.7 469.1 0.721477 0.721477 0 commanded 0
commanded_commanded_commanded 1756184918056 360 215 touchmove 243.9 465.4 0.515913 0.515913 0 commanded 0
commanded_commanded_commanded 1756184918073 360 215 touchmove 256.0 461.4 0.629971 0.629971 0 commanded 0
commanded_commanded_commanded 1756184918090 360 215 touchmove 268.1 457.4 0.549873 0.549873 0 commanded 0
commanded_commanded_commanded 1756184918107 360 215 touchmove 280.4 453.1 0.767007 0.767007 0 commanded 0
commanded_commanded_commanded 1756184918124 360 215 touchmove 292.7 449.1 0.529282 0.529282 0 commanded 0
commanded_commanded_commanded 1756184918140 360 215 touchmove 305.0 444.9 0.518195 0.518195 0 commanded 0
commanded_commanded_commanded 1756184918157 360 215 touchmove 317.1 440.7 0.521917 0.521917 0 commanded 0
commanded_commanded_commanded 1756184918174 360 215 touchmove 329.1 436.2 0.719301 0.719301 0 commanded 0
commanded_commanded_commanded 1756184918191 360 215 touchmove 341.3 432.2 0.714898 0.714898 0 commanded 0
commanded_commanded_commanded 1756184918208 360 215 touchmove 353.8 428.2 0.730891 0.730891 0 commanded 0
commanded_commanded_commanded 1756184918225 360 215 touchmove 366.3 424.0 0.702571 0.702571 0 commanded 0
commanded_commanded_commanded 1756184918241 360 215 touchmove 378.5 419.7 0.763924 0.763924 0 commanded 0
commanded_commanded_commanded 1756184918258 360 215 touchmove 390.8 415.3 0.578892 0.578892 0 commanded 0
commanded_commanded_commanded 1756184918275 360 215 touchmove 401.4 412.4 0.755123 0.755123 0 commanded 0
commanded_commanded_commanded 1756184918292 360 215 touchmove 409.7 411.4 0.701535 0.701535 0 commanded 0
commanded_commanded_commanded 1756184918309 360 215 touchmove 415.3 412.7 0.707544 0.707544 0 commanded 0
commanded_commanded_commanded 1756184918326 360 215 touchmove 418.0 416.2 0.554979 0.554979 0 commanded 0
commanded_commanded_commanded 1756184918342 360 215 touchmove 418.1 422.1 0.611079 0.611079 0 commanded 0
commanded_commanded_commanded 1756184918359 360 215 touchmove 415.6 430.8 0.571321 0.571321 0 commanded 0
commanded_commanded_commanded 1756184918376 360 215 touchmove 410.3 441.4 0.790065 0.790065 0 commanded 0
commanded_commanded_commanded 1756184918393 360 215 touchmove 404.1 452.8 0.662265 0.662265 0 commanded 0
commanded_commanded_commanded 1756184918410 360 215 touchmove 397.8 464.3 0.754679 0.754679 0 commanded 0
commanded_commanded_commanded 1756184918427 360 215 touchmove 391.2 475.6 0.532474 0.532474 0 commanded 0
commanded_commanded_commanded 1756184918443 360 215 touchmove 384.5 486.7 0.739207 0.739207 0 commanded 0
commanded_commanded_commanded 1756184918460 360 215 touchmove 377.4 496.8 0.740840 0.740840 0 commanded 0
commanded_commanded_commanded 1756184918477 360 215 touchmove 369.4 504.6 0.734381 0.734381 0 commanded 0
commanded_commanded_commanded 1756184918494 360 215 touchmove 360.7 510.8 0.553278 0.553278 0 commanded 0
commanded_commanded_commanded 1756184918511 360 215 touchmove 350.6 515.3 0.556501 0.556501 0 commanded 0
commanded_commanded_commanded 1756184918528 360 215 touchmove 339.9 518.0 0.745008 0.745008 0 commanded 0
commanded_commanded_commanded 1756184918544 360 215 touchmove 328.1 519.1 0.654204 0.654204 0 commanded 0
commanded_commanded_commanded 1756184918561 360 215 touchmove 315.4 518.4 0.777478 0.777478 0 commanded 0
commanded_commanded_commanded 1756184918578 360 215 touchmove 302.4 516.7 0.613487 0.613487 0 commanded 0
commanded_commanded_commanded 1756184918595 360 215 touchmove 289.3 515.2 0.614457 0.614457 0 commanded 0
commanded_commanded_commanded 1756184918612 360 215 touchmove 276.2 513.7 0.586021 0.586021 0 commanded 0
commanded_commanded_commanded 1756184918629 360 215 touchmove 263.4 512.0 0.737733 0.737733 0 commanded 0
commanded_commanded_commanded 1756184918645 360 215 touchmove 250.6 510.4 0.651011 0.651011 0 commanded 0
commanded_commanded_commanded 1756184918662 360 215 touchmove 237.9 508.8 0.662527 0.662527 0 commanded 0
commanded_commanded_commanded 1756184918679 360 215 touchmove 225.2 506.9 0.585795 0.585795 0 commanded 0
commanded_commanded_commanded 1756184918696 360 215 touchmove 212.3 505.4 0.745893 0.745893 0 commanded 0
commanded_commanded_commanded 1756184918713 360 215 touchmove 199.2 503.5 0.566799 0.566799 0 commanded 0
commanded_commanded_commanded 1756184918730 360 215 touchmove 186.1 501.7 0.788929 0.788929 0 commanded 0
commanded_commanded_commanded 1756184918746 360 215 touchmove 173.2 499.9 0.506874 0.506874 0 commanded 0
commanded_commanded_commanded 1756184918763 360 215 touchmove 160.2 498.1 0.752802 0.752802 0 commanded 0
commanded_commanded_commanded 1756184918780 360 215 touchmove 147.2 496.4 0.510368 0.510368 0 commanded 0
commanded_commanded_commanded 1756184918797 360 215 touchmove 134.5 495.0 0.683861 0.683861 0 commanded 0
commanded_commanded_commanded 1756184918814 360 215 touchmove 121.7 493.3 0.515060 0.515060 0 commanded 0
commanded_commanded_commanded 1756184918831 360 215 touchmove 109.0 491.9 0.656889 0.656889 0 commanded 0
commanded_commanded_commanded 1756184918847 360 215 touchmove 96.4 490.6 0.670401 0.670401 0 commanded 0
commanded_commanded_commanded 1756184918864 360 215 touchmove 83.8 489.1 0.651750 0.651750 0 commanded 0
commanded_commanded_commanded 1756184918881 360 215 touchmove 71.1 487.4 0.515745 0.515745 0 commanded 0
commanded_commanded_commanded 1756184918898 360 215 touchmove 58.3 485.6 0.551720 0.551720 0 commanded 0
commanded_commanded_commanded 1756184918915 360 215 touchmove 45.1 483.8 0.741559 0.741559 0 commanded 0
commanded_commanded_commanded 1756184918932 360 215 touchmove 32.1 482.0 0.508362 0.508362 0 commanded 0
commanded_commanded_commanded 1756184918948 360 215 touchmove 19.4 480.1 0.735907 0.735907 0 commanded 0
commanded_commanded_commanded 1756184918965 360 215 touchmove 6.5 478.1 0.646762 0.646762 0 commanded 0
commanded_commanded_commanded 1756184918982 360 215 touchmove -6.7 476.4 0.574052 0.574052 0 commanded 0
commanded_commanded_commanded 1756184918999 360 215 touchmove -19.8 474.8 0.703946 0.703946 0 commanded 0
commanded_commanded_commanded 1756184919016 360 215 touchmove -32.8 473.0 0.682423 0.682423 0 commanded 0
commanded_commanded_commanded 1756184919033 360 215 touchmove -45.3 471.2 0.634218 0.634218 0 commanded 0
commanded_commanded_commanded 1756184919049 360 215 touchmove -57.9 469.2 0.683969 0.683969 0 commanded 0
commanded_commanded_commanded 1756184919066 360 215 touchmove -70.4 467.4 0.708503 0.708503 0 commanded 0
commanded_commanded_commanded 1756184919083 360 215 touchmove -79.3 466.3 0.730804 0.730804 0 commanded 0
commanded_commanded_commanded 1756184919100 360 215 touchmove -84.4 465.7 0.735287 0.735287 0 commanded 0
commanded_commanded_commanded 1756184919117 360 215 touchmove -85.8 465.5 0.696328 0.696328 0 commanded 0
commanded_commanded_commanded 1756184919134 360 215 touchmove -83.5 466.0 0.778434 0.778434 0 commanded 0
commanded_commanded_commanded 1756184919150 360 215 touchmove -78.0 467.0 0.594651 0.594651 0 commanded 0
commanded_commanded_commanded 1756184919167 360 215 touchmove -68.6 468.7 0.797451 0.797451 0 commanded 0
commanded_commanded_commanded 1756184919184 360 215 touchmove -55.9 470.6 0.706061 0.706061 0 commanded 0
commanded_commanded_commanded 1756184919201 360 215 touchmove -43.0 472.6 0.693074 0.693074 0 commanded 0
commanded_commanded_commanded 1756184919218 360 215 touchmove -29.7 474.6 0.610260 0.610260 0 commanded 0
commanded_commanded_commanded 1756184919235 360 215 touchmove -16.8 476.8 0.607936 0.607936 0 commanded 0
commanded_commanded_commanded 1756184919251 360 215 touchmove -4.0 478.6 0.600183 0.600183 0 commanded 0
commanded_commanded_commanded 1756184919268 360 215 touchmove 9.0 480.4 0.731211 0.731211 0 commanded 0
commanded_commanded_commanded 1756184919285 360 215 touchmove 21.7 482.4 0.743265 0.743265 0 commanded 0
commanded_commanded_commanded 1756184919302 360 215 touchmove 34.5 484.5 0.647677 0.647677 0 commanded 0
commanded_commanded_commanded 1756184919319 360 215 touchmove 47.2 486.3 0.636346 0.636346 0 commanded 0
commanded_commanded_commanded 1756184919336 360 215 touchmove 59.4 488.1 0.659829 0.659829 0 commanded 0
commanded_commanded_commanded 1756184919352 360 215 touchmove 72.4 489.6 0.517584 0.517584 0 commanded 0
commanded_commanded_commanded 1756184919369 360 215 touchmove 85.4 491.6 0.526528 0.526528 0 commanded 0
commanded_commanded_commanded 1756184919386 360 215 touchmove 98.3 493.7 0.541864 0.541864 0 commanded 0
commanded_commanded_commanded 1756184919403 360 215 touchmove 111.2 495.8 0.762237 0.762237 0 commanded 0
commanded_commanded_commanded 1756184919420 360 215 touchmove 124.3 497.6 0.733791 0.733791 0 commanded 0
commanded_commanded_commanded 1756184919437 360 215 touchmove 137.2 499.6 0.519968 0.519968 0 commanded 0
commanded_commanded_commanded 1756184919453 360 215 touchmove 150.1 501.7 0.665862 0.665862 0 commanded 0
commanded_commanded_commanded 1756184919470 360 215 touchmove 162.7 503.9 0.659455 0.659455 0 commanded 0
commanded_commanded_commanded 1756184919487 360 215 touchmove 175.1 506.2 0.689068 0.689068 0 commanded 0
commanded_commanded_commanded 1756184919504 360 215 touchmove 187.9 508.2 0.657169 0.657169 0 commanded 0
commanded_commanded_commanded 1756184919521 360 215 touchmove 200.7 510.3 0.655054 0.655054 0 commanded 0
commanded_commanded_commanded 1756184919538 360 215 touchmove 213.3 512.4 0.664615 0.664615 0 commanded 0
commanded_commanded_commanded 1756184919554 360 215 touchmove 226.1 514.5 0.602327 0.602327 0 commanded 0
commanded_commanded_commanded 1756184919571 360 215 touchmove 239.2 516.5 0.611296 0.611296 0 commanded 0
commanded_commanded_commanded 1756184919588 360 215 touchmove 251.6 518.5 0.588079 0.588079 0 commanded 0
commanded_commanded_commanded 1756184919605 360 215 touchmove 260.4 519.9 0.784528 0.784528 0 commanded 0
commanded_commanded_commanded 1756184919622 360 215 touchmove 265.5 520.4 0.550529 0.550529 0 commanded 0
commanded_commanded_commanded 1756184919639 360 215 touchmove 266.9 520.4 0.585729 0.585729 0 commanded 0
commanded_commanded_commanded 1756184919655 360 215 touchmove 264.9 520.0 0.746095 0.746095 0 commanded 0
commanded_commanded_commanded 1756184919672 360 215 touchmove 258.9 518.8 0.779154 0.779154 0 commanded 0
commanded_commanded_commanded 1756184919689 360 215 touchmove 249.3 516.6 0.672830 0.672830 0 commanded 0
commanded_commanded_commanded 1756184919706 360 215 touchmove 236.6 513.9 0.725294 0.725294 0 commanded 0
commanded_commanded_commanded 1756184919723 360 215 touchmove 223.8 511.2 0.602057 0.602057 0 commanded 0
commanded_commanded_commanded 1756184919740 360 215 touchmove 211.2 508.2 0.605226 0.605226 0 commanded 0
commanded_commanded_commanded 1756184919756 360 215 touchmove 198.2 504.9 0.584478 0.584478 0 commanded 0
commanded_commanded_commanded 1756184919773 360 215 touchmove 185.4 501.4 0.544373 0.544373 0 commanded 0
commanded_commanded_commanded 1756184919790 360 215 touchmove 172.7 498.1 0.671544 0.671544 0 commanded 0
commanded_commanded_commanded 1756184919807 360 215 touchmove 159.8 495.0 0.532839 0.532839 0 commanded 0
commanded_commanded_commanded 1756184919824 360 215 touchmove 147.0 491.7 0.621494 0.621494 0 commanded 0
commanded_commanded_commanded 1756184919841 360 215 touchmove 134.4 488.7 0.698978 0.698978 0 commanded 0
commanded_commanded_commanded 1756184919857 360 215 touchmove 121.9 485.7 0.508266 0.508266 0 commanded 0
commanded_commanded_commanded 1756184919874 360 215 touchmove 109.6 482.9 0.545574 0.545574 0 commanded 0
commanded_commanded_commanded 1756184919891 360 215 touchmove 97.4 479.8 0.621399 0.621399 0 commanded 0
commanded_commanded_commanded 1756184919908 360 215 touchmove 85.1 476.5 0.679943 0.679943 0 commanded 0
commanded_commanded_commanded 1756184919925 360 215 touchmove 72.9 473.1 0.573437 0.573437 0 commanded 0
commanded_commanded_commanded 1756184919942 360 215 touchmove 61.4 468.5 0.743592 0.743592 0 commanded 0
commanded_commanded_commanded 1756184919958 360 215 touchmove 50.6 462.4 0.790835 0.790835 0 commanded 0
commanded_commanded_commanded 1756184919975 360 215 touchmove 40.5 455.2 0.610651 0.610651 0 commanded 0
commanded_commanded_commanded 1756184919992 360 215 touchmove 31.5 447.0 0.503850 0.503850 0 commanded 0
commanded_commanded_commanded 1756184920009 360 215 touchmove 23.2 437.8 0.774419 0.774419 0 commanded 0
commanded_commanded_commanded 1756184920026 360 215 touchmove 16.9 429.5 0.657663 0.657663 0 commanded 0
commanded_commanded_commanded 1756184920043 360 215 touchmove 13.4 423.1 0.728623 0.728623 0 commanded 0
commanded_commanded_commanded 1756184920059 360 215 touchmove 11.6 419.9 0.674205 0.674205 0 commanded 0
commanded_commanded_commanded 1756184920076 360 215 touchmove 11.9 419.7 0.781999 0.781999 0 commanded 0
commanded_commanded_commanded 1756184920093 360 215 touchmove 14.2 423.0 0.784401 0.784401 0 commanded 0
commanded_commanded_commanded 1756184920110 360 215 touchmove 18.0 429.5 0.516918 0.516918 0 commanded 0
commanded_commanded_commanded 1756184920127 360 215 touchmove 24.2 437.6 0.574034 0.574034 0 commanded 0
commanded_commanded_commanded 1756184920144 360 215 touchmove 30.6 450.7 0.703960 0.703960 0 commanded 0
commanded_commanded_commanded 1756184920161 360 215 touchend 36.2 461.4 0.630462 0.630462 0 commanded 0