sentence timestamp keyb_width keyb_height event x_pos y_pos x_radius y_radius angle word is_err
oppose_oppose_oppose 1756184916834 360 215 touchstart 431.9 402.6 0.600906 0.600906 0 oppose 0
oppose_oppose_oppose 1756184916850 360 215 touchmove 442.9 403.2 0.777984 0.777984 0 oppose 0
oppose_oppose_oppose 1756184916867 360 215 touchmove 451.4 402.8 0.595015 0.595015 0 oppose 0
oppose_oppose_oppose 1756184916884 360 215 touchmove 459.5 402.6 0.559137 0.559137 0 oppose 0
oppose_oppose_oppose 1756184916901 360 215 touchmove 469.4 402.5 0.638658 0.638658 0 oppose 0
oppose_oppose_oppose 1756184916918 360 215 touchmove 477.2 402.3 0.770147 0.770147 0 oppose 0
oppose_oppose_oppose 1756184916935 360 215 touchmove 482.6 401.9 0.576902 0.576902 0 oppose 0
oppose_oppose_oppose 1756184916952 360 215 touchmove 485.5 401.7 0.510401 0.510401 0 oppose 0
oppose_oppose_oppose 1756184916969 360 215 touchmove 485.7 401.5 0.727430 0.727430 0 oppose 0
oppose_oppose_oppose 1756184916986 360 215 touchmove 483.5 401.4 0.535904 0.535904 0 oppose 0
oppose_oppose_oppose 1756184917003 360 215 touchmove 478.3 401.1 0.783009 0.783009 0 oppose 0
oppose_oppose_oppose 1756184917019 360 215 touchmove 470.1 401.1 0.698253 0.698253 0 oppose 0
oppose_oppose_oppose 1756184917036 360 215 touchmove 460.7 401.5 0.652084 0.652084 0 oppose 0
oppose_oppose_oppose 1756184917053 360 215 touchmove 451.3 402.1 0.590964 0.590964 0 oppose 0
oppose_oppose_oppose 1756184917070 360 215 touchmove 441.9 402.7 0.697698 0.697698 0 oppose 0
oppose_oppose_oppose 1756184917087 360 215 touchmove 432.5 403.2 0.586274 0.586274 0 oppose 0
oppose_oppose_oppose 1756184917104 360 215 touchmove 422.8 403.7 0.672532 0.672532 0 oppose 0
oppose_oppose_oppose 1756184917121 360 215 touchmove 413.0 404.7 0.732006 0.732006 0 oppose 0
oppose_oppose_oppose 1756184917138 360 215 touchmove 403.0 405.6 0.716398 0.716398 0 oppose 0
oppose_oppose_oppose 1756184917155 360 215 touchmove 392.9 406.4 0.579826 0.579826 0 oppose 0
oppose_oppose_oppose 1756184917172 360 215 touchmove 383.0 407.6 0.545053 0.545053 0 oppose 0
oppose_oppose_oppose 1756184917188 360 215 touchmove 373.1 409.0 0.745705 0.745705 0 oppose 0
oppose_oppose_oppose 1756184917205 360 215 touchmove 363.5 410.4 0.662558 0.662558 0 oppose 0
oppose_oppose_oppose 1756184917222 360 215 touchmove 353.7 411.7 0.618009 0.618009 0 oppose 0
oppose_oppose_oppose 1756184917239 360 215 touchmove 343.6 413.1 0.734163 0.734163 0 oppose 0
oppose_oppose_oppose 1756184917256 360 215 touchmove 333.5 414.5 0.696609 0.696609 0 oppose 0
oppose_oppose_oppose 1756184917273 360 215 touchmove 324.1 415.7 0.599588 0.599588 0 oppose 0
oppose_oppose_oppose 1756184917290 360 215 touchmove 314.3 416.7 0.511943 0.511943 0 oppose 0
oppose_oppose_oppose 1756184917307 360 215 touchmove 304.5 417.7 0.661541 0.661541 0 oppose 0
oppose_oppose_oppose 1756184917324 360 215 touchmove 294.7 418.9 0.706637 0.706637 0 oppose 0
oppose_oppose_oppose 1756184917341 360 215 touchmove 285.3 420.4 0.571226 0.571226 0 oppose 0
oppose_oppose_oppose 1756184917357 360 215 touchmove 276.4 421.7 0.741391 0.741391 0 oppose 0
oppose_oppose_oppose 1756184917374 360 215 touchmove 267.3 423.0 0.623360 0.623360 0 oppose 0
oppose_oppose_oppose 1756184917391 360 215 touchmove 257.6 424.2 0.773135 0.773135 0 oppose 0
oppose_oppose_oppose 1756184917408 360 215 touchmove 247.9 425.7 0.516015 0.516015 0 oppose 0
oppose_oppose_oppose 1756184917425 360 215 touchmove 238.2 427.4 0.650815 0.650815 0 oppose 0
oppose_oppose_oppose 1756184917442 360 215 touchmove 228.5 428.8 0.589273 0.589273 0 oppose 0
oppose_oppose_oppose 1756184917459 360 215 touchmove 218.9 430.0 0.736880 0.736880 0 oppose 0
oppose_oppose_oppose 1756184917476 360 215 touchmove 208.7 431.3 0.641804 0.641804 0 oppose 0
oppose_oppose_oppose 1756184917493 360 215 touchmove 199.0 432.8 0.692761 0.692761 0 oppose 0
oppose_oppose_oppose 1756184917510 360 215 touchmove 189.6 434.6 0.759867 0.759867 0 oppose 0
oppose_oppose_oppose 1756184917526 360 215 touchmove 179.9 435.8 0.533728 0.533728 0 oppose 0
oppose_oppose_oppose 1756184917543 360 215 touchmove 170.3 437.1 0.777322 0.777322 0 oppose 0
oppose_oppose_oppose 1756184917560 360 215 touchmove 160.5 438.2 0.561047 0.561047 0 oppose 0
oppose_oppose_oppose 1756184917577 360 215 touchmove 151.0 439.3 0.540797 0.540797 0 oppose 0
oppose_oppose_oppose 1756184917594 360 215 touchmove 142.0 440.4 0.770301 0.770301 0 oppose 0
oppose_oppose_oppose 1756184917611 360 215 touchmove 132.6 441.4 0.534654 0.534654 0 oppose 0
oppose_oppose_oppose 1756184917628 360 215 touchmove 123.2 442.3 0.742179 0.742179 0 oppose 0
oppose_oppose_oppose 1756184917645 360 215 touchmove 114.1 443.2 0.747472 0.747472 0 oppose 0
oppose_oppose_oppose 1756184917662 360 215 touchmove 104.8 444.1 0.551211 0.551211 0 oppose 0
oppose_oppose_oppose 1756184917679 360 215 touchmove 95.4 445.3 0.665926 0.665926 0 oppose 0
oppose_oppose_oppose 1756184917695 360 215 touchmove 85.8 446.6 0.510996 0.510996 0 oppose 0
oppose_oppose_oppose 1756184917712 360 215 touchmove 76.2 448.0 0.706308 0.706308 0 oppose 0
oppose_oppose_oppose 1756184917729 360 215 touchmove 66.3 449.1 0.718130 0.718130 0 oppose 0
oppose_oppose_oppose 1756184917746 360 215 touchmove 56.3 450.3 0.593572 0.593572 0 oppose 0
oppose_oppose_oppose 1756184917763 360 215 touchmove 46.6 452.0 0.683372 0.683372 0 oppose 0
oppose_oppose_oppose 1756184917780 360 215 touchmove 37.0 453.2 0.736672 0.736672 0 oppose 0
oppose_oppose_oppose 1756184917797 360 215 touchmove 27.4 454.5 0.561823 0.561823 0 oppose 0
oppose_oppose_oppose 1756184917814 360 215 touchmove 17.6 455.7 0.589889 0.589889 0 oppose 0
oppose_oppose_oppose 1756184917831 360 215 touchmove 7.6 456.9 0.534847 0.534847 0 oppose 0
oppose_oppose_oppose 1756184917848 360 215 touchmove -2.0 458.5 0.509895 0.509895 0 oppose 0
oppose_oppose_oppose 1756184917864 360 215 touchmove -10.6 459.2 0.546194 0.546194 0 oppose 0
oppose_oppose_oppose 1756184917881 360 215 touchmove -17.6 458.6 0.742365 0.742365 0 oppose 0
oppose_oppose_oppose 1756184917898 360 215 touchmove -22.2 456.6 0.706592 0.706592 0 oppose 0
oppose_oppose_oppose 1756184917915 360 215 touchmove -24.8 453.2 0.502128 0.502128 0 oppose 0
oppose_oppose_oppose 1756184917932 360 215 touchmove -24.9 448.0 0.657998 0.657998 0 oppose 0
oppose_oppose_oppose 1756184917949 360 215 touchmove -23.3 441.5 0.791263 0.791263 0 oppose 0
oppose_oppose_oppose 1756184917966 360 215 touchmove -19.5 433.5 0.791553 0.791553 0 oppose 0
oppose_oppose_oppose 1756184917983 360 215 touchmove -14.6 424.8 0.502805 0.502805 0 oppose 0
oppose_oppose_oppose 1756184918000 360 215 touchmove -10.3 415.3 0.723786 0.723786 0 oppose 0
oppose_oppose_oppose 1756184918017 360 215 touchmove -5.7 407.2 0.649109 0.649109 0 oppose 0
oppose_oppose_oppose 1756184918034 360 215 touchend 0.1 398.1 0.678496 0.678496 0 oppose 0