sentence timestamp keyb_width keyb_height event x_pos y_pos x_radius y_radius angle word is_err
monk_monk_monk 1756184917440 360 215 touchstart 360.3 525.4 0.655154 0.655154 0 monk 0
monk_monk_monk 1756184917457 360 215 touchmove 364.0 518.7 0.760713 0.760713 0 monk 0
monk_monk_monk 1756184917474 360 215 touchmove 367.7 511.1 0.664382 0.664382 0 monk 0
monk_monk_monk 1756184917491 360 215 touchmove 372.0 503.4 0.790511 0.790511 0 monk 0
monk_monk_monk 1756184917508 360 215 touchmove 376.0 496.2 0.514045 0.514045 0 monk 0
monk_monk_monk 1756184917525 360 215 touchmove 380.0 488.9 0.719502 0.719502 0 monk 0
monk_monk_monk 1756184917542 360 215 touchmove 384.1 481.6 0.603557 0.603557 0 monk 0
monk_monk_monk 1756184917560 360 215 touchmove 388.3 474.5 0.512346 0.512346 0 monk 0
monk_monk_monk 1756184917577 360 215 touchmove 392.4 467.4 0.572366 0.572366 0 monk 0
monk_monk_monk 1756184917594 360 215 touchmove 396.5 460.3 0.756370 0.756370 0 monk 0
monk_monk_monk 1756184917611 360 215 touchmove 400.7 453.3 0.661736 0.661736 0 monk 0
monk_monk_monk 1756184917628 360 215 touchmove 404.8 446.1 0.617269 0.617269 0 monk 0
monk_monk_monk 1756184917645 360 215 touchmove 408.9 439.0 0.662746 0.662746 0 monk 0
monk_monk_monk 1756184917662 360 215 touchmove 412.9 431.9 0.583747 0.583747 0 monk 0
monk_monk_monk 1756184917680 360 215 touchmove 417.1 424.9 0.656421 0.656421 0 monk 0
monk_monk_monk 1756184917697 360 215 touchmove 420.7 418.6 0.670775 0.670775 0 monk 0
monk_monk_monk 1756184917714 360 215 touchmove 422.7 414.1 0.510922 0.510922 0 monk 0
monk_monk_monk 1756184917731 360 215 touchmove 423.2 411.4 0.524706 0.524706 0 monk 0
monk_monk_monk 1756184917748 360 215 touchmove 422.3 410.5 0.587715 0.587715 0 monk 0
monk_monk_monk 1756184917765 360 215 touchmove 420.1 411.3 0.738570 0.738570 0 monk 0
monk_monk_monk 1756184917782 360 215 touchmove 416.4 414.0 0.514080 0.514080 0 monk 0
monk_monk_monk 1756184917800 360 215 touchmove 411.1 418.4 0.513235 0.513235 0 monk 0
monk_monk_monk 1756184917817 360 215 touchmove 404.7 423.8 0.543426 0.543426 0 monk 0
monk_monk_monk 1756184917834 360 215 touchmove 398.5 429.3 0.640978 0.640978 0 monk 0
monk_monk_monk 1756184917851 360 215 touchmove 392.2 434.8 0.778721 0.778721 0 monk 0
monk_monk_monk 1756184917868 360 215 touchmove 385.9 440.2 0.533500 0.533500 0 monk 0
monk_monk_monk 1756184917885 360 215 touchmove 379.6 445.6 0.561887 0.561887 0 monk 0
monk_monk_monk 1756184917902 360 215 touchmove 373.4 451.1 0.587535 0.587535 0 monk 0
monk_monk_monk 1756184917920 360 215 touchmove 367.2 456.6 0.659556 0.659556 0 monk 0
monk_monk_monk 1756184917937 360 215 touchmove 361.1 462.0 0.559624 0.559624 0 monk 0
monk_monk_monk 1756184917954 360 215 touchmove 355.0 467.3 0.734731 0.734731 0 monk 0
monk_monk_monk 1756184917971 360 215 touchmove 348.9 472.7 0.550875 0.550875 0 monk 0
monk_monk_monk 1756184917988 360 215 touchmove 342.8 477.9 0.502496 0.502496 0 monk 0
monk_monk_monk 1756184918005 360 215 touchmove 336.7 483.1 0.686770 0.686770 0 monk 0
monk_monk_monk 1756184918022 360 215 touchmove 330.6 488.2 0.684998 0.684998 0 monk 0
monk_monk_monk 1756184918040 360 215 touchmove 324.4 493.4 0.794553 0.794553 0 monk 0
monk_monk_monk 1756184918057 360 215 touchmove 318.2 498.7 0.585214 0.585214 0 monk 0
monk_monk_monk 1756184918074 360 215 touchmove 312.0 504.0 0.714047 0.714047 0 monk 0
monk_monk_monk 1756184918091 360 215 touchmove 306.2 508.9 0.647317 0.647317 0 monk 0
monk_monk_monk 1756184918108 360 215 touchmove 302.3 512.6 0.543077 0.543077 0 monk 0
monk_monk_monk 1756184918125 360 215 touchmove 300.2 515.1 0.693084 0.693084 0 monk 0
monk_monk_monk 1756184918142 360 215 touchmove 300.0 516.2 0.798670 0.798670 0 monk 0
monk_monk_monk 1756184918160 360 215 touchmove 301.7 515.8 0.604157 0.604157 0 monk 0
monk_monk_monk 1756184918177 360 215 touchmove 305.4 514.1 0.749251 0.749251 0 monk 0
monk_monk_monk 1756184918194 360 215 touchmove 310.9 511.1 0.666574 0.666574 0 monk 0
monk_monk_monk 1756184918211 360 215 touchmove 317.8 506.8 0.733374 0.733374 0 monk 0
monk_monk_monk 1756184918228 360 215 touchmove 324.6 502.6 0.578584 0.578584 0 monk 0
monk_monk_monk 1756184918245 360 215 touchmove 331.6 498.5 0.778901 0.778901 0 monk 0
monk_monk_monk 1756184918262 360 215 touchmove 338.4 494.3 0.709656 0.709656 0 monk 0
monk_monk_monk 1756184918280 360 215 touchmove 345.5 490.2 0.700000 0.700000 0 monk 0
monk_monk_monk 1756184918297 360 215 touchmove 352.4 486.1 0.783734 0.783734 0 monk 0
monk_monk_monk 1756184918314 360 215 touchmove 359.6 482.0 0.721463 0.721463 0 monk 0
monk_monk_monk 1756184918331 360 215 touchmove 366.9 478.0 0.606196 0.606196 0 monk 0
monk_monk_monk 1756184918348 360 215 touchmove 374.2 474.0 0.599832 0.599832 0 monk 0
monk_monk_monk 1756184918365 360 215 touchmove 381.3 469.7 0.599998 0.599998 0 monk 0
monk_monk_monk 1756184918382 360 215 touchmove 389.1 465.7 0.676576 0.676576 0 monk 0
monk_monk_monk 1756184918400 360 215 touchend 396.2 462.1 0.705319 0.705319 0 monk 0