sentence timestamp keyb_width keyb_height event x_pos y_pos x_radius y_radius angle word is_err
commented_commented_commented 1756184914657 360 215 touchstart 71.5 524.2 0.593381 0.593381 0 commented 0
commented_commented_commented 1756184914673 360 215 touchmove 82.8 519.0 0.515183 0.515183 0 commented 0
commented_commented_commented 1756184914690 360 215 touchmove 93.0 515.4 0.753366 0.753366 0 commented 0
commented_commented_commented 1756184914707 360 215 touchmove 104.2 511.9 0.523616 0.523616 0 commented 0
commented_commented_commented 1756184914724 360 215 touchmove 115.3 508.1 0.748276 0.748276 0 commented 0
commented_commented_commented 1756184914741 360 215 touchmove 126.6 504.3 0.694656 0.694656 0 commented 0
commented_commented_commented 1756184914758 360 215 touchmove 137.9 500.4 0.566258 0.566258 0 commented 0
commented_commented_commented 1756184914774 360 215 touchmove 149.2 496.7 0.582939 0.582939 0 commented 0
commented_commented_commented 1756184914791 360 215 touchmove 160.6 492.7 0.702550 0.702550 0 commented 0
commented_commented_commented 1756184914808 360 215 touchmove 171.6 488.9 0.575820 0.575820 0 commented 0
commented_commented_commented 1756184914825 360 215 touchmove 182.8 485.1 0.743674 0.743674 0 commented 0
commented_commented_commented 1756184914842 360 215 touchmove 194.1 481.2 0.518646 0.518646 0 commented 0
commented_commented_commented 1756184914859 360 215 touchmove 205.0 477.6 0.655877 0.655877 0 commented 0
commented_commented_commented 1756184914875 360 215 touchmove 216.2 474.1 0.617922 0.617922 0 commented 0
commented_commented_commented 1756184914892 360 215 touchmove 227.2 470.6 0.529702 0.529702 0 commented 0
commented_commented_commented 1756184914909 360 215 touchmove 238.2 467.1 0.512207 0.512207 0 commented 0
commented_commented_commented 1756184914926 360 215 touchmove 249.2 463.5 0.654598 0.654598 0 commented 0
commented_commented_commented 1756184914943 360 215 touchmove 260.1 459.8 0.684875 0.684875 0 commented 0
commented_commented_commented 1756184914960 360 215 touchmove 271.0 456.0 0.795810 0.795810 0 commented 0
commented_commented_commented 1756184914976 360 215 touchmove 281.9 452.0 0.780884 0.780884 0 commented 0
commented_commented_commented 1756184914993 360 215 touchmove 292.6 448.2 0.655434 0.655434 0 commented 0
commented_commented_commented 1756184915010 360 215 touchmove 303.5 444.3 0.792395 0.792395 0 commented 0
commented_commented_commented 1756184915027 360 215 touchmove 314.3 440.3 0.717174 0.717174 0 commented 0
commented_commented_commented 1756184915044 360 215 touchmove 325.2 436.3 0.638692 0.638692 0 commented 0
commented_commented_commented 1756184915061 360 215 touchmove 335.9 432.3 0.613516 0.613516 0 commented 0
commented_commented_commented 1756184915077 360 215 touchmove 346.8 428.5 0.514488 0.514488 0 commented 0
commented_commented_commented 1756184915094 360 215 touchmove 357.7 424.8 0.717117 0.717117 0 commented 0
commented_commented_commented 1756184915111 360 215 touchmove 368.8 421.0 0.556153 0.556153 0 commented 0
commented_commented_commented 1756184915128 360 215 touchmove 379.9 417.1 0.580486 0.580486 0 commented 0
commented_commented_commented 1756184915145 360 215 touchmove 391.2 413.3 0.509403 0.509403 0 commented 0
commented_commented_commented 1756184915162 360 215 touchmove 401.4 410.5 0.736983 0.736983 0 commented 0
commented_commented_commented 1756184915178 360 215 touchmove 409.6 409.8 0.555620 0.555620 0 commented 0
commented_commented_commented 1756184915195 360 215 touchmove 415.3 410.8 0.508566 0.508566 0 commented 0
commented_commented_commented 1756184915212 360 215 touchmove 418.8 413.9 0.580478 0.580478 0 commented 0
commented_commented_commented 1756184915229 360 215 touchmove 419.8 418.9 0.624790 0.624790 0 commented 0
commented_commented_commented 1756184915246 360 215 touchmove 418.3 425.9 0.637949 0.637949 0 commented 0
commented_commented_commented 1756184915263 360 215 touchmove 414.2 434.8 0.633866 0.633866 0 commented 0
commented_commented_commented 1756184915279 360 215 touchmove 408.5 444.9 0.771447 0.771447 0 commented 0
commented_commented_commented 1756184915296 360 215 touchmove 402.6 455.0 0.715428 0.715428 0 commented 0
commented_commented_commented 1756184915313 360 215 touchmove 396.7 465.2 0.639130 0.639130 0 commented 0
commented_commented_commented 1756184915330 360 215 touchmove 390.4 475.3 0.509608 0.509608 0 commented 0
commented_commented_commented 1756184915347 360 215 touchmove 384.2 485.3 0.796221 0.796221 0 commented 0
commented_commented_commented 1756184915364 360 215 touchmove 378.0 495.0 0.655279 0.655279 0 commented 0
commented_commented_commented 1756184915380 360 215 touchmove 371.3 503.1 0.584060 0.584060 0 commented 0
commented_commented_commented 1756184915397 360 215 touchmove 363.7 509.2 0.721407 0.721407 0 commented 0
commented_commented_commented 1756184915414 360 215 touchmove 355.2 513.0 0.513702 0.513702 0 commented 0
commented_commented_commented 1756184915431 360 215 touchmove 345.9 514.7 0.614900 0.614900 0 commented 0
commented_commented_commented 1756184915448 360 215 touchmove 336.2 514.6 0.608891 0.608891 0 commented 0
commented_commented_commented 1756184915465 360 215 touchmove 325.6 512.6 0.563706 0.563706 0 commented 0
commented_commented_commented 1756184915481 360 215 touchmove 314.7 508.9 0.574200 0.574200 0 commented 0
commented_commented_commented 1756184915498 360 215 touchmove 303.7 505.0 0.570444 0.570444 0 commented 0
commented_commented_commented 1756184915515 360 215 touchmove 292.6 501.0 0.574797 0.574797 0 commented 0
commented_commented_commented 1756184915532 360 215 touchmove 281.7 497.3 0.524091 0.524091 0 commented 0
commented_commented_commented 1756184915549 360 215 touchmove 270.7 493.6 0.798900 0.798900 0 commented 0
commented_commented_commented 1756184915566 360 215 touchmove 259.6 489.7 0.503565 0.503565 0 commented 0
commented_commented_commented 1756184915582 360 215 touchmove 248.6 486.1 0.577760 0.577760 0 commented 0
commented_commented_commented 1756184915599 360 215 touchmove 237.2 482.5 0.511159 0.511159 0 commented 0
commented_commented_commented 1756184915616 360 215 touchmove 225.9 478.7 0.762608 0.762608 0 commented 0
commented_commented_commented 1756184915633 360 215 touchmove 214.8 475.0 0.709685 0.709685 0 commented 0
commented_commented_commented 1756184915650 360 215 touchmove 203.8 471.4 0.562703 0.562703 0 commented 0
commented_commented_commented 1756184915667 360 215 touchmove 192.8 467.8 0.686164 0.686164 0 commented 0
commented_commented_commented 1756184915683 360 215 touchmove 181.6 464.1 0.635466 0.635466 0 commented 0
commented_commented_commented 1756184915700 360 215 touchmove 170.6 460.2 0.559004 0.559004 0 commented 0
commented_commented_commented 1756184915717 360 215 touchmove 159.8 456.3 0.549527 0.549527 0 commented 0
commented_commented_commented 1756184915734 360 215 touchmove 148.6 452.5 0.584356 0.584356 0 commented 0
commented_commented_commented 1756184915751 360 215 touchmove 137.5 448.6 0.677290 0.677290 0 commented 0
commented_commented_commented 1756184915768 360 215 touchmove 126.2 444.5 0.719115 0.719115 0 commented 0
commented_commented_commented 1756184915784 360 215 touchmove 114.9 440.4 0.737244 0.737244 0 commented 0
commented_commented_commented 1756184915801 360 215 touchmove 103.7 436.5 0.788889 0.788889 0 commented 0
commented_commented_commented 1756184915818 360 215 touchmove 92.3 432.5 0.598091 0.598091 0 commented 0
commented_commented_commented 1756184915835 360 215 touchmove 81.3 428.5 0.540255 0.540255 0 commented 0
commented_commented_commented 1756184915852 360 215 touchmove 70.3 424.2 0.690322 0.690322 0 commented 0
commented_commented_commented 1756184915869 360 215 touchmove 59.4 420.2 0.753059 0.753059 0 commented 0
commented_commented_commented 1756184915885 360 215 touchmove 48.7 416.4 0.756598 0.756598 0 commented 0
commented_commented_commented 1756184915902 360 215 touchmove 37.9 412.9 0.597280 0.597280 0 commented 0
commented_commented_commented 1756184915919 360 215 touchmove 28.8 409.7 0.677938 0.677938 0 commented 0
commented_commented_commented 1756184915936 360 215 touchmove 22.8 407.8 0.662968 0.662968 0 commented 0
commented_commented_commented 1756184915953 360 215 touchmove 19.6 407.2 0.612766 0.612766 0 commented 0
commented_commented_commented 1756184915970 360 215 touchmove 19.8 407.9 0.749656 0.749656 0 commented 0
commented_commented_commented 1756184915986 360 215 touchmove 23.1 409.6 0.578832 0.578832 0 commented 0
commented_commented_commented 1756184916003 360 215 touchmove 29.3 412.7 0.689740 0.689740 0 commented 0
commented_commented_commented 1756184916020 360 215 touchmove 38.9 416.6 0.787615 0.787615 0 commented 0
commented_commented_commented 1756184916037 360 215 touchmove 49.7 421.2 0.686629 0.686629 0 commented 0
commented_commented_commented 1756184916054 360 215 touchmove 60.5 425.7 0.725687 0.725687 0 commented 0
commented_commented_commented 1756184916071 360 215 touchmove 71.4 430.3 0.504962 0.504962 0 commented 0
commented_commented_commented 1756184916087 360 215 touchmove 82.3 435.0 0.634739 0.634739 0 commented 0
commented_commented_commented 1756184916104 360 215 touchmove 93.1 439.6 0.707111 0.707111 0 commented 0
commented_commented_commented 1756184916121 360 215 touchmove 103.9 444.0 0.506677 0.506677 0 commented 0
commented_commented_commented 1756184916138 360 215 touchmove 114.4 448.4 0.546713 0.546713 0 commented 0
commented_commented_commented 1756184916155 360 215 touchmove 125.2 452.8 0.717378 0.717378 0 commented 0
commented_commented_commented 1756184916172 360 215 touchmove 135.9 457.2 0.681931 0.681931 0 commented 0
commented_commented_commented 1756184916188 360 215 touchmove 146.4 461.5 0.705674 0.705674 0 commented 0
commented_commented_commented 1756184916205 360 215 touchmove 156.9 465.8 0.665070 0.665070 0 commented 0
commented_commented_commented 1756184916222 360 215 touchmove 167.5 470.6 0.699235 0.699235 0 commented 0
commented_commented_commented 1756184916239 360 215 touchmove 178.3 475.3 0.535568 0.535568 0 commented 0
commented_commented_commented 1756184916256 360 215 touchmove 189.1 480.2 0.533081 0.533081 0 commented 0
commented_commented_commented 1756184916273 360 215 touchmove 199.8 485.1 0.663552 0.663552 0 commented 0
commented_commented_commented 1756184916289 360 215 touchmove 210.5 490.1 0.607420 0.607420 0 commented 0
commented_commented_commented 1756184916306 360 215 touchmove 221.3 495.3 0.588549 0.588549 0 commented 0
commented_commented_commented 1756184916323 360 215 touchmove 232.0 500.4 0.797480 0.797480 0 commented 0
commented_commented_commented 1756184916340 360 215 touchmove 242.5 505.2 0.783384 0.783384 0 commented 0
commented_commented_commented 1756184916357 360 215 touchmove 253.0 510.0 0.747429 0.747429 0 commented 0
commented_commented_commented 1756184916374 360 215 touchmove 261.5 513.5 0.670650 0.670650 0 commented 0
commented_commented_commented 1756184916390 360 215 touchmove 267.4 515.1 0.582732 0.582732 0 commented 0
commented_commented_commented 1756184916407 360 215 touchmove 270.6 514.8 0.590135 0.590135 0 commented 0
commented_commented_commented 1756184916424 360 215 touchmove 270.9 512.7 0.538016 0.538016 0 commented 0
commented_commented_commented 1756184916441 360 215 touchmove 268.5 509.0 0.690472 0.690472 0 commented 0
commented_commented_commented 1756184916458 360 215 touchmove 263.3 503.5 0.542040 0.542040 0 commented 0
commented_commented_commented 1756184916475 360 215 touchmove 255.4 496.1 0.581563 0.581563 0 commented 0
commented_commented_commented 1756184916491 360 215 touchmove 246.5 488.1 0.567734 0.567734 0 commented 0
commented_commented_commented 1756184916508 360 215 touchmove 237.4 480.6 0.572640 0.572640 0 commented 0
commented_commented_commented 1756184916525 360 215 touchmove 228.2 473.1 0.667927 0.667927 0 commented 0
commented_commented_commented 1756184916542 360 215 touchmove 219.0 465.8 0.538924 0.538924 0 commented 0
commented_commented_commented 1756184916559 360 215 touchmove 210.1 458.3 0.612404 0.612404 0 commented 0
commented_commented_commented 1756184916576 360 215 touchmove 201.0 450.7 0.676251 0.676251 0 commented 0
commented_commented_commented 1756184916592 360 215 touchmove 192.0 443.1 0.797529 0.797529 0 commented 0
commented_commented_commented 1756184916609 360 215 touchmove 183.1 435.6 0.688908 0.688908 0 commented 0
commented_commented_commented 1756184916626 360 215 touchmove 174.2 427.9 0.636433 0.636433 0 commented 0
commented_commented_commented 1756184916643 360 215 touchmove 165.1 420.8 0.731481 0.731481 0 commented 0
commented_commented_commented 1756184916660 360 215 touchmove 156.0 414.8 0.610468 0.610468 0 commented 0
commented_commented_commented 1756184916677 360 215 touchmove 146.3 410.0 0.597640 0.597640 0 commented 0
commented_commented_commented 1756184916693 360 215 touchmove 136.2 406.6 0.602132 0.602132 0 commented 0
commented_commented_commented 1756184916710 360 215 touchmove 125.7 404.1 0.672695 0.672695 0 commented 0
commented_commented_commented 1756184916727 360 215 touchmove 114.7 402.6 0.506206 0.506206 0 commented 0
commented_commented_commented 1756184916744 360 215 touchmove 103.3 402.3 0.560723 0.560723 0 commented 0
commented_commented_commented 1756184916761 360 215 touchmove 91.6 402.5 0.564143 0.564143 0 commented 0
commented_commented_commented 1756184916778 360 215 touchmove 80.1 402.5 0.691881 0.691881 0 commented 0
commented_commented_commented 1756184916794 360 215 touchmove 68.2 402.4 0.642167 0.642167 0 commented 0
commented_commented_commented 1756184916811 360 215 touchmove 56.5 402.0 0.521437 0.521437 0 commented 0
commented_commented_commented 1756184916828 360 215 touchmove 44.4 402.0 0.542185 0.542185 0 commented 0
commented_commented_commented 1756184916845 360 215 touchmove 32.7 402.3 0.531740 0.531740 0 commented 0
commented_commented_commented 1756184916862 360 215 touchmove 23.7 403.6 0.629241 0.629241 0 commented 0
commented_commented_commented 1756184916879 360 215 touchmove 17.4 406.4 0.633801 0.633801 0 commented 0
commented_commented_commented 1756184916895 360 215 touchmove 13.4 410.4 0.687834 0.687834 0 commented 0
commented_commented_commented 1756184916912 360 215 touchmove 12.3 416.1 0.595779 0.595779 0 commented 0
commented_commented_commented 1756184916929 360 215 touchmove 13.7 423.2 0.735193 0.735193 0 commented 0
commented_commented_commented 1756184916946 360 215 touchmove 17.6 431.7 0.519778 0.519778 0 commented 0
commented_commented_commented 1756184916963 360 215 touchmove 25.1 441.3 0.603498 0.603498 0 commented 0
commented_commented_commented 1756184916980 360 215 touchmove 31.0 451.1 0.790554 0.790554 0 commented 0
commented_commented_commented 1756184916997 360 215 touchend 35.6 461.6 0.711032 0.711032 0 commented 0