sentence timestamp keyb_width keyb_height event x_pos y_pos x_radius y_radius angle word is_err
california_california_california 1756184907282 360 215 touchstart 72.2 526.0 0.543179 0.543179 0 california 0
california_california_california 1756184907298 360 215 touchmove 51.2 519.6 0.715182 0.715182 0 california 0
california_california_california 1756184907315 360 215 touchmove 29.6 512.3 0.546857 0.546857 0 california 0
california_california_california 1756184907332 360 215 touchmove 8.1 503.1 0.621160 0.621160 0 california 0
california_california_california 1756184907349 360 215 touchmove -13.6 495.6 0.555165 0.555165 0 california 0
california_california_california 1756184907366 360 215 touchmove -35.1 488.0 0.732768 0.732768 0 california 0
california_california_california 1756184907382 360 215 touchmove -52.8 480.7 0.794074 0.794074 0 california 0
california_california_california 1756184907399 360 215 touchmove -64.2 475.2 0.521614 0.521614 0 california 0
california_california_california 1756184907416 360 215 touchmove -69.2 470.3 0.750112 0.750112 0 california 0
california_california_california 1756184907433 360 215 touchmove -67.8 466.6 0.554840 0.554840 0 california 0
california_california_california 1756184907450 360 215 touchmove -60.6 463.7 0.682050 0.682050 0 california 0
california_california_california 1756184907466 360 215 touchmove -46.4 461.5 0.622199 0.622199 0 california 0
california_california_california 1756184907483 360 215 touchmove -26.0 461.0 0.630017 0.630017 0 california 0
california_california_california 1756184907500 360 215 touchmove -2.8 460.9 0.654565 0.654565 0 california 0
california_california_california 1756184907517 360 215 touchmove 20.5 461.1 0.621203 0.621203 0 california 0
california_california_california 1756184907534 360 215 touchmove 43.5 461.4 0.724566 0.724566 0 california 0
california_california_california 1756184907550 360 215 touchmove 66.6 461.2 0.642677 0.642677 0 california 0
california_california_california 1756184907567 360 215 touchmove 89.4 461.4 0.715368 0.715368 0 california 0
california_california_california 1756184907584 360 215 touchmove 112.2 462.1 0.644401 0.644401 0 california 0
california_california_california 1756184907601 360 215 touchmove 135.2 462.4 0.650624 0.650624 0 california 0
california_california_california 1756184907618 360 215 touchmove 157.7 462.9 0.516658 0.516658 0 california 0
california_california_california 1756184907634 360 215 touchmove 180.4 462.9 0.752441 0.752441 0 california 0
california_california_california 1756184907651 360 215 touchmove 203.0 462.9 0.707365 0.707365 0 california 0
california_california_california 1756184907668 360 215 touchmove 226.0 462.8 0.556943 0.556943 0 california 0
california_california_california 1756184907685 360 215 touchmove 249.2 462.6 0.604832 0.604832 0 california 0
california_california_california 1756184907702 360 215 touchmove 272.3 462.1 0.598270 0.598270 0 california 0
california_california_california 1756184907718 360 215 touchmove 294.9 461.6 0.699676 0.699676 0 california 0
california_california_california 1756184907735 360 215 touchmove 317.3 461.2 0.697411 0.697411 0 california 0
california_california_california 1756184907752 360 215 touchmove 339.6 460.9 0.530837 0.530837 0 california 0
california_california_california 1756184907769 360 215 touchmove 362.4 460.7 0.770590 0.770590 0 california 0
california_california_california 1756184907786 360 215 touchmove 385.2 460.9 0.675934 0.675934 0 california 0
california_california_california 1756184907803 360 215 touchmove 406.1 460.5 0.586130 0.586130 0 california 0
california_california_california 1756184907819 360 215 touchmove 420.8 458.4 0.582510 0.582510 0 california 0
california_california_california 1756184907836 360 215 touchmove 429.8 454.8 0.715629 0.715629 0 california 0
california_california_california 1756184907853 360 215 touchmove 432.7 449.7 0.636494 0.636494 0 california 0
california_california_california 1756184907870 360 215 touchmove 429.6 443.0 0.778012 0.778012 0 california 0
california_california_california 1756184907887 360 215 touchmove 420.3 434.5 0.650462 0.650462 0 california 0
california_california_california 1756184907903 360 215 touchmove 404.1 426.3 0.614581 0.614581 0 california 0
california_california_california 1756184907920 360 215 touchmove 383.2 419.7 0.591006 0.591006 0 california 0
california_california_california 1756184907937 360 215 touchmove 362.1 415.4 0.511335 0.511335 0 california 0
california_california_california 1756184907954 360 215 touchmove 340.5 413.4 0.647989 0.647989 0 california 0
california_california_california 1756184907971 360 215 touchmove 318.7 413.3 0.636211 0.636211 0 california 0
california_california_california 1756184907987 360 215 touchmove 296.6 415.5 0.654887 0.654887 0 california 0
california_california_california 1756184908004 360 215 touchmove 274.5 420.2 0.649004 0.649004 0 california 0
california_california_california 1756184908021 360 215 touchmove 252.3 425.2 0.638484 0.638484 0 california 0
california_california_california 1756184908038 360 215 touchmove 230.6 430.5 0.546588 0.546588 0 california 0
california_california_california 1756184908055 360 215 touchmove 208.7 435.9 0.703644 0.703644 0 california 0
california_california_california 1756184908071 360 215 touchmove 187.1 441.2 0.747523 0.747523 0 california 0
california_california_california 1756184908088 360 215 touchmove 167.8 446.1 0.574239 0.574239 0 california 0
california_california_california 1756184908105 360 215 touchmove 155.1 449.8 0.535559 0.535559 0 california 0
california_california_california 1756184908122 360 215 touchmove 148.3 452.1 0.582971 0.582971 0 california 0
california_california_california 1756184908139 360 215 touchmove 147.8 453.2 0.711581 0.711581 0 california 0
california_california_california 1756184908155 360 215 touchmove 153.2 452.4 0.666977 0.666977 0 california 0
california_california_california 1756184908172 360 215 touchmove 165.0 450.5 0.506520 0.506520 0 california 0
california_california_california 1756184908189 360 215 touchmove 183.4 447.0 0.647681 0.647681 0 california 0
california_california_california 1756184908206 360 215 touchmove 205.5 442.4 0.743235 0.743235 0 california 0
california_california_california 1756184908223 360 215 touchmove 227.5 438.0 0.714734 0.714734 0 california 0
california_california_california 1756184908239 360 215 touchmove 249.6 433.7 0.605175 0.605175 0 california 0
california_california_california 1756184908256 360 215 touchmove 271.8 429.0 0.516283 0.516283 0 california 0
california_california_california 1756184908273 360 215 touchmove 294.0 424.6 0.761839 0.761839 0 california 0
california_california_california 1756184908290 360 215 touchmove 316.4 419.9 0.692816 0.692816 0 california 0
california_california_california 1756184908307 360 215 touchmove 338.8 415.1 0.552408 0.552408 0 california 0
california_california_california 1756184908324 360 215 touchmove 360.9 410.8 0.705997 0.705997 0 california 0
california_california_california 1756184908340 360 215 touchmove 377.2 407.3 0.529213 0.529213 0 california 0
california_california_california 1756184908357 360 215 touchmove 386.9 404.3 0.640106 0.640106 0 california 0
california_california_california 1756184908374 360 215 touchmove 390.8 402.3 0.797422 0.797422 0 california 0
california_california_california 1756184908391 360 215 touchmove 388.4 400.9 0.521074 0.521074 0 california 0
california_california_california 1756184908408 360 215 touchmove 379.4 400.0 0.640229 0.640229 0 california 0
california_california_california 1756184908424 360 215 touchmove 363.9 399.7 0.711542 0.711542 0 california 0
california_california_california 1756184908441 360 215 touchmove 342.6 400.1 0.550339 0.550339 0 california 0
california_california_california 1756184908458 360 215 touchmove 320.6 400.3 0.651728 0.651728 0 california 0
california_california_california 1756184908475 360 215 touchmove 299.0 400.6 0.725602 0.725602 0 california 0
california_california_california 1756184908492 360 215 touchmove 276.5 400.5 0.594700 0.594700 0 california 0
california_california_california 1756184908508 360 215 touchmove 254.1 400.2 0.756160 0.756160 0 california 0
california_california_california 1756184908525 360 215 touchmove 231.7 400.4 0.684450 0.684450 0 california 0
california_california_california 1756184908542 360 215 touchmove 209.0 400.7 0.692692 0.692692 0 california 0
california_california_california 1756184908559 360 215 touchmove 186.1 400.9 0.774384 0.774384 0 california 0
california_california_california 1756184908576 360 215 touchmove 163.2 400.7 0.537101 0.537101 0 california 0
california_california_california 1756184908592 360 215 touchmove 140.2 400.5 0.630342 0.630342 0 california 0
california_california_california 1756184908609 360 215 touchmove 123.5 402.4 0.671111 0.671111 0 california 0
california_california_california 1756184908626 360 215 touchmove 112.7 406.4 0.558976 0.558976 0 california 0
california_california_california 1756184908643 360 215 touchmove 108.0 411.3 0.503522 0.503522 0 california 0
california_california_california 1756184908660 360 215 touchmove 109.5 417.9 0.606993 0.606993 0 california 0
california_california_california 1756184908676 360 215 touchmove 116.8 426.0 0.594008 0.594008 0 california 0
california_california_california 1756184908693 360 215 touchmove 129.9 436.0 0.677117 0.677117 0 california 0
california_california_california 1756184908710 360 215 touchmove 149.4 447.4 0.660044 0.660044 0 california 0
california_california_california 1756184908727 360 215 touchmove 168.9 458.8 0.679872 0.679872 0 california 0
california_california_california 1756184908744 360 215 touchmove 188.6 469.9 0.521862 0.521862 0 california 0
california_california_california 1756184908760 360 215 touchmove 208.1 481.1 0.752643 0.752643 0 california 0
california_california_california 1756184908777 360 215 touchmove 227.9 491.9 0.737765 0.737765 0 california 0
california_california_california 1756184908794 360 215 touchmove 246.9 498.0 0.592772 0.592772 0 california 0
california_california_california 1756184908811 360 215 touchmove 264.7 499.6 0.667674 0.667674 0 california 0
california_california_california 1756184908828 360 215 touchmove 281.2 497.3 0.505661 0.505661 0 california 0
california_california_california 1756184908845 360 215 touchmove 296.5 490.3 0.670712 0.670712 0 california 0
california_california_california 1756184908861 360 215 touchmove 310.4 479.1 0.542112 0.542112 0 california 0
california_california_california 1756184908878 360 215 touchmove 323.3 463.3 0.586180 0.586180 0 california 0
california_california_california 1756184908895 360 215 touchmove 331.1 446.4 0.737929 0.737929 0 california 0
california_california_california 1756184908912 360 215 touchmove 334.0 432.8 0.644030 0.644030 0 california 0
california_california_california 1756184908929 360 215 touchmove 332.1 422.2 0.761480 0.761480 0 california 0
california_california_california 1756184908945 360 215 touchmove 325.2 414.6 0.631644 0.631644 0 california 0
california_california_california 1756184908962 360 215 touchmove 313.1 410.2 0.609239 0.609239 0 california 0
california_california_california 1756184908979 360 215 touchmove 296.4 408.6 0.580495 0.580495 0 california 0
california_california_california 1756184908996 360 215 touchmove 275.1 410.8 0.637759 0.637759 0 california 0
california_california_california 1756184909013 360 215 touchmove 252.5 413.2 0.720784 0.720784 0 california 0
california_california_california 1756184909029 360 215 touchmove 229.7 416.4 0.681325 0.681325 0 california 0
california_california_california 1756184909046 360 215 touchmove 206.9 419.3 0.601845 0.601845 0 california 0
california_california_california 1756184909063 360 215 touchmove 184.3 422.2 0.551085 0.551085 0 california 0
california_california_california 1756184909080 360 215 touchmove 162.2 425.5 0.746953 0.746953 0 california 0
california_california_california 1756184909097 360 215 touchmove 139.9 428.7 0.522708 0.522708 0 california 0
california_california_california 1756184909113 360 215 touchmove 117.5 431.7 0.787387 0.787387 0 california 0
california_california_california 1756184909130 360 215 touchmove 95.7 434.7 0.678483 0.678483 0 california 0
california_california_california 1756184909147 360 215 touchmove 74.0 437.6 0.766728 0.766728 0 california 0
california_california_california 1756184909164 360 215 touchmove 52.1 440.9 0.741273 0.741273 0 california 0
california_california_california 1756184909181 360 215 touchmove 29.8 444.2 0.713749 0.713749 0 california 0
california_california_california 1756184909197 360 215 touchmove 7.0 447.7 0.724621 0.724621 0 california 0
california_california_california 1756184909214 360 215 touchmove -15.5 450.8 0.656851 0.656851 0 california 0
california_california_california 1756184909231 360 215 touchmove -38.2 453.9 0.701006 0.701006 0 california 0
california_california_california 1756184909248 360 215 touchmove -63.8 459.0 0.559145 0.559145 0 california 0
california_california_california 1756184909265 360 215 touchmove -84.0 459.4 0.500155 0.500155 0 california 0
california_california_california 1756184909282 360 215 touchend -106.6 462.4 0.601734 0.601734 0 california 0