sentence timestamp keyb_width keyb_height event x_pos y_pos x_radius y_radius angle word is_err
exhibition_exhibition_exhibition 1756184909821 360 215 touchstart -0.8 399.7 0.607797 0.607797 0 exhibition 0
exhibition_exhibition_exhibition 1756184909837 360 215 touchmove -0.6 409.8 0.659087 0.659087 0 exhibition 0
exhibition_exhibition_exhibition 1756184909854 360 215 touchmove 0.1 419.9 0.698452 0.698452 0 exhibition 0
exhibition_exhibition_exhibition 1756184909871 360 215 touchmove 0.7 430.8 0.523610 0.523610 0 exhibition 0
exhibition_exhibition_exhibition 1756184909888 360 215 touchmove 1.3 441.2 0.522320 0.522320 0 exhibition 0
exhibition_exhibition_exhibition 1756184909904 360 215 touchmove 1.7 451.4 0.658426 0.658426 0 exhibition 0
exhibition_exhibition_exhibition 1756184909921 360 215 touchmove 1.7 461.6 0.627713 0.627713 0 exhibition 0
exhibition_exhibition_exhibition 1756184909938 360 215 touchmove 1.6 471.9 0.619566 0.619566 0 exhibition 0
exhibition_exhibition_exhibition 1756184909955 360 215 touchmove 1.4 482.1 0.540233 0.540233 0 exhibition 0
exhibition_exhibition_exhibition 1756184909971 360 215 touchmove 0.7 492.3 0.794789 0.794789 0 exhibition 0
exhibition_exhibition_exhibition 1756184909988 360 215 touchmove 1.5 501.0 0.655969 0.655969 0 exhibition 0
exhibition_exhibition_exhibition 1756184910005 360 215 touchmove 3.4 507.8 0.605589 0.605589 0 exhibition 0
exhibition_exhibition_exhibition 1756184910022 360 215 touchmove 6.9 513.0 0.515426 0.515426 0 exhibition 0
exhibition_exhibition_exhibition 1756184910039 360 215 touchmove 12.1 516.3 0.761579 0.761579 0 exhibition 0
exhibition_exhibition_exhibition 1756184910055 360 215 touchmove 18.7 517.8 0.734784 0.734784 0 exhibition 0
exhibition_exhibition_exhibition 1756184910072 360 215 touchmove 26.9 517.3 0.575883 0.575883 0 exhibition 0
exhibition_exhibition_exhibition 1756184910089 360 215 touchmove 36.6 514.9 0.767764 0.767764 0 exhibition 0
exhibition_exhibition_exhibition 1756184910106 360 215 touchmove 46.6 512.2 0.640590 0.640590 0 exhibition 0
exhibition_exhibition_exhibition 1756184910122 360 215 touchmove 56.6 509.5 0.593680 0.593680 0 exhibition 0
exhibition_exhibition_exhibition 1756184910139 360 215 touchmove 66.5 506.9 0.686732 0.686732 0 exhibition 0
exhibition_exhibition_exhibition 1756184910156 360 215 touchmove 76.2 504.5 0.535779 0.535779 0 exhibition 0
exhibition_exhibition_exhibition 1756184910173 360 215 touchmove 86.0 502.3 0.541118 0.541118 0 exhibition 0
exhibition_exhibition_exhibition 1756184910190 360 215 touchmove 96.0 499.8 0.736719 0.736719 0 exhibition 0
exhibition_exhibition_exhibition 1756184910206 360 215 touchmove 106.1 497.6 0.685940 0.685940 0 exhibition 0
exhibition_exhibition_exhibition 1756184910223 360 215 touchmove 116.2 495.4 0.782706 0.782706 0 exhibition 0
exhibition_exhibition_exhibition 1756184910240 360 215 touchmove 126.2 493.2 0.659397 0.659397 0 exhibition 0
exhibition_exhibition_exhibition 1756184910257 360 215 touchmove 136.4 491.1 0.536872 0.536872 0 exhibition 0
exhibition_exhibition_exhibition 1756184910273 360 215 touchmove 146.6 488.6 0.549396 0.549396 0 exhibition 0
exhibition_exhibition_exhibition 1756184910290 360 215 touchmove 156.9 486.0 0.557820 0.557820 0 exhibition 0
exhibition_exhibition_exhibition 1756184910307 360 215 touchmove 166.8 483.5 0.723951 0.723951 0 exhibition 0
exhibition_exhibition_exhibition 1756184910324 360 215 touchmove 176.8 481.0 0.703033 0.703033 0 exhibition 0
exhibition_exhibition_exhibition 1756184910341 360 215 touchmove 186.6 478.3 0.768720 0.768720 0 exhibition 0
exhibition_exhibition_exhibition 1756184910357 360 215 touchmove 196.5 475.6 0.557342 0.557342 0 exhibition 0
exhibition_exhibition_exhibition 1756184910374 360 215 touchmove 206.2 472.8 0.666199 0.666199 0 exhibition 0
exhibition_exhibition_exhibition 1756184910391 360 215 touchmove 215.9 470.7 0.731197 0.731197 0 exhibition 0
exhibition_exhibition_exhibition 1756184910408 360 215 touchmove 225.4 468.4 0.593083 0.593083 0 exhibition 0
exhibition_exhibition_exhibition 1756184910424 360 215 touchmove 234.9 465.5 0.612406 0.612406 0 exhibition 0
exhibition_exhibition_exhibition 1756184910441 360 215 touchmove 244.3 462.2 0.637460 0.637460 0 exhibition 0
exhibition_exhibition_exhibition 1756184910458 360 215 touchmove 253.7 458.5 0.760400 0.760400 0 exhibition 0
exhibition_exhibition_exhibition 1756184910475 360 215 touchmove 263.2 454.3 0.736379 0.736379 0 exhibition 0
exhibition_exhibition_exhibition 1756184910491 360 215 touchmove 272.5 449.7 0.596757 0.596757 0 exhibition 0
exhibition_exhibition_exhibition 1756184910508 360 215 touchmove 281.8 444.6 0.796569 0.796569 0 exhibition 0
exhibition_exhibition_exhibition 1756184910525 360 215 touchmove 290.9 439.3 0.573306 0.573306 0 exhibition 0
exhibition_exhibition_exhibition 1756184910542 360 215 touchmove 300.1 433.8 0.758376 0.758376 0 exhibition 0
exhibition_exhibition_exhibition 1756184910559 360 215 touchmove 308.8 428.7 0.572612 0.572612 0 exhibition 0
exhibition_exhibition_exhibition 1756184910575 360 215 touchmove 317.6 423.7 0.672824 0.672824 0 exhibition 0
exhibition_exhibition_exhibition 1756184910592 360 215 touchmove 326.3 418.6 0.691756 0.691756 0 exhibition 0
exhibition_exhibition_exhibition 1756184910609 360 215 touchmove 334.6 413.9 0.745257 0.745257 0 exhibition 0
exhibition_exhibition_exhibition 1756184910626 360 215 touchmove 340.5 410.8 0.577452 0.577452 0 exhibition 0
exhibition_exhibition_exhibition 1756184910642 360 215 touchmove 344.2 409.5 0.675857 0.675857 0 exhibition 0
exhibition_exhibition_exhibition 1756184910659 360 215 touchmove 345.7 409.9 0.795831 0.795831 0 exhibition 0
exhibition_exhibition_exhibition 1756184910676 360 215 touchmove 344.9 411.8 0.743867 0.743867 0 exhibition 0
exhibition_exhibition_exhibition 1756184910693 360 215 touchmove 341.8 415.5 0.579109 0.579109 0 exhibition 0
exhibition_exhibition_exhibition 1756184910710 360 215 touchmove 336.1 420.8 0.756338 0.756338 0 exhibition 0
exhibition_exhibition_exhibition 1756184910726 360 215 touchmove 328.3 427.4 0.647114 0.647114 0 exhibition 0
exhibition_exhibition_exhibition 1756184910743 360 215 touchmove 320.6 434.2 0.621721 0.621721 0 exhibition 0
exhibition_exhibition_exhibition 1756184910760 360 215 touchmove 312.8 440.9 0.665818 0.665818 0 exhibition 0
exhibition_exhibition_exhibition 1756184910777 360 215 touchmove 305.0 447.7 0.721046 0.721046 0 exhibition 0
exhibition_exhibition_exhibition 1756184910793 360 215 touchmove 297.2 454.5 0.608934 0.608934 0 exhibition 0
exhibition_exhibition_exhibition 1756184910810 360 215 touchmove 289.1 461.6 0.628133 0.628133 0 exhibition 0
exhibition_exhibition_exhibition 1756184910827 360 215 touchmove 281.0 468.5 0.640256 0.640256 0 exhibition 0
exhibition_exhibition_exhibition 1756184910844 360 215 touchmove 273.3 475.5 0.734526 0.734526 0 exhibition 0
exhibition_exhibition_exhibition 1756184910861 360 215 touchmove 265.4 482.3 0.770992 0.770992 0 exhibition 0
exhibition_exhibition_exhibition 1756184910877 360 215 touchmove 257.5 488.9 0.630151 0.630151 0 exhibition 0
exhibition_exhibition_exhibition 1756184910894 360 215 touchmove 249.6 495.8 0.523651 0.523651 0 exhibition 0
exhibition_exhibition_exhibition 1756184910911 360 215 touchmove 241.7 502.6 0.762939 0.762939 0 exhibition 0
exhibition_exhibition_exhibition 1756184910928 360 215 touchmove 235.4 508.0 0.776147 0.776147 0 exhibition 0
exhibition_exhibition_exhibition 1756184910944 360 215 touchmove 231.4 511.7 0.627292 0.627292 0 exhibition 0
exhibition_exhibition_exhibition 1756184910961 360 215 touchmove 229.5 513.2 0.750795 0.750795 0 exhibition 0
exhibition_exhibition_exhibition 1756184910978 360 215 touchmove 229.7 512.9 0.754757 0.754757 0 exhibition 0
exhibition_exhibition_exhibition 1756184910995 360 215 touchmove 232.1 511.0 0.600278 0.600278 0 exhibition 0
exhibition_exhibition_exhibition 1756184911011 360 215 touchmove 236.9 506.6 0.582443 0.582443 0 exhibition 0
exhibition_exhibition_exhibition 1756184911028 360 215 touchmove 243.5 500.1 0.771564 0.771564 0 exhibition 0
exhibition_exhibition_exhibition 1756184911045 360 215 touchmove 251.1 493.2 0.643303 0.643303 0 exhibition 0
exhibition_exhibition_exhibition 1756184911062 360 215 touchmove 258.7 486.2 0.615347 0.615347 0 exhibition 0
exhibition_exhibition_exhibition 1756184911079 360 215 touchmove 266.2 479.4 0.770437 0.770437 0 exhibition 0
exhibition_exhibition_exhibition 1756184911095 360 215 touchmove 273.8 472.6 0.761452 0.761452 0 exhibition 0
exhibition_exhibition_exhibition 1756184911112 360 215 touchmove 281.6 465.9 0.522876 0.522876 0 exhibition 0
exhibition_exhibition_exhibition 1756184911129 360 215 touchmove 289.1 459.2 0.573939 0.573939 0 exhibition 0
exhibition_exhibition_exhibition 1756184911146 360 215 touchmove 296.8 452.8 0.617366 0.617366 0 exhibition 0
exhibition_exhibition_exhibition 1756184911162 360 215 touchmove 304.6 446.1 0.768664 0.768664 0 exhibition 0
exhibition_exhibition_exhibition 1756184911179 360 215 touchmove 312.4 439.6 0.614826 0.614826 0 exhibition 0
exhibition_exhibition_exhibition 1756184911196 360 215 touchmove 320.5 433.2 0.502977 0.502977 0 exhibition 0
exhibition_exhibition_exhibition 1756184911213 360 215 touchmove 328.5 426.9 0.769204 0.769204 0 exhibition 0
exhibition_exhibition_exhibition 1756184911230 360 215 touchmove 336.5 420.7 0.624705 0.624705 0 exhibition 0
exhibition_exhibition_exhibition 1756184911246 360 215 touchmove 342.0 415.5 0.511266 0.511266 0 exhibition 0
exhibition_exhibition_exhibition 1756184911263 360 215 touchmove 345.0 410.8 0.788534 0.788534 0 exhibition 0
exhibition_exhibition_exhibition 1756184911280 360 215 touchmove 345.3 407.3 0.517672 0.517672 0 exhibition 0
exhibition_exhibition_exhibition 1756184911297 360 215 touchmove 343.0 404.6 0.776741 0.776741 0 exhibition 0
exhibition_exhibition_exhibition 1756184911313 360 215 touchmove 338.0 402.6 0.617816 0.617816 0 exhibition 0
exhibition_exhibition_exhibition 1756184911330 360 215 touchmove 330.5 401.5 0.528710 0.528710 0 exhibition 0
exhibition_exhibition_exhibition 1756184911347 360 215 touchmove 320.4 401.2 0.598868 0.598868 0 exhibition 0
exhibition_exhibition_exhibition 1756184911364 360 215 touchmove 310.3 400.5 0.554923 0.554923 0 exhibition 0
exhibition_exhibition_exhibition 1756184911381 360 215 touchmove 299.8 400.3 0.510265 0.510265 0 exhibition 0
exhibition_exhibition_exhibition 1756184911397 360 215 touchmove 289.6 400.2 0.682453 0.682453 0 exhibition 0
exhibition_exhibition_exhibition 1756184911414 360 215 touchmove 279.4 400.0 0.585417 0.585417 0 exhibition 0
exhibition_exhibition_exhibition 1756184911431 360 215 touchmove 269.0 399.9 0.524548 0.524548 0 exhibition 0
exhibition_exhibition_exhibition 1756184911448 360 215 touchmove 258.6 399.8 0.643561 0.643561 0 exhibition 0
exhibition_exhibition_exhibition 1756184911464 360 215 touchmove 248.3 399.7 0.526890 0.526890 0 exhibition 0
exhibition_exhibition_exhibition 1756184911481 360 215 touchmove 238.0 400.1 0.518434 0.518434 0 exhibition 0
exhibition_exhibition_exhibition 1756184911498 360 215 touchmove 228.2 400.5 0.661156 0.661156 0 exhibition 0
exhibition_exhibition_exhibition 1756184911515 360 215 touchmove 218.3 400.7 0.634996 0.634996 0 exhibition 0
exhibition_exhibition_exhibition 1756184911531 360 215 touchmove 208.2 400.8 0.716428 0.716428 0 exhibition 0
exhibition_exhibition_exhibition 1756184911548 360 215 touchmove 198.5 400.8 0.697978 0.697978 0 exhibition 0
exhibition_exhibition_exhibition 1756184911565 360 215 touchmove 188.8 400.9 0.793117 0.793117 0 exhibition 0
exhibition_exhibition_exhibition 1756184911582 360 215 touchmove 178.6 400.8 0.623359 0.623359 0 exhibition 0
exhibition_exhibition_exhibition 1756184911599 360 215 touchmove 170.7 400.8 0.684771 0.684771 0 exhibition 0
exhibition_exhibition_exhibition 1756184911615 360 215 touchmove 165.5 400.7 0.564812 0.564812 0 exhibition 0
exhibition_exhibition_exhibition 1756184911632 360 215 touchmove 163.3 400.5 0.540353 0.540353 0 exhibition 0
exhibition_exhibition_exhibition 1756184911649 360 215 touchmove 164.2 400.4 0.722412 0.722412 0 exhibition 0
exhibition_exhibition_exhibition 1756184911666 360 215 touchmove 167.8 400.3 0.698791 0.698791 0 exhibition 0
exhibition_exhibition_exhibition 1756184911682 360 215 touchmove 174.4 400.2 0.555865 0.555865 0 exhibition 0
exhibition_exhibition_exhibition 1756184911699 360 215 touchmove 184.3 400.2 0.634307 0.634307 0 exhibition 0
exhibition_exhibition_exhibition 1756184911716 360 215 touchmove 194.8 399.7 0.683579 0.683579 0 exhibition 0
exhibition_exhibition_exhibition 1756184911733 360 215 touchmove 205.3 399.2 0.728832 0.728832 0 exhibition 0
exhibition_exhibition_exhibition 1756184911750 360 215 touchmove 215.5 399.0 0.658268 0.658268 0 exhibition 0
exhibition_exhibition_exhibition 1756184911766 360 215 touchmove 225.6 398.8 0.670012 0.670012 0 exhibition 0
exhibition_exhibition_exhibition 1756184911783 360 215 touchmove 235.7 398.7 0.719506 0.719506 0 exhibition 0
exhibition_exhibition_exhibition 1756184911800 360 215 touchmove 245.7 398.4 0.754555 0.754555 0 exhibition 0
exhibition_exhibition_exhibition 1756184911817 360 215 touchmove 255.9 397.9 0.575105 0.575105 0 exhibition 0
exhibition_exhibition_exhibition 1756184911833 360 215 touchmove 265.9 397.8 0.565746 0.565746 0 exhibition 0
exhibition_exhibition_exhibition 1756184911850 360 215 touchmove 276.2 397.6 0.683346 0.683346 0 exhibition 0
exhibition_exhibition_exhibition 1756184911867 360 215 touchmove 286.6 397.5 0.652819 0.652819 0 exhibition 0
exhibition_exhibition_exhibition 1756184911884 360 215 touchmove 296.9 397.6 0.535749 0.535749 0 exhibition 0
exhibition_exhibition_exhibition 1756184911901 360 215 touchmove 307.4 397.6 0.520847 0.520847 0 exhibition 0
exhibition_exhibition_exhibition 1756184911917 360 215 touchmove 317.7 397.8 0.695887 0.695887 0 exhibition 0
exhibition_exhibition_exhibition 1756184911934 360 215 touchmove 327.7 398.3 0.590514 0.590514 0 exhibition 0
exhibition_exhibition_exhibition 1756184911951 360 215 touchmove 337.8 398.6 0.589578 0.589578 0 exhibition 0
exhibition_exhibition_exhibition 1756184911968 360 215 touchmove 347.8 399.2 0.604270 0.604270 0 exhibition 0
exhibition_exhibition_exhibition 1756184911984 360 215 touchmove 357.9 399.2 0.519872 0.519872 0 exhibition 0
exhibition_exhibition_exhibition 1756184912001 360 215 touchmove 367.9 399.2 0.675193 0.675193 0 exhibition 0
exhibition_exhibition_exhibition 1756184912018 360 215 touchmove 377.8 399.0 0.549143 0.549143 0 exhibition 0
exhibition_exhibition_exhibition 1756184912035 360 215 touchmove 387.5 398.9 0.557011 0.557011 0 exhibition 0
exhibition_exhibition_exhibition 1756184912051 360 215 touchmove 397.6 398.9 0.508764 0.508764 0 exhibition 0
exhibition_exhibition_exhibition 1756184912068 360 215 touchmove 406.2 399.7 0.730620 0.730620 0 exhibition 0
exhibition_exhibition_exhibition 1756184912085 360 215 touchmove 412.6 401.4 0.521974 0.521974 0 exhibition 0
exhibition_exhibition_exhibition 1756184912102 360 215 touchmove 416.0 404.3 0.554336 0.554336 0 exhibition 0
exhibition_exhibition_exhibition 1756184912119 360 215 touchmove 417.0 408.0 0.711435 0.711435 0 exhibition 0
exhibition_exhibition_exhibition 1756184912135 360 215 touchmove 415.5 413.1 0.664628 0.664628 0 exhibition 0
exhibition_exhibition_exhibition 1756184912152 360 215 touchmove 411.6 419.0 0.564753 0.564753 0 exhibition 0
exhibition_exhibition_exhibition 1756184912169 360 215 touchmove 404.9 426.0 0.573827 0.573827 0 exhibition 0
exhibition_exhibition_exhibition 1756184912186 360 215 touchmove 397.4 433.0 0.689678 0.689678 0 exhibition 0
exhibition_exhibition_exhibition 1756184912202 360 215 touchmove 389.8 440.1 0.515889 0.515889 0 exhibition 0
exhibition_exhibition_exhibition 1756184912219 360 215 touchmove 382.1 446.9 0.732941 0.732941 0 exhibition 0
exhibition_exhibition_exhibition 1756184912236 360 215 touchmove 374.4 453.6 0.736603 0.736603 0 exhibition 0
exhibition_exhibition_exhibition 1756184912253 360 215 touchmove 366.7 460.3 0.739574 0.739574 0 exhibition 0
exhibition_exhibition_exhibition 1756184912270 360 215 touchmove 358.9 466.7 0.595214 0.595214 0 exhibition 0
exhibition_exhibition_exhibition 1756184912286 360 215 touchmove 351.1 472.9 0.602588 0.602588 0 exhibition 0
exhibition_exhibition_exhibition 1756184912303 360 215 touchmove 342.9 479.1 0.665589 0.665589 0 exhibition 0
exhibition_exhibition_exhibition 1756184912320 360 215 touchmove 334.4 485.1 0.536632 0.536632 0 exhibition 0
exhibition_exhibition_exhibition 1756184912337 360 215 touchmove 326.3 491.3 0.580321 0.580321 0 exhibition 0
exhibition_exhibition_exhibition 1756184912353 360 215 touchmove 318.3 497.2 0.743650 0.743650 0 exhibition 0
exhibition_exhibition_exhibition 1756184912370 360 215 touchmove 310.5 503.4 0.682162 0.682162 0 exhibition 0
exhibition_exhibition_exhibition 1756184912387 360 215 touchmove 302.3 509.3 0.620974 0.620974 0 exhibition 0
exhibition_exhibition_exhibition 1756184912404 360 215 touchmove 294.1 514.4 0.790479 0.790479 0 exhibition 0
exhibition_exhibition_exhibition 1756184912421 360 215 touchend 288.0 522.1 0.647937 0.647937 0 exhibition 0