sentence timestamp keyb_width keyb_height event x_pos y_pos x_radius y_radius angle word is_err
sees_sees_sees 1756184909172 360 215 touchstart -36.6 462.7 0.781076 0.781076 0 sees 0
sees_sees_sees 1756184909189 360 215 touchmove -35.8 460.7 0.773855 0.773855 0 sees 0
sees_sees_sees 1756184909206 360 215 touchmove -34.2 458.2 0.715864 0.715864 0 sees 0
sees_sees_sees 1756184909223 360 215 touchmove -32.5 456.2 0.646261 0.646261 0 sees 0
sees_sees_sees 1756184909240 360 215 touchmove -31.1 453.9 0.514789 0.514789 0 sees 0
sees_sees_sees 1756184909257 360 215 touchmove -29.6 451.6 0.741631 0.741631 0 sees 0
sees_sees_sees 1756184909274 360 215 touchmove -28.3 449.2 0.539865 0.539865 0 sees 0
sees_sees_sees 1756184909292 360 215 touchmove -27.1 446.8 0.509342 0.509342 0 sees 0
sees_sees_sees 1756184909309 360 215 touchmove -25.8 444.3 0.653726 0.653726 0 sees 0
sees_sees_sees 1756184909326 360 215 touchmove -24.7 442.0 0.738848 0.738848 0 sees 0
sees_sees_sees 1756184909343 360 215 touchmove -23.5 439.5 0.563463 0.563463 0 sees 0
sees_sees_sees 1756184909360 360 215 touchmove -22.3 437.0 0.688593 0.688593 0 sees 0
sees_sees_sees 1756184909377 360 215 touchmove -21.0 434.6 0.600367 0.600367 0 sees 0
sees_sees_sees 1756184909394 360 215 touchmove -19.6 432.2 0.743780 0.743780 0 sees 0
sees_sees_sees 1756184909412 360 215 touchmove -18.1 429.8 0.614610 0.614610 0 sees 0
sees_sees_sees 1756184909429 360 215 touchmove -16.8 427.5 0.567571 0.567571 0 sees 0
sees_sees_sees 1756184909446 360 215 touchmove -15.3 425.2 0.693301 0.693301 0 sees 0
sees_sees_sees 1756184909463 360 215 touchmove -14.0 423.1 0.518597 0.518597 0 sees 0
sees_sees_sees 1756184909480 360 215 touchmove -12.7 421.0 0.793924 0.793924 0 sees 0
sees_sees_sees 1756184909497 360 215 touchmove -11.6 419.0 0.785381 0.785381 0 sees 0
sees_sees_sees 1756184909514 360 215 touchmove -10.6 417.0 0.597262 0.597262 0 sees 0
sees_sees_sees 1756184909532 360 215 touchmove -9.4 415.0 0.769045 0.769045 0 sees 0
sees_sees_sees 1756184909549 360 215 touchmove -8.3 412.9 0.644703 0.644703 0 sees 0
sees_sees_sees 1756184909566 360 215 touchmove -7.1 410.7 0.728614 0.728614 0 sees 0
sees_sees_sees 1756184909583 360 215 touchmove -5.8 408.4 0.673597 0.673597 0 sees 0
sees_sees_sees 1756184909600 360 215 touchmove -4.5 406.3 0.591389 0.591389 0 sees 0
sees_sees_sees 1756184909617 360 215 touchmove -3.5 404.8 0.677602 0.677602 0 sees 0
sees_sees_sees 1756184909634 360 215 touchmove -2.8 403.9 0.567828 0.567828 0 sees 0
sees_sees_sees 1756184909652 360 215 touchmove -2.6 403.7 0.711215 0.711215 0 sees 0
sees_sees_sees 1756184909669 360 215 touchmove -2.7 404.2 0.631611 0.631611 0 sees 0
sees_sees_sees 1756184909686 360 215 touchmove -3.2 405.3 0.609535 0.609535 0 sees 0
sees_sees_sees 1756184909703 360 215 touchmove -4.0 407.1 0.556032 0.556032 0 sees 0
sees_sees_sees 1756184909720 360 215 touchmove -5.3 409.4 0.601541 0.601541 0 sees 0
sees_sees_sees 1756184909737 360 215 touchmove -6.5 411.7 0.549640 0.549640 0 sees 0
sees_sees_sees 1756184909754 360 215 touchmove -7.8 413.8 0.501013 0.501013 0 sees 0
sees_sees_sees 1756184909772 360 215 touchmove -9.0 416.0 0.605720 0.605720 0 sees 0
sees_sees_sees 1756184909789 360 215 touchmove -10.1 418.2 0.780263 0.780263 0 sees 0
sees_sees_sees 1756184909806 360 215 touchmove -11.3 420.3 0.725391 0.725391 0 sees 0
sees_sees_sees 1756184909823 360 215 touchmove -12.6 422.5 0.613486 0.613486 0 sees 0
sees_sees_sees 1756184909840 360 215 touchmove -13.8 424.7 0.777263 0.777263 0 sees 0
sees_sees_sees 1756184909857 360 215 touchmove -15.0 427.0 0.590475 0.590475 0 sees 0
sees_sees_sees 1756184909874 360 215 touchmove -16.3 429.4 0.792430 0.792430 0 sees 0
sees_sees_sees 1756184909892 360 215 touchmove -17.5 431.6 0.560915 0.560915 0 sees 0
sees_sees_sees 1756184909909 360 215 touchmove -18.7 433.9 0.758137 0.758137 0 sees 0
sees_sees_sees 1756184909926 360 215 touchmove -19.9 436.3 0.573968 0.573968 0 sees 0
sees_sees_sees 1756184909943 360 215 touchmove -21.1 438.5 0.776906 0.776906 0 sees 0
sees_sees_sees 1756184909960 360 215 touchmove -22.5 440.7 0.797266 0.797266 0 sees 0
sees_sees_sees 1756184909977 360 215 touchmove -23.7 442.9 0.556348 0.556348 0 sees 0
sees_sees_sees 1756184909994 360 215 touchmove -25.0 444.9 0.578859 0.578859 0 sees 0
sees_sees_sees 1756184910012 360 215 touchmove -26.4 447.0 0.730460 0.730460 0 sees 0
sees_sees_sees 1756184910029 360 215 touchmove -27.9 449.1 0.723590 0.723590 0 sees 0
sees_sees_sees 1756184910046 360 215 touchmove -29.4 451.1 0.687802 0.687802 0 sees 0
sees_sees_sees 1756184910063 360 215 touchmove -30.9 453.2 0.679319 0.679319 0 sees 0
sees_sees_sees 1756184910080 360 215 touchmove -32.2 455.3 0.664225 0.664225 0 sees 0
sees_sees_sees 1756184910097 360 215 touchmove -34.3 457.4 0.607934 0.607934 0 sees 0
sees_sees_sees 1756184910114 360 215 touchmove -35.3 459.7 0.667738 0.667738 0 sees 0
sees_sees_sees 1756184910132 360 215 touchend -35.9 461.6 0.678600 0.678600 0 sees 0