sentence timestamp keyb_width keyb_height event x_pos y_pos x_radius y_radius angle word is_err
afterward_afterward_afterward 1756184920760 360 215 touchstart -108.1 461.9 0.701782 0.701782 0 afterward 0
afterward_afterward_afterward 1756184920776 360 215 touchmove -100.5 461.7 0.541057 0.541057 0 afterward 0
afterward_afterward_afterward 1756184920793 360 215 touchmove -92.5 461.4 0.514501 0.514501 0 afterward 0
afterward_afterward_afterward 1756184920810 360 215 touchmove -85.1 461.8 0.719672 0.719672 0 afterward 0
afterward_afterward_afterward 1756184920827 360 215 touchmove -77.4 461.8 0.679365 0.679365 0 afterward 0
afterward_afterward_afterward 1756184920844 360 215 touchmove -69.7 461.7 0.731523 0.731523 0 afterward 0
afterward_afterward_afterward 1756184920861 360 215 touchmove -62.0 461.8 0.694171 0.694171 0 afterward 0
afterward_afterward_afterward 1756184920878 360 215 touchmove -54.3 461.7 0.616498 0.616498 0 afterward 0
afterward_afterward_afterward 1756184920895 360 215 touchmove -46.7 461.7 0.799604 0.799604 0 afterward 0
afterward_afterward_afterward 1756184920911 360 215 touchmove -39.0 461.5 0.663001 0.663001 0 afterward 0
afterward_afterward_afterward 1756184920928 360 215 touchmove -31.1 461.5 0.778612 0.778612 0 afterward 0
afterward_afterward_afterward 1756184920945 360 215 touchmove -23.2 461.6 0.530679 0.530679 0 afterward 0
afterward_afterward_afterward 1756184920962 360 215 touchmove -15.5 462.0 0.580875 0.580875 0 afterward 0
afterward_afterward_afterward 1756184920979 360 215 touchmove -7.8 462.3 0.507115 0.507115 0 afterward 0
afterward_afterward_afterward 1756184920996 360 215 touchmove -0.2 462.5 0.665742 0.665742 0 afterward 0
afterward_afterward_afterward 1756184921013 360 215 touchmove 7.4 462.6 0.510376 0.510376 0 afterward 0
afterward_afterward_afterward 1756184921030 360 215 touchmove 15.1 462.8 0.635153 0.635153 0 afterward 0
afterward_afterward_afterward 1756184921046 360 215 touchmove 22.7 462.7 0.553384 0.553384 0 afterward 0
afterward_afterward_afterward 1756184921063 360 215 touchmove 30.2 462.5 0.623090 0.623090 0 afterward 0
afterward_afterward_afterward 1756184921080 360 215 touchmove 37.8 462.3 0.766140 0.766140 0 afterward 0
afterward_afterward_afterward 1756184921097 360 215 touchmove 45.3 462.0 0.709418 0.709418 0 afterward 0
afterward_afterward_afterward 1756184921114 360 215 touchmove 53.0 461.8 0.568200 0.568200 0 afterward 0
afterward_afterward_afterward 1756184921131 360 215 touchmove 60.7 461.7 0.607834 0.607834 0 afterward 0
afterward_afterward_afterward 1756184921148 360 215 touchmove 68.4 461.6 0.535521 0.535521 0 afterward 0
afterward_afterward_afterward 1756184921165 360 215 touchmove 76.0 461.5 0.504789 0.504789 0 afterward 0
afterward_afterward_afterward 1756184921181 360 215 touchmove 83.7 461.4 0.618977 0.618977 0 afterward 0
afterward_afterward_afterward 1756184921198 360 215 touchmove 90.8 460.6 0.583742 0.583742 0 afterward 0
afterward_afterward_afterward 1756184921215 360 215 touchmove 97.5 458.8 0.683096 0.683096 0 afterward 0
afterward_afterward_afterward 1756184921232 360 215 touchmove 103.5 456.1 0.538965 0.538965 0 afterward 0
afterward_afterward_afterward 1756184921249 360 215 touchmove 109.0 452.5 0.769125 0.769125 0 afterward 0
afterward_afterward_afterward 1756184921266 360 215 touchmove 113.9 448.1 0.651087 0.651087 0 afterward 0
afterward_afterward_afterward 1756184921283 360 215 touchmove 118.4 442.7 0.697182 0.697182 0 afterward 0
afterward_afterward_afterward 1756184921300 360 215 touchmove 122.2 436.3 0.717093 0.717093 0 afterward 0
afterward_afterward_afterward 1756184921316 360 215 touchmove 126.1 429.8 0.788272 0.788272 0 afterward 0
afterward_afterward_afterward 1756184921333 360 215 touchmove 130.2 423.4 0.732053 0.732053 0 afterward 0
afterward_afterward_afterward 1756184921350 360 215 touchmove 133.4 417.3 0.598912 0.598912 0 afterward 0
afterward_afterward_afterward 1756184921367 360 215 touchmove 135.0 412.3 0.551400 0.551400 0 afterward 0
afterward_afterward_afterward 1756184921384 360 215 touchmove 135.0 408.0 0.672956 0.672956 0 afterward 0
afterward_afterward_afterward 1756184921401 360 215 touchmove 133.2 404.8 0.714396 0.714396 0 afterward 0
afterward_afterward_afterward 1756184921418 360 215 touchmove 129.9 402.6 0.636877 0.636877 0 afterward 0
afterward_afterward_afterward 1756184921435 360 215 touchmove 124.8 401.4 0.679059 0.679059 0 afterward 0
afterward_afterward_afterward 1756184921451 360 215 touchmove 118.0 401.0 0.565249 0.565249 0 afterward 0
afterward_afterward_afterward 1756184921468 360 215 touchmove 110.2 401.0 0.502883 0.502883 0 afterward 0
afterward_afterward_afterward 1756184921485 360 215 touchmove 102.5 401.0 0.618444 0.618444 0 afterward 0
afterward_afterward_afterward 1756184921502 360 215 touchmove 94.7 401.1 0.725611 0.725611 0 afterward 0
afterward_afterward_afterward 1756184921519 360 215 touchmove 86.9 401.1 0.722061 0.722061 0 afterward 0
afterward_afterward_afterward 1756184921536 360 215 touchmove 79.1 400.9 0.776884 0.776884 0 afterward 0
afterward_afterward_afterward 1756184921553 360 215 touchmove 71.3 400.7 0.723878 0.723878 0 afterward 0
afterward_afterward_afterward 1756184921570 360 215 touchmove 63.4 400.6 0.613404 0.613404 0 afterward 0
afterward_afterward_afterward 1756184921586 360 215 touchmove 55.7 400.6 0.624320 0.624320 0 afterward 0
afterward_afterward_afterward 1756184921603 360 215 touchmove 47.9 400.4 0.718461 0.718461 0 afterward 0
afterward_afterward_afterward 1756184921620 360 215 touchmove 40.0 400.2 0.544585 0.544585 0 afterward 0
afterward_afterward_afterward 1756184921637 360 215 touchmove 32.4 400.0 0.646938 0.646938 0 afterward 0
afterward_afterward_afterward 1756184921654 360 215 touchmove 24.8 399.9 0.588256 0.588256 0 afterward 0
afterward_afterward_afterward 1756184921671 360 215 touchmove 18.9 399.9 0.547228 0.547228 0 afterward 0
afterward_afterward_afterward 1756184921688 360 215 touchmove 15.1 399.8 0.519787 0.519787 0 afterward 0
afterward_afterward_afterward 1756184921705 360 215 touchmove 13.5 399.7 0.585629 0.585629 0 afterward 0
afterward_afterward_afterward 1756184921721 360 215 touchmove 14.2 399.6 0.746975 0.746975 0 afterward 0
afterward_afterward_afterward 1756184921738 360 215 touchmove 17.1 399.6 0.575973 0.575973 0 afterward 0
afterward_afterward_afterward 1756184921755 360 215 touchmove 22.1 399.6 0.554492 0.554492 0 afterward 0
afterward_afterward_afterward 1756184921772 360 215 touchmove 29.2 399.5 0.699087 0.699087 0 afterward 0
afterward_afterward_afterward 1756184921789 360 215 touchmove 36.8 399.4 0.718198 0.718198 0 afterward 0
afterward_afterward_afterward 1756184921806 360 215 touchmove 44.4 399.4 0.768999 0.768999 0 afterward 0
afterward_afterward_afterward 1756184921823 360 215 touchmove 51.3 399.3 0.641754 0.641754 0 afterward 0
afterward_afterward_afterward 1756184921840 360 215 touchmove 56.1 399.4 0.742112 0.742112 0 afterward 0
afterward_afterward_afterward 1756184921856 360 215 touchmove 58.7 399.6 0.605389 0.605389 0 afterward 0
afterward_afterward_afterward 1756184921873 360 215 touchmove 58.9 399.7 0.504239 0.504239 0 afterward 0
afterward_afterward_afterward 1756184921890 360 215 touchmove 57.1 399.8 0.525294 0.525294 0 afterward 0
afterward_afterward_afterward 1756184921907 360 215 touchmove 53.0 400.1 0.737786 0.737786 0 afterward 0
afterward_afterward_afterward 1756184921924 360 215 touchmove 46.9 400.4 0.500489 0.500489 0 afterward 0
afterward_afterward_afterward 1756184921941 360 215 touchmove 39.2 400.8 0.595040 0.595040 0 afterward 0
afterward_afterward_afterward 1756184921958 360 215 touchmove 31.4 401.1 0.609505 0.609505 0 afterward 0
afterward_afterward_afterward 1756184921975 360 215 touchmove 23.7 401.3 0.563890 0.563890 0 afterward 0
afterward_afterward_afterward 1756184921991 360 215 touchmove 16.0 401.6 0.726521 0.726521 0 afterward 0
afterward_afterward_afterward 1756184922008 360 215 touchmove 8.4 401.6 0.643643 0.643643 0 afterward 0
afterward_afterward_afterward 1756184922025 360 215 touchmove 0.8 401.6 0.553051 0.553051 0 afterward 0
afterward_afterward_afterward 1756184922042 360 215 touchmove -7.0 401.5 0.745089 0.745089 0 afterward 0
afterward_afterward_afterward 1756184922059 360 215 touchmove -14.7 401.2 0.798704 0.798704 0 afterward 0
afterward_afterward_afterward 1756184922076 360 215 touchmove -22.4 401.1 0.635614 0.635614 0 afterward 0
afterward_afterward_afterward 1756184922093 360 215 touchmove -30.3 400.9 0.702908 0.702908 0 afterward 0
afterward_afterward_afterward 1756184922110 360 215 touchmove -38.0 400.7 0.509494 0.509494 0 afterward 0
afterward_afterward_afterward 1756184922126 360 215 touchmove -45.8 400.5 0.522020 0.522020 0 afterward 0
afterward_afterward_afterward 1756184922143 360 215 touchmove -53.1 401.1 0.594294 0.594294 0 afterward 0
afterward_afterward_afterward 1756184922160 360 215 touchmove -59.7 402.6 0.771663 0.771663 0 afterward 0
afterward_afterward_afterward 1756184922177 360 215 touchmove -65.8 405.0 0.705908 0.705908 0 afterward 0
afterward_afterward_afterward 1756184922194 360 215 touchmove -71.3 408.4 0.510275 0.510275 0 afterward 0
afterward_afterward_afterward 1756184922211 360 215 touchmove -76.4 412.7 0.643895 0.643895 0 afterward 0
afterward_afterward_afterward 1756184922228 360 215 touchmove -80.8 418.0 0.617301 0.617301 0 afterward 0
afterward_afterward_afterward 1756184922245 360 215 touchmove -84.8 424.3 0.508622 0.508622 0 afterward 0
afterward_afterward_afterward 1756184922261 360 215 touchmove -88.7 430.9 0.737896 0.737896 0 afterward 0
afterward_afterward_afterward 1756184922278 360 215 touchmove -92.7 437.4 0.543743 0.543743 0 afterward 0
afterward_afterward_afterward 1756184922295 360 215 touchmove -96.5 443.7 0.516557 0.516557 0 afterward 0
afterward_afterward_afterward 1756184922312 360 215 touchmove -98.7 448.5 0.624570 0.624570 0 afterward 0
afterward_afterward_afterward 1756184922329 360 215 touchmove -99.4 452.1 0.766383 0.766383 0 afterward 0
afterward_afterward_afterward 1756184922346 360 215 touchmove -98.3 454.4 0.714357 0.714357 0 afterward 0
afterward_afterward_afterward 1756184922363 360 215 touchmove -95.5 455.3 0.740599 0.740599 0 afterward 0
afterward_afterward_afterward 1756184922380 360 215 touchmove -91.2 455.0 0.669469 0.669469 0 afterward 0
afterward_afterward_afterward 1756184922396 360 215 touchmove -85.3 453.4 0.785463 0.785463 0 afterward 0
afterward_afterward_afterward 1756184922413 360 215 touchmove -77.9 450.9 0.706569 0.706569 0 afterward 0
afterward_afterward_afterward 1756184922430 360 215 touchmove -70.6 448.3 0.670021 0.670021 0 afterward 0
afterward_afterward_afterward 1756184922447 360 215 touchmove -63.1 445.8 0.768829 0.768829 0 afterward 0
afterward_afterward_afterward 1756184922464 360 215 touchmove -55.8 443.4 0.576561 0.576561 0 afterward 0
afterward_afterward_afterward 1756184922481 360 215 touchmove -48.5 441.2 0.741775 0.741775 0 afterward 0
afterward_afterward_afterward 1756184922498 360 215 touchmove -41.2 438.8 0.544931 0.544931 0 afterward 0
afterward_afterward_afterward 1756184922515 360 215 touchmove -34.0 436.3 0.732953 0.732953 0 afterward 0
afterward_afterward_afterward 1756184922531 360 215 touchmove -26.7 433.8 0.791096 0.791096 0 afterward 0
afterward_afterward_afterward 1756184922548 360 215 touchmove -19.4 431.4 0.689955 0.689955 0 afterward 0
afterward_afterward_afterward 1756184922565 360 215 touchmove -12.1 428.9 0.639520 0.639520 0 afterward 0
afterward_afterward_afterward 1756184922582 360 215 touchmove -5.0 426.4 0.772328 0.772328 0 afterward 0
afterward_afterward_afterward 1756184922599 360 215 touchmove 2.2 423.8 0.544453 0.544453 0 afterward 0
afterward_afterward_afterward 1756184922616 360 215 touchmove 9.3 421.4 0.603022 0.603022 0 afterward 0
afterward_afterward_afterward 1756184922633 360 215 touchmove 16.4 418.9 0.602915 0.602915 0 afterward 0
afterward_afterward_afterward 1756184922650 360 215 touchmove 23.4 416.5 0.665811 0.665811 0 afterward 0
afterward_afterward_afterward 1756184922666 360 215 touchmove 30.5 414.0 0.736323 0.736323 0 afterward 0
afterward_afterward_afterward 1756184922683 360 215 touchmove 37.6 411.5 0.603206 0.603206 0 afterward 0
afterward_afterward_afterward 1756184922700 360 215 touchmove 44.8 409.0 0.591516 0.591516 0 afterward 0
afterward_afterward_afterward 1756184922717 360 215 touchmove 51.5 406.9 0.688715 0.688715 0 afterward 0
afterward_afterward_afterward 1756184922734 360 215 touchmove 56.7 406.3 0.620715 0.620715 0 afterward 0
afterward_afterward_afterward 1756184922751 360 215 touchmove 60.4 407.0 0.667004 0.667004 0 afterward 0
afterward_afterward_afterward 1756184922768 360 215 touchmove 62.6 409.0 0.780054 0.780054 0 afterward 0
afterward_afterward_afterward 1756184922785 360 215 touchmove 63.1 412.2 0.501561 0.501561 0 afterward 0
afterward_afterward_afterward 1756184922801 360 215 touchmove 62.0 416.7 0.603862 0.603862 0 afterward 0
afterward_afterward_afterward 1756184922818 360 215 touchmove 59.3 422.5 0.591005 0.591005 0 afterward 0
afterward_afterward_afterward 1756184922835 360 215 touchmove 55.5 429.1 0.737794 0.737794 0 afterward 0
afterward_afterward_afterward 1756184922852 360 215 touchmove 51.6 435.7 0.793080 0.793080 0 afterward 0
afterward_afterward_afterward 1756184922869 360 215 touchmove 47.8 442.2 0.754798 0.754798 0 afterward 0
afterward_afterward_afterward 1756184922886 360 215 touchmove 43.8 448.9 0.708399 0.708399 0 afterward 0
afterward_afterward_afterward 1756184922903 360 215 touchmove 40.0 455.5 0.641590 0.641590 0 afterward 0
afterward_afterward_afterward 1756184922920 360 215 touchend 36.0 462.4 0.540113 0.540113 0 afterward 0