sentence timestamp keyb_width keyb_height event x_pos y_pos x_radius y_radius angle word is_err
owing_owing_owing 1756184920417 360 215 touchstart 433.3 400.6 0.539188 0.539188 0 owing 0
owing_owing_owing 1756184920433 360 215 touchmove 416.9 399.9 0.639557 0.639557 0 owing 0
owing_owing_owing 1756184920450 360 215 touchmove 401.1 400.1 0.733089 0.733089 0 owing 0
owing_owing_owing 1756184920467 360 215 touchmove 385.1 400.9 0.568320 0.568320 0 owing 0
owing_owing_owing 1756184920484 360 215 touchmove 369.4 401.1 0.534263 0.534263 0 owing 0
owing_owing_owing 1756184920501 360 215 touchmove 353.6 401.3 0.518202 0.518202 0 owing 0
owing_owing_owing 1756184920518 360 215 touchmove 338.0 401.5 0.675003 0.675003 0 owing 0
owing_owing_owing 1756184920535 360 215 touchmove 322.4 401.3 0.721052 0.721052 0 owing 0
owing_owing_owing 1756184920552 360 215 touchmove 307.0 401.2 0.753729 0.753729 0 owing 0
owing_owing_owing 1756184920568 360 215 touchmove 291.6 401.3 0.607659 0.607659 0 owing 0
owing_owing_owing 1756184920585 360 215 touchmove 276.1 401.4 0.537114 0.537114 0 owing 0
owing_owing_owing 1756184920602 360 215 touchmove 260.4 401.5 0.735434 0.735434 0 owing 0
owing_owing_owing 1756184920619 360 215 touchmove 244.8 401.4 0.581285 0.581285 0 owing 0
owing_owing_owing 1756184920636 360 215 touchmove 229.0 401.4 0.643759 0.643759 0 owing 0
owing_owing_owing 1756184920653 360 215 touchmove 213.5 401.5 0.666910 0.666910 0 owing 0
owing_owing_owing 1756184920670 360 215 touchmove 197.8 401.5 0.612509 0.612509 0 owing 0
owing_owing_owing 1756184920687 360 215 touchmove 182.0 401.6 0.729304 0.729304 0 owing 0
owing_owing_owing 1756184920704 360 215 touchmove 166.2 401.7 0.715363 0.715363 0 owing 0
owing_owing_owing 1756184920720 360 215 touchmove 150.6 401.6 0.646168 0.646168 0 owing 0
owing_owing_owing 1756184920737 360 215 touchmove 134.8 401.7 0.664704 0.664704 0 owing 0
owing_owing_owing 1756184920754 360 215 touchmove 119.0 401.8 0.594170 0.594170 0 owing 0
owing_owing_owing 1756184920771 360 215 touchmove 102.9 401.8 0.779860 0.779860 0 owing 0
owing_owing_owing 1756184920788 360 215 touchmove 86.9 401.9 0.504661 0.504661 0 owing 0
owing_owing_owing 1756184920805 360 215 touchmove 71.1 401.8 0.671625 0.671625 0 owing 0
owing_owing_owing 1756184920822 360 215 touchmove 55.4 401.7 0.661424 0.661424 0 owing 0
owing_owing_owing 1756184920839 360 215 touchmove 39.8 401.5 0.609212 0.609212 0 owing 0
owing_owing_owing 1756184920855 360 215 touchmove 24.2 401.3 0.698596 0.698596 0 owing 0
owing_owing_owing 1756184920872 360 215 touchmove 8.7 400.9 0.650008 0.650008 0 owing 0
owing_owing_owing 1756184920889 360 215 touchmove -6.8 400.6 0.622742 0.622742 0 owing 0
owing_owing_owing 1756184920906 360 215 touchmove -22.2 400.1 0.627412 0.627412 0 owing 0
owing_owing_owing 1756184920923 360 215 touchmove -34.0 399.6 0.626266 0.626266 0 owing 0
owing_owing_owing 1756184920940 360 215 touchmove -41.4 399.0 0.700988 0.700988 0 owing 0
owing_owing_owing 1756184920957 360 215 touchmove -44.9 399.0 0.772084 0.772084 0 owing 0
owing_owing_owing 1756184920974 360 215 touchmove -43.8 399.0 0.616441 0.616441 0 owing 0
owing_owing_owing 1756184920991 360 215 touchmove -38.0 399.1 0.631898 0.631898 0 owing 0
owing_owing_owing 1756184921007 360 215 touchmove -27.7 399.4 0.768828 0.768828 0 owing 0
owing_owing_owing 1756184921024 360 215 touchmove -12.9 399.5 0.639362 0.639362 0 owing 0
owing_owing_owing 1756184921041 360 215 touchmove 2.5 399.7 0.508461 0.508461 0 owing 0
owing_owing_owing 1756184921058 360 215 touchmove 18.1 400.2 0.534560 0.534560 0 owing 0
owing_owing_owing 1756184921075 360 215 touchmove 34.0 400.0 0.501260 0.501260 0 owing 0
owing_owing_owing 1756184921092 360 215 touchmove 49.7 399.9 0.785190 0.785190 0 owing 0
owing_owing_owing 1756184921109 360 215 touchmove 65.4 399.9 0.675179 0.675179 0 owing 0
owing_owing_owing 1756184921126 360 215 touchmove 81.1 400.0 0.544019 0.544019 0 owing 0
owing_owing_owing 1756184921142 360 215 touchmove 96.7 400.5 0.758144 0.758144 0 owing 0
owing_owing_owing 1756184921159 360 215 touchmove 112.7 401.2 0.517182 0.517182 0 owing 0
owing_owing_owing 1756184921176 360 215 touchmove 128.3 401.7 0.659983 0.659983 0 owing 0
owing_owing_owing 1756184921193 360 215 touchmove 144.0 401.9 0.740976 0.740976 0 owing 0
owing_owing_owing 1756184921210 360 215 touchmove 159.7 402.0 0.549815 0.549815 0 owing 0
owing_owing_owing 1756184921227 360 215 touchmove 175.3 401.9 0.732354 0.732354 0 owing 0
owing_owing_owing 1756184921244 360 215 touchmove 191.0 401.7 0.629357 0.629357 0 owing 0
owing_owing_owing 1756184921261 360 215 touchmove 206.4 401.3 0.659592 0.659592 0 owing 0
owing_owing_owing 1756184921278 360 215 touchmove 221.3 400.4 0.641006 0.641006 0 owing 0
owing_owing_owing 1756184921294 360 215 touchmove 236.6 399.9 0.597474 0.597474 0 owing 0
owing_owing_owing 1756184921311 360 215 touchmove 252.0 399.7 0.507927 0.507927 0 owing 0
owing_owing_owing 1756184921328 360 215 touchmove 267.4 399.4 0.558844 0.558844 0 owing 0
owing_owing_owing 1756184921345 360 215 touchmove 282.7 399.4 0.633468 0.633468 0 owing 0
owing_owing_owing 1756184921362 360 215 touchmove 298.1 399.4 0.795138 0.795138 0 owing 0
owing_owing_owing 1756184921379 360 215 touchmove 313.3 399.7 0.646325 0.646325 0 owing 0
owing_owing_owing 1756184921396 360 215 touchmove 325.4 402.2 0.511137 0.511137 0 owing 0
owing_owing_owing 1756184921413 360 215 touchmove 334.2 406.4 0.742883 0.742883 0 owing 0
owing_owing_owing 1756184921429 360 215 touchmove 339.5 412.9 0.765530 0.765530 0 owing 0
owing_owing_owing 1756184921446 360 215 touchmove 341.6 421.3 0.726207 0.726207 0 owing 0
owing_owing_owing 1756184921463 360 215 touchmove 340.8 431.2 0.640992 0.640992 0 owing 0
owing_owing_owing 1756184921480 360 215 touchmove 336.3 442.8 0.642791 0.642791 0 owing 0
owing_owing_owing 1756184921497 360 215 touchmove 328.7 456.2 0.564463 0.564463 0 owing 0
owing_owing_owing 1756184921514 360 215 touchmove 320.8 469.8 0.614269 0.614269 0 owing 0
owing_owing_owing 1756184921531 360 215 touchmove 313.1 483.4 0.725633 0.725633 0 owing 0
owing_owing_owing 1756184921548 360 215 touchmove 304.5 493.8 0.531876 0.531876 0 owing 0
owing_owing_owing 1756184921565 360 215 touchmove 295.1 501.4 0.567034 0.567034 0 owing 0
owing_owing_owing 1756184921581 360 215 touchmove 284.3 506.3 0.741981 0.741981 0 owing 0
owing_owing_owing 1756184921598 360 215 touchmove 272.9 508.3 0.732601 0.732601 0 owing 0
owing_owing_owing 1756184921615 360 215 touchmove 260.7 507.3 0.735371 0.735371 0 owing 0
owing_owing_owing 1756184921632 360 215 touchmove 248.2 503.2 0.603675 0.603675 0 owing 0
owing_owing_owing 1756184921649 360 215 touchmove 234.5 495.6 0.749471 0.749471 0 owing 0
owing_owing_owing 1756184921666 360 215 touchmove 221.0 488.0 0.749088 0.749088 0 owing 0
owing_owing_owing 1756184921683 360 215 touchmove 208.1 482.2 0.653326 0.653326 0 owing 0
owing_owing_owing 1756184921700 360 215 touchmove 193.9 471.2 0.618528 0.618528 0 owing 0
owing_owing_owing 1756184921717 360 215 touchend 180.5 463.9 0.645079 0.645079 0 owing 0