sentence timestamp keyb_width keyb_height event x_pos y_pos x_radius y_radius angle word is_err
messing_messing_messing 1756184920903 360 215 touchstart 361.0 526.5 0.622738 0.622738 0 messing 0
messing_messing_messing 1756184920919 360 215 touchmove 347.2 522.7 0.787099 0.787099 0 messing 0
messing_messing_messing 1756184920936 360 215 touchmove 335.5 518.8 0.568364 0.568364 0 messing 0
messing_messing_messing 1756184920953 360 215 touchmove 323.0 511.9 0.543357 0.543357 0 messing 0
messing_messing_messing 1756184920970 360 215 touchmove 309.9 506.8 0.755506 0.755506 0 messing 0
messing_messing_messing 1756184920987 360 215 touchmove 296.9 501.7 0.620073 0.620073 0 messing 0
messing_messing_messing 1756184921004 360 215 touchmove 283.8 496.8 0.745745 0.745745 0 messing 0
messing_messing_messing 1756184921021 360 215 touchmove 270.6 492.1 0.575460 0.575460 0 messing 0
messing_messing_messing 1756184921037 360 215 touchmove 257.2 487.4 0.699257 0.699257 0 messing 0
messing_messing_messing 1756184921054 360 215 touchmove 243.8 482.9 0.556884 0.556884 0 messing 0
messing_messing_messing 1756184921071 360 215 touchmove 230.6 478.8 0.580604 0.580604 0 messing 0
messing_messing_messing 1756184921088 360 215 touchmove 217.8 474.9 0.614147 0.614147 0 messing 0
messing_messing_messing 1756184921105 360 215 touchmove 204.6 471.1 0.759098 0.759098 0 messing 0
messing_messing_messing 1756184921122 360 215 touchmove 191.6 466.8 0.768920 0.768920 0 messing 0
messing_messing_messing 1756184921139 360 215 touchmove 178.5 462.7 0.755625 0.755625 0 messing 0
messing_messing_messing 1756184921156 360 215 touchmove 165.9 458.6 0.543656 0.543656 0 messing 0
messing_messing_messing 1756184921172 360 215 touchmove 153.4 454.3 0.571487 0.571487 0 messing 0
messing_messing_messing 1756184921189 360 215 touchmove 141.0 450.1 0.556861 0.556861 0 messing 0
messing_messing_messing 1756184921206 360 215 touchmove 128.5 445.7 0.605025 0.605025 0 messing 0
messing_messing_messing 1756184921223 360 215 touchmove 116.7 441.0 0.616526 0.616526 0 messing 0
messing_messing_messing 1756184921240 360 215 touchmove 104.3 436.7 0.745082 0.745082 0 messing 0
messing_messing_messing 1756184921257 360 215 touchmove 92.0 432.2 0.517690 0.517690 0 messing 0
messing_messing_messing 1756184921274 360 215 touchmove 79.4 427.7 0.527648 0.527648 0 messing 0
messing_messing_messing 1756184921290 360 215 touchmove 66.4 423.5 0.672095 0.672095 0 messing 0
messing_messing_messing 1756184921307 360 215 touchmove 53.4 419.0 0.526651 0.526651 0 messing 0
messing_messing_messing 1756184921324 360 215 touchmove 40.2 414.6 0.690757 0.690757 0 messing 0
messing_messing_messing 1756184921341 360 215 touchmove 27.6 412.1 0.594980 0.594980 0 messing 0
messing_messing_messing 1756184921358 360 215 touchmove 16.3 411.9 0.630671 0.630671 0 messing 0
messing_messing_messing 1756184921375 360 215 touchmove 5.8 414.0 0.606666 0.606666 0 messing 0
messing_messing_messing 1756184921392 360 215 touchmove -3.8 418.7 0.679489 0.679489 0 messing 0
messing_messing_messing 1756184921409 360 215 touchmove -12.1 425.4 0.596511 0.596511 0 messing 0
messing_messing_messing 1756184921425 360 215 touchmove -18.5 433.8 0.791056 0.791056 0 messing 0
messing_messing_messing 1756184921442 360 215 touchmove -21.3 442.3 0.534056 0.534056 0 messing 0
messing_messing_messing 1756184921459 360 215 touchmove -20.7 449.2 0.675590 0.675590 0 messing 0
messing_messing_messing 1756184921476 360 215 touchmove -17.3 454.5 0.528822 0.528822 0 messing 0
messing_messing_messing 1756184921493 360 215 touchmove -11.2 457.7 0.598891 0.598891 0 messing 0
messing_messing_messing 1756184921510 360 215 touchmove -2.4 458.6 0.769010 0.769010 0 messing 0
messing_messing_messing 1756184921527 360 215 touchmove 9.3 457.5 0.620118 0.620118 0 messing 0
messing_messing_messing 1756184921543 360 215 touchmove 22.9 455.0 0.688032 0.688032 0 messing 0
messing_messing_messing 1756184921560 360 215 touchmove 36.6 452.4 0.530658 0.530658 0 messing 0
messing_messing_messing 1756184921577 360 215 touchmove 50.1 450.2 0.707984 0.707984 0 messing 0
messing_messing_messing 1756184921594 360 215 touchmove 63.7 447.5 0.597157 0.597157 0 messing 0
messing_messing_messing 1756184921611 360 215 touchmove 77.3 445.0 0.791019 0.791019 0 messing 0
messing_messing_messing 1756184921628 360 215 touchmove 91.1 442.9 0.680702 0.680702 0 messing 0
messing_messing_messing 1756184921645 360 215 touchmove 104.6 440.9 0.590846 0.590846 0 messing 0
messing_messing_messing 1756184921662 360 215 touchmove 117.8 438.8 0.597580 0.597580 0 messing 0
messing_messing_messing 1756184921678 360 215 touchmove 131.4 436.9 0.526582 0.526582 0 messing 0
messing_messing_messing 1756184921695 360 215 touchmove 144.7 434.7 0.504092 0.504092 0 messing 0
messing_messing_messing 1756184921712 360 215 touchmove 158.0 432.4 0.700161 0.700161 0 messing 0
messing_messing_messing 1756184921729 360 215 touchmove 171.7 430.1 0.710050 0.710050 0 messing 0
messing_messing_messing 1756184921746 360 215 touchmove 184.7 427.5 0.678694 0.678694 0 messing 0
messing_messing_messing 1756184921763 360 215 touchmove 197.9 425.1 0.775718 0.775718 0 messing 0
messing_messing_messing 1756184921780 360 215 touchmove 211.5 422.9 0.751356 0.751356 0 messing 0
messing_messing_messing 1756184921796 360 215 touchmove 225.2 420.3 0.564832 0.564832 0 messing 0
messing_messing_messing 1756184921813 360 215 touchmove 238.9 417.9 0.510207 0.510207 0 messing 0
messing_messing_messing 1756184921830 360 215 touchmove 251.9 415.6 0.544721 0.544721 0 messing 0
messing_messing_messing 1756184921847 360 215 touchmove 264.9 413.3 0.717176 0.717176 0 messing 0
messing_messing_messing 1756184921864 360 215 touchmove 278.4 411.2 0.735305 0.735305 0 messing 0
messing_messing_messing 1756184921881 360 215 touchmove 291.8 409.0 0.631204 0.631204 0 messing 0
messing_messing_messing 1756184921898 360 215 touchmove 305.1 406.9 0.673405 0.673405 0 messing 0
messing_messing_messing 1756184921915 360 215 touchmove 318.2 404.6 0.583855 0.583855 0 messing 0
messing_messing_messing 1756184921931 360 215 touchmove 328.9 404.1 0.694980 0.694980 0 messing 0
messing_messing_messing 1756184921948 360 215 touchmove 337.1 406.0 0.690659 0.690659 0 messing 0
messing_messing_messing 1756184921965 360 215 touchmove 342.1 409.7 0.541953 0.541953 0 messing 0
messing_messing_messing 1756184921982 360 215 touchmove 344.4 415.7 0.504234 0.504234 0 messing 0
messing_messing_messing 1756184921999 360 215 touchmove 343.9 423.8 0.523371 0.523371 0 messing 0
messing_messing_messing 1756184922016 360 215 touchmove 340.3 433.5 0.552568 0.552568 0 messing 0
messing_messing_messing 1756184922033 360 215 touchmove 334.0 445.6 0.798154 0.798154 0 messing 0
messing_messing_messing 1756184922049 360 215 touchmove 327.2 458.0 0.750972 0.750972 0 messing 0
messing_messing_messing 1756184922066 360 215 touchmove 320.8 470.0 0.695047 0.695047 0 messing 0
messing_messing_messing 1756184922083 360 215 touchmove 314.4 482.0 0.683847 0.683847 0 messing 0
messing_messing_messing 1756184922100 360 215 touchmove 307.9 493.0 0.617338 0.617338 0 messing 0
messing_messing_messing 1756184922117 360 215 touchmove 300.5 501.5 0.664556 0.664556 0 messing 0
messing_messing_messing 1756184922134 360 215 touchmove 292.0 507.7 0.714592 0.714592 0 messing 0
messing_messing_messing 1756184922151 360 215 touchmove 282.5 510.8 0.783896 0.783896 0 messing 0
messing_messing_messing 1756184922168 360 215 touchmove 272.5 511.2 0.696987 0.696987 0 messing 0
messing_messing_messing 1756184922184 360 215 touchmove 261.6 509.2 0.709217 0.709217 0 messing 0
messing_messing_messing 1756184922201 360 215 touchmove 250.1 504.3 0.725818 0.725818 0 messing 0
messing_messing_messing 1756184922218 360 215 touchmove 237.9 497.4 0.761662 0.761662 0 messing 0
messing_messing_messing 1756184922235 360 215 touchmove 226.0 490.2 0.783879 0.783879 0 messing 0
messing_messing_messing 1756184922252 360 215 touchmove 214.1 482.7 0.598739 0.598739 0 messing 0
messing_messing_messing 1756184922269 360 215 touchmove 202.8 476.5 0.797841 0.797841 0 messing 0
messing_messing_messing 1756184922286 360 215 touchmove 191.3 469.1 0.592141 0.592141 0 messing 0
messing_messing_messing 1756184922303 360 215 touchend 178.3 460.5 0.510949 0.510949 0 messing 0