sentence timestamp keyb_width keyb_height event x_pos y_pos x_radius y_radius angle word is_err
breathe_breathe_breathe 1756184912417 360 215 touchstart 215.6 524.9 0.585067 0.585067 0 breathe 0
breathe_breathe_breathe 1756184912433 360 215 touchmove 205.7 516.6 0.647323 0.647323 0 breathe 0
breathe_breathe_breathe 1756184912450 360 215 touchmove 196.2 507.7 0.500687 0.500687 0 breathe 0
breathe_breathe_breathe 1756184912467 360 215 touchmove 186.8 500.6 0.500605 0.500605 0 breathe 0
breathe_breathe_breathe 1756184912484 360 215 touchmove 177.9 492.3 0.624833 0.624833 0 breathe 0
breathe_breathe_breathe 1756184912501 360 215 touchmove 168.8 484.1 0.721039 0.721039 0 breathe 0
breathe_breathe_breathe 1756184912518 360 215 touchmove 159.7 476.1 0.559228 0.559228 0 breathe 0
breathe_breathe_breathe 1756184912535 360 215 touchmove 150.7 467.7 0.710475 0.710475 0 breathe 0
breathe_breathe_breathe 1756184912551 360 215 touchmove 141.3 459.6 0.589968 0.589968 0 breathe 0
breathe_breathe_breathe 1756184912568 360 215 touchmove 131.8 451.4 0.565571 0.565571 0 breathe 0
breathe_breathe_breathe 1756184912585 360 215 touchmove 122.3 443.4 0.614953 0.614953 0 breathe 0
breathe_breathe_breathe 1756184912602 360 215 touchmove 112.0 435.1 0.735973 0.735973 0 breathe 0
breathe_breathe_breathe 1756184912619 360 215 touchmove 102.3 426.8 0.780945 0.780945 0 breathe 0
breathe_breathe_breathe 1756184912636 360 215 touchmove 92.3 419.2 0.719506 0.719506 0 breathe 0
breathe_breathe_breathe 1756184912653 360 215 touchmove 82.0 412.9 0.517439 0.517439 0 breathe 0
breathe_breathe_breathe 1756184912670 360 215 touchmove 71.3 407.8 0.630453 0.630453 0 breathe 0
breathe_breathe_breathe 1756184912686 360 215 touchmove 60.2 403.9 0.733882 0.733882 0 breathe 0
breathe_breathe_breathe 1756184912703 360 215 touchmove 48.9 401.0 0.619299 0.619299 0 breathe 0
breathe_breathe_breathe 1756184912720 360 215 touchmove 37.3 399.7 0.551005 0.551005 0 breathe 0
breathe_breathe_breathe 1756184912737 360 215 touchmove 25.1 400.5 0.713615 0.713615 0 breathe 0
breathe_breathe_breathe 1756184912754 360 215 touchmove 13.1 402.8 0.552643 0.552643 0 breathe 0
breathe_breathe_breathe 1756184912771 360 215 touchmove 1.0 406.1 0.607762 0.607762 0 breathe 0
breathe_breathe_breathe 1756184912788 360 215 touchmove -10.6 410.1 0.674984 0.674984 0 breathe 0
breathe_breathe_breathe 1756184912804 360 215 touchmove -21.9 414.6 0.794884 0.794884 0 breathe 0
breathe_breathe_breathe 1756184912821 360 215 touchmove -32.7 420.3 0.674846 0.674846 0 breathe 0
breathe_breathe_breathe 1756184912838 360 215 touchmove -42.7 426.6 0.659027 0.659027 0 breathe 0
breathe_breathe_breathe 1756184912855 360 215 touchmove -52.9 432.5 0.562679 0.562679 0 breathe 0
breathe_breathe_breathe 1756184912872 360 215 touchmove -63.3 438.5 0.552961 0.552961 0 breathe 0
breathe_breathe_breathe 1756184912889 360 215 touchmove -73.9 443.6 0.721878 0.721878 0 breathe 0
breathe_breathe_breathe 1756184912906 360 215 touchmove -82.0 447.9 0.713127 0.713127 0 breathe 0
breathe_breathe_breathe 1756184912923 360 215 touchmove -87.0 451.0 0.661973 0.661973 0 breathe 0
breathe_breathe_breathe 1756184912939 360 215 touchmove -89.1 452.6 0.513505 0.513505 0 breathe 0
breathe_breathe_breathe 1756184912956 360 215 touchmove -88.3 453.7 0.559788 0.559788 0 breathe 0
breathe_breathe_breathe 1756184912973 360 215 touchmove -83.4 453.4 0.556761 0.556761 0 breathe 0
breathe_breathe_breathe 1756184912990 360 215 touchmove -75.0 451.8 0.576881 0.576881 0 breathe 0
breathe_breathe_breathe 1756184913007 360 215 touchmove -63.1 449.1 0.533433 0.533433 0 breathe 0
breathe_breathe_breathe 1756184913024 360 215 touchmove -50.6 446.5 0.506107 0.506107 0 breathe 0
breathe_breathe_breathe 1756184913041 360 215 touchmove -38.1 443.9 0.664158 0.664158 0 breathe 0
breathe_breathe_breathe 1756184913057 360 215 touchmove -25.6 441.4 0.663569 0.663569 0 breathe 0
breathe_breathe_breathe 1756184913074 360 215 touchmove -13.2 438.5 0.543722 0.543722 0 breathe 0
breathe_breathe_breathe 1756184913091 360 215 touchmove -1.5 435.3 0.715918 0.715918 0 breathe 0
breathe_breathe_breathe 1756184913108 360 215 touchmove 10.5 432.5 0.610808 0.610808 0 breathe 0
breathe_breathe_breathe 1756184913125 360 215 touchmove 22.5 429.4 0.606528 0.606528 0 breathe 0
breathe_breathe_breathe 1756184913142 360 215 touchmove 34.9 425.9 0.628381 0.628381 0 breathe 0
breathe_breathe_breathe 1756184913159 360 215 touchmove 47.3 422.6 0.775096 0.775096 0 breathe 0
breathe_breathe_breathe 1756184913176 360 215 touchmove 59.7 419.5 0.772359 0.772359 0 breathe 0
breathe_breathe_breathe 1756184913192 360 215 touchmove 72.1 416.4 0.522594 0.522594 0 breathe 0
breathe_breathe_breathe 1756184913209 360 215 touchmove 84.5 413.8 0.652668 0.652668 0 breathe 0
breathe_breathe_breathe 1756184913226 360 215 touchmove 96.5 410.9 0.642230 0.642230 0 breathe 0
breathe_breathe_breathe 1756184913243 360 215 touchmove 109.0 408.5 0.722674 0.722674 0 breathe 0
breathe_breathe_breathe 1756184913260 360 215 touchmove 121.1 407.6 0.516688 0.516688 0 breathe 0
breathe_breathe_breathe 1756184913277 360 215 touchmove 132.8 407.8 0.692202 0.692202 0 breathe 0
breathe_breathe_breathe 1756184913294 360 215 touchmove 144.0 409.0 0.643918 0.643918 0 breathe 0
breathe_breathe_breathe 1756184913310 360 215 touchmove 155.6 411.3 0.551930 0.551930 0 breathe 0
breathe_breathe_breathe 1756184913327 360 215 touchmove 167.2 414.7 0.555855 0.555855 0 breathe 0
breathe_breathe_breathe 1756184913344 360 215 touchmove 177.8 419.4 0.665617 0.665617 0 breathe 0
breathe_breathe_breathe 1756184913361 360 215 touchmove 188.1 425.3 0.679700 0.679700 0 breathe 0
breathe_breathe_breathe 1756184913378 360 215 touchmove 198.4 431.2 0.557621 0.557621 0 breathe 0
breathe_breathe_breathe 1756184913395 360 215 touchmove 209.0 437.3 0.679422 0.679422 0 breathe 0
breathe_breathe_breathe 1756184913412 360 215 touchmove 220.1 443.3 0.769735 0.769735 0 breathe 0
breathe_breathe_breathe 1756184913429 360 215 touchmove 227.8 448.3 0.573127 0.573127 0 breathe 0
breathe_breathe_breathe 1756184913445 360 215 touchmove 231.9 452.0 0.678003 0.678003 0 breathe 0
breathe_breathe_breathe 1756184913462 360 215 touchmove 233.2 454.2 0.522840 0.522840 0 breathe 0
breathe_breathe_breathe 1756184913479 360 215 touchmove 230.6 454.7 0.608794 0.608794 0 breathe 0
breathe_breathe_breathe 1756184913496 360 215 touchmove 225.0 453.9 0.559939 0.559939 0 breathe 0
breathe_breathe_breathe 1756184913513 360 215 touchmove 216.2 452.0 0.577061 0.577061 0 breathe 0
breathe_breathe_breathe 1756184913530 360 215 touchmove 203.8 448.9 0.641356 0.641356 0 breathe 0
breathe_breathe_breathe 1756184913547 360 215 touchmove 191.5 445.7 0.557316 0.557316 0 breathe 0
breathe_breathe_breathe 1756184913563 360 215 touchmove 179.6 442.7 0.571511 0.571511 0 breathe 0
breathe_breathe_breathe 1756184913580 360 215 touchmove 167.7 439.6 0.754787 0.754787 0 breathe 0
breathe_breathe_breathe 1756184913597 360 215 touchmove 156.0 436.9 0.747462 0.747462 0 breathe 0
breathe_breathe_breathe 1756184913614 360 215 touchmove 143.8 434.1 0.694873 0.694873 0 breathe 0
breathe_breathe_breathe 1756184913631 360 215 touchmove 131.9 431.4 0.580984 0.580984 0 breathe 0
breathe_breathe_breathe 1756184913648 360 215 touchmove 119.8 428.3 0.500874 0.500874 0 breathe 0
breathe_breathe_breathe 1756184913665 360 215 touchmove 107.6 425.4 0.621909 0.621909 0 breathe 0
breathe_breathe_breathe 1756184913682 360 215 touchmove 95.4 422.5 0.713468 0.713468 0 breathe 0
breathe_breathe_breathe 1756184913698 360 215 touchmove 83.7 419.9 0.697015 0.697015 0 breathe 0
breathe_breathe_breathe 1756184913715 360 215 touchmove 71.7 417.2 0.690590 0.690590 0 breathe 0
breathe_breathe_breathe 1756184913732 360 215 touchmove 59.8 414.7 0.627241 0.627241 0 breathe 0
breathe_breathe_breathe 1756184913749 360 215 touchmove 48.1 412.1 0.645796 0.645796 0 breathe 0
breathe_breathe_breathe 1756184913766 360 215 touchmove 36.4 409.9 0.646692 0.646692 0 breathe 0
breathe_breathe_breathe 1756184913783 360 215 touchmove 23.2 407.5 0.507329 0.507329 0 breathe 0
breathe_breathe_breathe 1756184913800 360 215 touchmove 12.9 405.6 0.694703 0.694703 0 breathe 0
breathe_breathe_breathe 1756184913817 360 215 touchend 1.2 402.5 0.577368 0.577368 0 breathe 0