sentence timestamp keyb_width keyb_height event x_pos y_pos x_radius y_radius angle word is_err
nightmare_nightmare_nightmare 1756184913473 360 215 touchstart 287.8 525.1 0.789443 0.789443 0 nightmare 0
nightmare_nightmare_nightmare 1756184913489 360 215 touchmove 292.2 515.3 0.716462 0.716462 0 nightmare 0
nightmare_nightmare_nightmare 1756184913506 360 215 touchmove 297.6 505.3 0.510665 0.510665 0 nightmare 0
nightmare_nightmare_nightmare 1756184913523 360 215 touchmove 303.5 495.8 0.559040 0.559040 0 nightmare 0
nightmare_nightmare_nightmare 1756184913540 360 215 touchmove 308.9 486.4 0.616121 0.616121 0 nightmare 0
nightmare_nightmare_nightmare 1756184913557 360 215 touchmove 314.4 476.7 0.525051 0.525051 0 nightmare 0
nightmare_nightmare_nightmare 1756184913574 360 215 touchmove 319.9 467.1 0.674234 0.674234 0 nightmare 0
nightmare_nightmare_nightmare 1756184913590 360 215 touchmove 325.6 457.9 0.787114 0.787114 0 nightmare 0
nightmare_nightmare_nightmare 1756184913607 360 215 touchmove 331.1 448.6 0.721780 0.721780 0 nightmare 0
nightmare_nightmare_nightmare 1756184913624 360 215 touchmove 336.4 438.9 0.608571 0.608571 0 nightmare 0
nightmare_nightmare_nightmare 1756184913641 360 215 touchmove 341.7 429.3 0.768401 0.768401 0 nightmare 0
nightmare_nightmare_nightmare 1756184913658 360 215 touchmove 345.4 421.4 0.510519 0.510519 0 nightmare 0
nightmare_nightmare_nightmare 1756184913675 360 215 touchmove 347.1 415.5 0.580166 0.580166 0 nightmare 0
nightmare_nightmare_nightmare 1756184913691 360 215 touchmove 346.3 411.5 0.647986 0.647986 0 nightmare 0
nightmare_nightmare_nightmare 1756184913708 360 215 touchmove 343.1 409.2 0.564992 0.564992 0 nightmare 0
nightmare_nightmare_nightmare 1756184913725 360 215 touchmove 337.9 408.9 0.701600 0.701600 0 nightmare 0
nightmare_nightmare_nightmare 1756184913742 360 215 touchmove 330.6 410.4 0.678112 0.678112 0 nightmare 0
nightmare_nightmare_nightmare 1756184913759 360 215 touchmove 321.0 413.8 0.691551 0.691551 0 nightmare 0
nightmare_nightmare_nightmare 1756184913776 360 215 touchmove 310.7 417.3 0.579751 0.579751 0 nightmare 0
nightmare_nightmare_nightmare 1756184913792 360 215 touchmove 300.3 421.0 0.709918 0.709918 0 nightmare 0
nightmare_nightmare_nightmare 1756184913809 360 215 touchmove 290.0 424.8 0.605906 0.605906 0 nightmare 0
nightmare_nightmare_nightmare 1756184913826 360 215 touchmove 279.8 428.5 0.657669 0.657669 0 nightmare 0
nightmare_nightmare_nightmare 1756184913843 360 215 touchmove 269.6 432.2 0.785126 0.785126 0 nightmare 0
nightmare_nightmare_nightmare 1756184913860 360 215 touchmove 259.4 436.1 0.550589 0.550589 0 nightmare 0
nightmare_nightmare_nightmare 1756184913877 360 215 touchmove 249.0 439.7 0.578429 0.578429 0 nightmare 0
nightmare_nightmare_nightmare 1756184913893 360 215 touchmove 238.7 443.2 0.509595 0.509595 0 nightmare 0
nightmare_nightmare_nightmare 1756184913910 360 215 touchmove 228.4 446.7 0.678809 0.678809 0 nightmare 0
nightmare_nightmare_nightmare 1756184913927 360 215 touchmove 218.0 449.9 0.525398 0.525398 0 nightmare 0
nightmare_nightmare_nightmare 1756184913944 360 215 touchmove 208.6 453.1 0.524469 0.524469 0 nightmare 0
nightmare_nightmare_nightmare 1756184913961 360 215 touchmove 201.9 455.7 0.576280 0.576280 0 nightmare 0
nightmare_nightmare_nightmare 1756184913978 360 215 touchmove 198.4 457.6 0.780442 0.780442 0 nightmare 0
nightmare_nightmare_nightmare 1756184913994 360 215 touchmove 198.0 458.9 0.650376 0.650376 0 nightmare 0
nightmare_nightmare_nightmare 1756184914011 360 215 touchmove 200.4 459.7 0.664120 0.664120 0 nightmare 0
nightmare_nightmare_nightmare 1756184914028 360 215 touchmove 206.2 460.0 0.721842 0.721842 0 nightmare 0
nightmare_nightmare_nightmare 1756184914045 360 215 touchmove 215.1 460.4 0.709609 0.709609 0 nightmare 0
nightmare_nightmare_nightmare 1756184914062 360 215 touchmove 224.1 459.9 0.535524 0.535524 0 nightmare 0
nightmare_nightmare_nightmare 1756184914079 360 215 touchmove 230.1 458.8 0.584108 0.584108 0 nightmare 0
nightmare_nightmare_nightmare 1756184914095 360 215 touchmove 233.2 457.1 0.532393 0.532393 0 nightmare 0
nightmare_nightmare_nightmare 1756184914112 360 215 touchmove 233.3 454.7 0.770797 0.770797 0 nightmare 0
nightmare_nightmare_nightmare 1756184914129 360 215 touchmove 230.6 451.8 0.553617 0.553617 0 nightmare 0
nightmare_nightmare_nightmare 1756184914146 360 215 touchmove 224.8 447.8 0.761479 0.761479 0 nightmare 0
nightmare_nightmare_nightmare 1756184914163 360 215 touchmove 215.8 442.8 0.607403 0.607403 0 nightmare 0
nightmare_nightmare_nightmare 1756184914180 360 215 touchmove 206.1 437.3 0.786140 0.786140 0 nightmare 0
nightmare_nightmare_nightmare 1756184914196 360 215 touchmove 196.7 431.7 0.557563 0.557563 0 nightmare 0
nightmare_nightmare_nightmare 1756184914213 360 215 touchmove 187.1 426.3 0.528377 0.528377 0 nightmare 0
nightmare_nightmare_nightmare 1756184914230 360 215 touchmove 177.7 420.8 0.542614 0.542614 0 nightmare 0
nightmare_nightmare_nightmare 1756184914247 360 215 touchmove 169.1 415.6 0.650903 0.650903 0 nightmare 0
nightmare_nightmare_nightmare 1756184914264 360 215 touchmove 163.3 412.1 0.675923 0.675923 0 nightmare 0
nightmare_nightmare_nightmare 1756184914281 360 215 touchmove 160.1 410.0 0.777949 0.777949 0 nightmare 0
nightmare_nightmare_nightmare 1756184914297 360 215 touchmove 159.6 409.5 0.643775 0.643775 0 nightmare 0
nightmare_nightmare_nightmare 1756184914314 360 215 touchmove 161.9 410.5 0.684706 0.684706 0 nightmare 0
nightmare_nightmare_nightmare 1756184914331 360 215 touchmove 166.7 412.8 0.663619 0.663619 0 nightmare 0
nightmare_nightmare_nightmare 1756184914348 360 215 touchmove 174.5 417.0 0.665079 0.665079 0 nightmare 0
nightmare_nightmare_nightmare 1756184914365 360 215 touchmove 184.4 422.3 0.742876 0.742876 0 nightmare 0
nightmare_nightmare_nightmare 1756184914382 360 215 touchmove 194.1 427.7 0.655086 0.655086 0 nightmare 0
nightmare_nightmare_nightmare 1756184914398 360 215 touchmove 203.9 433.3 0.559127 0.559127 0 nightmare 0
nightmare_nightmare_nightmare 1756184914415 360 215 touchmove 213.6 439.0 0.517596 0.517596 0 nightmare 0
nightmare_nightmare_nightmare 1756184914432 360 215 touchmove 223.1 444.6 0.695450 0.695450 0 nightmare 0
nightmare_nightmare_nightmare 1756184914449 360 215 touchmove 232.9 450.5 0.700541 0.700541 0 nightmare 0
nightmare_nightmare_nightmare 1756184914466 360 215 touchmove 242.5 456.2 0.643185 0.643185 0 nightmare 0
nightmare_nightmare_nightmare 1756184914483 360 215 touchmove 251.7 461.8 0.768734 0.768734 0 nightmare 0
nightmare_nightmare_nightmare 1756184914499 360 215 touchmove 260.9 467.3 0.570826 0.570826 0 nightmare 0
nightmare_nightmare_nightmare 1756184914516 360 215 touchmove 270.1 472.9 0.594769 0.594769 0 nightmare 0
nightmare_nightmare_nightmare 1756184914533 360 215 touchmove 279.6 478.3 0.621233 0.621233 0 nightmare 0
nightmare_nightmare_nightmare 1756184914550 360 215 touchmove 289.0 483.5 0.572234 0.572234 0 nightmare 0
nightmare_nightmare_nightmare 1756184914567 360 215 touchmove 298.4 488.7 0.654448 0.654448 0 nightmare 0
nightmare_nightmare_nightmare 1756184914584 360 215 touchmove 307.8 494.1 0.700310 0.700310 0 nightmare 0
nightmare_nightmare_nightmare 1756184914600 360 215 touchmove 317.2 499.4 0.676659 0.676659 0 nightmare 0
nightmare_nightmare_nightmare 1756184914617 360 215 touchmove 327.0 504.7 0.701908 0.701908 0 nightmare 0
nightmare_nightmare_nightmare 1756184914634 360 215 touchmove 335.5 509.6 0.609446 0.609446 0 nightmare 0
nightmare_nightmare_nightmare 1756184914651 360 215 touchmove 340.8 513.5 0.798395 0.798395 0 nightmare 0
nightmare_nightmare_nightmare 1756184914668 360 215 touchmove 343.4 516.9 0.569846 0.569846 0 nightmare 0
nightmare_nightmare_nightmare 1756184914685 360 215 touchmove 342.7 519.0 0.754717 0.754717 0 nightmare 0
nightmare_nightmare_nightmare 1756184914701 360 215 touchmove 339.4 520.1 0.640940 0.640940 0 nightmare 0
nightmare_nightmare_nightmare 1756184914718 360 215 touchmove 333.2 520.2 0.778631 0.778631 0 nightmare 0
nightmare_nightmare_nightmare 1756184914735 360 215 touchmove 324.0 519.6 0.707370 0.707370 0 nightmare 0
nightmare_nightmare_nightmare 1756184914752 360 215 touchmove 312.9 518.4 0.781926 0.781926 0 nightmare 0
nightmare_nightmare_nightmare 1756184914769 360 215 touchmove 301.8 517.1 0.547942 0.547942 0 nightmare 0
nightmare_nightmare_nightmare 1756184914786 360 215 touchmove 290.6 515.7 0.673413 0.673413 0 nightmare 0
nightmare_nightmare_nightmare 1756184914802 360 215 touchmove 279.6 514.5 0.585196 0.585196 0 nightmare 0
nightmare_nightmare_nightmare 1756184914819 360 215 touchmove 268.5 513.5 0.660792 0.660792 0 nightmare 0
nightmare_nightmare_nightmare 1756184914836 360 215 touchmove 257.4 512.2 0.754544 0.754544 0 nightmare 0
nightmare_nightmare_nightmare 1756184914853 360 215 touchmove 246.6 510.6 0.697329 0.697329 0 nightmare 0
nightmare_nightmare_nightmare 1756184914870 360 215 touchmove 236.0 509.2 0.549774 0.549774 0 nightmare 0
nightmare_nightmare_nightmare 1756184914887 360 215 touchmove 225.4 507.9 0.556284 0.556284 0 nightmare 0
nightmare_nightmare_nightmare 1756184914903 360 215 touchmove 214.8 506.5 0.537511 0.537511 0 nightmare 0
nightmare_nightmare_nightmare 1756184914920 360 215 touchmove 204.2 505.0 0.739891 0.739891 0 nightmare 0
nightmare_nightmare_nightmare 1756184914937 360 215 touchmove 193.6 503.5 0.768026 0.768026 0 nightmare 0
nightmare_nightmare_nightmare 1756184914954 360 215 touchmove 183.1 502.1 0.634794 0.634794 0 nightmare 0
nightmare_nightmare_nightmare 1756184914971 360 215 touchmove 172.1 500.9 0.640056 0.640056 0 nightmare 0
nightmare_nightmare_nightmare 1756184914988 360 215 touchmove 160.8 499.6 0.524650 0.524650 0 nightmare 0
nightmare_nightmare_nightmare 1756184915004 360 215 touchmove 149.4 498.4 0.712405 0.712405 0 nightmare 0
nightmare_nightmare_nightmare 1756184915021 360 215 touchmove 138.2 497.3 0.697453 0.697453 0 nightmare 0
nightmare_nightmare_nightmare 1756184915038 360 215 touchmove 127.0 496.2 0.762322 0.762322 0 nightmare 0
nightmare_nightmare_nightmare 1756184915055 360 215 touchmove 116.0 495.1 0.534416 0.534416 0 nightmare 0
nightmare_nightmare_nightmare 1756184915072 360 215 touchmove 105.2 493.9 0.730397 0.730397 0 nightmare 0
nightmare_nightmare_nightmare 1756184915089 360 215 touchmove 94.4 492.5 0.539160 0.539160 0 nightmare 0
nightmare_nightmare_nightmare 1756184915105 360 215 touchmove 84.0 490.8 0.757075 0.757075 0 nightmare 0
nightmare_nightmare_nightmare 1756184915122 360 215 touchmove 73.6 489.1 0.700791 0.700791 0 nightmare 0
nightmare_nightmare_nightmare 1756184915139 360 215 touchmove 63.1 487.3 0.741695 0.741695 0 nightmare 0
nightmare_nightmare_nightmare 1756184915156 360 215 touchmove 52.5 485.2 0.754805 0.754805 0 nightmare 0
nightmare_nightmare_nightmare 1756184915173 360 215 touchmove 41.6 483.3 0.647145 0.647145 0 nightmare 0
nightmare_nightmare_nightmare 1756184915190 360 215 touchmove 30.5 481.4 0.511122 0.511122 0 nightmare 0
nightmare_nightmare_nightmare 1756184915206 360 215 touchmove 19.7 479.8 0.762106 0.762106 0 nightmare 0
nightmare_nightmare_nightmare 1756184915223 360 215 touchmove 8.8 478.1 0.613935 0.613935 0 nightmare 0
nightmare_nightmare_nightmare 1756184915240 360 215 touchmove -2.0 476.5 0.535750 0.535750 0 nightmare 0
nightmare_nightmare_nightmare 1756184915257 360 215 touchmove -12.8 475.0 0.596421 0.596421 0 nightmare 0
nightmare_nightmare_nightmare 1756184915274 360 215 touchmove -23.4 473.7 0.593101 0.593101 0 nightmare 0
nightmare_nightmare_nightmare 1756184915291 360 215 touchmove -34.1 472.3 0.577822 0.577822 0 nightmare 0
nightmare_nightmare_nightmare 1756184915307 360 215 touchmove -45.0 470.9 0.672781 0.672781 0 nightmare 0
nightmare_nightmare_nightmare 1756184915324 360 215 touchmove -55.9 469.4 0.669553 0.669553 0 nightmare 0
nightmare_nightmare_nightmare 1756184915341 360 215 touchmove -66.5 468.0 0.742953 0.742953 0 nightmare 0
nightmare_nightmare_nightmare 1756184915358 360 215 touchmove -77.1 466.6 0.535125 0.535125 0 nightmare 0
nightmare_nightmare_nightmare 1756184915375 360 215 touchmove -84.5 464.7 0.798924 0.798924 0 nightmare 0
nightmare_nightmare_nightmare 1756184915392 360 215 touchmove -89.1 462.7 0.545726 0.545726 0 nightmare 0
nightmare_nightmare_nightmare 1756184915408 360 215 touchmove -90.4 460.4 0.597153 0.597153 0 nightmare 0
nightmare_nightmare_nightmare 1756184915425 360 215 touchmove -88.7 457.8 0.755959 0.755959 0 nightmare 0
nightmare_nightmare_nightmare 1756184915442 360 215 touchmove -83.9 454.6 0.688359 0.688359 0 nightmare 0
nightmare_nightmare_nightmare 1756184915459 360 215 touchmove -76.4 451.1 0.606870 0.606870 0 nightmare 0
nightmare_nightmare_nightmare 1756184915476 360 215 touchmove -66.0 447.1 0.562578 0.562578 0 nightmare 0
nightmare_nightmare_nightmare 1756184915493 360 215 touchmove -55.5 443.3 0.706686 0.706686 0 nightmare 0
nightmare_nightmare_nightmare 1756184915509 360 215 touchmove -44.9 439.7 0.766801 0.766801 0 nightmare 0
nightmare_nightmare_nightmare 1756184915526 360 215 touchmove -34.5 436.2 0.717869 0.717869 0 nightmare 0
nightmare_nightmare_nightmare 1756184915543 360 215 touchmove -23.9 433.0 0.795986 0.795986 0 nightmare 0
nightmare_nightmare_nightmare 1756184915560 360 215 touchmove -13.6 429.7 0.749046 0.749046 0 nightmare 0
nightmare_nightmare_nightmare 1756184915577 360 215 touchmove -3.3 426.6 0.691087 0.691087 0 nightmare 0
nightmare_nightmare_nightmare 1756184915594 360 215 touchmove 7.0 423.6 0.566146 0.566146 0 nightmare 0
nightmare_nightmare_nightmare 1756184915610 360 215 touchmove 17.2 420.3 0.792443 0.792443 0 nightmare 0
nightmare_nightmare_nightmare 1756184915627 360 215 touchmove 27.1 416.7 0.731481 0.731481 0 nightmare 0
nightmare_nightmare_nightmare 1756184915644 360 215 touchmove 37.3 413.0 0.504661 0.504661 0 nightmare 0
nightmare_nightmare_nightmare 1756184915661 360 215 touchmove 45.6 409.5 0.721134 0.721134 0 nightmare 0
nightmare_nightmare_nightmare 1756184915678 360 215 touchmove 51.1 406.5 0.797039 0.797039 0 nightmare 0
nightmare_nightmare_nightmare 1756184915695 360 215 touchmove 53.7 403.8 0.578532 0.578532 0 nightmare 0
nightmare_nightmare_nightmare 1756184915711 360 215 touchmove 53.1 401.6 0.671568 0.671568 0 nightmare 0
nightmare_nightmare_nightmare 1756184915728 360 215 touchmove 49.6 400.2 0.724127 0.724127 0 nightmare 0
nightmare_nightmare_nightmare 1756184915745 360 215 touchmove 43.1 399.5 0.737734 0.737734 0 nightmare 0
nightmare_nightmare_nightmare 1756184915762 360 215 touchmove 33.4 399.1 0.631696 0.631696 0 nightmare 0
nightmare_nightmare_nightmare 1756184915779 360 215 touchmove 22.6 398.7 0.543569 0.543569 0 nightmare 0
nightmare_nightmare_nightmare 1756184915796 360 215 touchmove 11.8 399.7 0.691297 0.691297 0 nightmare 0
nightmare_nightmare_nightmare 1756184915813 360 215 touchend 0.2 399.8 0.535844 0.535844 0 nightmare 0