sentence timestamp keyb_width keyb_height event x_pos y_pos x_radius y_radius angle word is_err
aviation_aviation_aviation 1756184911713 360 215 touchstart -110.1 462.5 0.513793 0.513793 0 aviation 0
aviation_aviation_aviation 1756184911729 360 215 touchmove -93.9 466.1 0.667046 0.667046 0 aviation 0
aviation_aviation_aviation 1756184911746 360 215 touchmove -74.8 469.5 0.787175 0.787175 0 aviation 0
aviation_aviation_aviation 1756184911763 360 215 touchmove -57.0 474.3 0.606748 0.606748 0 aviation 0
aviation_aviation_aviation 1756184911780 360 215 touchmove -39.2 478.5 0.718853 0.718853 0 aviation 0
aviation_aviation_aviation 1756184911797 360 215 touchmove -20.7 482.7 0.611180 0.611180 0 aviation 0
aviation_aviation_aviation 1756184911814 360 215 touchmove -2.6 487.1 0.701760 0.701760 0 aviation 0
aviation_aviation_aviation 1756184911830 360 215 touchmove 15.0 492.0 0.777944 0.777944 0 aviation 0
aviation_aviation_aviation 1756184911847 360 215 touchmove 32.9 496.4 0.685918 0.685918 0 aviation 0
aviation_aviation_aviation 1756184911864 360 215 touchmove 50.8 501.0 0.574273 0.574273 0 aviation 0
aviation_aviation_aviation 1756184911881 360 215 touchmove 68.7 505.4 0.655628 0.655628 0 aviation 0
aviation_aviation_aviation 1756184911898 360 215 touchmove 86.7 510.0 0.512010 0.512010 0 aviation 0
aviation_aviation_aviation 1756184911915 360 215 touchmove 103.9 513.6 0.765770 0.765770 0 aviation 0
aviation_aviation_aviation 1756184911931 360 215 touchmove 120.8 515.1 0.643665 0.643665 0 aviation 0
aviation_aviation_aviation 1756184911948 360 215 touchmove 137.0 514.5 0.751945 0.751945 0 aviation 0
aviation_aviation_aviation 1756184911965 360 215 touchmove 153.3 512.1 0.775708 0.775708 0 aviation 0
aviation_aviation_aviation 1756184911982 360 215 touchmove 169.5 507.5 0.675155 0.675155 0 aviation 0
aviation_aviation_aviation 1756184911999 360 215 touchmove 185.5 501.0 0.707175 0.707175 0 aviation 0
aviation_aviation_aviation 1756184912016 360 215 touchmove 201.0 492.6 0.576586 0.576586 0 aviation 0
aviation_aviation_aviation 1756184912033 360 215 touchmove 216.3 483.5 0.520958 0.520958 0 aviation 0
aviation_aviation_aviation 1756184912049 360 215 touchmove 231.6 474.0 0.727536 0.727536 0 aviation 0
aviation_aviation_aviation 1756184912066 360 215 touchmove 247.2 464.7 0.513041 0.513041 0 aviation 0
aviation_aviation_aviation 1756184912083 360 215 touchmove 262.8 455.3 0.669806 0.669806 0 aviation 0
aviation_aviation_aviation 1756184912100 360 215 touchmove 278.9 446.0 0.708523 0.708523 0 aviation 0
aviation_aviation_aviation 1756184912117 360 215 touchmove 294.6 437.1 0.737214 0.737214 0 aviation 0
aviation_aviation_aviation 1756184912134 360 215 touchmove 310.0 427.9 0.522997 0.522997 0 aviation 0
aviation_aviation_aviation 1756184912150 360 215 touchmove 321.7 419.9 0.542270 0.542270 0 aviation 0
aviation_aviation_aviation 1756184912167 360 215 touchmove 328.7 414.2 0.561869 0.561869 0 aviation 0
aviation_aviation_aviation 1756184912184 360 215 touchmove 331.0 410.0 0.725008 0.725008 0 aviation 0
aviation_aviation_aviation 1756184912201 360 215 touchmove 327.8 407.8 0.715487 0.715487 0 aviation 0
aviation_aviation_aviation 1756184912218 360 215 touchmove 319.5 407.5 0.783015 0.783015 0 aviation 0
aviation_aviation_aviation 1756184912235 360 215 touchmove 306.7 408.8 0.782695 0.782695 0 aviation 0
aviation_aviation_aviation 1756184912251 360 215 touchmove 289.3 411.3 0.668312 0.668312 0 aviation 0
aviation_aviation_aviation 1756184912268 360 215 touchmove 270.8 413.9 0.682046 0.682046 0 aviation 0
aviation_aviation_aviation 1756184912285 360 215 touchmove 252.6 416.4 0.760941 0.760941 0 aviation 0
aviation_aviation_aviation 1756184912302 360 215 touchmove 234.7 419.2 0.716698 0.716698 0 aviation 0
aviation_aviation_aviation 1756184912319 360 215 touchmove 216.8 421.4 0.733655 0.733655 0 aviation 0
aviation_aviation_aviation 1756184912336 360 215 touchmove 199.1 423.2 0.773518 0.773518 0 aviation 0
aviation_aviation_aviation 1756184912353 360 215 touchmove 181.3 425.1 0.512415 0.512415 0 aviation 0
aviation_aviation_aviation 1756184912369 360 215 touchmove 163.5 427.1 0.519614 0.519614 0 aviation 0
aviation_aviation_aviation 1756184912386 360 215 touchmove 145.4 429.6 0.709702 0.709702 0 aviation 0
aviation_aviation_aviation 1756184912403 360 215 touchmove 127.2 432.1 0.604228 0.604228 0 aviation 0
aviation_aviation_aviation 1756184912420 360 215 touchmove 109.1 434.5 0.626125 0.626125 0 aviation 0
aviation_aviation_aviation 1756184912437 360 215 touchmove 91.2 437.0 0.562128 0.562128 0 aviation 0
aviation_aviation_aviation 1756184912454 360 215 touchmove 73.2 439.7 0.596876 0.596876 0 aviation 0
aviation_aviation_aviation 1756184912470 360 215 touchmove 55.3 442.2 0.665641 0.665641 0 aviation 0
aviation_aviation_aviation 1756184912487 360 215 touchmove 37.7 444.9 0.709408 0.709408 0 aviation 0
aviation_aviation_aviation 1756184912504 360 215 touchmove 20.4 447.2 0.769473 0.769473 0 aviation 0
aviation_aviation_aviation 1756184912521 360 215 touchmove 3.2 449.6 0.637019 0.637019 0 aviation 0
aviation_aviation_aviation 1756184912538 360 215 touchmove -14.5 451.7 0.709778 0.709778 0 aviation 0
aviation_aviation_aviation 1756184912555 360 215 touchmove -32.1 453.9 0.561086 0.561086 0 aviation 0
aviation_aviation_aviation 1756184912571 360 215 touchmove -50.0 456.0 0.739245 0.739245 0 aviation 0
aviation_aviation_aviation 1756184912588 360 215 touchmove -64.0 457.4 0.612373 0.612373 0 aviation 0
aviation_aviation_aviation 1756184912605 360 215 touchmove -73.2 457.7 0.609259 0.609259 0 aviation 0
aviation_aviation_aviation 1756184912622 360 215 touchmove -77.4 457.2 0.719007 0.719007 0 aviation 0
aviation_aviation_aviation 1756184912639 360 215 touchmove -76.7 455.5 0.696725 0.696725 0 aviation 0
aviation_aviation_aviation 1756184912656 360 215 touchmove -70.6 453.1 0.599147 0.599147 0 aviation 0
aviation_aviation_aviation 1756184912673 360 215 touchmove -59.4 449.7 0.772435 0.772435 0 aviation 0
aviation_aviation_aviation 1756184912689 360 215 touchmove -42.8 445.3 0.647601 0.647601 0 aviation 0
aviation_aviation_aviation 1756184912706 360 215 touchmove -25.4 440.3 0.753727 0.753727 0 aviation 0
aviation_aviation_aviation 1756184912723 360 215 touchmove -8.3 435.7 0.781122 0.781122 0 aviation 0
aviation_aviation_aviation 1756184912740 360 215 touchmove 8.6 431.4 0.569502 0.569502 0 aviation 0
aviation_aviation_aviation 1756184912757 360 215 touchmove 26.0 427.3 0.616346 0.616346 0 aviation 0
aviation_aviation_aviation 1756184912774 360 215 touchmove 43.4 423.1 0.772205 0.772205 0 aviation 0
aviation_aviation_aviation 1756184912790 360 215 touchmove 61.0 419.0 0.537614 0.537614 0 aviation 0
aviation_aviation_aviation 1756184912807 360 215 touchmove 78.5 414.7 0.590643 0.590643 0 aviation 0
aviation_aviation_aviation 1756184912824 360 215 touchmove 96.3 410.9 0.706169 0.706169 0 aviation 0
aviation_aviation_aviation 1756184912841 360 215 touchmove 114.6 407.8 0.579168 0.579168 0 aviation 0
aviation_aviation_aviation 1756184912858 360 215 touchmove 133.3 405.0 0.792825 0.792825 0 aviation 0
aviation_aviation_aviation 1756184912875 360 215 touchmove 151.9 402.3 0.689273 0.689273 0 aviation 0
aviation_aviation_aviation 1756184912891 360 215 touchmove 170.4 400.0 0.591749 0.591749 0 aviation 0
aviation_aviation_aviation 1756184912908 360 215 touchmove 188.3 398.1 0.645594 0.645594 0 aviation 0
aviation_aviation_aviation 1756184912925 360 215 touchmove 206.4 397.4 0.753653 0.753653 0 aviation 0
aviation_aviation_aviation 1756184912942 360 215 touchmove 224.7 397.4 0.780827 0.780827 0 aviation 0
aviation_aviation_aviation 1756184912959 360 215 touchmove 242.7 397.5 0.735538 0.735538 0 aviation 0
aviation_aviation_aviation 1756184912976 360 215 touchmove 260.7 397.4 0.512427 0.512427 0 aviation 0
aviation_aviation_aviation 1756184912993 360 215 touchmove 278.7 397.6 0.707281 0.707281 0 aviation 0
aviation_aviation_aviation 1756184913009 360 215 touchmove 296.8 398.2 0.720948 0.720948 0 aviation 0
aviation_aviation_aviation 1756184913026 360 215 touchmove 315.1 399.1 0.501862 0.501862 0 aviation 0
aviation_aviation_aviation 1756184913043 360 215 touchmove 333.2 399.3 0.743030 0.743030 0 aviation 0
aviation_aviation_aviation 1756184913060 360 215 touchmove 351.4 399.2 0.563171 0.563171 0 aviation 0
aviation_aviation_aviation 1756184913077 360 215 touchmove 369.8 399.0 0.717771 0.717771 0 aviation 0
aviation_aviation_aviation 1756184913094 360 215 touchmove 385.5 400.0 0.626512 0.626512 0 aviation 0
aviation_aviation_aviation 1756184913110 360 215 touchmove 396.4 402.7 0.795721 0.795721 0 aviation 0
aviation_aviation_aviation 1756184913127 360 215 touchmove 403.0 407.1 0.627439 0.627439 0 aviation 0
aviation_aviation_aviation 1756184913144 360 215 touchmove 405.2 413.2 0.615261 0.615261 0 aviation 0
aviation_aviation_aviation 1756184913161 360 215 touchmove 403.0 421.3 0.651966 0.651966 0 aviation 0
aviation_aviation_aviation 1756184913178 360 215 touchmove 395.9 430.8 0.741984 0.741984 0 aviation 0
aviation_aviation_aviation 1756184913195 360 215 touchmove 384.2 442.2 0.613078 0.613078 0 aviation 0
aviation_aviation_aviation 1756184913211 360 215 touchmove 370.5 454.0 0.725837 0.725837 0 aviation 0
aviation_aviation_aviation 1756184913228 360 215 touchmove 356.8 466.0 0.693066 0.693066 0 aviation 0
aviation_aviation_aviation 1756184913245 360 215 touchmove 343.0 478.0 0.644429 0.644429 0 aviation 0
aviation_aviation_aviation 1756184913262 360 215 touchmove 329.0 489.7 0.732643 0.732643 0 aviation 0
aviation_aviation_aviation 1756184913279 360 215 touchmove 314.4 502.0 0.532509 0.532509 0 aviation 0
aviation_aviation_aviation 1756184913296 360 215 touchmove 301.3 513.5 0.654719 0.654719 0 aviation 0
aviation_aviation_aviation 1756184913313 360 215 touchend 287.7 525.0 0.553803 0.553803 0 aviation 0