sentence timestamp keyb_width keyb_height event x_pos y_pos x_radius y_radius angle word is_err
assured_assured_assured 1756184915673 360 215 touchstart -107.5 462.4 0.527747 0.527747 0 assured 0
assured_assured_assured 1756184915689 360 215 touchmove -100.3 461.8 0.789945 0.789945 0 assured 0
assured_assured_assured 1756184915706 360 215 touchmove -92.4 461.3 0.708236 0.708236 0 assured 0
assured_assured_assured 1756184915723 360 215 touchmove -84.8 461.6 0.511012 0.511012 0 assured 0
assured_assured_assured 1756184915740 360 215 touchmove -77.2 461.5 0.529052 0.529052 0 assured 0
assured_assured_assured 1756184915757 360 215 touchmove -69.5 461.4 0.623025 0.623025 0 assured 0
assured_assured_assured 1756184915774 360 215 touchmove -61.8 461.6 0.631743 0.631743 0 assured 0
assured_assured_assured 1756184915791 360 215 touchmove -54.2 461.6 0.514085 0.514085 0 assured 0
assured_assured_assured 1756184915808 360 215 touchmove -46.5 461.2 0.787494 0.787494 0 assured 0
assured_assured_assured 1756184915825 360 215 touchmove -38.7 460.6 0.614222 0.614222 0 assured 0
assured_assured_assured 1756184915842 360 215 touchmove -31.1 459.9 0.540160 0.540160 0 assured 0
assured_assured_assured 1756184915859 360 215 touchmove -23.4 459.0 0.526301 0.526301 0 assured 0
assured_assured_assured 1756184915876 360 215 touchmove -15.9 458.0 0.647065 0.647065 0 assured 0
assured_assured_assured 1756184915893 360 215 touchmove -8.2 456.6 0.561792 0.561792 0 assured 0
assured_assured_assured 1756184915910 360 215 touchmove -0.6 455.3 0.709882 0.709882 0 assured 0
assured_assured_assured 1756184915927 360 215 touchmove 6.9 453.9 0.501911 0.501911 0 assured 0
assured_assured_assured 1756184915944 360 215 touchmove 14.3 452.6 0.520920 0.520920 0 assured 0
assured_assured_assured 1756184915961 360 215 touchmove 21.8 451.1 0.559251 0.559251 0 assured 0
assured_assured_assured 1756184915978 360 215 touchmove 29.3 449.6 0.504791 0.504791 0 assured 0
assured_assured_assured 1756184915995 360 215 touchmove 36.8 448.0 0.620702 0.620702 0 assured 0
assured_assured_assured 1756184916012 360 215 touchmove 44.4 446.4 0.667905 0.667905 0 assured 0
assured_assured_assured 1756184916029 360 215 touchmove 51.9 444.9 0.604542 0.604542 0 assured 0
assured_assured_assured 1756184916046 360 215 touchmove 59.6 443.4 0.683461 0.683461 0 assured 0
assured_assured_assured 1756184916063 360 215 touchmove 67.3 442.0 0.573453 0.573453 0 assured 0
assured_assured_assured 1756184916080 360 215 touchmove 75.0 440.5 0.681803 0.681803 0 assured 0
assured_assured_assured 1756184916097 360 215 touchmove 82.7 439.1 0.594788 0.594788 0 assured 0
assured_assured_assured 1756184916114 360 215 touchmove 90.3 437.6 0.610718 0.610718 0 assured 0
assured_assured_assured 1756184916131 360 215 touchmove 97.8 436.1 0.739368 0.739368 0 assured 0
assured_assured_assured 1756184916148 360 215 touchmove 105.4 434.5 0.558283 0.558283 0 assured 0
assured_assured_assured 1756184916165 360 215 touchmove 112.9 433.0 0.768771 0.768771 0 assured 0
assured_assured_assured 1756184916182 360 215 touchmove 120.3 431.5 0.715764 0.715764 0 assured 0
assured_assured_assured 1756184916199 360 215 touchmove 127.7 430.0 0.592724 0.592724 0 assured 0
assured_assured_assured 1756184916216 360 215 touchmove 135.0 428.5 0.505817 0.505817 0 assured 0
assured_assured_assured 1756184916233 360 215 touchmove 142.3 427.1 0.605839 0.605839 0 assured 0
assured_assured_assured 1756184916249 360 215 touchmove 149.7 425.6 0.718786 0.718786 0 assured 0
assured_assured_assured 1756184916266 360 215 touchmove 157.1 424.2 0.788267 0.788267 0 assured 0
assured_assured_assured 1756184916283 360 215 touchmove 164.7 422.6 0.510537 0.510537 0 assured 0
assured_assured_assured 1756184916300 360 215 touchmove 172.3 421.2 0.510174 0.510174 0 assured 0
assured_assured_assured 1756184916317 360 215 touchmove 179.9 419.8 0.690240 0.690240 0 assured 0
assured_assured_assured 1756184916334 360 215 touchmove 187.6 418.2 0.562899 0.562899 0 assured 0
assured_assured_assured 1756184916351 360 215 touchmove 195.5 416.8 0.525847 0.525847 0 assured 0
assured_assured_assured 1756184916368 360 215 touchmove 203.4 415.4 0.730851 0.730851 0 assured 0
assured_assured_assured 1756184916385 360 215 touchmove 211.1 414.1 0.628222 0.628222 0 assured 0
assured_assured_assured 1756184916402 360 215 touchmove 218.7 412.6 0.775333 0.775333 0 assured 0
assured_assured_assured 1756184916419 360 215 touchmove 226.3 411.1 0.753284 0.753284 0 assured 0
assured_assured_assured 1756184916436 360 215 touchmove 233.8 409.7 0.695746 0.695746 0 assured 0
assured_assured_assured 1756184916453 360 215 touchmove 241.3 408.3 0.513420 0.513420 0 assured 0
assured_assured_assured 1756184916470 360 215 touchmove 248.7 407.0 0.526433 0.526433 0 assured 0
assured_assured_assured 1756184916487 360 215 touchmove 256.0 405.6 0.545019 0.545019 0 assured 0
assured_assured_assured 1756184916504 360 215 touchmove 263.5 404.2 0.524602 0.524602 0 assured 0
assured_assured_assured 1756184916521 360 215 touchmove 269.4 403.0 0.571449 0.571449 0 assured 0
assured_assured_assured 1756184916538 360 215 touchmove 273.1 402.0 0.571593 0.571593 0 assured 0
assured_assured_assured 1756184916555 360 215 touchmove 274.6 401.2 0.636118 0.636118 0 assured 0
assured_assured_assured 1756184916572 360 215 touchmove 274.0 400.6 0.679817 0.679817 0 assured 0
assured_assured_assured 1756184916589 360 215 touchmove 271.2 400.2 0.534942 0.534942 0 assured 0
assured_assured_assured 1756184916606 360 215 touchmove 266.1 400.1 0.502420 0.502420 0 assured 0
assured_assured_assured 1756184916623 360 215 touchmove 258.9 400.2 0.737702 0.737702 0 assured 0
assured_assured_assured 1756184916640 360 215 touchmove 251.1 400.3 0.603840 0.603840 0 assured 0
assured_assured_assured 1756184916657 360 215 touchmove 243.3 400.4 0.533223 0.533223 0 assured 0
assured_assured_assured 1756184916674 360 215 touchmove 235.4 400.5 0.533295 0.533295 0 assured 0
assured_assured_assured 1756184916691 360 215 touchmove 227.7 400.6 0.751241 0.751241 0 assured 0
assured_assured_assured 1756184916708 360 215 touchmove 220.0 400.5 0.628802 0.628802 0 assured 0
assured_assured_assured 1756184916725 360 215 touchmove 212.3 400.3 0.674376 0.674376 0 assured 0
assured_assured_assured 1756184916742 360 215 touchmove 204.7 400.0 0.642982 0.642982 0 assured 0
assured_assured_assured 1756184916759 360 215 touchmove 197.0 399.9 0.687735 0.687735 0 assured 0
assured_assured_assured 1756184916776 360 215 touchmove 189.4 399.8 0.729787 0.729787 0 assured 0
assured_assured_assured 1756184916793 360 215 touchmove 181.9 399.8 0.696358 0.696358 0 assured 0
assured_assured_assured 1756184916809 360 215 touchmove 174.2 399.8 0.723196 0.723196 0 assured 0
assured_assured_assured 1756184916826 360 215 touchmove 166.5 399.9 0.600841 0.600841 0 assured 0
assured_assured_assured 1756184916843 360 215 touchmove 158.8 400.0 0.529908 0.529908 0 assured 0
assured_assured_assured 1756184916860 360 215 touchmove 151.0 400.0 0.756289 0.756289 0 assured 0
assured_assured_assured 1756184916877 360 215 touchmove 143.3 400.0 0.730449 0.730449 0 assured 0
assured_assured_assured 1756184916894 360 215 touchmove 135.7 400.1 0.531215 0.531215 0 assured 0
assured_assured_assured 1756184916911 360 215 touchmove 128.1 400.1 0.695710 0.695710 0 assured 0
assured_assured_assured 1756184916928 360 215 touchmove 120.5 400.0 0.518547 0.518547 0 assured 0
assured_assured_assured 1756184916945 360 215 touchmove 112.9 400.0 0.507808 0.507808 0 assured 0
assured_assured_assured 1756184916962 360 215 touchmove 105.3 400.0 0.723550 0.723550 0 assured 0
assured_assured_assured 1756184916979 360 215 touchmove 97.6 400.0 0.560835 0.560835 0 assured 0
assured_assured_assured 1756184916996 360 215 touchmove 90.0 400.1 0.759508 0.759508 0 assured 0
assured_assured_assured 1756184917013 360 215 touchmove 82.2 400.0 0.663904 0.663904 0 assured 0
assured_assured_assured 1756184917030 360 215 touchmove 74.5 400.0 0.695167 0.695167 0 assured 0
assured_assured_assured 1756184917047 360 215 touchmove 66.8 400.1 0.559961 0.559961 0 assured 0
assured_assured_assured 1756184917064 360 215 touchmove 59.1 400.3 0.672285 0.672285 0 assured 0
assured_assured_assured 1756184917081 360 215 touchmove 51.4 400.3 0.670470 0.670470 0 assured 0
assured_assured_assured 1756184917098 360 215 touchmove 43.6 400.3 0.574204 0.574204 0 assured 0
assured_assured_assured 1756184917115 360 215 touchmove 35.9 400.3 0.610424 0.610424 0 assured 0
assured_assured_assured 1756184917132 360 215 touchmove 28.1 400.4 0.507477 0.507477 0 assured 0
assured_assured_assured 1756184917149 360 215 touchmove 21.0 400.7 0.791660 0.791660 0 assured 0
assured_assured_assured 1756184917166 360 215 touchmove 15.5 402.0 0.567016 0.567016 0 assured 0
assured_assured_assured 1756184917183 360 215 touchmove 11.7 404.2 0.684301 0.684301 0 assured 0
assured_assured_assured 1756184917200 360 215 touchmove 9.4 407.3 0.689376 0.689376 0 assured 0
assured_assured_assured 1756184917217 360 215 touchmove 8.7 411.3 0.619715 0.619715 0 assured 0
assured_assured_assured 1756184917234 360 215 touchmove 9.8 416.2 0.566134 0.566134 0 assured 0
assured_assured_assured 1756184917251 360 215 touchmove 12.6 422.1 0.500661 0.500661 0 assured 0
assured_assured_assured 1756184917268 360 215 touchmove 16.5 428.8 0.798647 0.798647 0 assured 0
assured_assured_assured 1756184917285 360 215 touchmove 20.4 435.5 0.601557 0.601557 0 assured 0
assured_assured_assured 1756184917302 360 215 touchmove 24.3 442.1 0.731647 0.731647 0 assured 0
assured_assured_assured 1756184917319 360 215 touchmove 28.8 449.0 0.642198 0.642198 0 assured 0
assured_assured_assured 1756184917336 360 215 touchmove 32.8 456.5 0.761051 0.761051 0 assured 0
assured_assured_assured 1756184917353 360 215 touchend 36.3 462.6 0.751328 0.751328 0 assured 0