sentence timestamp keyb_width keyb_height event x_pos y_pos x_radius y_radius angle word is_err
rolls_rolls_rolls 1756184912902 360 215 touchstart 68.5 401.2 0.600927 0.600927 0 rolls 0
rolls_rolls_rolls 1756184912918 360 215 touchmove 83.2 401.9 0.647808 0.647808 0 rolls 0
rolls_rolls_rolls 1756184912935 360 215 touchmove 98.3 401.6 0.721306 0.721306 0 rolls 0
rolls_rolls_rolls 1756184912952 360 215 touchmove 115.3 399.6 0.716155 0.716155 0 rolls 0
rolls_rolls_rolls 1756184912969 360 215 touchmove 131.6 399.2 0.558052 0.558052 0 rolls 0
rolls_rolls_rolls 1756184912986 360 215 touchmove 148.2 398.7 0.678653 0.678653 0 rolls 0
rolls_rolls_rolls 1756184913003 360 215 touchmove 164.8 398.3 0.597245 0.597245 0 rolls 0
rolls_rolls_rolls 1756184913020 360 215 touchmove 181.7 398.3 0.700156 0.700156 0 rolls 0
rolls_rolls_rolls 1756184913037 360 215 touchmove 198.0 398.7 0.609598 0.609598 0 rolls 0
rolls_rolls_rolls 1756184913054 360 215 touchmove 213.9 398.7 0.688120 0.688120 0 rolls 0
rolls_rolls_rolls 1756184913071 360 215 touchmove 229.9 398.1 0.735694 0.735694 0 rolls 0
rolls_rolls_rolls 1756184913088 360 215 touchmove 245.8 398.0 0.747846 0.747846 0 rolls 0
rolls_rolls_rolls 1756184913105 360 215 touchmove 261.7 397.9 0.595526 0.595526 0 rolls 0
rolls_rolls_rolls 1756184913122 360 215 touchmove 277.8 397.9 0.691786 0.691786 0 rolls 0
rolls_rolls_rolls 1756184913139 360 215 touchmove 294.2 397.7 0.705906 0.705906 0 rolls 0
rolls_rolls_rolls 1756184913156 360 215 touchmove 310.1 397.7 0.689664 0.689664 0 rolls 0
rolls_rolls_rolls 1756184913173 360 215 touchmove 326.3 397.6 0.652086 0.652086 0 rolls 0
rolls_rolls_rolls 1756184913190 360 215 touchmove 342.3 397.9 0.703383 0.703383 0 rolls 0
rolls_rolls_rolls 1756184913207 360 215 touchmove 358.1 398.2 0.569321 0.569321 0 rolls 0
rolls_rolls_rolls 1756184913224 360 215 touchmove 373.5 397.9 0.616872 0.616872 0 rolls 0
rolls_rolls_rolls 1756184913240 360 215 touchmove 388.5 398.1 0.639702 0.639702 0 rolls 0
rolls_rolls_rolls 1756184913257 360 215 touchmove 402.6 400.6 0.679738 0.679738 0 rolls 0
rolls_rolls_rolls 1756184913274 360 215 touchmove 415.8 405.0 0.561612 0.561612 0 rolls 0
rolls_rolls_rolls 1756184913291 360 215 touchmove 427.8 411.6 0.656737 0.656737 0 rolls 0
rolls_rolls_rolls 1756184913308 360 215 touchmove 438.8 420.0 0.762200 0.762200 0 rolls 0
rolls_rolls_rolls 1756184913325 360 215 touchmove 445.7 428.8 0.533093 0.533093 0 rolls 0
rolls_rolls_rolls 1756184913342 360 215 touchmove 448.8 438.4 0.638694 0.638694 0 rolls 0
rolls_rolls_rolls 1756184913359 360 215 touchmove 447.6 447.4 0.592448 0.592448 0 rolls 0
rolls_rolls_rolls 1756184913376 360 215 touchmove 442.6 454.0 0.570057 0.570057 0 rolls 0
rolls_rolls_rolls 1756184913393 360 215 touchmove 434.7 458.3 0.794725 0.794725 0 rolls 0
rolls_rolls_rolls 1756184913410 360 215 touchmove 423.5 460.7 0.666408 0.666408 0 rolls 0
rolls_rolls_rolls 1756184913427 360 215 touchmove 408.4 460.8 0.512519 0.512519 0 rolls 0
rolls_rolls_rolls 1756184913444 360 215 touchmove 393.0 460.7 0.592892 0.592892 0 rolls 0
rolls_rolls_rolls 1756184913461 360 215 touchmove 376.9 460.6 0.739734 0.739734 0 rolls 0
rolls_rolls_rolls 1756184913478 360 215 touchmove 360.8 460.8 0.643686 0.643686 0 rolls 0
rolls_rolls_rolls 1756184913495 360 215 touchmove 344.7 461.1 0.537093 0.537093 0 rolls 0
rolls_rolls_rolls 1756184913512 360 215 touchmove 328.6 461.8 0.672181 0.672181 0 rolls 0
rolls_rolls_rolls 1756184913529 360 215 touchmove 312.7 462.3 0.783446 0.783446 0 rolls 0
rolls_rolls_rolls 1756184913546 360 215 touchmove 297.1 463.0 0.761281 0.761281 0 rolls 0
rolls_rolls_rolls 1756184913563 360 215 touchmove 281.3 463.3 0.660452 0.660452 0 rolls 0
rolls_rolls_rolls 1756184913579 360 215 touchmove 265.8 463.3 0.687565 0.687565 0 rolls 0
rolls_rolls_rolls 1756184913596 360 215 touchmove 250.0 463.2 0.622575 0.622575 0 rolls 0
rolls_rolls_rolls 1756184913613 360 215 touchmove 234.1 463.5 0.513686 0.513686 0 rolls 0
rolls_rolls_rolls 1756184913630 360 215 touchmove 218.5 463.5 0.685283 0.685283 0 rolls 0
rolls_rolls_rolls 1756184913647 360 215 touchmove 202.6 463.7 0.675341 0.675341 0 rolls 0
rolls_rolls_rolls 1756184913664 360 215 touchmove 186.7 464.1 0.602787 0.602787 0 rolls 0
rolls_rolls_rolls 1756184913681 360 215 touchmove 170.6 464.0 0.618677 0.618677 0 rolls 0
rolls_rolls_rolls 1756184913698 360 215 touchmove 154.5 464.1 0.611535 0.611535 0 rolls 0
rolls_rolls_rolls 1756184913715 360 215 touchmove 138.4 463.8 0.681570 0.681570 0 rolls 0
rolls_rolls_rolls 1756184913732 360 215 touchmove 122.6 463.2 0.790342 0.790342 0 rolls 0
rolls_rolls_rolls 1756184913749 360 215 touchmove 106.6 462.9 0.764419 0.764419 0 rolls 0
rolls_rolls_rolls 1756184913766 360 215 touchmove 90.7 462.2 0.568689 0.568689 0 rolls 0
rolls_rolls_rolls 1756184913783 360 215 touchmove 74.2 461.5 0.730548 0.730548 0 rolls 0
rolls_rolls_rolls 1756184913800 360 215 touchmove 58.4 461.3 0.782012 0.782012 0 rolls 0
rolls_rolls_rolls 1756184913817 360 215 touchmove 42.5 461.4 0.737009 0.737009 0 rolls 0
rolls_rolls_rolls 1756184913834 360 215 touchmove 26.8 461.3 0.568253 0.568253 0 rolls 0
rolls_rolls_rolls 1756184913851 360 215 touchmove 10.9 461.0 0.612259 0.612259 0 rolls 0
rolls_rolls_rolls 1756184913868 360 215 touchmove -5.2 462.8 0.732858 0.732858 0 rolls 0
rolls_rolls_rolls 1756184913885 360 215 touchmove -21.2 460.2 0.548692 0.548692 0 rolls 0
rolls_rolls_rolls 1756184913902 360 215 touchend -37.1 460.4 0.689929 0.689929 0 rolls 0