sentence timestamp keyb_width keyb_height event x_pos y_pos x_radius y_radius angle word is_err
lose_lose_lose 1756184906965 360 215 touchstart 468.8 462.8 0.663248 0.663248 0 lose 0
lose_lose_lose 1756184906982 360 215 touchmove 462.9 454.0 0.539194 0.539194 0 lose 0
lose_lose_lose 1756184906999 360 215 touchmove 456.7 445.0 0.665581 0.665581 0 lose 0
lose_lose_lose 1756184907016 360 215 touchmove 451.3 435.1 0.599879 0.599879 0 lose 0
lose_lose_lose 1756184907033 360 215 touchmove 445.2 426.0 0.798349 0.798349 0 lose 0
lose_lose_lose 1756184907050 360 215 touchmove 438.4 418.6 0.558856 0.558856 0 lose 0
lose_lose_lose 1756184907067 360 215 touchmove 431.0 412.6 0.626940 0.626940 0 lose 0
lose_lose_lose 1756184907085 360 215 touchmove 422.9 408.3 0.561798 0.561798 0 lose 0
lose_lose_lose 1756184907102 360 215 touchmove 414.0 405.4 0.699521 0.699521 0 lose 0
lose_lose_lose 1756184907119 360 215 touchmove 404.4 404.2 0.593474 0.593474 0 lose 0
lose_lose_lose 1756184907136 360 215 touchmove 394.0 404.8 0.643991 0.643991 0 lose 0
lose_lose_lose 1756184907153 360 215 touchmove 383.3 406.5 0.504815 0.504815 0 lose 0
lose_lose_lose 1756184907170 360 215 touchmove 372.6 408.1 0.735748 0.735748 0 lose 0
lose_lose_lose 1756184907187 360 215 touchmove 361.8 409.4 0.798267 0.798267 0 lose 0
lose_lose_lose 1756184907205 360 215 touchmove 350.8 410.7 0.588840 0.588840 0 lose 0
lose_lose_lose 1756184907222 360 215 touchmove 339.9 412.2 0.692475 0.692475 0 lose 0
lose_lose_lose 1756184907239 360 215 touchmove 329.1 413.7 0.594498 0.594498 0 lose 0
lose_lose_lose 1756184907256 360 215 touchmove 318.1 415.2 0.501934 0.501934 0 lose 0
lose_lose_lose 1756184907273 360 215 touchmove 307.1 416.6 0.566695 0.566695 0 lose 0
lose_lose_lose 1756184907290 360 215 touchmove 296.1 418.0 0.672313 0.672313 0 lose 0
lose_lose_lose 1756184907307 360 215 touchmove 285.0 419.5 0.783225 0.783225 0 lose 0
lose_lose_lose 1756184907325 360 215 touchmove 274.1 421.1 0.636356 0.636356 0 lose 0
lose_lose_lose 1756184907342 360 215 touchmove 262.9 422.6 0.797202 0.797202 0 lose 0
lose_lose_lose 1756184907359 360 215 touchmove 251.9 424.0 0.557054 0.557054 0 lose 0
lose_lose_lose 1756184907376 360 215 touchmove 240.9 425.4 0.510272 0.510272 0 lose 0
lose_lose_lose 1756184907393 360 215 touchmove 229.9 427.0 0.588528 0.588528 0 lose 0
lose_lose_lose 1756184907410 360 215 touchmove 219.1 428.4 0.725862 0.725862 0 lose 0
lose_lose_lose 1756184907427 360 215 touchmove 208.3 429.9 0.557731 0.557731 0 lose 0
lose_lose_lose 1756184907445 360 215 touchmove 197.6 431.4 0.677580 0.677580 0 lose 0
lose_lose_lose 1756184907462 360 215 touchmove 186.9 432.8 0.761068 0.761068 0 lose 0
lose_lose_lose 1756184907479 360 215 touchmove 176.2 434.1 0.737501 0.737501 0 lose 0
lose_lose_lose 1756184907496 360 215 touchmove 165.4 435.5 0.578982 0.578982 0 lose 0
lose_lose_lose 1756184907513 360 215 touchmove 154.7 436.8 0.527091 0.527091 0 lose 0
lose_lose_lose 1756184907530 360 215 touchmove 144.0 438.3 0.532737 0.532737 0 lose 0
lose_lose_lose 1756184907547 360 215 touchmove 133.1 439.8 0.718316 0.718316 0 lose 0
lose_lose_lose 1756184907565 360 215 touchmove 122.2 441.2 0.756935 0.756935 0 lose 0
lose_lose_lose 1756184907582 360 215 touchmove 111.2 442.7 0.563345 0.563345 0 lose 0
lose_lose_lose 1756184907599 360 215 touchmove 100.3 444.4 0.538447 0.538447 0 lose 0
lose_lose_lose 1756184907616 360 215 touchmove 89.5 445.9 0.537455 0.537455 0 lose 0
lose_lose_lose 1756184907633 360 215 touchmove 78.3 447.5 0.533796 0.533796 0 lose 0
lose_lose_lose 1756184907650 360 215 touchmove 67.3 449.1 0.695846 0.695846 0 lose 0
lose_lose_lose 1756184907667 360 215 touchmove 56.5 450.7 0.779214 0.779214 0 lose 0
lose_lose_lose 1756184907685 360 215 touchmove 45.7 452.3 0.757708 0.757708 0 lose 0
lose_lose_lose 1756184907702 360 215 touchmove 34.9 453.9 0.513789 0.513789 0 lose 0
lose_lose_lose 1756184907719 360 215 touchmove 24.0 455.3 0.592999 0.592999 0 lose 0
lose_lose_lose 1756184907736 360 215 touchmove 13.1 456.8 0.649833 0.649833 0 lose 0
lose_lose_lose 1756184907753 360 215 touchmove 2.3 458.2 0.526331 0.526331 0 lose 0
lose_lose_lose 1756184907770 360 215 touchmove -7.4 458.6 0.727117 0.727117 0 lose 0
lose_lose_lose 1756184907787 360 215 touchmove -15.0 457.4 0.627516 0.627516 0 lose 0
lose_lose_lose 1756184907805 360 215 touchmove -20.0 454.6 0.546501 0.546501 0 lose 0
lose_lose_lose 1756184907822 360 215 touchmove -22.8 450.3 0.716144 0.716144 0 lose 0
lose_lose_lose 1756184907839 360 215 touchmove -23.1 444.5 0.606091 0.606091 0 lose 0
lose_lose_lose 1756184907856 360 215 touchmove -21.1 437.1 0.562575 0.562575 0 lose 0
lose_lose_lose 1756184907873 360 215 touchmove -16.8 428.3 0.733019 0.733019 0 lose 0
lose_lose_lose 1756184907890 360 215 touchmove -10.5 418.5 0.595501 0.595501 0 lose 0
lose_lose_lose 1756184907907 360 215 touchmove -5.7 409.3 0.582107 0.582107 0 lose 0
lose_lose_lose 1756184907925 360 215 touchend -0.7 399.9 0.654106 0.654106 0 lose 0