sentence timestamp keyb_width keyb_height event x_pos y_pos x_radius y_radius angle word is_err
monitors_monitors_monitors 1756184920152 360 215 touchstart 362.0 525.7 0.576399 0.576399 0 monitors 0
monitors_monitors_monitors 1756184920168 360 215 touchmove 374.9 507.2 0.628761 0.628761 0 monitors 0
monitors_monitors_monitors 1756184920185 360 215 touchmove 386.5 486.0 0.613856 0.613856 0 monitors 0
monitors_monitors_monitors 1756184920202 360 215 touchmove 395.0 468.2 0.798317 0.798317 0 monitors 0
monitors_monitors_monitors 1756184920219 360 215 touchmove 403.8 451.3 0.609294 0.609294 0 monitors 0
monitors_monitors_monitors 1756184920236 360 215 touchmove 408.0 439.4 0.616226 0.616226 0 monitors 0
monitors_monitors_monitors 1756184920253 360 215 touchmove 408.0 432.4 0.751905 0.751905 0 monitors 0
monitors_monitors_monitors 1756184920270 360 215 touchmove 404.5 430.1 0.603180 0.603180 0 monitors 0
monitors_monitors_monitors 1756184920287 360 215 touchmove 397.3 433.0 0.720680 0.720680 0 monitors 0
monitors_monitors_monitors 1756184920304 360 215 touchmove 386.6 440.8 0.559205 0.559205 0 monitors 0
monitors_monitors_monitors 1756184920321 360 215 touchmove 371.6 453.8 0.780977 0.780977 0 monitors 0
monitors_monitors_monitors 1756184920338 360 215 touchmove 354.2 468.9 0.610850 0.610850 0 monitors 0
monitors_monitors_monitors 1756184920355 360 215 touchmove 337.2 483.2 0.625267 0.625267 0 monitors 0
monitors_monitors_monitors 1756184920372 360 215 touchmove 324.0 492.8 0.783724 0.783724 0 monitors 0
monitors_monitors_monitors 1756184920389 360 215 touchmove 314.9 496.7 0.582756 0.582756 0 monitors 0
monitors_monitors_monitors 1756184920406 360 215 touchmove 310.2 495.7 0.794357 0.794357 0 monitors 0
monitors_monitors_monitors 1756184920423 360 215 touchmove 309.1 490.1 0.525994 0.525994 0 monitors 0
monitors_monitors_monitors 1756184920440 360 215 touchmove 312.1 479.4 0.527399 0.527399 0 monitors 0
monitors_monitors_monitors 1756184920457 360 215 touchmove 319.7 464.3 0.671239 0.671239 0 monitors 0
monitors_monitors_monitors 1756184920474 360 215 touchmove 328.9 445.8 0.511481 0.511481 0 monitors 0
monitors_monitors_monitors 1756184920491 360 215 touchmove 333.9 430.1 0.739993 0.739993 0 monitors 0
monitors_monitors_monitors 1756184920508 360 215 touchmove 333.2 418.0 0.759151 0.759151 0 monitors 0
monitors_monitors_monitors 1756184920525 360 215 touchmove 326.9 408.5 0.585825 0.585825 0 monitors 0
monitors_monitors_monitors 1756184920542 360 215 touchmove 316.6 401.3 0.754491 0.754491 0 monitors 0
monitors_monitors_monitors 1756184920559 360 215 touchmove 301.4 397.0 0.603252 0.603252 0 monitors 0
monitors_monitors_monitors 1756184920576 360 215 touchmove 282.1 395.4 0.654949 0.654949 0 monitors 0
monitors_monitors_monitors 1756184920593 360 215 touchmove 260.4 396.0 0.562668 0.562668 0 monitors 0
monitors_monitors_monitors 1756184920610 360 215 touchmove 238.0 396.9 0.795427 0.795427 0 monitors 0
monitors_monitors_monitors 1756184920627 360 215 touchmove 215.9 397.5 0.713877 0.713877 0 monitors 0
monitors_monitors_monitors 1756184920644 360 215 touchmove 199.7 398.2 0.504953 0.504953 0 monitors 0
monitors_monitors_monitors 1756184920661 360 215 touchmove 189.6 398.7 0.654918 0.654918 0 monitors 0
monitors_monitors_monitors 1756184920678 360 215 touchmove 185.1 398.8 0.557942 0.557942 0 monitors 0
monitors_monitors_monitors 1756184920695 360 215 touchmove 186.3 398.5 0.519392 0.519392 0 monitors 0
monitors_monitors_monitors 1756184920711 360 215 touchmove 194.2 398.3 0.581993 0.581993 0 monitors 0
monitors_monitors_monitors 1756184920728 360 215 touchmove 209.3 398.2 0.612817 0.612817 0 monitors 0
monitors_monitors_monitors 1756184920745 360 215 touchmove 230.1 398.2 0.508918 0.508918 0 monitors 0
monitors_monitors_monitors 1756184920762 360 215 touchmove 252.2 398.1 0.611947 0.611947 0 monitors 0
monitors_monitors_monitors 1756184920779 360 215 touchmove 274.0 398.2 0.714308 0.714308 0 monitors 0
monitors_monitors_monitors 1756184920796 360 215 touchmove 296.3 398.3 0.585080 0.585080 0 monitors 0
monitors_monitors_monitors 1756184920813 360 215 touchmove 319.2 399.2 0.591287 0.591287 0 monitors 0
monitors_monitors_monitors 1756184920830 360 215 touchmove 341.8 399.0 0.797796 0.797796 0 monitors 0
monitors_monitors_monitors 1756184920847 360 215 touchmove 363.3 398.5 0.656514 0.656514 0 monitors 0
monitors_monitors_monitors 1756184920864 360 215 touchmove 380.2 398.7 0.636524 0.636524 0 monitors 0
monitors_monitors_monitors 1756184920881 360 215 touchmove 390.9 399.4 0.584626 0.584626 0 monitors 0
monitors_monitors_monitors 1756184920898 360 215 touchmove 394.5 399.6 0.788961 0.788961 0 monitors 0
monitors_monitors_monitors 1756184920915 360 215 touchmove 392.0 399.4 0.703216 0.703216 0 monitors 0
monitors_monitors_monitors 1756184920932 360 215 touchmove 382.8 399.2 0.607538 0.607538 0 monitors 0
monitors_monitors_monitors 1756184920949 360 215 touchmove 367.2 399.6 0.503430 0.503430 0 monitors 0
monitors_monitors_monitors 1756184920966 360 215 touchmove 346.0 400.1 0.703348 0.703348 0 monitors 0
monitors_monitors_monitors 1756184920983 360 215 touchmove 323.1 400.3 0.600358 0.600358 0 monitors 0
monitors_monitors_monitors 1756184921000 360 215 touchmove 300.3 399.5 0.723016 0.723016 0 monitors 0
monitors_monitors_monitors 1756184921017 360 215 touchmove 277.4 399.7 0.610055 0.610055 0 monitors 0
monitors_monitors_monitors 1756184921034 360 215 touchmove 255.0 400.4 0.573234 0.573234 0 monitors 0
monitors_monitors_monitors 1756184921051 360 215 touchmove 232.6 400.3 0.528168 0.528168 0 monitors 0
monitors_monitors_monitors 1756184921068 360 215 touchmove 210.0 399.8 0.508026 0.508026 0 monitors 0
monitors_monitors_monitors 1756184921085 360 215 touchmove 187.5 399.2 0.749261 0.749261 0 monitors 0
monitors_monitors_monitors 1756184921102 360 215 touchmove 166.1 398.5 0.740843 0.740843 0 monitors 0
monitors_monitors_monitors 1756184921119 360 215 touchmove 144.5 398.5 0.786340 0.786340 0 monitors 0
monitors_monitors_monitors 1756184921136 360 215 touchmove 124.4 399.0 0.556673 0.556673 0 monitors 0
monitors_monitors_monitors 1756184921153 360 215 touchmove 104.1 400.7 0.784273 0.784273 0 monitors 0
monitors_monitors_monitors 1756184921170 360 215 touchmove 84.1 404.2 0.594535 0.594535 0 monitors 0
monitors_monitors_monitors 1756184921187 360 215 touchmove 64.6 409.7 0.567421 0.567421 0 monitors 0
monitors_monitors_monitors 1756184921204 360 215 touchmove 45.2 416.9 0.670614 0.670614 0 monitors 0
monitors_monitors_monitors 1756184921221 360 215 touchmove 25.8 425.9 0.515688 0.515688 0 monitors 0
monitors_monitors_monitors 1756184921238 360 215 touchmove 7.8 435.1 0.718500 0.718500 0 monitors 0
monitors_monitors_monitors 1756184921255 360 215 touchmove -12.2 446.0 0.661503 0.661503 0 monitors 0
monitors_monitors_monitors 1756184921271 360 215 touchend -32.4 459.6 0.709903 0.709903 0 monitors 0