sentence timestamp keyb_width keyb_height event x_pos y_pos x_radius y_radius angle word is_err
agree_agree_agree 1756184907309 360 215 touchstart -107.8 460.8 0.758258 0.758258 0 agree 0
agree_agree_agree 1756184907325 360 215 touchmove -101.0 460.4 0.513146 0.513146 0 agree 0
agree_agree_agree 1756184907342 360 215 touchmove -93.5 460.3 0.512614 0.512614 0 agree 0
agree_agree_agree 1756184907359 360 215 touchmove -88.6 460.8 0.661465 0.661465 0 agree 0
agree_agree_agree 1756184907376 360 215 touchmove -82.5 461.1 0.650459 0.650459 0 agree 0
agree_agree_agree 1756184907393 360 215 touchmove -76.1 461.4 0.588937 0.588937 0 agree 0
agree_agree_agree 1756184907410 360 215 touchmove -70.0 461.6 0.784989 0.784989 0 agree 0
agree_agree_agree 1756184907427 360 215 touchmove -64.0 461.8 0.724937 0.724937 0 agree 0
agree_agree_agree 1756184907444 360 215 touchmove -57.6 461.7 0.772705 0.772705 0 agree 0
agree_agree_agree 1756184907460 360 215 touchmove -51.4 461.9 0.754210 0.754210 0 agree 0
agree_agree_agree 1756184907477 360 215 touchmove -45.1 462.1 0.693332 0.693332 0 agree 0
agree_agree_agree 1756184907494 360 215 touchmove -38.7 461.8 0.735172 0.735172 0 agree 0
agree_agree_agree 1756184907511 360 215 touchmove -32.9 461.5 0.744528 0.744528 0 agree 0
agree_agree_agree 1756184907528 360 215 touchmove -26.9 461.2 0.696374 0.696374 0 agree 0
agree_agree_agree 1756184907545 360 215 touchmove -20.6 461.0 0.743547 0.743547 0 agree 0
agree_agree_agree 1756184907562 360 215 touchmove -14.3 461.1 0.647523 0.647523 0 agree 0
agree_agree_agree 1756184907579 360 215 touchmove -7.8 461.0 0.618258 0.618258 0 agree 0
agree_agree_agree 1756184907596 360 215 touchmove -1.4 461.0 0.757417 0.757417 0 agree 0
agree_agree_agree 1756184907612 360 215 touchmove 4.7 461.0 0.710909 0.710909 0 agree 0
agree_agree_agree 1756184907629 360 215 touchmove 11.0 461.1 0.653049 0.653049 0 agree 0
agree_agree_agree 1756184907646 360 215 touchmove 17.5 461.3 0.643551 0.643551 0 agree 0
agree_agree_agree 1756184907663 360 215 touchmove 23.9 461.2 0.793380 0.793380 0 agree 0
agree_agree_agree 1756184907680 360 215 touchmove 30.0 460.9 0.784168 0.784168 0 agree 0
agree_agree_agree 1756184907697 360 215 touchmove 35.8 461.0 0.556901 0.556901 0 agree 0
agree_agree_agree 1756184907714 360 215 touchmove 41.8 461.0 0.750386 0.750386 0 agree 0
agree_agree_agree 1756184907731 360 215 touchmove 48.0 461.0 0.564762 0.564762 0 agree 0
agree_agree_agree 1756184907747 360 215 touchmove 54.5 460.9 0.598476 0.598476 0 agree 0
agree_agree_agree 1756184907764 360 215 touchmove 60.7 461.0 0.566327 0.566327 0 agree 0
agree_agree_agree 1756184907781 360 215 touchmove 66.6 461.5 0.681976 0.681976 0 agree 0
agree_agree_agree 1756184907798 360 215 touchmove 72.7 461.9 0.511847 0.511847 0 agree 0
agree_agree_agree 1756184907815 360 215 touchmove 79.1 462.0 0.711660 0.711660 0 agree 0
agree_agree_agree 1756184907832 360 215 touchmove 85.4 461.8 0.576478 0.576478 0 agree 0
agree_agree_agree 1756184907849 360 215 touchmove 91.7 461.8 0.560286 0.560286 0 agree 0
agree_agree_agree 1756184907866 360 215 touchmove 98.0 461.7 0.790677 0.790677 0 agree 0
agree_agree_agree 1756184907883 360 215 touchmove 104.6 461.7 0.792460 0.792460 0 agree 0
agree_agree_agree 1756184907899 360 215 touchmove 111.2 461.5 0.784783 0.784783 0 agree 0
agree_agree_agree 1756184907916 360 215 touchmove 117.9 461.4 0.500573 0.500573 0 agree 0
agree_agree_agree 1756184907933 360 215 touchmove 124.5 461.1 0.611261 0.611261 0 agree 0
agree_agree_agree 1756184907950 360 215 touchmove 131.3 461.2 0.623319 0.623319 0 agree 0
agree_agree_agree 1756184907967 360 215 touchmove 138.0 461.1 0.647168 0.647168 0 agree 0
agree_agree_agree 1756184907984 360 215 touchmove 144.4 461.1 0.559743 0.559743 0 agree 0
agree_agree_agree 1756184908001 360 215 touchmove 150.6 460.9 0.644163 0.644163 0 agree 0
agree_agree_agree 1756184908018 360 215 touchmove 156.9 460.7 0.781393 0.781393 0 agree 0
agree_agree_agree 1756184908034 360 215 touchmove 162.8 460.6 0.563584 0.563584 0 agree 0
agree_agree_agree 1756184908051 360 215 touchmove 167.0 459.9 0.663408 0.663408 0 agree 0
agree_agree_agree 1756184908068 360 215 touchmove 169.5 459.1 0.555979 0.555979 0 agree 0
agree_agree_agree 1756184908085 360 215 touchmove 170.1 458.0 0.677529 0.677529 0 agree 0
agree_agree_agree 1756184908102 360 215 touchmove 169.2 456.4 0.656300 0.656300 0 agree 0
agree_agree_agree 1756184908119 360 215 touchmove 166.6 454.4 0.717159 0.717159 0 agree 0
agree_agree_agree 1756184908136 360 215 touchmove 162.1 451.9 0.520413 0.520413 0 agree 0
agree_agree_agree 1756184908153 360 215 touchmove 156.5 449.0 0.568358 0.568358 0 agree 0
agree_agree_agree 1756184908170 360 215 touchmove 150.6 446.2 0.644085 0.644085 0 agree 0
agree_agree_agree 1756184908186 360 215 touchmove 144.6 443.2 0.536179 0.536179 0 agree 0
agree_agree_agree 1756184908203 360 215 touchmove 138.9 440.3 0.781825 0.781825 0 agree 0
agree_agree_agree 1756184908220 360 215 touchmove 133.3 437.4 0.719657 0.719657 0 agree 0
agree_agree_agree 1756184908237 360 215 touchmove 127.8 434.5 0.637938 0.637938 0 agree 0
agree_agree_agree 1756184908254 360 215 touchmove 122.4 431.4 0.581437 0.581437 0 agree 0
agree_agree_agree 1756184908271 360 215 touchmove 117.1 428.1 0.650015 0.650015 0 agree 0
agree_agree_agree 1756184908288 360 215 touchmove 111.7 424.8 0.612348 0.612348 0 agree 0
agree_agree_agree 1756184908305 360 215 touchmove 106.6 421.5 0.781056 0.781056 0 agree 0
agree_agree_agree 1756184908321 360 215 touchmove 101.2 417.9 0.652095 0.652095 0 agree 0
agree_agree_agree 1756184908338 360 215 touchmove 95.6 414.3 0.798462 0.798462 0 agree 0
agree_agree_agree 1756184908355 360 215 touchmove 89.8 410.5 0.796671 0.796671 0 agree 0
agree_agree_agree 1756184908372 360 215 touchmove 84.2 407.4 0.586128 0.586128 0 agree 0
agree_agree_agree 1756184908389 360 215 touchmove 78.5 404.8 0.638111 0.638111 0 agree 0
agree_agree_agree 1756184908406 360 215 touchmove 72.8 402.5 0.570122 0.570122 0 agree 0
agree_agree_agree 1756184908423 360 215 touchmove 67.0 401.0 0.611995 0.611995 0 agree 0
agree_agree_agree 1756184908440 360 215 touchmove 61.3 400.1 0.549689 0.549689 0 agree 0
agree_agree_agree 1756184908457 360 215 touchmove 55.5 399.5 0.674410 0.674410 0 agree 0
agree_agree_agree 1756184908473 360 215 touchmove 49.9 399.6 0.792928 0.792928 0 agree 0
agree_agree_agree 1756184908490 360 215 touchmove 43.9 399.6 0.640447 0.640447 0 agree 0
agree_agree_agree 1756184908507 360 215 touchmove 37.9 399.6 0.508989 0.508989 0 agree 0
agree_agree_agree 1756184908524 360 215 touchmove 31.8 399.7 0.722023 0.722023 0 agree 0
agree_agree_agree 1756184908541 360 215 touchmove 25.5 399.5 0.573972 0.573972 0 agree 0
agree_agree_agree 1756184908558 360 215 touchmove 19.0 399.2 0.725401 0.725401 0 agree 0
agree_agree_agree 1756184908575 360 215 touchmove 12.9 398.6 0.754017 0.754017 0 agree 0
agree_agree_agree 1756184908592 360 215 touchmove 6.1 398.8 0.601292 0.601292 0 agree 0
agree_agree_agree 1756184908609 360 215 touchend -1.4 398.1 0.678917 0.678917 0 agree 0