sentence timestamp keyb_width keyb_height event x_pos y_pos x_radius y_radius angle word is_err
drafted_drafted_drafted 1756184917616 360 215 touchstart 36.4 460.5 0.735163 0.735163 0 drafted 0
drafted_drafted_drafted 1756184917632 360 215 touchmove 39.3 453.4 0.557666 0.557666 0 drafted 0
drafted_drafted_drafted 1756184917649 360 215 touchmove 44.7 444.2 0.515772 0.515772 0 drafted 0
drafted_drafted_drafted 1756184917666 360 215 touchmove 49.1 437.5 0.707968 0.707968 0 drafted 0
drafted_drafted_drafted 1756184917683 360 215 touchmove 53.6 429.4 0.729411 0.729411 0 drafted 0
drafted_drafted_drafted 1756184917700 360 215 touchmove 58.3 421.6 0.606529 0.606529 0 drafted 0
drafted_drafted_drafted 1756184917717 360 215 touchmove 60.9 415.8 0.691648 0.691648 0 drafted 0
drafted_drafted_drafted 1756184917734 360 215 touchmove 61.2 411.1 0.788060 0.788060 0 drafted 0
drafted_drafted_drafted 1756184917750 360 215 touchmove 60.3 408.5 0.675575 0.675575 0 drafted 0
drafted_drafted_drafted 1756184917767 360 215 touchmove 57.8 407.0 0.642188 0.642188 0 drafted 0
drafted_drafted_drafted 1756184917784 360 215 touchmove 53.5 407.9 0.562633 0.562633 0 drafted 0
drafted_drafted_drafted 1756184917801 360 215 touchmove 46.8 410.4 0.642336 0.642336 0 drafted 0
drafted_drafted_drafted 1756184917818 360 215 touchmove 37.8 414.1 0.576717 0.576717 0 drafted 0
drafted_drafted_drafted 1756184917835 360 215 touchmove 28.8 417.6 0.555943 0.555943 0 drafted 0
drafted_drafted_drafted 1756184917852 360 215 touchmove 20.1 420.8 0.612532 0.612532 0 drafted 0
drafted_drafted_drafted 1756184917869 360 215 touchmove 10.9 423.6 0.710082 0.710082 0 drafted 0
drafted_drafted_drafted 1756184917885 360 215 touchmove 1.5 426.7 0.739904 0.739904 0 drafted 0
drafted_drafted_drafted 1756184917902 360 215 touchmove -8.0 429.1 0.506449 0.506449 0 drafted 0
drafted_drafted_drafted 1756184917919 360 215 touchmove -17.2 431.8 0.635207 0.635207 0 drafted 0
drafted_drafted_drafted 1756184917936 360 215 touchmove -26.1 434.3 0.520844 0.520844 0 drafted 0
drafted_drafted_drafted 1756184917953 360 215 touchmove -35.1 437.1 0.646958 0.646958 0 drafted 0
drafted_drafted_drafted 1756184917970 360 215 touchmove -44.4 440.0 0.737141 0.737141 0 drafted 0
drafted_drafted_drafted 1756184917987 360 215 touchmove -53.6 443.8 0.543217 0.543217 0 drafted 0
drafted_drafted_drafted 1756184918003 360 215 touchmove -62.3 447.3 0.615943 0.615943 0 drafted 0
drafted_drafted_drafted 1756184918020 360 215 touchmove -70.8 450.5 0.558347 0.558347 0 drafted 0
drafted_drafted_drafted 1756184918037 360 215 touchmove -79.5 453.6 0.660064 0.660064 0 drafted 0
drafted_drafted_drafted 1756184918054 360 215 touchmove -86.7 456.3 0.676001 0.676001 0 drafted 0
drafted_drafted_drafted 1756184918071 360 215 touchmove -91.1 458.3 0.565613 0.565613 0 drafted 0
drafted_drafted_drafted 1756184918088 360 215 touchmove -92.7 459.7 0.581016 0.581016 0 drafted 0
drafted_drafted_drafted 1756184918105 360 215 touchmove -91.7 460.0 0.586835 0.586835 0 drafted 0
drafted_drafted_drafted 1756184918122 360 215 touchmove -88.9 459.9 0.545683 0.545683 0 drafted 0
drafted_drafted_drafted 1756184918138 360 215 touchmove -83.5 459.5 0.655004 0.655004 0 drafted 0
drafted_drafted_drafted 1756184918155 360 215 touchmove -75.3 458.7 0.636503 0.636503 0 drafted 0
drafted_drafted_drafted 1756184918172 360 215 touchmove -66.3 457.8 0.737307 0.737307 0 drafted 0
drafted_drafted_drafted 1756184918189 360 215 touchmove -57.3 457.2 0.783762 0.783762 0 drafted 0
drafted_drafted_drafted 1756184918206 360 215 touchmove -48.0 457.1 0.506002 0.506002 0 drafted 0
drafted_drafted_drafted 1756184918223 360 215 touchmove -38.9 457.1 0.555481 0.555481 0 drafted 0
drafted_drafted_drafted 1756184918240 360 215 touchmove -29.3 457.6 0.751607 0.751607 0 drafted 0
drafted_drafted_drafted 1756184918256 360 215 touchmove -19.9 458.3 0.589098 0.589098 0 drafted 0
drafted_drafted_drafted 1756184918273 360 215 touchmove -10.7 459.2 0.657068 0.657068 0 drafted 0
drafted_drafted_drafted 1756184918290 360 215 touchmove -0.9 460.0 0.742702 0.742702 0 drafted 0
drafted_drafted_drafted 1756184918307 360 215 touchmove 8.2 460.9 0.540448 0.540448 0 drafted 0
drafted_drafted_drafted 1756184918324 360 215 touchmove 17.6 461.8 0.509073 0.509073 0 drafted 0
drafted_drafted_drafted 1756184918341 360 215 touchmove 26.9 462.1 0.731116 0.731116 0 drafted 0
drafted_drafted_drafted 1756184918358 360 215 touchmove 36.2 462.6 0.516982 0.516982 0 drafted 0
drafted_drafted_drafted 1756184918375 360 215 touchmove 45.8 462.9 0.640462 0.640462 0 drafted 0
drafted_drafted_drafted 1756184918391 360 215 touchmove 55.4 463.3 0.588516 0.588516 0 drafted 0
drafted_drafted_drafted 1756184918408 360 215 touchmove 64.6 463.6 0.781423 0.781423 0 drafted 0
drafted_drafted_drafted 1756184918425 360 215 touchmove 74.1 463.5 0.730435 0.730435 0 drafted 0
drafted_drafted_drafted 1756184918442 360 215 touchmove 83.0 463.1 0.530134 0.530134 0 drafted 0
drafted_drafted_drafted 1756184918459 360 215 touchmove 91.1 461.7 0.508790 0.508790 0 drafted 0
drafted_drafted_drafted 1756184918476 360 215 touchmove 98.3 459.3 0.789050 0.789050 0 drafted 0
drafted_drafted_drafted 1756184918493 360 215 touchmove 104.8 455.9 0.502203 0.502203 0 drafted 0
drafted_drafted_drafted 1756184918509 360 215 touchmove 111.0 451.2 0.740072 0.740072 0 drafted 0
drafted_drafted_drafted 1756184918526 360 215 touchmove 116.9 445.1 0.643682 0.643682 0 drafted 0
drafted_drafted_drafted 1756184918543 360 215 touchmove 122.3 438.1 0.638082 0.638082 0 drafted 0
drafted_drafted_drafted 1756184918560 360 215 touchmove 127.2 430.2 0.767755 0.767755 0 drafted 0
drafted_drafted_drafted 1756184918577 360 215 touchmove 131.4 422.7 0.716932 0.716932 0 drafted 0
drafted_drafted_drafted 1756184918594 360 215 touchmove 134.0 415.6 0.581988 0.581988 0 drafted 0
drafted_drafted_drafted 1756184918611 360 215 touchmove 134.5 409.7 0.599540 0.599540 0 drafted 0
drafted_drafted_drafted 1756184918628 360 215 touchmove 133.4 405.4 0.584101 0.584101 0 drafted 0
drafted_drafted_drafted 1756184918644 360 215 touchmove 129.8 402.9 0.584307 0.584307 0 drafted 0
drafted_drafted_drafted 1756184918661 360 215 touchmove 124.6 401.6 0.713219 0.713219 0 drafted 0
drafted_drafted_drafted 1756184918678 360 215 touchmove 116.7 400.9 0.768523 0.768523 0 drafted 0
drafted_drafted_drafted 1756184918695 360 215 touchmove 107.5 401.1 0.583563 0.583563 0 drafted 0
drafted_drafted_drafted 1756184918712 360 215 touchmove 98.5 401.4 0.673880 0.673880 0 drafted 0
drafted_drafted_drafted 1756184918729 360 215 touchmove 89.0 401.9 0.502967 0.502967 0 drafted 0
drafted_drafted_drafted 1756184918746 360 215 touchmove 79.0 401.9 0.714364 0.714364 0 drafted 0
drafted_drafted_drafted 1756184918762 360 215 touchmove 69.1 401.5 0.732244 0.732244 0 drafted 0
drafted_drafted_drafted 1756184918779 360 215 touchmove 58.5 400.8 0.756955 0.756955 0 drafted 0
drafted_drafted_drafted 1756184918796 360 215 touchmove 48.3 400.5 0.720231 0.720231 0 drafted 0
drafted_drafted_drafted 1756184918813 360 215 touchmove 38.7 400.6 0.676236 0.676236 0 drafted 0
drafted_drafted_drafted 1756184918830 360 215 touchmove 29.0 400.4 0.549005 0.549005 0 drafted 0
drafted_drafted_drafted 1756184918847 360 215 touchmove 20.9 401.0 0.501029 0.501029 0 drafted 0
drafted_drafted_drafted 1756184918864 360 215 touchmove 15.1 403.1 0.608278 0.608278 0 drafted 0
drafted_drafted_drafted 1756184918881 360 215 touchmove 11.4 406.4 0.592629 0.592629 0 drafted 0
drafted_drafted_drafted 1756184918897 360 215 touchmove 10.1 410.7 0.708478 0.708478 0 drafted 0
drafted_drafted_drafted 1756184918914 360 215 touchmove 11.1 416.3 0.745343 0.745343 0 drafted 0
drafted_drafted_drafted 1756184918931 360 215 touchmove 14.0 422.4 0.621265 0.621265 0 drafted 0
drafted_drafted_drafted 1756184918948 360 215 touchmove 18.5 429.8 0.577113 0.577113 0 drafted 0
drafted_drafted_drafted 1756184918965 360 215 touchmove 23.5 437.5 0.541964 0.541964 0 drafted 0
drafted_drafted_drafted 1756184918982 360 215 touchmove 29.9 444.3 0.695550 0.695550 0 drafted 0
drafted_drafted_drafted 1756184918999 360 215 touchmove 33.0 452.0 0.745711 0.745711 0 drafted 0
drafted_drafted_drafted 1756184919016 360 215 touchend 37.5 460.5 0.701633 0.701633 0 drafted 0