sentence timestamp keyb_width keyb_height event x_pos y_pos x_radius y_radius angle word is_err
remedy_remedy_remedy 1756184919727 360 215 touchstart 70.6 400.3 0.703161 0.703161 0 remedy 0
remedy_remedy_remedy 1756184919743 360 215 touchmove 57.8 400.9 0.692297 0.692297 0 remedy 0
remedy_remedy_remedy 1756184919760 360 215 touchmove 46.7 401.4 0.740962 0.740962 0 remedy 0
remedy_remedy_remedy 1756184919777 360 215 touchmove 34.6 399.3 0.501667 0.501667 0 remedy 0
remedy_remedy_remedy 1756184919794 360 215 touchmove 26.1 399.3 0.743717 0.743717 0 remedy 0
remedy_remedy_remedy 1756184919811 360 215 touchmove 21.1 400.0 0.567259 0.567259 0 remedy 0
remedy_remedy_remedy 1756184919828 360 215 touchmove 19.2 401.5 0.738425 0.738425 0 remedy 0
remedy_remedy_remedy 1756184919845 360 215 touchmove 20.7 403.8 0.563145 0.563145 0 remedy 0
remedy_remedy_remedy 1756184919862 360 215 touchmove 25.4 406.8 0.646696 0.646696 0 remedy 0
remedy_remedy_remedy 1756184919879 360 215 touchmove 33.3 410.3 0.647853 0.647853 0 remedy 0
remedy_remedy_remedy 1756184919896 360 215 touchmove 44.4 414.3 0.782472 0.782472 0 remedy 0
remedy_remedy_remedy 1756184919913 360 215 touchmove 55.6 418.6 0.604841 0.604841 0 remedy 0
remedy_remedy_remedy 1756184919930 360 215 touchmove 66.7 422.7 0.646391 0.646391 0 remedy 0
remedy_remedy_remedy 1756184919947 360 215 touchmove 78.1 426.2 0.561230 0.561230 0 remedy 0
remedy_remedy_remedy 1756184919964 360 215 touchmove 89.5 429.8 0.692545 0.692545 0 remedy 0
remedy_remedy_remedy 1756184919981 360 215 touchmove 100.9 433.5 0.748754 0.748754 0 remedy 0
remedy_remedy_remedy 1756184919998 360 215 touchmove 112.4 437.5 0.556582 0.556582 0 remedy 0
remedy_remedy_remedy 1756184920015 360 215 touchmove 123.8 441.4 0.533585 0.533585 0 remedy 0
remedy_remedy_remedy 1756184920032 360 215 touchmove 135.1 445.3 0.557592 0.557592 0 remedy 0
remedy_remedy_remedy 1756184920049 360 215 touchmove 146.5 449.1 0.729359 0.729359 0 remedy 0
remedy_remedy_remedy 1756184920066 360 215 touchmove 157.7 453.1 0.605736 0.605736 0 remedy 0
remedy_remedy_remedy 1756184920083 360 215 touchmove 168.7 456.9 0.652059 0.652059 0 remedy 0
remedy_remedy_remedy 1756184920100 360 215 touchmove 179.7 460.5 0.584230 0.584230 0 remedy 0
remedy_remedy_remedy 1756184920117 360 215 touchmove 191.1 464.4 0.654346 0.654346 0 remedy 0
remedy_remedy_remedy 1756184920133 360 215 touchmove 202.6 468.3 0.607928 0.607928 0 remedy 0
remedy_remedy_remedy 1756184920150 360 215 touchmove 213.9 472.0 0.587834 0.587834 0 remedy 0
remedy_remedy_remedy 1756184920167 360 215 touchmove 225.1 475.7 0.544692 0.544692 0 remedy 0
remedy_remedy_remedy 1756184920184 360 215 touchmove 236.4 479.7 0.624877 0.624877 0 remedy 0
remedy_remedy_remedy 1756184920201 360 215 touchmove 247.8 483.7 0.606944 0.606944 0 remedy 0
remedy_remedy_remedy 1756184920218 360 215 touchmove 259.2 487.8 0.679883 0.679883 0 remedy 0
remedy_remedy_remedy 1756184920235 360 215 touchmove 270.4 491.6 0.738428 0.738428 0 remedy 0
remedy_remedy_remedy 1756184920252 360 215 touchmove 281.7 495.2 0.609362 0.609362 0 remedy 0
remedy_remedy_remedy 1756184920269 360 215 touchmove 293.1 499.2 0.510393 0.510393 0 remedy 0
remedy_remedy_remedy 1756184920286 360 215 touchmove 304.4 503.0 0.600215 0.600215 0 remedy 0
remedy_remedy_remedy 1756184920303 360 215 touchmove 316.0 506.6 0.518447 0.518447 0 remedy 0
remedy_remedy_remedy 1756184920320 360 215 touchmove 327.4 510.4 0.758277 0.758277 0 remedy 0
remedy_remedy_remedy 1756184920337 360 215 touchmove 335.5 513.5 0.693871 0.693871 0 remedy 0
remedy_remedy_remedy 1756184920354 360 215 touchmove 340.3 515.2 0.563689 0.563689 0 remedy 0
remedy_remedy_remedy 1756184920371 360 215 touchmove 341.7 515.9 0.626489 0.626489 0 remedy 0
remedy_remedy_remedy 1756184920388 360 215 touchmove 339.9 515.1 0.787530 0.787530 0 remedy 0
remedy_remedy_remedy 1756184920405 360 215 touchmove 335.0 513.2 0.604131 0.604131 0 remedy 0
remedy_remedy_remedy 1756184920422 360 215 touchmove 326.5 510.4 0.560027 0.560027 0 remedy 0
remedy_remedy_remedy 1756184920439 360 215 touchmove 314.8 506.2 0.783158 0.783158 0 remedy 0
remedy_remedy_remedy 1756184920456 360 215 touchmove 303.1 502.0 0.606473 0.606473 0 remedy 0
remedy_remedy_remedy 1756184920473 360 215 touchmove 291.7 498.0 0.660869 0.660869 0 remedy 0
remedy_remedy_remedy 1756184920490 360 215 touchmove 280.2 494.0 0.502230 0.502230 0 remedy 0
remedy_remedy_remedy 1756184920507 360 215 touchmove 268.7 490.6 0.552201 0.552201 0 remedy 0
remedy_remedy_remedy 1756184920523 360 215 touchmove 257.2 487.3 0.645316 0.645316 0 remedy 0
remedy_remedy_remedy 1756184920540 360 215 touchmove 245.9 483.9 0.602466 0.602466 0 remedy 0
remedy_remedy_remedy 1756184920557 360 215 touchmove 234.9 480.6 0.520322 0.520322 0 remedy 0
remedy_remedy_remedy 1756184920574 360 215 touchmove 224.2 476.9 0.504126 0.504126 0 remedy 0
remedy_remedy_remedy 1756184920591 360 215 touchmove 213.3 473.1 0.748105 0.748105 0 remedy 0
remedy_remedy_remedy 1756184920608 360 215 touchmove 202.5 469.1 0.535919 0.535919 0 remedy 0
remedy_remedy_remedy 1756184920625 360 215 touchmove 191.9 465.2 0.572103 0.572103 0 remedy 0
remedy_remedy_remedy 1756184920642 360 215 touchmove 180.8 461.1 0.606562 0.606562 0 remedy 0
remedy_remedy_remedy 1756184920659 360 215 touchmove 169.9 457.2 0.557580 0.557580 0 remedy 0
remedy_remedy_remedy 1756184920676 360 215 touchmove 158.8 453.4 0.674870 0.674870 0 remedy 0
remedy_remedy_remedy 1756184920693 360 215 touchmove 147.3 449.8 0.671041 0.671041 0 remedy 0
remedy_remedy_remedy 1756184920710 360 215 touchmove 135.8 446.3 0.663066 0.663066 0 remedy 0
remedy_remedy_remedy 1756184920727 360 215 touchmove 124.3 443.0 0.561132 0.561132 0 remedy 0
remedy_remedy_remedy 1756184920744 360 215 touchmove 112.6 439.1 0.725853 0.725853 0 remedy 0
remedy_remedy_remedy 1756184920761 360 215 touchmove 100.9 435.0 0.614895 0.614895 0 remedy 0
remedy_remedy_remedy 1756184920778 360 215 touchmove 89.3 431.1 0.508899 0.508899 0 remedy 0
remedy_remedy_remedy 1756184920795 360 215 touchmove 77.7 427.0 0.762604 0.762604 0 remedy 0
remedy_remedy_remedy 1756184920812 360 215 touchmove 66.1 423.1 0.564201 0.564201 0 remedy 0
remedy_remedy_remedy 1756184920829 360 215 touchmove 54.7 419.2 0.774810 0.774810 0 remedy 0
remedy_remedy_remedy 1756184920846 360 215 touchmove 43.5 415.1 0.747826 0.747826 0 remedy 0
remedy_remedy_remedy 1756184920863 360 215 touchmove 32.4 411.2 0.668646 0.668646 0 remedy 0
remedy_remedy_remedy 1756184920880 360 215 touchmove 24.0 409.6 0.733779 0.733779 0 remedy 0
remedy_remedy_remedy 1756184920897 360 215 touchmove 18.2 409.8 0.683075 0.683075 0 remedy 0
remedy_remedy_remedy 1756184920913 360 215 touchmove 15.0 412.1 0.531907 0.531907 0 remedy 0
remedy_remedy_remedy 1756184920930 360 215 touchmove 14.1 416.3 0.511661 0.511661 0 remedy 0
remedy_remedy_remedy 1756184920947 360 215 touchmove 15.4 422.6 0.578648 0.578648 0 remedy 0
remedy_remedy_remedy 1756184920964 360 215 touchmove 19.2 430.9 0.622362 0.622362 0 remedy 0
remedy_remedy_remedy 1756184920981 360 215 touchmove 25.9 439.3 0.717990 0.717990 0 remedy 0
remedy_remedy_remedy 1756184920998 360 215 touchmove 33.5 445.5 0.605921 0.605921 0 remedy 0
remedy_remedy_remedy 1756184921015 360 215 touchmove 41.6 449.9 0.743915 0.743915 0 remedy 0
remedy_remedy_remedy 1756184921032 360 215 touchmove 50.3 452.0 0.520511 0.520511 0 remedy 0
remedy_remedy_remedy 1756184921049 360 215 touchmove 59.9 452.1 0.684888 0.684888 0 remedy 0
remedy_remedy_remedy 1756184921066 360 215 touchmove 70.4 449.9 0.683901 0.683901 0 remedy 0
remedy_remedy_remedy 1756184921083 360 215 touchmove 81.3 446.1 0.736533 0.736533 0 remedy 0
remedy_remedy_remedy 1756184921100 360 215 touchmove 92.4 442.3 0.751378 0.751378 0 remedy 0
remedy_remedy_remedy 1756184921117 360 215 touchmove 103.1 438.4 0.651228 0.651228 0 remedy 0
remedy_remedy_remedy 1756184921134 360 215 touchmove 113.8 434.4 0.679289 0.679289 0 remedy 0
remedy_remedy_remedy 1756184921151 360 215 touchmove 124.8 430.3 0.571487 0.571487 0 remedy 0
remedy_remedy_remedy 1756184921168 360 215 touchmove 135.8 426.1 0.600448 0.600448 0 remedy 0
remedy_remedy_remedy 1756184921185 360 215 touchmove 146.8 422.3 0.607075 0.607075 0 remedy 0
remedy_remedy_remedy 1756184921202 360 215 touchmove 158.2 418.5 0.791747 0.791747 0 remedy 0
remedy_remedy_remedy 1756184921219 360 215 touchmove 169.7 414.6 0.731322 0.731322 0 remedy 0
remedy_remedy_remedy 1756184921236 360 215 touchmove 181.5 410.7 0.507907 0.507907 0 remedy 0
remedy_remedy_remedy 1756184921253 360 215 touchmove 193.2 407.8 0.765195 0.765195 0 remedy 0
remedy_remedy_remedy 1756184921270 360 215 touchmove 205.2 403.3 0.708209 0.708209 0 remedy 0
remedy_remedy_remedy 1756184921287 360 215 touchend 217.0 399.1 0.551213 0.551213 0 remedy 0