sentence timestamp keyb_width keyb_height event x_pos y_pos x_radius y_radius angle word is_err
weaker_weaker_weaker 1756184918872 360 215 touchstart -71.3 399.8 0.512451 0.512451 0 weaker 0
weaker_weaker_weaker 1756184918888 360 215 touchmove -55.3 399.0 0.547905 0.547905 0 weaker 0
weaker_weaker_weaker 1756184918905 360 215 touchmove -38.5 396.9 0.670187 0.670187 0 weaker 0
weaker_weaker_weaker 1756184918922 360 215 touchmove -32.4 401.2 0.777257 0.777257 0 weaker 0
weaker_weaker_weaker 1756184918939 360 215 touchmove -27.6 404.4 0.722148 0.722148 0 weaker 0
weaker_weaker_weaker 1756184918956 360 215 touchmove -27.1 409.1 0.755517 0.755517 0 weaker 0
weaker_weaker_weaker 1756184918973 360 215 touchmove -31.0 415.0 0.688577 0.688577 0 weaker 0
weaker_weaker_weaker 1756184918990 360 215 touchmove -39.2 422.1 0.661891 0.661891 0 weaker 0
weaker_weaker_weaker 1756184919007 360 215 touchmove -52.2 430.3 0.638350 0.638350 0 weaker 0
weaker_weaker_weaker 1756184919024 360 215 touchmove -65.9 438.6 0.711101 0.711101 0 weaker 0
weaker_weaker_weaker 1756184919041 360 215 touchmove -74.6 445.1 0.783924 0.783924 0 weaker 0
weaker_weaker_weaker 1756184919057 360 215 touchmove -79.2 450.2 0.527753 0.527753 0 weaker 0
weaker_weaker_weaker 1756184919074 360 215 touchmove -78.9 454.1 0.782797 0.782797 0 weaker 0
weaker_weaker_weaker 1756184919091 360 215 touchmove -74.6 457.2 0.668029 0.668029 0 weaker 0
weaker_weaker_weaker 1756184919108 360 215 touchmove -66.2 459.3 0.551597 0.551597 0 weaker 0
weaker_weaker_weaker 1756184919125 360 215 touchmove -53.3 460.2 0.603683 0.603683 0 weaker 0
weaker_weaker_weaker 1756184919142 360 215 touchmove -36.8 460.2 0.693990 0.693990 0 weaker 0
weaker_weaker_weaker 1756184919159 360 215 touchmove -20.7 460.3 0.765019 0.765019 0 weaker 0
weaker_weaker_weaker 1756184919176 360 215 touchmove -4.6 460.8 0.514814 0.514814 0 weaker 0
weaker_weaker_weaker 1756184919193 360 215 touchmove 11.2 461.1 0.652060 0.652060 0 weaker 0
weaker_weaker_weaker 1756184919210 360 215 touchmove 26.9 461.5 0.647144 0.647144 0 weaker 0
weaker_weaker_weaker 1756184919226 360 215 touchmove 43.4 461.6 0.617495 0.617495 0 weaker 0
weaker_weaker_weaker 1756184919243 360 215 touchmove 59.7 461.3 0.611010 0.611010 0 weaker 0
weaker_weaker_weaker 1756184919260 360 215 touchmove 76.2 461.1 0.641247 0.641247 0 weaker 0
weaker_weaker_weaker 1756184919277 360 215 touchmove 92.7 461.0 0.655344 0.655344 0 weaker 0
weaker_weaker_weaker 1756184919294 360 215 touchmove 109.3 461.1 0.732727 0.732727 0 weaker 0
weaker_weaker_weaker 1756184919311 360 215 touchmove 125.8 461.1 0.777925 0.777925 0 weaker 0
weaker_weaker_weaker 1756184919328 360 215 touchmove 142.4 461.0 0.517001 0.517001 0 weaker 0
weaker_weaker_weaker 1756184919345 360 215 touchmove 158.9 460.8 0.772395 0.772395 0 weaker 0
weaker_weaker_weaker 1756184919362 360 215 touchmove 175.1 461.0 0.683833 0.683833 0 weaker 0
weaker_weaker_weaker 1756184919379 360 215 touchmove 191.8 461.4 0.525767 0.525767 0 weaker 0
weaker_weaker_weaker 1756184919395 360 215 touchmove 207.7 461.8 0.795810 0.795810 0 weaker 0
weaker_weaker_weaker 1756184919412 360 215 touchmove 224.0 461.9 0.591976 0.591976 0 weaker 0
weaker_weaker_weaker 1756184919429 360 215 touchmove 240.3 461.8 0.698369 0.698369 0 weaker 0
weaker_weaker_weaker 1756184919446 360 215 touchmove 256.7 461.7 0.790351 0.790351 0 weaker 0
weaker_weaker_weaker 1756184919463 360 215 touchmove 272.6 461.4 0.640192 0.640192 0 weaker 0
weaker_weaker_weaker 1756184919480 360 215 touchmove 288.8 461.5 0.638085 0.638085 0 weaker 0
weaker_weaker_weaker 1756184919497 360 215 touchmove 305.3 461.4 0.709307 0.709307 0 weaker 0
weaker_weaker_weaker 1756184919514 360 215 touchmove 322.3 461.2 0.595575 0.595575 0 weaker 0
weaker_weaker_weaker 1756184919531 360 215 touchmove 339.1 461.0 0.532039 0.532039 0 weaker 0
weaker_weaker_weaker 1756184919548 360 215 touchmove 353.3 460.9 0.691837 0.691837 0 weaker 0
weaker_weaker_weaker 1756184919564 360 215 touchmove 362.8 460.7 0.747365 0.747365 0 weaker 0
weaker_weaker_weaker 1756184919581 360 215 touchmove 367.7 459.9 0.553751 0.553751 0 weaker 0
weaker_weaker_weaker 1756184919598 360 215 touchmove 367.7 458.6 0.563154 0.563154 0 weaker 0
weaker_weaker_weaker 1756184919615 360 215 touchmove 362.7 457.0 0.608228 0.608228 0 weaker 0
weaker_weaker_weaker 1756184919632 360 215 touchmove 353.0 455.3 0.540849 0.540849 0 weaker 0
weaker_weaker_weaker 1756184919649 360 215 touchmove 338.4 453.2 0.645039 0.645039 0 weaker 0
weaker_weaker_weaker 1756184919666 360 215 touchmove 321.7 450.7 0.796017 0.796017 0 weaker 0
weaker_weaker_weaker 1756184919683 360 215 touchmove 304.8 448.1 0.767910 0.767910 0 weaker 0
weaker_weaker_weaker 1756184919700 360 215 touchmove 288.1 445.9 0.734391 0.734391 0 weaker 0
weaker_weaker_weaker 1756184919717 360 215 touchmove 271.3 443.6 0.576121 0.576121 0 weaker 0
weaker_weaker_weaker 1756184919733 360 215 touchmove 254.9 441.3 0.670413 0.670413 0 weaker 0
weaker_weaker_weaker 1756184919750 360 215 touchmove 238.7 439.1 0.591344 0.591344 0 weaker 0
weaker_weaker_weaker 1756184919767 360 215 touchmove 222.5 436.8 0.666330 0.666330 0 weaker 0
weaker_weaker_weaker 1756184919784 360 215 touchmove 206.4 434.4 0.534869 0.534869 0 weaker 0
weaker_weaker_weaker 1756184919801 360 215 touchmove 190.7 432.0 0.659557 0.659557 0 weaker 0
weaker_weaker_weaker 1756184919818 360 215 touchmove 174.7 429.5 0.742225 0.742225 0 weaker 0
weaker_weaker_weaker 1756184919835 360 215 touchmove 158.9 427.0 0.632051 0.632051 0 weaker 0
weaker_weaker_weaker 1756184919852 360 215 touchmove 142.9 424.2 0.798210 0.798210 0 weaker 0
weaker_weaker_weaker 1756184919869 360 215 touchmove 126.5 421.1 0.509220 0.509220 0 weaker 0
weaker_weaker_weaker 1756184919886 360 215 touchmove 110.3 418.2 0.749239 0.749239 0 weaker 0
weaker_weaker_weaker 1756184919902 360 215 touchmove 93.5 415.6 0.721403 0.721403 0 weaker 0
weaker_weaker_weaker 1756184919919 360 215 touchmove 76.8 413.2 0.579514 0.579514 0 weaker 0
weaker_weaker_weaker 1756184919936 360 215 touchmove 60.4 410.5 0.666274 0.666274 0 weaker 0
weaker_weaker_weaker 1756184919953 360 215 touchmove 45.9 408.0 0.692852 0.692852 0 weaker 0
weaker_weaker_weaker 1756184919970 360 215 touchmove 35.5 405.9 0.529365 0.529365 0 weaker 0
weaker_weaker_weaker 1756184919987 360 215 touchmove 30.1 404.1 0.511601 0.511601 0 weaker 0
weaker_weaker_weaker 1756184920004 360 215 touchmove 29.3 402.7 0.797107 0.797107 0 weaker 0
weaker_weaker_weaker 1756184920021 360 215 touchmove 33.7 401.6 0.726308 0.726308 0 weaker 0
weaker_weaker_weaker 1756184920038 360 215 touchmove 38.4 399.7 0.673606 0.673606 0 weaker 0
weaker_weaker_weaker 1756184920055 360 215 touchmove 55.9 400.1 0.764242 0.764242 0 weaker 0
weaker_weaker_weaker 1756184920072 360 215 touchend 72.8 400.8 0.529838 0.529838 0 weaker 0