sentence timestamp keyb_width keyb_height event x_pos y_pos x_radius y_radius angle word is_err
bosnia_bosnia_bosnia 1756184920778 360 215 touchstart 217.0 523.8 0.679884 0.679884 0 bosnia 0
bosnia_bosnia_bosnia 1756184920794 360 215 touchmove 234.1 513.4 0.682981 0.682981 0 bosnia 0
bosnia_bosnia_bosnia 1756184920811 360 215 touchmove 251.5 503.6 0.693614 0.693614 0 bosnia 0
bosnia_bosnia_bosnia 1756184920828 360 215 touchmove 267.5 494.1 0.709393 0.709393 0 bosnia 0
bosnia_bosnia_bosnia 1756184920845 360 215 touchmove 284.1 484.3 0.508777 0.508777 0 bosnia 0
bosnia_bosnia_bosnia 1756184920862 360 215 touchmove 300.8 474.5 0.586450 0.586450 0 bosnia 0
bosnia_bosnia_bosnia 1756184920879 360 215 touchmove 317.5 464.8 0.516280 0.516280 0 bosnia 0
bosnia_bosnia_bosnia 1756184920896 360 215 touchmove 334.3 455.1 0.791654 0.791654 0 bosnia 0
bosnia_bosnia_bosnia 1756184920913 360 215 touchmove 351.2 445.3 0.640593 0.640593 0 bosnia 0
bosnia_bosnia_bosnia 1756184920930 360 215 touchmove 368.1 435.7 0.777019 0.777019 0 bosnia 0
bosnia_bosnia_bosnia 1756184920947 360 215 touchmove 383.7 426.7 0.557332 0.557332 0 bosnia 0
bosnia_bosnia_bosnia 1756184920964 360 215 touchmove 394.1 419.4 0.604159 0.604159 0 bosnia 0
bosnia_bosnia_bosnia 1756184920981 360 215 touchmove 399.4 413.8 0.538736 0.538736 0 bosnia 0
bosnia_bosnia_bosnia 1756184920998 360 215 touchmove 399.6 410.1 0.789464 0.789464 0 bosnia 0
bosnia_bosnia_bosnia 1756184921015 360 215 touchmove 394.5 408.1 0.606472 0.606472 0 bosnia 0
bosnia_bosnia_bosnia 1756184921032 360 215 touchmove 384.0 407.7 0.768013 0.768013 0 bosnia 0
bosnia_bosnia_bosnia 1756184921049 360 215 touchmove 368.4 409.0 0.774538 0.774538 0 bosnia 0
bosnia_bosnia_bosnia 1756184921066 360 215 touchmove 349.1 411.5 0.641610 0.641610 0 bosnia 0
bosnia_bosnia_bosnia 1756184921082 360 215 touchmove 329.7 414.0 0.666187 0.666187 0 bosnia 0
bosnia_bosnia_bosnia 1756184921099 360 215 touchmove 310.2 416.6 0.547548 0.547548 0 bosnia 0
bosnia_bosnia_bosnia 1756184921116 360 215 touchmove 290.5 419.2 0.649325 0.649325 0 bosnia 0
bosnia_bosnia_bosnia 1756184921133 360 215 touchmove 271.0 421.8 0.793318 0.793318 0 bosnia 0
bosnia_bosnia_bosnia 1756184921150 360 215 touchmove 251.5 424.5 0.518975 0.518975 0 bosnia 0
bosnia_bosnia_bosnia 1756184921167 360 215 touchmove 232.2 427.2 0.782529 0.782529 0 bosnia 0
bosnia_bosnia_bosnia 1756184921184 360 215 touchmove 212.8 429.9 0.779101 0.779101 0 bosnia 0
bosnia_bosnia_bosnia 1756184921201 360 215 touchmove 193.5 432.5 0.685055 0.685055 0 bosnia 0
bosnia_bosnia_bosnia 1756184921218 360 215 touchmove 174.0 435.1 0.788258 0.788258 0 bosnia 0
bosnia_bosnia_bosnia 1756184921235 360 215 touchmove 154.6 437.6 0.650964 0.650964 0 bosnia 0
bosnia_bosnia_bosnia 1756184921252 360 215 touchmove 134.9 440.1 0.597021 0.597021 0 bosnia 0
bosnia_bosnia_bosnia 1756184921269 360 215 touchmove 115.3 442.8 0.523288 0.523288 0 bosnia 0
bosnia_bosnia_bosnia 1756184921286 360 215 touchmove 95.7 445.4 0.597982 0.597982 0 bosnia 0
bosnia_bosnia_bosnia 1756184921303 360 215 touchmove 76.2 448.0 0.725771 0.725771 0 bosnia 0
bosnia_bosnia_bosnia 1756184921320 360 215 touchmove 56.6 450.5 0.694733 0.694733 0 bosnia 0
bosnia_bosnia_bosnia 1756184921337 360 215 touchmove 37.1 453.1 0.732149 0.732149 0 bosnia 0
bosnia_bosnia_bosnia 1756184921354 360 215 touchmove 18.9 455.6 0.707405 0.707405 0 bosnia 0
bosnia_bosnia_bosnia 1756184921370 360 215 touchmove 6.3 458.4 0.570668 0.570668 0 bosnia 0
bosnia_bosnia_bosnia 1756184921387 360 215 touchmove -0.8 461.2 0.607814 0.607814 0 bosnia 0
bosnia_bosnia_bosnia 1756184921404 360 215 touchmove -2.2 464.1 0.546798 0.546798 0 bosnia 0
bosnia_bosnia_bosnia 1756184921421 360 215 touchmove 1.6 467.2 0.773158 0.773158 0 bosnia 0
bosnia_bosnia_bosnia 1756184921438 360 215 touchmove 11.0 470.5 0.572657 0.572657 0 bosnia 0
bosnia_bosnia_bosnia 1756184921455 360 215 touchmove 25.9 473.8 0.748751 0.748751 0 bosnia 0
bosnia_bosnia_bosnia 1756184921472 360 215 touchmove 45.0 477.2 0.651689 0.651689 0 bosnia 0
bosnia_bosnia_bosnia 1756184921489 360 215 touchmove 64.2 480.7 0.587003 0.587003 0 bosnia 0
bosnia_bosnia_bosnia 1756184921506 360 215 touchmove 83.4 484.2 0.586327 0.586327 0 bosnia 0
bosnia_bosnia_bosnia 1756184921523 360 215 touchmove 102.5 487.9 0.733023 0.733023 0 bosnia 0
bosnia_bosnia_bosnia 1756184921540 360 215 touchmove 121.7 491.6 0.772210 0.772210 0 bosnia 0
bosnia_bosnia_bosnia 1756184921557 360 215 touchmove 140.9 495.2 0.538984 0.538984 0 bosnia 0
bosnia_bosnia_bosnia 1756184921574 360 215 touchmove 160.3 499.1 0.594742 0.594742 0 bosnia 0
bosnia_bosnia_bosnia 1756184921591 360 215 touchmove 179.5 503.1 0.587385 0.587385 0 bosnia 0
bosnia_bosnia_bosnia 1756184921608 360 215 touchmove 198.8 506.9 0.512391 0.512391 0 bosnia 0
bosnia_bosnia_bosnia 1756184921625 360 215 touchmove 218.1 510.9 0.585203 0.585203 0 bosnia 0
bosnia_bosnia_bosnia 1756184921642 360 215 touchmove 237.0 513.7 0.719887 0.719887 0 bosnia 0
bosnia_bosnia_bosnia 1756184921658 360 215 touchmove 254.4 513.4 0.799056 0.799056 0 bosnia 0
bosnia_bosnia_bosnia 1756184921675 360 215 touchmove 270.4 510.1 0.659511 0.659511 0 bosnia 0
bosnia_bosnia_bosnia 1756184921692 360 215 touchmove 285.0 503.9 0.718687 0.718687 0 bosnia 0
bosnia_bosnia_bosnia 1756184921709 360 215 touchmove 298.3 494.7 0.778274 0.778274 0 bosnia 0
bosnia_bosnia_bosnia 1756184921726 360 215 touchmove 310.2 482.4 0.787045 0.787045 0 bosnia 0
bosnia_bosnia_bosnia 1756184921743 360 215 touchmove 320.8 467.0 0.569441 0.569441 0 bosnia 0
bosnia_bosnia_bosnia 1756184921760 360 215 touchmove 330.2 449.9 0.637719 0.637719 0 bosnia 0
bosnia_bosnia_bosnia 1756184921777 360 215 touchmove 335.5 435.8 0.640522 0.640522 0 bosnia 0
bosnia_bosnia_bosnia 1756184921794 360 215 touchmove 336.5 424.7 0.658329 0.658329 0 bosnia 0
bosnia_bosnia_bosnia 1756184921811 360 215 touchmove 333.6 416.2 0.506755 0.506755 0 bosnia 0
bosnia_bosnia_bosnia 1756184921828 360 215 touchmove 326.5 410.8 0.773645 0.773645 0 bosnia 0
bosnia_bosnia_bosnia 1756184921845 360 215 touchmove 315.3 408.1 0.622564 0.622564 0 bosnia 0
bosnia_bosnia_bosnia 1756184921862 360 215 touchmove 299.9 408.3 0.560935 0.560935 0 bosnia 0
bosnia_bosnia_bosnia 1756184921879 360 215 touchmove 280.8 410.9 0.706899 0.706899 0 bosnia 0
bosnia_bosnia_bosnia 1756184921896 360 215 touchmove 261.6 413.6 0.513232 0.513232 0 bosnia 0
bosnia_bosnia_bosnia 1756184921913 360 215 touchmove 242.4 416.2 0.616911 0.616911 0 bosnia 0
bosnia_bosnia_bosnia 1756184921930 360 215 touchmove 223.0 418.8 0.624229 0.624229 0 bosnia 0
bosnia_bosnia_bosnia 1756184921946 360 215 touchmove 203.5 421.4 0.539185 0.539185 0 bosnia 0
bosnia_bosnia_bosnia 1756184921963 360 215 touchmove 184.1 424.0 0.547684 0.547684 0 bosnia 0
bosnia_bosnia_bosnia 1756184921980 360 215 touchmove 164.6 426.5 0.546502 0.546502 0 bosnia 0
bosnia_bosnia_bosnia 1756184921997 360 215 touchmove 144.9 429.2 0.605392 0.605392 0 bosnia 0
bosnia_bosnia_bosnia 1756184922014 360 215 touchmove 125.4 431.8 0.767011 0.767011 0 bosnia 0
bosnia_bosnia_bosnia 1756184922031 360 215 touchmove 106.1 434.3 0.663751 0.663751 0 bosnia 0
bosnia_bosnia_bosnia 1756184922048 360 215 touchmove 86.8 436.8 0.707749 0.707749 0 bosnia 0
bosnia_bosnia_bosnia 1756184922065 360 215 touchmove 67.5 439.2 0.537015 0.537015 0 bosnia 0
bosnia_bosnia_bosnia 1756184922082 360 215 touchmove 48.1 441.7 0.741584 0.741584 0 bosnia 0
bosnia_bosnia_bosnia 1756184922099 360 215 touchmove 28.7 444.1 0.677429 0.677429 0 bosnia 0
bosnia_bosnia_bosnia 1756184922116 360 215 touchmove 9.3 446.4 0.761277 0.761277 0 bosnia 0
bosnia_bosnia_bosnia 1756184922133 360 215 touchmove -10.2 448.7 0.737231 0.737231 0 bosnia 0
bosnia_bosnia_bosnia 1756184922150 360 215 touchmove -29.6 451.2 0.752732 0.752732 0 bosnia 0
bosnia_bosnia_bosnia 1756184922167 360 215 touchmove -49.0 453.8 0.550305 0.550305 0 bosnia 0
bosnia_bosnia_bosnia 1756184922184 360 215 touchmove -68.9 455.8 0.569100 0.569100 0 bosnia 0
bosnia_bosnia_bosnia 1756184922201 360 215 touchmove -87.0 459.3 0.767870 0.767870 0 bosnia 0
bosnia_bosnia_bosnia 1756184922218 360 215 touchend -106.7 462.0 0.563638 0.563638 0 bosnia 0