sentence timestamp keyb_width keyb_height event x_pos y_pos x_radius y_radius angle word is_err
recently_recently_recently 1756184907263 360 215 touchstart 72.3 401.1 0.531720 0.531720 0 recently 0
recently_recently_recently 1756184907279 360 215 touchmove 59.9 401.9 0.740581 0.740581 0 recently 0
recently_recently_recently 1756184907296 360 215 touchmove 46.7 402.3 0.784467 0.784467 0 recently 0
recently_recently_recently 1756184907313 360 215 touchmove 34.9 401.5 0.647510 0.647510 0 recently 0
recently_recently_recently 1756184907330 360 215 touchmove 26.0 403.6 0.576381 0.576381 0 recently 0
recently_recently_recently 1756184907347 360 215 touchmove 19.6 407.1 0.639788 0.639788 0 recently 0
recently_recently_recently 1756184907364 360 215 touchmove 16.0 412.0 0.732767 0.732767 0 recently 0
recently_recently_recently 1756184907380 360 215 touchmove 15.3 418.6 0.724896 0.724896 0 recently 0
recently_recently_recently 1756184907397 360 215 touchmove 17.3 427.0 0.512840 0.512840 0 recently 0
recently_recently_recently 1756184907414 360 215 touchmove 21.8 437.1 0.528406 0.528406 0 recently 0
recently_recently_recently 1756184907431 360 215 touchmove 27.9 448.2 0.798699 0.798699 0 recently 0
recently_recently_recently 1756184907448 360 215 touchmove 34.0 459.3 0.683928 0.683928 0 recently 0
recently_recently_recently 1756184907465 360 215 touchmove 40.2 470.4 0.545805 0.545805 0 recently 0
recently_recently_recently 1756184907481 360 215 touchmove 46.5 481.5 0.565369 0.565369 0 recently 0
recently_recently_recently 1756184907498 360 215 touchmove 52.7 492.4 0.501202 0.501202 0 recently 0
recently_recently_recently 1756184907515 360 215 touchmove 57.0 500.3 0.753855 0.753855 0 recently 0
recently_recently_recently 1756184907532 360 215 touchmove 59.5 504.8 0.652887 0.652887 0 recently 0
recently_recently_recently 1756184907549 360 215 touchmove 60.4 506.2 0.600186 0.600186 0 recently 0
recently_recently_recently 1756184907566 360 215 touchmove 59.4 504.5 0.667668 0.667668 0 recently 0
recently_recently_recently 1756184907583 360 215 touchmove 56.6 499.6 0.565335 0.565335 0 recently 0
recently_recently_recently 1756184907599 360 215 touchmove 52.0 491.6 0.641086 0.641086 0 recently 0
recently_recently_recently 1756184907616 360 215 touchmove 45.5 480.7 0.541018 0.541018 0 recently 0
recently_recently_recently 1756184907633 360 215 touchmove 39.0 469.6 0.617344 0.617344 0 recently 0
recently_recently_recently 1756184907650 360 215 touchmove 32.6 458.5 0.741232 0.741232 0 recently 0
recently_recently_recently 1756184907667 360 215 touchmove 26.1 447.2 0.538861 0.538861 0 recently 0
recently_recently_recently 1756184907684 360 215 touchmove 19.7 436.0 0.515686 0.515686 0 recently 0
recently_recently_recently 1756184907700 360 215 touchmove 15.3 426.5 0.629529 0.629529 0 recently 0
recently_recently_recently 1756184907717 360 215 touchmove 13.6 419.4 0.521276 0.521276 0 recently 0
recently_recently_recently 1756184907734 360 215 touchmove 14.5 414.6 0.704018 0.704018 0 recently 0
recently_recently_recently 1756184907751 360 215 touchmove 18.0 412.1 0.543689 0.543689 0 recently 0
recently_recently_recently 1756184907768 360 215 touchmove 24.0 411.9 0.502537 0.502537 0 recently 0
recently_recently_recently 1756184907785 360 215 touchmove 32.7 414.0 0.751208 0.751208 0 recently 0
recently_recently_recently 1756184907801 360 215 touchmove 43.9 418.3 0.664059 0.664059 0 recently 0
recently_recently_recently 1756184907818 360 215 touchmove 55.7 423.2 0.528944 0.528944 0 recently 0
recently_recently_recently 1756184907835 360 215 touchmove 67.5 428.0 0.798655 0.798655 0 recently 0
recently_recently_recently 1756184907852 360 215 touchmove 79.3 433.0 0.503583 0.503583 0 recently 0
recently_recently_recently 1756184907869 360 215 touchmove 91.0 438.0 0.736783 0.736783 0 recently 0
recently_recently_recently 1756184907886 360 215 touchmove 102.9 443.1 0.521723 0.521723 0 recently 0
recently_recently_recently 1756184907903 360 215 touchmove 114.7 448.2 0.745333 0.745333 0 recently 0
recently_recently_recently 1756184907919 360 215 touchmove 126.3 453.5 0.623274 0.623274 0 recently 0
recently_recently_recently 1756184907936 360 215 touchmove 138.1 458.7 0.635741 0.635741 0 recently 0
recently_recently_recently 1756184907953 360 215 touchmove 149.9 463.9 0.664411 0.664411 0 recently 0
recently_recently_recently 1756184907970 360 215 touchmove 161.7 469.1 0.771025 0.771025 0 recently 0
recently_recently_recently 1756184907987 360 215 touchmove 173.6 474.2 0.556908 0.556908 0 recently 0
recently_recently_recently 1756184908004 360 215 touchmove 185.3 479.4 0.695801 0.695801 0 recently 0
recently_recently_recently 1756184908020 360 215 touchmove 197.0 484.8 0.567071 0.567071 0 recently 0
recently_recently_recently 1756184908037 360 215 touchmove 208.8 490.0 0.710332 0.710332 0 recently 0
recently_recently_recently 1756184908054 360 215 touchmove 220.3 495.2 0.745400 0.745400 0 recently 0
recently_recently_recently 1756184908071 360 215 touchmove 231.9 500.4 0.774478 0.774478 0 recently 0
recently_recently_recently 1756184908088 360 215 touchmove 243.4 505.5 0.686324 0.686324 0 recently 0
recently_recently_recently 1756184908105 360 215 touchmove 254.3 510.4 0.634803 0.634803 0 recently 0
recently_recently_recently 1756184908121 360 215 touchmove 262.4 513.4 0.772362 0.772362 0 recently 0
recently_recently_recently 1756184908138 360 215 touchmove 267.4 514.3 0.597361 0.597361 0 recently 0
recently_recently_recently 1756184908155 360 215 touchmove 269.3 513.3 0.684671 0.684671 0 recently 0
recently_recently_recently 1756184908172 360 215 touchmove 268.3 510.6 0.586316 0.586316 0 recently 0
recently_recently_recently 1756184908189 360 215 touchmove 264.2 505.8 0.707581 0.707581 0 recently 0
recently_recently_recently 1756184908206 360 215 touchmove 257.0 499.1 0.690613 0.690613 0 recently 0
recently_recently_recently 1756184908223 360 215 touchmove 247.3 490.7 0.618242 0.618242 0 recently 0
recently_recently_recently 1756184908239 360 215 touchmove 237.6 482.2 0.712316 0.712316 0 recently 0
recently_recently_recently 1756184908256 360 215 touchmove 228.0 473.7 0.594001 0.594001 0 recently 0
recently_recently_recently 1756184908273 360 215 touchmove 218.4 465.2 0.790515 0.790515 0 recently 0
recently_recently_recently 1756184908290 360 215 touchmove 208.8 456.7 0.719898 0.719898 0 recently 0
recently_recently_recently 1756184908307 360 215 touchmove 199.1 448.4 0.791198 0.791198 0 recently 0
recently_recently_recently 1756184908324 360 215 touchmove 189.5 440.0 0.692859 0.692859 0 recently 0
recently_recently_recently 1756184908340 360 215 touchmove 179.9 431.5 0.756157 0.756157 0 recently 0
recently_recently_recently 1756184908357 360 215 touchmove 171.0 423.5 0.650026 0.650026 0 recently 0
recently_recently_recently 1756184908374 360 215 touchmove 165.3 417.1 0.794632 0.794632 0 recently 0
recently_recently_recently 1756184908391 360 215 touchmove 162.8 412.2 0.741594 0.741594 0 recently 0
recently_recently_recently 1756184908408 360 215 touchmove 163.5 408.8 0.565658 0.565658 0 recently 0
recently_recently_recently 1756184908425 360 215 touchmove 167.5 406.8 0.602030 0.602030 0 recently 0
recently_recently_recently 1756184908441 360 215 touchmove 174.5 406.3 0.799059 0.799059 0 recently 0
recently_recently_recently 1756184908458 360 215 touchmove 184.7 407.5 0.601632 0.601632 0 recently 0
recently_recently_recently 1756184908475 360 215 touchmove 197.3 410.0 0.649519 0.649519 0 recently 0
recently_recently_recently 1756184908492 360 215 touchmove 209.8 412.3 0.775347 0.775347 0 recently 0
recently_recently_recently 1756184908509 360 215 touchmove 222.4 414.7 0.503622 0.503622 0 recently 0
recently_recently_recently 1756184908526 360 215 touchmove 235.1 416.9 0.724203 0.724203 0 recently 0
recently_recently_recently 1756184908543 360 215 touchmove 247.5 419.3 0.543557 0.543557 0 recently 0
recently_recently_recently 1756184908559 360 215 touchmove 259.9 421.8 0.566281 0.566281 0 recently 0
recently_recently_recently 1756184908576 360 215 touchmove 272.4 424.2 0.558994 0.558994 0 recently 0
recently_recently_recently 1756184908593 360 215 touchmove 284.8 426.4 0.605662 0.605662 0 recently 0
recently_recently_recently 1756184908610 360 215 touchmove 297.3 428.7 0.564467 0.564467 0 recently 0
recently_recently_recently 1756184908627 360 215 touchmove 309.8 431.0 0.652652 0.652652 0 recently 0
recently_recently_recently 1756184908644 360 215 touchmove 322.4 433.5 0.641132 0.641132 0 recently 0
recently_recently_recently 1756184908660 360 215 touchmove 334.9 435.9 0.656601 0.656601 0 recently 0
recently_recently_recently 1756184908677 360 215 touchmove 347.6 438.4 0.670812 0.670812 0 recently 0
recently_recently_recently 1756184908694 360 215 touchmove 360.2 440.8 0.754899 0.754899 0 recently 0
recently_recently_recently 1756184908711 360 215 touchmove 372.9 443.2 0.605318 0.605318 0 recently 0
recently_recently_recently 1756184908728 360 215 touchmove 385.5 445.6 0.782150 0.782150 0 recently 0
recently_recently_recently 1756184908745 360 215 touchmove 397.8 448.1 0.740313 0.740313 0 recently 0
recently_recently_recently 1756184908761 360 215 touchmove 410.1 450.5 0.548688 0.548688 0 recently 0
recently_recently_recently 1756184908778 360 215 touchmove 422.4 452.9 0.640945 0.640945 0 recently 0
recently_recently_recently 1756184908795 360 215 touchmove 433.3 455.0 0.667459 0.667459 0 recently 0
recently_recently_recently 1756184908812 360 215 touchmove 440.8 456.4 0.678205 0.678205 0 recently 0
recently_recently_recently 1756184908829 360 215 touchmove 444.8 456.9 0.624119 0.624119 0 recently 0
recently_recently_recently 1756184908846 360 215 touchmove 445.5 456.6 0.799157 0.799157 0 recently 0
recently_recently_recently 1756184908863 360 215 touchmove 442.6 455.7 0.617805 0.617805 0 recently 0
recently_recently_recently 1756184908879 360 215 touchmove 436.1 454.1 0.543999 0.543999 0 recently 0
recently_recently_recently 1756184908896 360 215 touchmove 426.1 451.8 0.501259 0.501259 0 recently 0
recently_recently_recently 1756184908913 360 215 touchmove 414.0 448.8 0.768445 0.768445 0 recently 0
recently_recently_recently 1756184908930 360 215 touchmove 401.7 445.9 0.520125 0.520125 0 recently 0
recently_recently_recently 1756184908947 360 215 touchmove 389.3 442.9 0.666498 0.666498 0 recently 0
recently_recently_recently 1756184908964 360 215 touchmove 376.8 440.1 0.562262 0.562262 0 recently 0
recently_recently_recently 1756184908980 360 215 touchmove 364.1 437.2 0.506987 0.506987 0 recently 0
recently_recently_recently 1756184908997 360 215 touchmove 351.5 434.2 0.586329 0.586329 0 recently 0
recently_recently_recently 1756184909014 360 215 touchmove 339.0 431.3 0.756907 0.756907 0 recently 0
recently_recently_recently 1756184909031 360 215 touchmove 326.4 428.3 0.687957 0.687957 0 recently 0
recently_recently_recently 1756184909048 360 215 touchmove 313.9 425.3 0.639263 0.639263 0 recently 0
recently_recently_recently 1756184909065 360 215 touchmove 301.5 422.3 0.703136 0.703136 0 recently 0
recently_recently_recently 1756184909081 360 215 touchmove 289.1 419.2 0.710215 0.710215 0 recently 0
recently_recently_recently 1756184909098 360 215 touchmove 276.8 416.0 0.705761 0.705761 0 recently 0
recently_recently_recently 1756184909115 360 215 touchmove 264.6 412.9 0.767621 0.767621 0 recently 0
recently_recently_recently 1756184909132 360 215 touchmove 252.4 409.8 0.578935 0.578935 0 recently 0
recently_recently_recently 1756184909149 360 215 touchmove 239.6 406.7 0.619618 0.619618 0 recently 0
recently_recently_recently 1756184909166 360 215 touchmove 227.5 403.0 0.690360 0.690360 0 recently 0
recently_recently_recently 1756184909183 360 215 touchend 215.8 400.8 0.678816 0.678816 0 recently 0