sentence timestamp keyb_width keyb_height event x_pos y_pos x_radius y_radius angle word is_err
rest_rest_rest 1756184850220 360 215 touchstart 72.3 400.7 0.679810 0.679810 0 rest 0
rest_rest_rest 1756184850237 360 215 touchmove 66.2 400.1 0.536820 0.536820 0 rest 0
rest_rest_rest 1756184850254 360 215 touchmove 59.3 400.2 0.557148 0.557148 0 rest 0
rest_rest_rest 1756184850271 360 215 touchmove 54.1 400.7 0.547881 0.547881 0 rest 0
rest_rest_rest 1756184850288 360 215 touchmove 48.2 400.8 0.600905 0.600905 0 rest 0
rest_rest_rest 1756184850305 360 215 touchmove 42.2 400.9 0.637976 0.637976 0 rest 0
rest_rest_rest 1756184850322 360 215 touchmove 36.4 400.9 0.762468 0.762468 0 rest 0
rest_rest_rest 1756184850340 360 215 touchmove 30.5 401.0 0.694706 0.694706 0 rest 0
rest_rest_rest 1756184850357 360 215 touchmove 24.5 400.9 0.599790 0.599790 0 rest 0
rest_rest_rest 1756184850374 360 215 touchmove 18.5 400.9 0.650836 0.650836 0 rest 0
rest_rest_rest 1756184850391 360 215 touchmove 12.9 401.3 0.595923 0.595923 0 rest 0
rest_rest_rest 1756184850408 360 215 touchmove 7.7 402.5 0.795451 0.795451 0 rest 0
rest_rest_rest 1756184850425 360 215 touchmove 3.1 404.5 0.688538 0.688538 0 rest 0
rest_rest_rest 1756184850442 360 215 touchmove -1.0 407.6 0.616703 0.616703 0 rest 0
rest_rest_rest 1756184850460 360 215 touchmove -4.7 411.3 0.713225 0.713225 0 rest 0
rest_rest_rest 1756184850477 360 215 touchmove -7.9 415.7 0.526285 0.526285 0 rest 0
rest_rest_rest 1756184850494 360 215 touchmove -10.8 420.8 0.500449 0.500449 0 rest 0
rest_rest_rest 1756184850511 360 215 touchmove -13.8 426.1 0.560124 0.560124 0 rest 0
rest_rest_rest 1756184850528 360 215 touchmove -16.7 431.4 0.775488 0.775488 0 rest 0
rest_rest_rest 1756184850545 360 215 touchmove -19.7 436.6 0.512787 0.512787 0 rest 0
rest_rest_rest 1756184850562 360 215 touchmove -22.9 441.6 0.609367 0.609367 0 rest 0
rest_rest_rest 1756184850580 360 215 touchmove -25.8 446.8 0.524763 0.524763 0 rest 0
rest_rest_rest 1756184850597 360 215 touchmove -27.7 450.8 0.666631 0.666631 0 rest 0
rest_rest_rest 1756184850614 360 215 touchmove -28.4 453.8 0.658248 0.658248 0 rest 0
rest_rest_rest 1756184850631 360 215 touchmove -27.9 455.8 0.567192 0.567192 0 rest 0
rest_rest_rest 1756184850648 360 215 touchmove -26.3 456.8 0.717863 0.717863 0 rest 0
rest_rest_rest 1756184850665 360 215 touchmove -23.4 456.7 0.789630 0.789630 0 rest 0
rest_rest_rest 1756184850682 360 215 touchmove -19.3 455.8 0.616553 0.616553 0 rest 0
rest_rest_rest 1756184850700 360 215 touchmove -14.1 453.8 0.652130 0.652130 0 rest 0
rest_rest_rest 1756184850717 360 215 touchmove -8.7 451.9 0.685796 0.685796 0 rest 0
rest_rest_rest 1756184850734 360 215 touchmove -3.3 450.0 0.780887 0.780887 0 rest 0
rest_rest_rest 1756184850751 360 215 touchmove 2.5 448.1 0.598572 0.598572 0 rest 0
rest_rest_rest 1756184850768 360 215 touchmove 8.3 446.1 0.625743 0.625743 0 rest 0
rest_rest_rest 1756184850785 360 215 touchmove 13.8 444.1 0.795190 0.795190 0 rest 0
rest_rest_rest 1756184850802 360 215 touchmove 19.5 442.0 0.733543 0.733543 0 rest 0
rest_rest_rest 1756184850820 360 215 touchmove 25.3 440.0 0.695219 0.695219 0 rest 0
rest_rest_rest 1756184850837 360 215 touchmove 31.0 437.9 0.702680 0.702680 0 rest 0
rest_rest_rest 1756184850854 360 215 touchmove 36.8 435.9 0.733652 0.733652 0 rest 0
rest_rest_rest 1756184850871 360 215 touchmove 42.4 433.9 0.609538 0.609538 0 rest 0
rest_rest_rest 1756184850888 360 215 touchmove 47.9 432.0 0.685773 0.685773 0 rest 0
rest_rest_rest 1756184850905 360 215 touchmove 53.5 430.2 0.677789 0.677789 0 rest 0
rest_rest_rest 1756184850922 360 215 touchmove 59.0 428.4 0.633997 0.633997 0 rest 0
rest_rest_rest 1756184850940 360 215 touchmove 64.6 426.4 0.594069 0.594069 0 rest 0
rest_rest_rest 1756184850957 360 215 touchmove 70.3 424.6 0.607013 0.607013 0 rest 0
rest_rest_rest 1756184850974 360 215 touchmove 75.8 422.7 0.708566 0.708566 0 rest 0
rest_rest_rest 1756184850991 360 215 touchmove 81.3 420.8 0.666057 0.666057 0 rest 0
rest_rest_rest 1756184851008 360 215 touchmove 86.9 418.9 0.677928 0.677928 0 rest 0
rest_rest_rest 1756184851025 360 215 touchmove 92.7 417.0 0.602838 0.602838 0 rest 0
rest_rest_rest 1756184851042 360 215 touchmove 98.5 415.0 0.681008 0.681008 0 rest 0
rest_rest_rest 1756184851060 360 215 touchmove 104.1 413.1 0.580684 0.580684 0 rest 0
rest_rest_rest 1756184851077 360 215 touchmove 109.8 411.2 0.763269 0.763269 0 rest 0
rest_rest_rest 1756184851094 360 215 touchmove 115.5 409.4 0.737699 0.737699 0 rest 0
rest_rest_rest 1756184851111 360 215 touchmove 121.3 407.4 0.694808 0.694808 0 rest 0
rest_rest_rest 1756184851128 360 215 touchmove 127.1 405.5 0.552395 0.552395 0 rest 0
rest_rest_rest 1756184851145 360 215 touchmove 132.6 404.1 0.515624 0.515624 0 rest 0
rest_rest_rest 1756184851162 360 215 touchmove 138.8 401.9 0.545433 0.545433 0 rest 0
rest_rest_rest 1756184851180 360 215 touchend 144.5 400.1 0.772072 0.772072 0 rest 0