sentence timestamp keyb_width keyb_height event x_pos y_pos x_radius y_radius angle word is_err
matter_matter_matter 1756184295919 360 215 touchstart 358.3 523.2 0.757737 0.757737 0 matter 0
matter_matter_matter 1756184295935 360 215 touchmove 348.9 521.9 0.756518 0.756518 0 matter 0
matter_matter_matter 1756184295952 360 215 touchmove 339.9 520.5 0.535699 0.535699 0 matter 0
matter_matter_matter 1756184295969 360 215 touchmove 329.9 520.4 0.638001 0.638001 0 matter 0
matter_matter_matter 1756184295986 360 215 touchmove 320.0 519.1 0.636873 0.636873 0 matter 0
matter_matter_matter 1756184296003 360 215 touchmove 309.9 517.8 0.550004 0.550004 0 matter 0
matter_matter_matter 1756184296020 360 215 touchmove 299.5 516.6 0.770552 0.770552 0 matter 0
matter_matter_matter 1756184296037 360 215 touchmove 289.2 515.1 0.708201 0.708201 0 matter 0
matter_matter_matter 1756184296054 360 215 touchmove 278.5 513.4 0.558262 0.558262 0 matter 0
matter_matter_matter 1756184296071 360 215 touchmove 268.1 512.0 0.594904 0.594904 0 matter 0
matter_matter_matter 1756184296088 360 215 touchmove 257.4 510.6 0.748027 0.748027 0 matter 0
matter_matter_matter 1756184296105 360 215 touchmove 246.7 509.2 0.721120 0.721120 0 matter 0
matter_matter_matter 1756184296122 360 215 touchmove 236.4 507.8 0.500646 0.500646 0 matter 0
matter_matter_matter 1756184296139 360 215 touchmove 226.4 506.4 0.679032 0.679032 0 matter 0
matter_matter_matter 1756184296156 360 215 touchmove 216.3 504.9 0.546229 0.546229 0 matter 0
matter_matter_matter 1756184296173 360 215 touchmove 206.3 503.8 0.561318 0.561318 0 matter 0
matter_matter_matter 1756184296190 360 215 touchmove 196.3 502.5 0.616955 0.616955 0 matter 0
matter_matter_matter 1756184296207 360 215 touchmove 186.2 501.3 0.735179 0.735179 0 matter 0
matter_matter_matter 1756184296224 360 215 touchmove 176.4 500.2 0.528557 0.528557 0 matter 0
matter_matter_matter 1756184296241 360 215 touchmove 166.4 499.1 0.503562 0.503562 0 matter 0
matter_matter_matter 1756184296258 360 215 touchmove 156.1 497.7 0.676008 0.676008 0 matter 0
matter_matter_matter 1756184296275 360 215 touchmove 145.9 496.3 0.680381 0.680381 0 matter 0
matter_matter_matter 1756184296292 360 215 touchmove 135.6 495.1 0.662819 0.662819 0 matter 0
matter_matter_matter 1756184296309 360 215 touchmove 125.5 494.0 0.633066 0.633066 0 matter 0
matter_matter_matter 1756184296325 360 215 touchmove 115.3 492.8 0.603151 0.603151 0 matter 0
matter_matter_matter 1756184296342 360 215 touchmove 105.1 491.6 0.561608 0.561608 0 matter 0
matter_matter_matter 1756184296359 360 215 touchmove 94.8 490.4 0.678038 0.678038 0 matter 0
matter_matter_matter 1756184296376 360 215 touchmove 84.7 489.2 0.683944 0.683944 0 matter 0
matter_matter_matter 1756184296393 360 215 touchmove 74.2 488.2 0.635519 0.635519 0 matter 0
matter_matter_matter 1756184296410 360 215 touchmove 64.0 486.6 0.536295 0.536295 0 matter 0
matter_matter_matter 1756184296427 360 215 touchmove 53.7 485.1 0.685178 0.685178 0 matter 0
matter_matter_matter 1756184296444 360 215 touchmove 43.4 483.5 0.756995 0.756995 0 matter 0
matter_matter_matter 1756184296461 360 215 touchmove 33.3 482.2 0.573905 0.573905 0 matter 0
matter_matter_matter 1756184296478 360 215 touchmove 22.9 480.9 0.603260 0.603260 0 matter 0
matter_matter_matter 1756184296495 360 215 touchmove 12.8 479.3 0.717433 0.717433 0 matter 0
matter_matter_matter 1756184296512 360 215 touchmove 2.8 477.6 0.755593 0.755593 0 matter 0
matter_matter_matter 1756184296529 360 215 touchmove -7.4 476.4 0.535271 0.535271 0 matter 0
matter_matter_matter 1756184296546 360 215 touchmove -17.6 475.0 0.507347 0.507347 0 matter 0
matter_matter_matter 1756184296563 360 215 touchmove -27.6 473.7 0.613474 0.613474 0 matter 0
matter_matter_matter 1756184296580 360 215 touchmove -37.8 472.3 0.695895 0.695895 0 matter 0
matter_matter_matter 1756184296597 360 215 touchmove -48.1 471.0 0.636084 0.636084 0 matter 0
matter_matter_matter 1756184296614 360 215 touchmove -58.6 470.2 0.623584 0.623584 0 matter 0
matter_matter_matter 1756184296631 360 215 touchmove -68.8 469.2 0.660292 0.660292 0 matter 0
matter_matter_matter 1756184296648 360 215 touchmove -78.3 467.6 0.787081 0.787081 0 matter 0
matter_matter_matter 1756184296665 360 215 touchmove -84.9 465.9 0.553769 0.553769 0 matter 0
matter_matter_matter 1756184296682 360 215 touchmove -88.8 464.0 0.696188 0.696188 0 matter 0
matter_matter_matter 1756184296699 360 215 touchmove -89.9 462.0 0.653727 0.653727 0 matter 0
matter_matter_matter 1756184296715 360 215 touchmove -87.9 459.6 0.530468 0.530468 0 matter 0
matter_matter_matter 1756184296732 360 215 touchmove -82.9 456.8 0.544037 0.544037 0 matter 0
matter_matter_matter 1756184296749 360 215 touchmove -75.4 454.0 0.595072 0.595072 0 matter 0
matter_matter_matter 1756184296766 360 215 touchmove -65.4 451.3 0.636109 0.636109 0 matter 0
matter_matter_matter 1756184296783 360 215 touchmove -55.7 448.7 0.685191 0.685191 0 matter 0
matter_matter_matter 1756184296800 360 215 touchmove -46.3 445.9 0.509316 0.509316 0 matter 0
matter_matter_matter 1756184296817 360 215 touchmove -37.0 443.3 0.742881 0.742881 0 matter 0
matter_matter_matter 1756184296834 360 215 touchmove -27.5 440.9 0.659739 0.659739 0 matter 0
matter_matter_matter 1756184296851 360 215 touchmove -17.8 438.4 0.643560 0.643560 0 matter 0
matter_matter_matter 1756184296868 360 215 touchmove -7.9 435.9 0.615427 0.615427 0 matter 0
matter_matter_matter 1756184296885 360 215 touchmove 1.8 433.6 0.518776 0.518776 0 matter 0
matter_matter_matter 1756184296902 360 215 touchmove 11.8 431.2 0.687317 0.687317 0 matter 0
matter_matter_matter 1756184296919 360 215 touchmove 22.3 428.8 0.514242 0.514242 0 matter 0
matter_matter_matter 1756184296936 360 215 touchmove 32.8 426.4 0.598081 0.598081 0 matter 0
matter_matter_matter 1756184296953 360 215 touchmove 43.0 424.0 0.728123 0.728123 0 matter 0
matter_matter_matter 1756184296970 360 215 touchmove 52.9 421.3 0.762067 0.762067 0 matter 0
matter_matter_matter 1756184296987 360 215 touchmove 62.8 419.2 0.799230 0.799230 0 matter 0
matter_matter_matter 1756184297004 360 215 touchmove 72.6 416.8 0.778461 0.778461 0 matter 0
matter_matter_matter 1756184297021 360 215 touchmove 82.5 414.3 0.707509 0.707509 0 matter 0
matter_matter_matter 1756184297038 360 215 touchmove 92.5 412.1 0.724683 0.724683 0 matter 0
matter_matter_matter 1756184297055 360 215 touchmove 102.4 409.6 0.525549 0.525549 0 matter 0
matter_matter_matter 1756184297072 360 215 touchmove 112.7 407.0 0.629126 0.629126 0 matter 0
matter_matter_matter 1756184297089 360 215 touchmove 120.3 404.9 0.659653 0.659653 0 matter 0
matter_matter_matter 1756184297105 360 215 touchmove 125.0 403.0 0.610280 0.610280 0 matter 0
matter_matter_matter 1756184297122 360 215 touchmove 127.0 401.8 0.653794 0.653794 0 matter 0
matter_matter_matter 1756184297139 360 215 touchmove 125.8 401.1 0.776508 0.776508 0 matter 0
matter_matter_matter 1756184297156 360 215 touchmove 121.5 400.5 0.669444 0.669444 0 matter 0
matter_matter_matter 1756184297173 360 215 touchmove 114.2 400.3 0.584236 0.584236 0 matter 0
matter_matter_matter 1756184297190 360 215 touchmove 104.0 400.4 0.528047 0.528047 0 matter 0
matter_matter_matter 1756184297207 360 215 touchmove 93.6 400.7 0.729144 0.729144 0 matter 0
matter_matter_matter 1756184297224 360 215 touchmove 83.1 400.8 0.533178 0.533178 0 matter 0
matter_matter_matter 1756184297241 360 215 touchmove 72.6 400.7 0.625193 0.625193 0 matter 0
matter_matter_matter 1756184297258 360 215 touchmove 62.0 400.4 0.777630 0.777630 0 matter 0
matter_matter_matter 1756184297275 360 215 touchmove 51.4 400.3 0.629486 0.629486 0 matter 0
matter_matter_matter 1756184297292 360 215 touchmove 41.1 400.1 0.516691 0.516691 0 matter 0
matter_matter_matter 1756184297309 360 215 touchmove 30.8 400.2 0.615093 0.615093 0 matter 0
matter_matter_matter 1756184297326 360 215 touchmove 23.1 400.0 0.638592 0.638592 0 matter 0
matter_matter_matter 1756184297343 360 215 touchmove 18.4 400.0 0.730538 0.730538 0 matter 0
matter_matter_matter 1756184297360 360 215 touchmove 16.8 399.8 0.674321 0.674321 0 matter 0
matter_matter_matter 1756184297377 360 215 touchmove 18.3 399.8 0.701066 0.701066 0 matter 0
matter_matter_matter 1756184297394 360 215 touchmove 22.7 399.7 0.634486 0.634486 0 matter 0
matter_matter_matter 1756184297411 360 215 touchmove 29.9 399.7 0.569402 0.569402 0 matter 0
matter_matter_matter 1756184297428 360 215 touchmove 40.2 399.8 0.744230 0.744230 0 matter 0
matter_matter_matter 1756184297445 360 215 touchmove 50.6 399.5 0.664421 0.664421 0 matter 0
matter_matter_matter 1756184297462 360 215 touchmove 60.4 399.7 0.788124 0.788124 0 matter 0
matter_matter_matter 1756184297479 360 215 touchend 71.6 400.5 0.558335 0.558335 0 matter 0