sentence timestamp keyb_width keyb_height event x_pos y_pos x_radius y_radius angle word is_err
maybe_maybe_maybe 1756184849799 360 215 touchstart 358.0 526.3 0.641287 0.641287 0 maybe 0
maybe_maybe_maybe 1756184849815 360 215 touchmove 338.2 524.8 0.541591 0.541591 0 maybe 0
maybe_maybe_maybe 1756184849832 360 215 touchmove 318.3 523.8 0.602844 0.602844 0 maybe 0
maybe_maybe_maybe 1756184849849 360 215 touchmove 297.4 519.8 0.694543 0.694543 0 maybe 0
maybe_maybe_maybe 1756184849866 360 215 touchmove 277.4 517.1 0.650727 0.650727 0 maybe 0
maybe_maybe_maybe 1756184849883 360 215 touchmove 257.8 514.3 0.607542 0.607542 0 maybe 0
maybe_maybe_maybe 1756184849900 360 215 touchmove 238.4 511.3 0.677788 0.677788 0 maybe 0
maybe_maybe_maybe 1756184849917 360 215 touchmove 219.3 508.3 0.522302 0.522302 0 maybe 0
maybe_maybe_maybe 1756184849934 360 215 touchmove 199.9 505.7 0.581943 0.581943 0 maybe 0
maybe_maybe_maybe 1756184849951 360 215 touchmove 181.1 503.4 0.569765 0.569765 0 maybe 0
maybe_maybe_maybe 1756184849968 360 215 touchmove 161.7 500.5 0.686840 0.686840 0 maybe 0
maybe_maybe_maybe 1756184849985 360 215 touchmove 142.3 498.0 0.712706 0.712706 0 maybe 0
maybe_maybe_maybe 1756184850002 360 215 touchmove 122.9 495.2 0.693838 0.693838 0 maybe 0
maybe_maybe_maybe 1756184850019 360 215 touchmove 103.1 492.2 0.561167 0.561167 0 maybe 0
maybe_maybe_maybe 1756184850036 360 215 touchmove 83.3 489.2 0.578713 0.578713 0 maybe 0
maybe_maybe_maybe 1756184850053 360 215 touchmove 63.5 486.3 0.587719 0.587719 0 maybe 0
maybe_maybe_maybe 1756184850070 360 215 touchmove 43.5 483.2 0.649879 0.649879 0 maybe 0
maybe_maybe_maybe 1756184850087 360 215 touchmove 23.7 480.3 0.695025 0.695025 0 maybe 0
maybe_maybe_maybe 1756184850104 360 215 touchmove 4.1 477.2 0.667865 0.667865 0 maybe 0
maybe_maybe_maybe 1756184850121 360 215 touchmove -15.5 474.4 0.735667 0.735667 0 maybe 0
maybe_maybe_maybe 1756184850137 360 215 touchmove -34.7 471.5 0.664960 0.664960 0 maybe 0
maybe_maybe_maybe 1756184850154 360 215 touchmove -52.3 468.8 0.616257 0.616257 0 maybe 0
maybe_maybe_maybe 1756184850171 360 215 touchmove -64.4 465.5 0.583548 0.583548 0 maybe 0
maybe_maybe_maybe 1756184850188 360 215 touchmove -70.6 461.8 0.596928 0.596928 0 maybe 0
maybe_maybe_maybe 1756184850205 360 215 touchmove -71.8 458.3 0.753152 0.753152 0 maybe 0
maybe_maybe_maybe 1756184850222 360 215 touchmove -67.6 454.8 0.706669 0.706669 0 maybe 0
maybe_maybe_maybe 1756184850239 360 215 touchmove -58.1 451.3 0.620897 0.620897 0 maybe 0
maybe_maybe_maybe 1756184850256 360 215 touchmove -43.0 447.7 0.790800 0.790800 0 maybe 0
maybe_maybe_maybe 1756184850273 360 215 touchmove -23.6 443.8 0.515619 0.515619 0 maybe 0
maybe_maybe_maybe 1756184850290 360 215 touchmove -3.9 440.2 0.633537 0.633537 0 maybe 0
maybe_maybe_maybe 1756184850307 360 215 touchmove 15.5 437.0 0.508932 0.508932 0 maybe 0
maybe_maybe_maybe 1756184850324 360 215 touchmove 34.9 433.6 0.568568 0.568568 0 maybe 0
maybe_maybe_maybe 1756184850341 360 215 touchmove 54.3 430.2 0.550883 0.550883 0 maybe 0
maybe_maybe_maybe 1756184850358 360 215 touchmove 73.6 426.8 0.707222 0.707222 0 maybe 0
maybe_maybe_maybe 1756184850375 360 215 touchmove 92.9 423.8 0.583938 0.583938 0 maybe 0
maybe_maybe_maybe 1756184850392 360 215 touchmove 112.3 420.3 0.558760 0.558760 0 maybe 0
maybe_maybe_maybe 1756184850409 360 215 touchmove 131.4 416.7 0.657074 0.657074 0 maybe 0
maybe_maybe_maybe 1756184850426 360 215 touchmove 150.7 412.9 0.550527 0.550527 0 maybe 0
maybe_maybe_maybe 1756184850443 360 215 touchmove 168.4 411.8 0.795811 0.795811 0 maybe 0
maybe_maybe_maybe 1756184850460 360 215 touchmove 183.3 413.9 0.579715 0.579715 0 maybe 0
maybe_maybe_maybe 1756184850476 360 215 touchmove 195.7 419.5 0.674333 0.674333 0 maybe 0
maybe_maybe_maybe 1756184850493 360 215 touchmove 205.4 428.1 0.614686 0.614686 0 maybe 0
maybe_maybe_maybe 1756184850510 360 215 touchmove 212.2 440.4 0.606275 0.606275 0 maybe 0
maybe_maybe_maybe 1756184850527 360 215 touchmove 216.0 456.4 0.774492 0.774492 0 maybe 0
maybe_maybe_maybe 1756184850544 360 215 touchmove 215.6 473.2 0.717098 0.717098 0 maybe 0
maybe_maybe_maybe 1756184850561 360 215 touchmove 211.8 486.7 0.522683 0.522683 0 maybe 0
maybe_maybe_maybe 1756184850578 360 215 touchmove 205.9 496.0 0.504332 0.504332 0 maybe 0
maybe_maybe_maybe 1756184850595 360 215 touchmove 197.1 500.8 0.586191 0.586191 0 maybe 0
maybe_maybe_maybe 1756184850612 360 215 touchmove 185.7 501.2 0.712971 0.712971 0 maybe 0
maybe_maybe_maybe 1756184850629 360 215 touchmove 171.6 497.5 0.684601 0.684601 0 maybe 0
maybe_maybe_maybe 1756184850646 360 215 touchmove 155.5 490.1 0.777850 0.777850 0 maybe 0
maybe_maybe_maybe 1756184850663 360 215 touchmove 138.2 480.9 0.594782 0.594782 0 maybe 0
maybe_maybe_maybe 1756184850680 360 215 touchmove 120.9 471.1 0.723661 0.723661 0 maybe 0
maybe_maybe_maybe 1756184850697 360 215 touchmove 103.7 461.5 0.561023 0.561023 0 maybe 0
maybe_maybe_maybe 1756184850714 360 215 touchmove 86.1 451.6 0.502625 0.502625 0 maybe 0
maybe_maybe_maybe 1756184850731 360 215 touchmove 68.5 441.7 0.681747 0.681747 0 maybe 0
maybe_maybe_maybe 1756184850748 360 215 touchmove 51.0 431.7 0.624835 0.624835 0 maybe 0
maybe_maybe_maybe 1756184850765 360 215 touchmove 32.8 420.7 0.723414 0.723414 0 maybe 0
maybe_maybe_maybe 1756184850782 360 215 touchmove 15.0 409.7 0.658392 0.658392 0 maybe 0
maybe_maybe_maybe 1756184850799 360 215 touchend -1.9 399.6 0.731959 0.731959 0 maybe 0