sentence timestamp keyb_width keyb_height event x_pos y_pos x_radius y_radius angle word is_err
book_book_book 1756184295719 360 215 touchstart 216.4 523.6 0.640569 0.640569 0 book 0
book_book_book 1756184295736 360 215 touchmove 221.2 520.8 0.776952 0.776952 0 book 0
book_book_book 1756184295753 360 215 touchmove 226.2 518.1 0.762613 0.762613 0 book 0
book_book_book 1756184295770 360 215 touchmove 231.1 515.1 0.719460 0.719460 0 book 0
book_book_book 1756184295787 360 215 touchmove 236.2 512.3 0.590802 0.590802 0 book 0
book_book_book 1756184295804 360 215 touchmove 241.2 509.6 0.555845 0.555845 0 book 0
book_book_book 1756184295821 360 215 touchmove 246.1 506.8 0.712842 0.712842 0 book 0
book_book_book 1756184295839 360 215 touchmove 251.1 504.0 0.742862 0.742862 0 book 0
book_book_book 1756184295856 360 215 touchmove 256.0 501.3 0.591997 0.591997 0 book 0
book_book_book 1756184295873 360 215 touchmove 260.9 498.5 0.692843 0.692843 0 book 0
book_book_book 1756184295890 360 215 touchmove 265.8 495.6 0.766366 0.766366 0 book 0
book_book_book 1756184295907 360 215 touchmove 270.7 492.7 0.680500 0.680500 0 book 0
book_book_book 1756184295924 360 215 touchmove 275.8 489.8 0.750185 0.750185 0 book 0
book_book_book 1756184295941 360 215 touchmove 280.8 486.9 0.676823 0.676823 0 book 0
book_book_book 1756184295959 360 215 touchmove 286.0 484.0 0.513896 0.513896 0 book 0
book_book_book 1756184295976 360 215 touchmove 291.0 481.1 0.759025 0.759025 0 book 0
book_book_book 1756184295993 360 215 touchmove 296.1 478.2 0.663991 0.663991 0 book 0
book_book_book 1756184296010 360 215 touchmove 301.0 475.3 0.617081 0.617081 0 book 0
book_book_book 1756184296027 360 215 touchmove 305.8 472.3 0.779307 0.779307 0 book 0
book_book_book 1756184296044 360 215 touchmove 310.6 469.5 0.764351 0.764351 0 book 0
book_book_book 1756184296061 360 215 touchmove 315.3 466.6 0.618992 0.618992 0 book 0
book_book_book 1756184296079 360 215 touchmove 320.3 463.7 0.616799 0.616799 0 book 0
book_book_book 1756184296096 360 215 touchmove 325.2 460.8 0.661143 0.661143 0 book 0
book_book_book 1756184296113 360 215 touchmove 330.2 457.9 0.743649 0.743649 0 book 0
book_book_book 1756184296130 360 215 touchmove 335.2 455.2 0.613571 0.613571 0 book 0
book_book_book 1756184296147 360 215 touchmove 340.2 452.5 0.743685 0.743685 0 book 0
book_book_book 1756184296164 360 215 touchmove 345.3 449.5 0.590019 0.590019 0 book 0
book_book_book 1756184296181 360 215 touchmove 350.2 446.6 0.583819 0.583819 0 book 0
book_book_book 1756184296199 360 215 touchmove 355.1 443.8 0.503750 0.503750 0 book 0
book_book_book 1756184296216 360 215 touchmove 360.0 440.9 0.583494 0.583494 0 book 0
book_book_book 1756184296233 360 215 touchmove 364.8 438.0 0.508556 0.508556 0 book 0
book_book_book 1756184296250 360 215 touchmove 369.5 435.1 0.676295 0.676295 0 book 0
book_book_book 1756184296267 360 215 touchmove 374.3 432.1 0.566244 0.566244 0 book 0
book_book_book 1756184296284 360 215 touchmove 379.1 429.3 0.753042 0.753042 0 book 0
book_book_book 1756184296301 360 215 touchmove 384.1 426.5 0.764551 0.764551 0 book 0
book_book_book 1756184296319 360 215 touchmove 388.9 423.6 0.697237 0.697237 0 book 0
book_book_book 1756184296336 360 215 touchmove 393.9 420.9 0.792032 0.792032 0 book 0
book_book_book 1756184296353 360 215 touchmove 399.0 418.2 0.685063 0.685063 0 book 0
book_book_book 1756184296370 360 215 touchmove 404.2 415.4 0.797973 0.797973 0 book 0
book_book_book 1756184296387 360 215 touchmove 409.4 412.6 0.795543 0.795543 0 book 0
book_book_book 1756184296404 360 215 touchmove 414.6 409.9 0.552190 0.552190 0 book 0
book_book_book 1756184296421 360 215 touchmove 419.2 407.9 0.713521 0.713521 0 book 0
book_book_book 1756184296439 360 215 touchmove 422.6 406.8 0.777631 0.777631 0 book 0
book_book_book 1756184296456 360 215 touchmove 424.8 406.8 0.538681 0.538681 0 book 0
book_book_book 1756184296473 360 215 touchmove 425.9 407.8 0.524357 0.524357 0 book 0
book_book_book 1756184296490 360 215 touchmove 425.9 410.0 0.777695 0.777695 0 book 0
book_book_book 1756184296507 360 215 touchmove 424.8 413.4 0.630110 0.630110 0 book 0
book_book_book 1756184296524 360 215 touchmove 422.5 417.9 0.624268 0.624268 0 book 0
book_book_book 1756184296541 360 215 touchmove 419.6 422.8 0.575419 0.575419 0 book 0
book_book_book 1756184296559 360 215 touchmove 416.8 427.8 0.692147 0.692147 0 book 0
book_book_book 1756184296576 360 215 touchmove 413.9 433.0 0.635052 0.635052 0 book 0
book_book_book 1756184296593 360 215 touchmove 410.9 438.2 0.693557 0.693557 0 book 0
book_book_book 1756184296610 360 215 touchmove 407.8 443.3 0.682225 0.682225 0 book 0
book_book_book 1756184296627 360 215 touchmove 404.8 448.3 0.758310 0.758310 0 book 0
book_book_book 1756184296644 360 215 touchmove 401.1 453.6 0.695318 0.695318 0 book 0
book_book_book 1756184296661 360 215 touchmove 398.9 457.9 0.779920 0.779920 0 book 0
book_book_book 1756184296679 360 215 touchend 395.9 462.9 0.794063 0.794063 0 book 0