sentence timestamp keyb_width keyb_height event x_pos y_pos x_radius y_radius angle word is_err
hit_hit_hit 1756184849949 360 215 touchstart 253.2 461.0 0.646026 0.646026 0 hit 0
hit_hit_hit 1756184849966 360 215 touchmove 262.5 454.9 0.650087 0.650087 0 hit 0
hit_hit_hit 1756184849983 360 215 touchmove 271.2 448.6 0.702039 0.702039 0 hit 0
hit_hit_hit 1756184850000 360 215 touchmove 279.6 443.9 0.501900 0.501900 0 hit 0
hit_hit_hit 1756184850017 360 215 touchmove 287.7 439.1 0.719992 0.719992 0 hit 0
hit_hit_hit 1756184850034 360 215 touchmove 295.8 434.2 0.648896 0.648896 0 hit 0
hit_hit_hit 1756184850051 360 215 touchmove 303.7 429.5 0.759603 0.759603 0 hit 0
hit_hit_hit 1756184850069 360 215 touchmove 311.5 425.1 0.500345 0.500345 0 hit 0
hit_hit_hit 1756184850086 360 215 touchmove 319.5 420.8 0.670729 0.670729 0 hit 0
hit_hit_hit 1756184850103 360 215 touchmove 327.6 416.6 0.786705 0.786705 0 hit 0
hit_hit_hit 1756184850120 360 215 touchmove 335.6 411.4 0.771697 0.771697 0 hit 0
hit_hit_hit 1756184850137 360 215 touchmove 341.7 407.3 0.692882 0.692882 0 hit 0
hit_hit_hit 1756184850154 360 215 touchmove 344.5 404.1 0.564249 0.564249 0 hit 0
hit_hit_hit 1756184850171 360 215 touchmove 344.9 402.0 0.720426 0.720426 0 hit 0
hit_hit_hit 1756184850189 360 215 touchmove 342.9 400.4 0.708332 0.708332 0 hit 0
hit_hit_hit 1756184850206 360 215 touchmove 338.0 399.5 0.509093 0.509093 0 hit 0
hit_hit_hit 1756184850223 360 215 touchmove 330.5 399.1 0.715502 0.715502 0 hit 0
hit_hit_hit 1756184850240 360 215 touchmove 320.7 399.8 0.670598 0.670598 0 hit 0
hit_hit_hit 1756184850257 360 215 touchmove 310.4 400.2 0.749891 0.749891 0 hit 0
hit_hit_hit 1756184850274 360 215 touchmove 300.4 400.5 0.639028 0.639028 0 hit 0
hit_hit_hit 1756184850291 360 215 touchmove 290.3 400.4 0.773640 0.773640 0 hit 0
hit_hit_hit 1756184850309 360 215 touchmove 279.8 400.7 0.712366 0.712366 0 hit 0
hit_hit_hit 1756184850326 360 215 touchmove 269.8 401.2 0.573627 0.573627 0 hit 0
hit_hit_hit 1756184850343 360 215 touchmove 259.9 401.4 0.691112 0.691112 0 hit 0
hit_hit_hit 1756184850360 360 215 touchmove 250.2 401.3 0.524271 0.524271 0 hit 0
hit_hit_hit 1756184850377 360 215 touchmove 240.6 401.3 0.689220 0.689220 0 hit 0
hit_hit_hit 1756184850394 360 215 touchmove 231.2 401.5 0.730893 0.730893 0 hit 0
hit_hit_hit 1756184850411 360 215 touchmove 221.9 401.6 0.722087 0.722087 0 hit 0
hit_hit_hit 1756184850429 360 215 touchmove 212.4 401.4 0.559125 0.559125 0 hit 0
hit_hit_hit 1756184850446 360 215 touchmove 202.8 401.1 0.634328 0.634328 0 hit 0
hit_hit_hit 1756184850463 360 215 touchmove 193.1 400.7 0.532327 0.532327 0 hit 0
hit_hit_hit 1756184850480 360 215 touchmove 183.5 400.1 0.585941 0.585941 0 hit 0
hit_hit_hit 1756184850497 360 215 touchmove 173.8 399.7 0.763126 0.763126 0 hit 0
hit_hit_hit 1756184850514 360 215 touchmove 163.6 398.4 0.517061 0.517061 0 hit 0
hit_hit_hit 1756184850531 360 215 touchmove 155.2 396.0 0.510154 0.510154 0 hit 0
hit_hit_hit 1756184850549 360 215 touchend 145.6 399.1 0.600729 0.600729 0 hit 0