sentence timestamp keyb_width keyb_height event x_pos y_pos x_radius y_radius angle word is_err
play_play_play 1756184295169 360 215 touchstart 503.3 399.9 0.770734 0.770734 0 play 0
play_play_play 1756184295186 360 215 touchmove 495.1 415.1 0.783996 0.783996 0 play 0
play_play_play 1756184295203 360 215 touchmove 486.4 431.0 0.725114 0.725114 0 play 0
play_play_play 1756184295220 360 215 touchmove 473.9 439.9 0.738843 0.738843 0 play 0
play_play_play 1756184295237 360 215 touchmove 461.6 449.1 0.746730 0.746730 0 play 0
play_play_play 1756184295254 360 215 touchmove 447.9 455.9 0.660813 0.660813 0 play 0
play_play_play 1756184295271 360 215 touchmove 433.0 460.5 0.782048 0.782048 0 play 0
play_play_play 1756184295289 360 215 touchmove 417.0 463.0 0.515916 0.515916 0 play 0
play_play_play 1756184295306 360 215 touchmove 399.7 463.4 0.712196 0.712196 0 play 0
play_play_play 1756184295323 360 215 touchmove 382.1 463.4 0.774961 0.774961 0 play 0
play_play_play 1756184295340 360 215 touchmove 364.5 463.4 0.591592 0.591592 0 play 0
play_play_play 1756184295357 360 215 touchmove 347.0 463.4 0.670427 0.670427 0 play 0
play_play_play 1756184295374 360 215 touchmove 329.4 463.6 0.580789 0.580789 0 play 0
play_play_play 1756184295391 360 215 touchmove 311.8 463.5 0.540912 0.540912 0 play 0
play_play_play 1756184295409 360 215 touchmove 294.2 463.4 0.601473 0.601473 0 play 0
play_play_play 1756184295426 360 215 touchmove 276.8 463.3 0.701321 0.701321 0 play 0
play_play_play 1756184295443 360 215 touchmove 259.4 463.2 0.713717 0.713717 0 play 0
play_play_play 1756184295460 360 215 touchmove 242.1 463.1 0.522783 0.522783 0 play 0
play_play_play 1756184295477 360 215 touchmove 224.6 462.9 0.758313 0.758313 0 play 0
play_play_play 1756184295494 360 215 touchmove 207.2 462.6 0.705841 0.705841 0 play 0
play_play_play 1756184295511 360 215 touchmove 189.8 462.5 0.676932 0.676932 0 play 0
play_play_play 1756184295529 360 215 touchmove 172.3 462.4 0.530247 0.530247 0 play 0
play_play_play 1756184295546 360 215 touchmove 154.8 462.4 0.673076 0.673076 0 play 0
play_play_play 1756184295563 360 215 touchmove 137.3 462.4 0.566984 0.566984 0 play 0
play_play_play 1756184295580 360 215 touchmove 119.9 462.4 0.638312 0.638312 0 play 0
play_play_play 1756184295597 360 215 touchmove 102.5 462.4 0.514618 0.514618 0 play 0
play_play_play 1756184295614 360 215 touchmove 85.1 462.3 0.641711 0.641711 0 play 0
play_play_play 1756184295631 360 215 touchmove 67.8 462.5 0.679532 0.679532 0 play 0
play_play_play 1756184295649 360 215 touchmove 50.6 462.5 0.611742 0.611742 0 play 0
play_play_play 1756184295666 360 215 touchmove 33.2 462.6 0.533159 0.533159 0 play 0
play_play_play 1756184295683 360 215 touchmove 16.0 462.6 0.696515 0.696515 0 play 0
play_play_play 1756184295700 360 215 touchmove -1.4 462.6 0.551725 0.551725 0 play 0
play_play_play 1756184295717 360 215 touchmove -18.7 462.6 0.531756 0.531756 0 play 0
play_play_play 1756184295734 360 215 touchmove -36.1 462.7 0.680408 0.680408 0 play 0
play_play_play 1756184295751 360 215 touchmove -53.5 462.8 0.769248 0.769248 0 play 0
play_play_play 1756184295769 360 215 touchmove -66.5 462.4 0.703855 0.703855 0 play 0
play_play_play 1756184295786 360 215 touchmove -74.6 461.5 0.537463 0.537463 0 play 0
play_play_play 1756184295803 360 215 touchmove -77.8 460.0 0.789466 0.789466 0 play 0
play_play_play 1756184295820 360 215 touchmove -76.0 458.1 0.723532 0.723532 0 play 0
play_play_play 1756184295837 360 215 touchmove -69.4 455.7 0.642105 0.642105 0 play 0
play_play_play 1756184295854 360 215 touchmove -57.8 452.7 0.688567 0.688567 0 play 0
play_play_play 1756184295871 360 215 touchmove -41.3 449.4 0.650270 0.650270 0 play 0
play_play_play 1756184295889 360 215 touchmove -24.2 446.1 0.629290 0.629290 0 play 0
play_play_play 1756184295906 360 215 touchmove -7.1 442.7 0.711604 0.711604 0 play 0
play_play_play 1756184295923 360 215 touchmove 10.0 439.4 0.532622 0.532622 0 play 0
play_play_play 1756184295940 360 215 touchmove 26.9 435.9 0.674767 0.674767 0 play 0
play_play_play 1756184295957 360 215 touchmove 43.9 432.5 0.552698 0.552698 0 play 0
play_play_play 1756184295974 360 215 touchmove 61.1 429.1 0.654419 0.654419 0 play 0
play_play_play 1756184295991 360 215 touchmove 78.1 425.7 0.796842 0.796842 0 play 0
play_play_play 1756184296009 360 215 touchmove 95.1 422.2 0.680564 0.680564 0 play 0
play_play_play 1756184296026 360 215 touchmove 112.1 418.7 0.678091 0.678091 0 play 0
play_play_play 1756184296043 360 215 touchmove 129.3 415.4 0.614257 0.614257 0 play 0
play_play_play 1756184296060 360 215 touchmove 146.6 412.1 0.770146 0.770146 0 play 0
play_play_play 1756184296077 360 215 touchmove 163.9 408.9 0.709182 0.709182 0 play 0
play_play_play 1756184296094 360 215 touchmove 181.1 405.4 0.717073 0.717073 0 play 0
play_play_play 1756184296111 360 215 touchmove 198.8 402.4 0.693627 0.693627 0 play 0
play_play_play 1756184296129 360 215 touchend 216.1 399.8 0.714475 0.714475 0 play 0