sentence timestamp keyb_width keyb_height event x_pos y_pos x_radius y_radius angle word is_err
but_but_but 1756184294670 360 215 touchstart 217.7 524.0 0.793621 0.793621 0 but 0
but_but_but 1756184294687 360 215 touchmove 220.8 517.9 0.728962 0.728962 0 but 0
but_but_but 1756184294704 360 215 touchmove 224.0 512.6 0.571491 0.571491 0 but 0
but_but_but 1756184294722 360 215 touchmove 226.4 507.5 0.532890 0.532890 0 but 0
but_but_but 1756184294739 360 215 touchmove 229.4 502.0 0.784189 0.784189 0 but 0
but_but_but 1756184294756 360 215 touchmove 232.6 496.5 0.586235 0.586235 0 but 0
but_but_but 1756184294774 360 215 touchmove 235.6 491.0 0.776488 0.776488 0 but 0
but_but_but 1756184294791 360 215 touchmove 238.6 485.3 0.748982 0.748982 0 but 0
but_but_but 1756184294808 360 215 touchmove 241.9 479.7 0.549882 0.549882 0 but 0
but_but_but 1756184294826 360 215 touchmove 245.4 473.9 0.787265 0.787265 0 but 0
but_but_but 1756184294843 360 215 touchmove 249.1 468.2 0.632774 0.632774 0 but 0
but_but_but 1756184294860 360 215 touchmove 252.5 462.7 0.636188 0.636188 0 but 0
but_but_but 1756184294878 360 215 touchmove 255.7 457.2 0.740633 0.740633 0 but 0
but_but_but 1756184294895 360 215 touchmove 259.1 451.9 0.515429 0.515429 0 but 0
but_but_but 1756184294912 360 215 touchmove 262.3 446.3 0.799819 0.799819 0 but 0
but_but_but 1756184294930 360 215 touchmove 265.4 440.8 0.582244 0.582244 0 but 0
but_but_but 1756184294947 360 215 touchmove 268.3 435.5 0.516838 0.516838 0 but 0
but_but_but 1756184294964 360 215 touchmove 271.2 430.0 0.597490 0.597490 0 but 0
but_but_but 1756184294982 360 215 touchmove 274.2 424.3 0.638960 0.638960 0 but 0
but_but_but 1756184294999 360 215 touchmove 277.3 418.7 0.690697 0.690697 0 but 0
but_but_but 1756184295016 360 215 touchmove 279.5 413.2 0.538064 0.538064 0 but 0
but_but_but 1756184295034 360 215 touchmove 280.7 408.8 0.609950 0.609950 0 but 0
but_but_but 1756184295051 360 215 touchmove 280.3 405.6 0.629205 0.629205 0 but 0
but_but_but 1756184295068 360 215 touchmove 278.5 402.9 0.699638 0.699638 0 but 0
but_but_but 1756184295086 360 215 touchmove 275.4 401.3 0.678747 0.678747 0 but 0
but_but_but 1756184295103 360 215 touchmove 270.8 400.3 0.742332 0.742332 0 but 0
but_but_but 1756184295120 360 215 touchmove 265.0 400.4 0.722664 0.722664 0 but 0
but_but_but 1756184295138 360 215 touchmove 258.6 400.8 0.512451 0.512451 0 but 0
but_but_but 1756184295155 360 215 touchmove 252.0 401.1 0.560822 0.560822 0 but 0
but_but_but 1756184295172 360 215 touchmove 245.4 401.2 0.505849 0.505849 0 but 0
but_but_but 1756184295190 360 215 touchmove 238.8 401.4 0.641134 0.641134 0 but 0
but_but_but 1756184295207 360 215 touchmove 232.5 401.4 0.737956 0.737956 0 but 0
but_but_but 1756184295224 360 215 touchmove 226.4 401.7 0.634653 0.634653 0 but 0
but_but_but 1756184295242 360 215 touchmove 220.1 401.8 0.592313 0.592313 0 but 0
but_but_but 1756184295259 360 215 touchmove 213.9 401.6 0.733728 0.733728 0 but 0
but_but_but 1756184295276 360 215 touchmove 207.6 401.4 0.519028 0.519028 0 but 0
but_but_but 1756184295294 360 215 touchmove 201.6 401.3 0.519744 0.519744 0 but 0
but_but_but 1756184295311 360 215 touchmove 195.5 401.1 0.622109 0.622109 0 but 0
but_but_but 1756184295328 360 215 touchmove 189.2 400.8 0.716503 0.716503 0 but 0
but_but_but 1756184295346 360 215 touchmove 182.7 400.4 0.638536 0.638536 0 but 0
but_but_but 1756184295363 360 215 touchmove 176.2 400.2 0.683412 0.683412 0 but 0
but_but_but 1756184295380 360 215 touchmove 169.9 400.4 0.685924 0.685924 0 but 0
but_but_but 1756184295398 360 215 touchmove 163.3 400.5 0.634730 0.634730 0 but 0
but_but_but 1756184295415 360 215 touchmove 156.9 400.9 0.606561 0.606561 0 but 0
but_but_but 1756184295432 360 215 touchmove 151.6 400.8 0.559921 0.559921 0 but 0
but_but_but 1756184295450 360 215 touchend 143.3 400.6 0.561051 0.561051 0 but 0