sentence timestamp keyb_width keyb_height event x_pos y_pos x_radius y_radius angle word is_err
women_women_women 1756184849589 360 215 touchstart -72.4 400.6 0.670031 0.670031 0 women 0
women_women_women 1756184849605 360 215 touchmove -54.9 400.3 0.636002 0.636002 0 women 0
women_women_women 1756184849622 360 215 touchmove -36.5 399.3 0.650622 0.650622 0 women 0
women_women_women 1756184849639 360 215 touchmove -18.7 399.2 0.554392 0.554392 0 women 0
women_women_women 1756184849656 360 215 touchmove -0.8 399.0 0.695177 0.695177 0 women 0
women_women_women 1756184849673 360 215 touchmove 16.9 398.7 0.502566 0.502566 0 women 0
women_women_women 1756184849690 360 215 touchmove 34.3 398.7 0.590983 0.590983 0 women 0
women_women_women 1756184849707 360 215 touchmove 51.6 398.8 0.516187 0.516187 0 women 0
women_women_women 1756184849724 360 215 touchmove 68.7 398.9 0.611853 0.611853 0 women 0
women_women_women 1756184849740 360 215 touchmove 85.9 398.8 0.708315 0.708315 0 women 0
women_women_women 1756184849757 360 215 touchmove 103.3 398.6 0.718327 0.718327 0 women 0
women_women_women 1756184849774 360 215 touchmove 120.4 398.4 0.739899 0.739899 0 women 0
women_women_women 1756184849791 360 215 touchmove 137.7 398.4 0.567095 0.567095 0 women 0
women_women_women 1756184849808 360 215 touchmove 155.2 398.2 0.710840 0.710840 0 women 0
women_women_women 1756184849825 360 215 touchmove 172.7 398.2 0.564199 0.564199 0 women 0
women_women_women 1756184849842 360 215 touchmove 190.1 398.3 0.780448 0.780448 0 women 0
women_women_women 1756184849859 360 215 touchmove 207.5 398.4 0.795099 0.795099 0 women 0
women_women_women 1756184849876 360 215 touchmove 224.8 398.8 0.505418 0.505418 0 women 0
women_women_women 1756184849892 360 215 touchmove 242.3 399.1 0.633583 0.633583 0 women 0
women_women_women 1756184849909 360 215 touchmove 259.8 399.4 0.602968 0.602968 0 women 0
women_women_women 1756184849926 360 215 touchmove 277.0 399.7 0.518054 0.518054 0 women 0
women_women_women 1756184849943 360 215 touchmove 294.7 399.8 0.722945 0.722945 0 women 0
women_women_women 1756184849960 360 215 touchmove 312.4 400.1 0.530620 0.530620 0 women 0
women_women_women 1756184849977 360 215 touchmove 329.8 400.3 0.566427 0.566427 0 women 0
women_women_women 1756184849994 360 215 touchmove 347.4 400.4 0.702032 0.702032 0 women 0
women_women_women 1756184850011 360 215 touchmove 364.8 400.5 0.755157 0.755157 0 women 0
women_women_women 1756184850027 360 215 touchmove 382.0 400.7 0.705201 0.705201 0 women 0
women_women_women 1756184850044 360 215 touchmove 395.4 403.2 0.604451 0.604451 0 women 0
women_women_women 1756184850061 360 215 touchmove 404.9 407.9 0.575502 0.575502 0 women 0
women_women_women 1756184850078 360 215 touchmove 410.8 414.5 0.531263 0.531263 0 women 0
women_women_women 1756184850095 360 215 touchmove 413.1 423.4 0.777371 0.777371 0 women 0
women_women_women 1756184850112 360 215 touchmove 411.6 434.1 0.667663 0.667663 0 women 0
women_women_women 1756184850129 360 215 touchmove 406.8 447.4 0.753975 0.753975 0 women 0
women_women_women 1756184850146 360 215 touchmove 398.3 462.9 0.546642 0.546642 0 women 0
women_women_women 1756184850163 360 215 touchmove 389.6 478.2 0.758269 0.758269 0 women 0
women_women_women 1756184850179 360 215 touchmove 380.0 491.1 0.599671 0.599671 0 women 0
women_women_women 1756184850196 360 215 touchmove 369.3 500.9 0.500203 0.500203 0 women 0
women_women_women 1756184850213 360 215 touchmove 357.2 507.4 0.649072 0.649072 0 women 0
women_women_women 1756184850230 360 215 touchmove 344.1 511.4 0.549675 0.549675 0 women 0
women_women_women 1756184850247 360 215 touchmove 329.6 512.2 0.774517 0.774517 0 women 0
women_women_women 1756184850264 360 215 touchmove 314.2 509.6 0.565386 0.565386 0 women 0
women_women_women 1756184850281 360 215 touchmove 297.8 504.3 0.563200 0.563200 0 women 0
women_women_women 1756184850298 360 215 touchmove 281.0 498.3 0.578602 0.578602 0 women 0
women_women_women 1756184850314 360 215 touchmove 264.5 492.5 0.569971 0.569971 0 women 0
women_women_women 1756184850331 360 215 touchmove 248.1 486.5 0.527842 0.527842 0 women 0
women_women_women 1756184850348 360 215 touchmove 231.7 480.4 0.675591 0.675591 0 women 0
women_women_women 1756184850365 360 215 touchmove 215.3 474.3 0.564034 0.564034 0 women 0
women_women_women 1756184850382 360 215 touchmove 198.5 468.5 0.559829 0.559829 0 women 0
women_women_women 1756184850399 360 215 touchmove 182.1 462.6 0.632058 0.632058 0 women 0
women_women_women 1756184850416 360 215 touchmove 165.6 456.7 0.619866 0.619866 0 women 0
women_women_women 1756184850433 360 215 touchmove 148.9 450.8 0.600463 0.600463 0 women 0
women_women_women 1756184850450 360 215 touchmove 132.2 445.2 0.706785 0.706785 0 women 0
women_women_women 1756184850466 360 215 touchmove 115.3 439.2 0.682910 0.682910 0 women 0
women_women_women 1756184850483 360 215 touchmove 98.4 433.3 0.671966 0.671966 0 women 0
women_women_women 1756184850500 360 215 touchmove 81.6 427.4 0.661383 0.661383 0 women 0
women_women_women 1756184850517 360 215 touchmove 64.9 421.4 0.591418 0.591418 0 women 0
women_women_women 1756184850534 360 215 touchmove 48.5 415.7 0.572886 0.572886 0 women 0
women_women_women 1756184850551 360 215 touchmove 36.8 411.9 0.576009 0.576009 0 women 0
women_women_women 1756184850568 360 215 touchmove 29.9 409.8 0.680058 0.680058 0 women 0
women_women_women 1756184850585 360 215 touchmove 27.6 409.9 0.564808 0.564808 0 women 0
women_women_women 1756184850601 360 215 touchmove 29.8 411.8 0.636743 0.636743 0 women 0
women_women_women 1756184850618 360 215 touchmove 36.6 415.2 0.591033 0.591033 0 women 0
women_women_women 1756184850635 360 215 touchmove 48.1 420.5 0.513750 0.513750 0 women 0
women_women_women 1756184850652 360 215 touchmove 64.3 427.2 0.560323 0.560323 0 women 0
women_women_women 1756184850669 360 215 touchmove 80.5 434.2 0.627175 0.627175 0 women 0
women_women_women 1756184850686 360 215 touchmove 96.3 441.1 0.690710 0.690710 0 women 0
women_women_women 1756184850703 360 215 touchmove 112.4 447.9 0.512985 0.512985 0 women 0
women_women_women 1756184850720 360 215 touchmove 128.6 454.6 0.564171 0.564171 0 women 0
women_women_women 1756184850737 360 215 touchmove 144.6 461.5 0.623145 0.623145 0 women 0
women_women_women 1756184850753 360 215 touchmove 160.5 468.1 0.600317 0.600317 0 women 0
women_women_women 1756184850770 360 215 touchmove 176.0 474.8 0.703160 0.703160 0 women 0
women_women_women 1756184850787 360 215 touchmove 191.7 481.4 0.653923 0.653923 0 women 0
women_women_women 1756184850804 360 215 touchmove 207.6 488.2 0.634604 0.634604 0 women 0
women_women_women 1756184850821 360 215 touchmove 223.7 495.3 0.520549 0.520549 0 women 0
women_women_women 1756184850838 360 215 touchmove 239.8 502.4 0.597163 0.597163 0 women 0
women_women_women 1756184850855 360 215 touchmove 255.3 509.5 0.632925 0.632925 0 women 0
women_women_women 1756184850872 360 215 touchmove 273.7 517.4 0.733152 0.733152 0 women 0
women_women_women 1756184850889 360 215 touchend 289.7 525.5 0.773684 0.773684 0 women 0