sentence timestamp keyb_width keyb_height event x_pos y_pos x_radius y_radius angle word is_err
because_because_because 1756184294761 360 215 touchstart 215.8 524.8 0.610071 0.610071 0 because 0
because_because_because 1756184294777 360 215 touchmove 203.4 517.5 0.687940 0.687940 0 because 0
because_because_because 1756184294794 360 215 touchmove 191.1 511.3 0.793328 0.793328 0 because 0
because_because_because 1756184294811 360 215 touchmove 179.4 504.1 0.741650 0.741650 0 because 0
because_because_because 1756184294828 360 215 touchmove 167.2 497.1 0.543946 0.543946 0 because 0
because_because_because 1756184294845 360 215 touchmove 155.0 490.1 0.642293 0.642293 0 because 0
because_because_because 1756184294862 360 215 touchmove 142.8 483.1 0.732069 0.732069 0 because 0
because_because_because 1756184294879 360 215 touchmove 130.7 476.0 0.751092 0.751092 0 because 0
because_because_because 1756184294896 360 215 touchmove 118.4 469.0 0.553421 0.553421 0 because 0
because_because_because 1756184294913 360 215 touchmove 106.3 461.9 0.535435 0.535435 0 because 0
because_because_because 1756184294930 360 215 touchmove 94.2 454.8 0.724712 0.724712 0 because 0
because_because_because 1756184294947 360 215 touchmove 82.1 447.8 0.500150 0.500150 0 because 0
because_because_because 1756184294964 360 215 touchmove 70.3 440.7 0.602414 0.602414 0 because 0
because_because_because 1756184294981 360 215 touchmove 58.4 433.6 0.544068 0.544068 0 because 0
because_because_because 1756184294998 360 215 touchmove 46.4 426.5 0.607341 0.607341 0 because 0
because_because_because 1756184295015 360 215 touchmove 34.9 420.0 0.752806 0.752806 0 because 0
because_because_because 1756184295032 360 215 touchmove 26.0 416.3 0.713180 0.713180 0 because 0
because_because_because 1756184295049 360 215 touchmove 19.9 415.3 0.523912 0.523912 0 because 0
because_because_because 1756184295066 360 215 touchmove 16.5 416.9 0.707944 0.707944 0 because 0
because_because_because 1756184295083 360 215 touchmove 15.7 421.5 0.689500 0.689500 0 because 0
because_because_because 1756184295100 360 215 touchmove 17.6 428.7 0.542149 0.542149 0 because 0
because_because_because 1756184295117 360 215 touchmove 22.3 438.7 0.668445 0.668445 0 because 0
because_because_because 1756184295134 360 215 touchmove 29.3 450.8 0.663957 0.663957 0 because 0
because_because_because 1756184295151 360 215 touchmove 36.3 463.0 0.762520 0.762520 0 because 0
because_because_because 1756184295168 360 215 touchmove 43.2 475.1 0.671687 0.671687 0 because 0
because_because_because 1756184295185 360 215 touchmove 50.2 487.3 0.752768 0.752768 0 because 0
because_because_because 1756184295202 360 215 touchmove 54.5 497.2 0.506014 0.506014 0 because 0
because_because_because 1756184295219 360 215 touchmove 55.9 504.9 0.658477 0.658477 0 because 0
because_because_because 1756184295236 360 215 touchmove 54.4 510.1 0.740050 0.740050 0 because 0
because_because_because 1756184295253 360 215 touchmove 50.0 513.0 0.621653 0.621653 0 because 0
because_because_because 1756184295270 360 215 touchmove 42.7 513.4 0.691906 0.691906 0 because 0
because_because_because 1756184295287 360 215 touchmove 32.6 511.5 0.522569 0.522569 0 because 0
because_because_because 1756184295304 360 215 touchmove 19.6 507.3 0.652310 0.652310 0 because 0
because_because_because 1756184295321 360 215 touchmove 6.4 502.9 0.707421 0.707421 0 because 0
because_because_because 1756184295337 360 215 touchmove -6.8 498.3 0.774665 0.774665 0 because 0
because_because_because 1756184295354 360 215 touchmove -20.0 493.6 0.653485 0.653485 0 because 0
because_because_because 1756184295371 360 215 touchmove -33.1 488.9 0.542184 0.542184 0 because 0
because_because_because 1756184295388 360 215 touchmove -46.3 484.2 0.504005 0.504005 0 because 0
because_because_because 1756184295405 360 215 touchmove -59.4 479.6 0.681892 0.681892 0 because 0
because_because_because 1756184295422 360 215 touchmove -71.4 475.0 0.751390 0.751390 0 because 0
because_because_because 1756184295439 360 215 touchmove -79.4 470.8 0.719602 0.719602 0 because 0
because_because_because 1756184295456 360 215 touchmove -83.6 466.8 0.582994 0.582994 0 because 0
because_because_because 1756184295473 360 215 touchmove -84.0 463.2 0.699153 0.699153 0 because 0
because_because_because 1756184295490 360 215 touchmove -80.4 460.0 0.622615 0.622615 0 because 0
because_because_because 1756184295507 360 215 touchmove -73.0 457.1 0.634517 0.634517 0 because 0
because_because_because 1756184295524 360 215 touchmove -61.8 454.5 0.735475 0.735475 0 because 0
because_because_because 1756184295541 360 215 touchmove -48.0 452.2 0.527219 0.527219 0 because 0
because_because_because 1756184295558 360 215 touchmove -34.2 450.0 0.714565 0.714565 0 because 0
because_because_because 1756184295575 360 215 touchmove -20.2 447.8 0.773078 0.773078 0 because 0
because_because_because 1756184295592 360 215 touchmove -6.4 445.7 0.551452 0.551452 0 because 0
because_because_because 1756184295609 360 215 touchmove 7.4 443.7 0.601064 0.601064 0 because 0
because_because_because 1756184295626 360 215 touchmove 21.2 441.3 0.610660 0.610660 0 because 0
because_because_because 1756184295643 360 215 touchmove 35.0 438.7 0.797290 0.797290 0 because 0
because_because_because 1756184295660 360 215 touchmove 48.7 436.3 0.765612 0.765612 0 because 0
because_because_because 1756184295677 360 215 touchmove 62.4 433.9 0.608226 0.608226 0 because 0
because_because_because 1756184295694 360 215 touchmove 76.1 431.6 0.657402 0.657402 0 because 0
because_because_because 1756184295711 360 215 touchmove 89.9 429.2 0.761843 0.761843 0 because 0
because_because_because 1756184295728 360 215 touchmove 103.7 426.9 0.740305 0.740305 0 because 0
because_because_because 1756184295745 360 215 touchmove 117.6 424.9 0.586572 0.586572 0 because 0
because_because_because 1756184295762 360 215 touchmove 131.4 422.9 0.778550 0.778550 0 because 0
because_because_because 1756184295779 360 215 touchmove 145.4 421.0 0.752147 0.752147 0 because 0
because_because_because 1756184295796 360 215 touchmove 159.4 419.1 0.722300 0.722300 0 because 0
because_because_because 1756184295813 360 215 touchmove 173.4 417.1 0.794286 0.794286 0 because 0
because_because_because 1756184295830 360 215 touchmove 187.2 415.0 0.514631 0.514631 0 because 0
because_because_because 1756184295847 360 215 touchmove 201.1 412.9 0.737964 0.737964 0 because 0
because_because_because 1756184295864 360 215 touchmove 215.0 410.8 0.626459 0.626459 0 because 0
because_because_because 1756184295881 360 215 touchmove 228.9 408.9 0.783215 0.783215 0 because 0
because_because_because 1756184295897 360 215 touchmove 242.7 406.8 0.707259 0.707259 0 because 0
because_because_because 1756184295914 360 215 touchmove 253.7 405.1 0.576169 0.576169 0 because 0
because_because_because 1756184295931 360 215 touchmove 260.8 404.2 0.766945 0.766945 0 because 0
because_because_because 1756184295948 360 215 touchmove 264.1 404.0 0.527710 0.527710 0 because 0
because_because_because 1756184295965 360 215 touchmove 263.4 404.5 0.744920 0.744920 0 because 0
because_because_because 1756184295982 360 215 touchmove 258.8 405.9 0.746730 0.746730 0 because 0
because_because_because 1756184295999 360 215 touchmove 250.0 407.9 0.755790 0.755790 0 because 0
because_because_because 1756184296016 360 215 touchmove 237.5 410.5 0.698897 0.698897 0 because 0
because_because_because 1756184296033 360 215 touchmove 223.6 413.3 0.530765 0.530765 0 because 0
because_because_because 1756184296050 360 215 touchmove 209.8 416.1 0.787700 0.787700 0 because 0
because_because_because 1756184296067 360 215 touchmove 196.0 418.9 0.659401 0.659401 0 because 0
because_because_because 1756184296084 360 215 touchmove 182.2 421.5 0.655158 0.655158 0 because 0
because_because_because 1756184296101 360 215 touchmove 168.4 424.0 0.725919 0.725919 0 because 0
because_because_because 1756184296118 360 215 touchmove 154.7 426.6 0.563976 0.563976 0 because 0
because_because_because 1756184296135 360 215 touchmove 141.0 429.2 0.741761 0.741761 0 because 0
because_because_because 1756184296152 360 215 touchmove 127.4 431.8 0.677967 0.677967 0 because 0
because_because_because 1756184296169 360 215 touchmove 113.9 434.4 0.512846 0.512846 0 because 0
because_because_because 1756184296186 360 215 touchmove 100.1 436.8 0.762351 0.762351 0 because 0
because_because_because 1756184296203 360 215 touchmove 86.4 439.5 0.603547 0.603547 0 because 0
because_because_because 1756184296220 360 215 touchmove 72.6 442.2 0.704564 0.704564 0 because 0
because_because_because 1756184296237 360 215 touchmove 58.9 444.7 0.723982 0.723982 0 because 0
because_because_because 1756184296254 360 215 touchmove 45.0 447.3 0.716737 0.716737 0 because 0
because_because_because 1756184296271 360 215 touchmove 31.1 449.9 0.652313 0.652313 0 because 0
because_because_because 1756184296288 360 215 touchmove 17.0 452.6 0.646200 0.646200 0 because 0
because_because_because 1756184296305 360 215 touchmove 3.6 455.1 0.691413 0.691413 0 because 0
because_because_because 1756184296322 360 215 touchmove -7.0 455.4 0.533838 0.533838 0 because 0
because_because_because 1756184296339 360 215 touchmove -14.6 453.4 0.670654 0.670654 0 because 0
because_because_because 1756184296356 360 215 touchmove -19.2 449.3 0.780941 0.780941 0 because 0
because_because_because 1756184296373 360 215 touchmove -20.6 443.1 0.669381 0.669381 0 because 0
because_because_because 1756184296390 360 215 touchmove -19.1 434.8 0.528578 0.528578 0 because 0
because_because_because 1756184296407 360 215 touchmove -15.2 423.4 0.526861 0.526861 0 because 0
because_because_because 1756184296424 360 215 touchmove -7.1 411.9 0.643220 0.643220 0 because 0
because_because_because 1756184296441 360 215 touchend 0.1 399.7 0.547435 0.547435 0 because 0