sentence timestamp keyb_width keyb_height event x_pos y_pos x_radius y_radius angle word is_err
friend_friend_friend 1756184295961 360 215 touchstart 108.4 462.0 0.662000 0.662000 0 friend 0
friend_friend_friend 1756184295977 360 215 touchmove 100.7 449.4 0.764591 0.764591 0 friend 0
friend_friend_friend 1756184295994 360 215 touchmove 93.2 436.4 0.796927 0.796927 0 friend 0
friend_friend_friend 1756184296011 360 215 touchmove 88.4 425.8 0.731023 0.731023 0 friend 0
friend_friend_friend 1756184296028 360 215 touchmove 86.7 416.8 0.671010 0.671010 0 friend 0
friend_friend_friend 1756184296045 360 215 touchmove 88.3 409.6 0.532206 0.532206 0 friend 0
friend_friend_friend 1756184296062 360 215 touchmove 93.0 404.3 0.727075 0.727075 0 friend 0
friend_friend_friend 1756184296079 360 215 touchmove 100.8 400.7 0.724373 0.724373 0 friend 0
friend_friend_friend 1756184296096 360 215 touchmove 111.8 398.9 0.560253 0.560253 0 friend 0
friend_friend_friend 1756184296113 360 215 touchmove 125.6 398.6 0.628336 0.628336 0 friend 0
friend_friend_friend 1756184296130 360 215 touchmove 139.8 398.6 0.606918 0.606918 0 friend 0
friend_friend_friend 1756184296147 360 215 touchmove 154.1 398.8 0.590156 0.590156 0 friend 0
friend_friend_friend 1756184296164 360 215 touchmove 168.6 398.9 0.719942 0.719942 0 friend 0
friend_friend_friend 1756184296181 360 215 touchmove 182.8 399.3 0.600908 0.600908 0 friend 0
friend_friend_friend 1756184296198 360 215 touchmove 197.1 399.5 0.735346 0.735346 0 friend 0
friend_friend_friend 1756184296215 360 215 touchmove 211.3 399.7 0.606488 0.606488 0 friend 0
friend_friend_friend 1756184296232 360 215 touchmove 225.4 400.0 0.624452 0.624452 0 friend 0
friend_friend_friend 1756184296249 360 215 touchmove 239.5 400.3 0.507278 0.507278 0 friend 0
friend_friend_friend 1756184296266 360 215 touchmove 253.4 400.3 0.526343 0.526343 0 friend 0
friend_friend_friend 1756184296283 360 215 touchmove 267.3 400.3 0.754258 0.754258 0 friend 0
friend_friend_friend 1756184296300 360 215 touchmove 281.5 400.2 0.614616 0.614616 0 friend 0
friend_friend_friend 1756184296317 360 215 touchmove 295.6 400.0 0.765733 0.765733 0 friend 0
friend_friend_friend 1756184296334 360 215 touchmove 309.9 400.1 0.623029 0.623029 0 friend 0
friend_friend_friend 1756184296351 360 215 touchmove 322.6 400.2 0.503716 0.503716 0 friend 0
friend_friend_friend 1756184296367 360 215 touchmove 331.1 400.2 0.774326 0.774326 0 friend 0
friend_friend_friend 1756184296384 360 215 touchmove 335.6 399.8 0.716302 0.716302 0 friend 0
friend_friend_friend 1756184296401 360 215 touchmove 336.0 399.6 0.518987 0.518987 0 friend 0
friend_friend_friend 1756184296418 360 215 touchmove 332.2 399.4 0.596783 0.596783 0 friend 0
friend_friend_friend 1756184296435 360 215 touchmove 324.6 399.3 0.551879 0.551879 0 friend 0
friend_friend_friend 1756184296452 360 215 touchmove 312.7 399.0 0.544217 0.544217 0 friend 0
friend_friend_friend 1756184296469 360 215 touchmove 298.7 398.9 0.720373 0.720373 0 friend 0
friend_friend_friend 1756184296486 360 215 touchmove 284.9 399.0 0.568578 0.568578 0 friend 0
friend_friend_friend 1756184296503 360 215 touchmove 271.1 399.3 0.529128 0.529128 0 friend 0
friend_friend_friend 1756184296520 360 215 touchmove 257.2 399.6 0.621348 0.621348 0 friend 0
friend_friend_friend 1756184296537 360 215 touchmove 243.3 399.6 0.689651 0.689651 0 friend 0
friend_friend_friend 1756184296554 360 215 touchmove 229.4 399.7 0.588823 0.588823 0 friend 0
friend_friend_friend 1756184296571 360 215 touchmove 215.4 399.8 0.632425 0.632425 0 friend 0
friend_friend_friend 1756184296588 360 215 touchmove 201.2 399.8 0.632073 0.632073 0 friend 0
friend_friend_friend 1756184296605 360 215 touchmove 187.1 399.5 0.656958 0.656958 0 friend 0
friend_friend_friend 1756184296622 360 215 touchmove 172.7 399.2 0.707499 0.707499 0 friend 0
friend_friend_friend 1756184296639 360 215 touchmove 158.5 398.9 0.711896 0.711896 0 friend 0
friend_friend_friend 1756184296656 360 215 touchmove 144.3 398.7 0.576340 0.576340 0 friend 0
friend_friend_friend 1756184296673 360 215 touchmove 130.1 398.7 0.699085 0.699085 0 friend 0
friend_friend_friend 1756184296690 360 215 touchmove 115.9 398.9 0.582168 0.582168 0 friend 0
friend_friend_friend 1756184296707 360 215 touchmove 101.9 399.1 0.582682 0.582682 0 friend 0
friend_friend_friend 1756184296724 360 215 touchmove 87.7 399.2 0.540603 0.540603 0 friend 0
friend_friend_friend 1756184296741 360 215 touchmove 73.7 399.4 0.664554 0.664554 0 friend 0
friend_friend_friend 1756184296757 360 215 touchmove 59.7 399.7 0.594611 0.594611 0 friend 0
friend_friend_friend 1756184296774 360 215 touchmove 45.4 399.9 0.733063 0.733063 0 friend 0
friend_friend_friend 1756184296791 360 215 touchmove 34.4 400.6 0.745831 0.745831 0 friend 0
friend_friend_friend 1756184296808 360 215 touchmove 27.3 402.0 0.731250 0.731250 0 friend 0
friend_friend_friend 1756184296825 360 215 touchmove 24.1 404.0 0.706433 0.706433 0 friend 0
friend_friend_friend 1756184296842 360 215 touchmove 24.6 406.7 0.551348 0.551348 0 friend 0
friend_friend_friend 1756184296859 360 215 touchmove 28.9 410.2 0.776078 0.776078 0 friend 0
friend_friend_friend 1756184296876 360 215 touchmove 37.1 414.4 0.684336 0.684336 0 friend 0
friend_friend_friend 1756184296893 360 215 touchmove 49.2 419.6 0.667602 0.667602 0 friend 0
friend_friend_friend 1756184296910 360 215 touchmove 61.9 425.1 0.784374 0.784374 0 friend 0
friend_friend_friend 1756184296927 360 215 touchmove 74.7 430.5 0.611086 0.611086 0 friend 0
friend_friend_friend 1756184296944 360 215 touchmove 87.3 436.0 0.521710 0.521710 0 friend 0
friend_friend_friend 1756184296961 360 215 touchmove 100.2 441.7 0.792656 0.792656 0 friend 0
friend_friend_friend 1756184296978 360 215 touchmove 113.2 447.2 0.511253 0.511253 0 friend 0
friend_friend_friend 1756184296995 360 215 touchmove 126.2 452.8 0.511811 0.511811 0 friend 0
friend_friend_friend 1756184297012 360 215 touchmove 139.5 458.2 0.619641 0.619641 0 friend 0
friend_friend_friend 1756184297029 360 215 touchmove 152.8 463.8 0.604029 0.604029 0 friend 0
friend_friend_friend 1756184297046 360 215 touchmove 166.1 469.3 0.797270 0.797270 0 friend 0
friend_friend_friend 1756184297063 360 215 touchmove 179.3 475.0 0.714739 0.714739 0 friend 0
friend_friend_friend 1756184297080 360 215 touchmove 192.3 480.8 0.611855 0.611855 0 friend 0
friend_friend_friend 1756184297097 360 215 touchmove 205.3 486.9 0.602827 0.602827 0 friend 0
friend_friend_friend 1756184297114 360 215 touchmove 218.3 492.7 0.582239 0.582239 0 friend 0
friend_friend_friend 1756184297131 360 215 touchmove 231.1 498.7 0.712974 0.712974 0 friend 0
friend_friend_friend 1756184297147 360 215 touchmove 243.9 504.3 0.661393 0.661393 0 friend 0
friend_friend_friend 1756184297164 360 215 touchmove 254.8 509.5 0.662813 0.662813 0 friend 0
friend_friend_friend 1756184297181 360 215 touchmove 262.1 513.5 0.661299 0.661299 0 friend 0
friend_friend_friend 1756184297198 360 215 touchmove 265.4 516.1 0.589302 0.589302 0 friend 0
friend_friend_friend 1756184297215 360 215 touchmove 265.1 517.3 0.651162 0.651162 0 friend 0
friend_friend_friend 1756184297232 360 215 touchmove 260.9 517.4 0.567266 0.567266 0 friend 0
friend_friend_friend 1756184297249 360 215 touchmove 252.8 516.0 0.792069 0.792069 0 friend 0
friend_friend_friend 1756184297266 360 215 touchmove 240.9 513.3 0.500224 0.500224 0 friend 0
friend_friend_friend 1756184297283 360 215 touchmove 226.9 509.8 0.682897 0.682897 0 friend 0
friend_friend_friend 1756184297300 360 215 touchmove 212.8 506.1 0.559740 0.559740 0 friend 0
friend_friend_friend 1756184297317 360 215 touchmove 198.6 502.4 0.503570 0.503570 0 friend 0
friend_friend_friend 1756184297334 360 215 touchmove 184.7 498.8 0.670746 0.670746 0 friend 0
friend_friend_friend 1756184297351 360 215 touchmove 170.7 495.6 0.724086 0.724086 0 friend 0
friend_friend_friend 1756184297368 360 215 touchmove 156.9 492.3 0.704852 0.704852 0 friend 0
friend_friend_friend 1756184297385 360 215 touchmove 143.2 489.2 0.564067 0.564067 0 friend 0
friend_friend_friend 1756184297402 360 215 touchmove 129.6 486.0 0.699988 0.699988 0 friend 0
friend_friend_friend 1756184297419 360 215 touchmove 116.2 482.9 0.557492 0.557492 0 friend 0
friend_friend_friend 1756184297436 360 215 touchmove 103.0 479.9 0.718944 0.718944 0 friend 0
friend_friend_friend 1756184297453 360 215 touchmove 89.6 476.9 0.540372 0.540372 0 friend 0
friend_friend_friend 1756184297470 360 215 touchmove 76.2 473.2 0.578379 0.578379 0 friend 0
friend_friend_friend 1756184297487 360 215 touchmove 63.0 470.1 0.655327 0.655327 0 friend 0
friend_friend_friend 1756184297504 360 215 touchmove 48.9 466.9 0.525148 0.525148 0 friend 0
friend_friend_friend 1756184297521 360 215 touchend 36.3 461.5 0.791748 0.791748 0 friend 0