sentence timestamp keyb_width keyb_height event x_pos y_pos x_radius y_radius angle word is_err
often_often_often 1756184849839 360 215 touchstart 433.5 399.1 0.531761 0.531761 0 often 0
often_often_often 1756184849856 360 215 touchmove 411.4 404.3 0.777551 0.777551 0 often 0
often_often_often 1756184849873 360 215 touchmove 391.7 407.8 0.794734 0.794734 0 often 0
often_often_often 1756184849890 360 215 touchmove 371.0 411.1 0.517512 0.517512 0 often 0
often_often_often 1756184849907 360 215 touchmove 350.5 414.9 0.699981 0.699981 0 often 0
often_often_often 1756184849924 360 215 touchmove 330.1 418.3 0.609230 0.609230 0 often 0
often_often_often 1756184849941 360 215 touchmove 309.3 421.9 0.614955 0.614955 0 often 0
often_often_often 1756184849958 360 215 touchmove 288.5 426.0 0.719568 0.719568 0 often 0
often_often_often 1756184849975 360 215 touchmove 268.1 430.1 0.569358 0.569358 0 often 0
often_often_often 1756184849992 360 215 touchmove 247.9 434.0 0.680352 0.680352 0 often 0
often_often_often 1756184850009 360 215 touchmove 226.8 438.3 0.659493 0.659493 0 often 0
often_often_often 1756184850026 360 215 touchmove 206.4 442.9 0.621222 0.621222 0 often 0
often_often_often 1756184850043 360 215 touchmove 186.4 447.7 0.713674 0.713674 0 often 0
often_often_often 1756184850060 360 215 touchmove 168.3 451.5 0.600531 0.600531 0 often 0
often_often_often 1756184850078 360 215 touchmove 154.5 451.3 0.597781 0.597781 0 often 0
often_often_often 1756184850095 360 215 touchmove 144.3 447.8 0.738362 0.738362 0 often 0
often_often_often 1756184850112 360 215 touchmove 137.8 441.6 0.691939 0.691939 0 often 0
often_often_often 1756184850129 360 215 touchmove 132.3 434.6 0.606414 0.606414 0 often 0
often_often_often 1756184850146 360 215 touchmove 126.7 426.5 0.528761 0.528761 0 often 0
often_often_often 1756184850163 360 215 touchmove 120.5 418.4 0.721584 0.721584 0 often 0
often_often_often 1756184850180 360 215 touchmove 112.6 410.6 0.551250 0.551250 0 often 0
often_often_often 1756184850197 360 215 touchmove 100.4 406.2 0.781655 0.781655 0 often 0
often_often_often 1756184850214 360 215 touchmove 84.4 403.9 0.560155 0.560155 0 often 0
often_often_often 1756184850231 360 215 touchmove 64.2 403.3 0.650289 0.650289 0 often 0
often_often_often 1756184850248 360 215 touchmove 48.3 404.7 0.506697 0.506697 0 often 0
often_often_often 1756184850265 360 215 touchmove 38.4 406.8 0.773639 0.773639 0 often 0
often_often_often 1756184850282 360 215 touchmove 34.5 409.4 0.676646 0.676646 0 often 0
often_often_often 1756184850299 360 215 touchmove 36.1 413.3 0.600877 0.600877 0 often 0
often_often_often 1756184850317 360 215 touchmove 43.4 417.7 0.540070 0.540070 0 often 0
often_often_often 1756184850334 360 215 touchmove 56.5 424.4 0.724054 0.724054 0 often 0
often_often_often 1756184850351 360 215 touchmove 75.2 432.9 0.688423 0.688423 0 often 0
often_often_often 1756184850368 360 215 touchmove 95.1 440.8 0.646333 0.646333 0 often 0
often_often_often 1756184850385 360 215 touchmove 114.5 448.9 0.523818 0.523818 0 often 0
often_often_often 1756184850402 360 215 touchmove 133.7 456.9 0.522871 0.522871 0 often 0
often_often_often 1756184850419 360 215 touchmove 153.4 465.1 0.535337 0.535337 0 often 0
often_often_often 1756184850436 360 215 touchmove 172.8 473.0 0.787746 0.787746 0 often 0
often_often_often 1756184850453 360 215 touchmove 191.9 480.6 0.770847 0.770847 0 often 0
often_often_often 1756184850470 360 215 touchmove 211.5 488.8 0.746323 0.746323 0 often 0
often_often_often 1756184850487 360 215 touchmove 230.1 497.1 0.576039 0.576039 0 often 0
often_often_often 1756184850504 360 215 touchmove 247.0 503.6 0.752845 0.752845 0 often 0
often_often_often 1756184850521 360 215 touchmove 267.9 516.1 0.583100 0.583100 0 often 0
often_often_often 1756184850539 360 215 touchend 285.5 523.8 0.615448 0.615448 0 often 0