sentence timestamp keyb_width keyb_height event x_pos y_pos x_radius y_radius angle word is_err
thing_thing_thing 1756184295034 360 215 touchstart 144.0 399.5 0.753993 0.753993 0 thing 0
thing_thing_thing 1756184295050 360 215 touchmove 150.2 402.7 0.500739 0.500739 0 thing 0
thing_thing_thing 1756184295067 360 215 touchmove 156.5 406.1 0.741429 0.741429 0 thing 0
thing_thing_thing 1756184295084 360 215 touchmove 163.1 409.8 0.582681 0.582681 0 thing 0
thing_thing_thing 1756184295101 360 215 touchmove 169.4 413.3 0.719178 0.719178 0 thing 0
thing_thing_thing 1756184295118 360 215 touchmove 175.8 417.1 0.508180 0.508180 0 thing 0
thing_thing_thing 1756184295135 360 215 touchmove 182.1 420.8 0.630690 0.630690 0 thing 0
thing_thing_thing 1756184295152 360 215 touchmove 188.5 424.6 0.620976 0.620976 0 thing 0
thing_thing_thing 1756184295169 360 215 touchmove 194.9 428.4 0.656619 0.656619 0 thing 0
thing_thing_thing 1756184295186 360 215 touchmove 201.2 432.1 0.678964 0.678964 0 thing 0
thing_thing_thing 1756184295203 360 215 touchmove 207.5 435.9 0.666515 0.666515 0 thing 0
thing_thing_thing 1756184295219 360 215 touchmove 213.8 439.7 0.517808 0.517808 0 thing 0
thing_thing_thing 1756184295236 360 215 touchmove 220.2 443.4 0.728067 0.728067 0 thing 0
thing_thing_thing 1756184295253 360 215 touchmove 226.4 447.2 0.595797 0.595797 0 thing 0
thing_thing_thing 1756184295270 360 215 touchmove 232.6 451.1 0.506725 0.506725 0 thing 0
thing_thing_thing 1756184295287 360 215 touchmove 238.7 454.1 0.699722 0.699722 0 thing 0
thing_thing_thing 1756184295304 360 215 touchmove 244.8 455.9 0.704340 0.704340 0 thing 0
thing_thing_thing 1756184295321 360 215 touchmove 251.0 456.5 0.560328 0.560328 0 thing 0
thing_thing_thing 1756184295338 360 215 touchmove 257.2 456.0 0.654312 0.654312 0 thing 0
thing_thing_thing 1756184295355 360 215 touchmove 263.4 454.5 0.797605 0.797605 0 thing 0
thing_thing_thing 1756184295372 360 215 touchmove 269.8 451.8 0.695498 0.695498 0 thing 0
thing_thing_thing 1756184295388 360 215 touchmove 276.3 447.9 0.564026 0.564026 0 thing 0
thing_thing_thing 1756184295405 360 215 touchmove 282.6 443.8 0.730692 0.730692 0 thing 0
thing_thing_thing 1756184295422 360 215 touchmove 289.0 440.0 0.513155 0.513155 0 thing 0
thing_thing_thing 1756184295439 360 215 touchmove 295.6 436.1 0.577846 0.577846 0 thing 0
thing_thing_thing 1756184295456 360 215 touchmove 302.0 432.3 0.790879 0.790879 0 thing 0
thing_thing_thing 1756184295473 360 215 touchmove 308.5 428.6 0.652040 0.652040 0 thing 0
thing_thing_thing 1756184295490 360 215 touchmove 314.8 425.0 0.758287 0.758287 0 thing 0
thing_thing_thing 1756184295507 360 215 touchmove 321.2 421.4 0.639510 0.639510 0 thing 0
thing_thing_thing 1756184295524 360 215 touchmove 327.5 417.9 0.617681 0.617681 0 thing 0
thing_thing_thing 1756184295541 360 215 touchmove 333.9 414.3 0.644925 0.644925 0 thing 0
thing_thing_thing 1756184295557 360 215 touchmove 340.1 410.9 0.768137 0.768137 0 thing 0
thing_thing_thing 1756184295574 360 215 touchmove 345.3 408.7 0.593574 0.593574 0 thing 0
thing_thing_thing 1756184295591 360 215 touchmove 349.2 408.0 0.792733 0.792733 0 thing 0
thing_thing_thing 1756184295608 360 215 touchmove 351.7 408.5 0.663727 0.663727 0 thing 0
thing_thing_thing 1756184295625 360 215 touchmove 352.7 410.5 0.515151 0.515151 0 thing 0
thing_thing_thing 1756184295642 360 215 touchmove 352.2 414.0 0.778359 0.778359 0 thing 0
thing_thing_thing 1756184295659 360 215 touchmove 350.2 418.7 0.716088 0.716088 0 thing 0
thing_thing_thing 1756184295676 360 215 touchmove 346.9 424.7 0.715276 0.715276 0 thing 0
thing_thing_thing 1756184295693 360 215 touchmove 343.2 430.8 0.608061 0.608061 0 thing 0
thing_thing_thing 1756184295710 360 215 touchmove 339.5 436.8 0.686293 0.686293 0 thing 0
thing_thing_thing 1756184295726 360 215 touchmove 335.9 442.8 0.506467 0.506467 0 thing 0
thing_thing_thing 1756184295743 360 215 touchmove 332.1 448.8 0.685548 0.685548 0 thing 0
thing_thing_thing 1756184295760 360 215 touchmove 328.5 455.1 0.607921 0.607921 0 thing 0
thing_thing_thing 1756184295777 360 215 touchmove 325.0 461.3 0.589828 0.589828 0 thing 0
thing_thing_thing 1756184295794 360 215 touchmove 321.5 467.6 0.710005 0.710005 0 thing 0
thing_thing_thing 1756184295811 360 215 touchmove 317.8 474.0 0.627480 0.627480 0 thing 0
thing_thing_thing 1756184295828 360 215 touchmove 314.1 480.5 0.502231 0.502231 0 thing 0
thing_thing_thing 1756184295845 360 215 touchmove 310.3 487.0 0.772426 0.772426 0 thing 0
thing_thing_thing 1756184295862 360 215 touchmove 306.7 493.6 0.647912 0.647912 0 thing 0
thing_thing_thing 1756184295879 360 215 touchmove 303.1 500.1 0.575747 0.575747 0 thing 0
thing_thing_thing 1756184295895 360 215 touchmove 299.3 506.6 0.794494 0.794494 0 thing 0
thing_thing_thing 1756184295912 360 215 touchmove 295.1 511.7 0.685746 0.685746 0 thing 0
thing_thing_thing 1756184295929 360 215 touchmove 290.6 515.4 0.638299 0.638299 0 thing 0
thing_thing_thing 1756184295946 360 215 touchmove 285.7 517.4 0.734476 0.734476 0 thing 0
thing_thing_thing 1756184295963 360 215 touchmove 280.4 518.1 0.717703 0.717703 0 thing 0
thing_thing_thing 1756184295980 360 215 touchmove 274.7 517.2 0.780015 0.780015 0 thing 0
thing_thing_thing 1756184295997 360 215 touchmove 268.5 514.7 0.507636 0.507636 0 thing 0
thing_thing_thing 1756184296014 360 215 touchmove 262.0 511.0 0.756670 0.756670 0 thing 0
thing_thing_thing 1756184296031 360 215 touchmove 255.5 507.1 0.639744 0.639744 0 thing 0
thing_thing_thing 1756184296048 360 215 touchmove 249.1 503.3 0.704973 0.704973 0 thing 0
thing_thing_thing 1756184296064 360 215 touchmove 242.6 499.4 0.554869 0.554869 0 thing 0
thing_thing_thing 1756184296081 360 215 touchmove 236.3 495.7 0.572039 0.572039 0 thing 0
thing_thing_thing 1756184296098 360 215 touchmove 230.0 491.9 0.578611 0.578611 0 thing 0
thing_thing_thing 1756184296115 360 215 touchmove 223.7 488.2 0.701607 0.701607 0 thing 0
thing_thing_thing 1756184296132 360 215 touchmove 217.6 484.3 0.753331 0.753331 0 thing 0
thing_thing_thing 1756184296149 360 215 touchmove 211.3 480.6 0.745820 0.745820 0 thing 0
thing_thing_thing 1756184296166 360 215 touchmove 205.0 476.8 0.590247 0.590247 0 thing 0
thing_thing_thing 1756184296183 360 215 touchmove 198.8 473.2 0.593125 0.593125 0 thing 0
thing_thing_thing 1756184296200 360 215 touchmove 192.4 469.2 0.520715 0.520715 0 thing 0
thing_thing_thing 1756184296217 360 215 touchmove 186.2 466.0 0.704725 0.704725 0 thing 0
thing_thing_thing 1756184296234 360 215 touchend 180.1 462.1 0.733173 0.733173 0 thing 0