sentence timestamp keyb_width keyb_height event x_pos y_pos x_radius y_radius angle word is_err
powerful_powerful_powerful 1756184853036 360 215 touchstart 503.9 400.6 0.536426 0.536426 0 powerful 0
powerful_powerful_powerful 1756184853052 360 215 touchmove 493.5 401.4 0.789796 0.789796 0 powerful 0
powerful_powerful_powerful 1756184853069 360 215 touchmove 483.2 402.0 0.700232 0.700232 0 powerful 0
powerful_powerful_powerful 1756184853086 360 215 touchmove 473.5 401.1 0.737445 0.737445 0 powerful 0
powerful_powerful_powerful 1756184853103 360 215 touchmove 463.4 401.0 0.683258 0.683258 0 powerful 0
powerful_powerful_powerful 1756184853120 360 215 touchmove 453.3 400.8 0.619898 0.619898 0 powerful 0
powerful_powerful_powerful 1756184853137 360 215 touchmove 443.1 400.6 0.730759 0.730759 0 powerful 0
powerful_powerful_powerful 1756184853153 360 215 touchmove 432.7 400.4 0.609987 0.609987 0 powerful 0
powerful_powerful_powerful 1756184853170 360 215 touchmove 422.4 400.2 0.514234 0.514234 0 powerful 0
powerful_powerful_powerful 1756184853187 360 215 touchmove 411.8 400.1 0.609250 0.609250 0 powerful 0
powerful_powerful_powerful 1756184853204 360 215 touchmove 401.3 400.0 0.741259 0.741259 0 powerful 0
powerful_powerful_powerful 1756184853221 360 215 touchmove 390.9 399.9 0.579350 0.579350 0 powerful 0
powerful_powerful_powerful 1756184853238 360 215 touchmove 380.5 399.9 0.629546 0.629546 0 powerful 0
powerful_powerful_powerful 1756184853254 360 215 touchmove 370.2 399.9 0.538485 0.538485 0 powerful 0
powerful_powerful_powerful 1756184853271 360 215 touchmove 359.9 400.1 0.733116 0.733116 0 powerful 0
powerful_powerful_powerful 1756184853288 360 215 touchmove 349.7 400.3 0.507973 0.507973 0 powerful 0
powerful_powerful_powerful 1756184853305 360 215 touchmove 339.5 400.5 0.588687 0.588687 0 powerful 0
powerful_powerful_powerful 1756184853322 360 215 touchmove 329.3 400.7 0.655867 0.655867 0 powerful 0
powerful_powerful_powerful 1756184853339 360 215 touchmove 319.0 401.0 0.704503 0.704503 0 powerful 0
powerful_powerful_powerful 1756184853356 360 215 touchmove 308.7 401.2 0.621150 0.621150 0 powerful 0
powerful_powerful_powerful 1756184853372 360 215 touchmove 298.4 401.4 0.690028 0.690028 0 powerful 0
powerful_powerful_powerful 1756184853389 360 215 touchmove 288.0 401.4 0.648071 0.648071 0 powerful 0
powerful_powerful_powerful 1756184853406 360 215 touchmove 277.5 401.3 0.563086 0.563086 0 powerful 0
powerful_powerful_powerful 1756184853423 360 215 touchmove 267.0 401.2 0.701627 0.701627 0 powerful 0
powerful_powerful_powerful 1756184853440 360 215 touchmove 256.8 401.1 0.621082 0.621082 0 powerful 0
powerful_powerful_powerful 1756184853457 360 215 touchmove 246.5 400.9 0.625002 0.625002 0 powerful 0
powerful_powerful_powerful 1756184853473 360 215 touchmove 236.3 400.8 0.635671 0.635671 0 powerful 0
powerful_powerful_powerful 1756184853490 360 215 touchmove 226.1 400.6 0.560206 0.560206 0 powerful 0
powerful_powerful_powerful 1756184853507 360 215 touchmove 215.9 400.5 0.673643 0.673643 0 powerful 0
powerful_powerful_powerful 1756184853524 360 215 touchmove 205.7 400.6 0.604277 0.604277 0 powerful 0
powerful_powerful_powerful 1756184853541 360 215 touchmove 195.6 400.7 0.631231 0.631231 0 powerful 0
powerful_powerful_powerful 1756184853558 360 215 touchmove 185.3 400.9 0.521509 0.521509 0 powerful 0
powerful_powerful_powerful 1756184853574 360 215 touchmove 175.1 401.1 0.776711 0.776711 0 powerful 0
powerful_powerful_powerful 1756184853591 360 215 touchmove 164.9 401.3 0.784359 0.784359 0 powerful 0
powerful_powerful_powerful 1756184853608 360 215 touchmove 154.7 401.3 0.688736 0.688736 0 powerful 0
powerful_powerful_powerful 1756184853625 360 215 touchmove 144.6 401.3 0.772270 0.772270 0 powerful 0
powerful_powerful_powerful 1756184853642 360 215 touchmove 134.4 401.4 0.597965 0.597965 0 powerful 0
powerful_powerful_powerful 1756184853659 360 215 touchmove 124.1 401.3 0.565318 0.565318 0 powerful 0
powerful_powerful_powerful 1756184853676 360 215 touchmove 113.9 401.2 0.755400 0.755400 0 powerful 0
powerful_powerful_powerful 1756184853692 360 215 touchmove 103.6 401.0 0.658218 0.658218 0 powerful 0
powerful_powerful_powerful 1756184853709 360 215 touchmove 93.2 400.9 0.553711 0.553711 0 powerful 0
powerful_powerful_powerful 1756184853726 360 215 touchmove 82.8 400.9 0.547153 0.547153 0 powerful 0
powerful_powerful_powerful 1756184853743 360 215 touchmove 72.2 400.9 0.532751 0.532751 0 powerful 0
powerful_powerful_powerful 1756184853760 360 215 touchmove 61.8 400.8 0.618568 0.618568 0 powerful 0
powerful_powerful_powerful 1756184853777 360 215 touchmove 51.3 400.6 0.749174 0.749174 0 powerful 0
powerful_powerful_powerful 1756184853793 360 215 touchmove 40.9 400.4 0.521844 0.521844 0 powerful 0
powerful_powerful_powerful 1756184853810 360 215 touchmove 30.4 400.2 0.670699 0.670699 0 powerful 0
powerful_powerful_powerful 1756184853827 360 215 touchmove 20.0 400.1 0.796317 0.796317 0 powerful 0
powerful_powerful_powerful 1756184853844 360 215 touchmove 9.7 399.9 0.514391 0.514391 0 powerful 0
powerful_powerful_powerful 1756184853861 360 215 touchmove -0.6 399.9 0.702849 0.702849 0 powerful 0
powerful_powerful_powerful 1756184853878 360 215 touchmove -10.9 399.8 0.508760 0.508760 0 powerful 0
powerful_powerful_powerful 1756184853894 360 215 touchmove -21.2 399.8 0.564839 0.564839 0 powerful 0
powerful_powerful_powerful 1756184853911 360 215 touchmove -31.3 399.9 0.755717 0.755717 0 powerful 0
powerful_powerful_powerful 1756184853928 360 215 touchmove -41.4 399.9 0.675673 0.675673 0 powerful 0
powerful_powerful_powerful 1756184853945 360 215 touchmove -48.7 399.8 0.504229 0.504229 0 powerful 0
powerful_powerful_powerful 1756184853962 360 215 touchmove -53.0 399.8 0.561645 0.561645 0 powerful 0
powerful_powerful_powerful 1756184853979 360 215 touchmove -54.3 399.7 0.738783 0.738783 0 powerful 0
powerful_powerful_powerful 1756184853996 360 215 touchmove -52.7 399.6 0.795220 0.795220 0 powerful 0
powerful_powerful_powerful 1756184854012 360 215 touchmove -48.2 399.6 0.673816 0.673816 0 powerful 0
powerful_powerful_powerful 1756184854029 360 215 touchmove -40.9 399.6 0.756133 0.756133 0 powerful 0
powerful_powerful_powerful 1756184854046 360 215 touchmove -30.9 399.4 0.527301 0.527301 0 powerful 0
powerful_powerful_powerful 1756184854063 360 215 touchmove -20.7 399.4 0.542698 0.542698 0 powerful 0
powerful_powerful_powerful 1756184854080 360 215 touchmove -10.5 399.3 0.630417 0.630417 0 powerful 0
powerful_powerful_powerful 1756184854097 360 215 touchmove -0.4 399.3 0.691217 0.691217 0 powerful 0
powerful_powerful_powerful 1756184854113 360 215 touchmove 9.7 399.2 0.754618 0.754618 0 powerful 0
powerful_powerful_powerful 1756184854130 360 215 touchmove 20.0 399.1 0.762052 0.762052 0 powerful 0
powerful_powerful_powerful 1756184854147 360 215 touchmove 30.3 399.1 0.565337 0.565337 0 powerful 0
powerful_powerful_powerful 1756184854164 360 215 touchmove 40.7 399.2 0.517474 0.517474 0 powerful 0
powerful_powerful_powerful 1756184854181 360 215 touchmove 50.4 400.7 0.582870 0.582870 0 powerful 0
powerful_powerful_powerful 1756184854198 360 215 touchmove 59.3 403.5 0.541740 0.541740 0 powerful 0
powerful_powerful_powerful 1756184854214 360 215 touchmove 67.6 407.4 0.507696 0.507696 0 powerful 0
powerful_powerful_powerful 1756184854231 360 215 touchmove 75.1 412.8 0.590895 0.590895 0 powerful 0
powerful_powerful_powerful 1756184854248 360 215 touchmove 81.8 419.5 0.615690 0.615690 0 powerful 0
powerful_powerful_powerful 1756184854265 360 215 touchmove 87.6 427.3 0.690134 0.690134 0 powerful 0
powerful_powerful_powerful 1756184854282 360 215 touchmove 92.6 436.1 0.556750 0.556750 0 powerful 0
powerful_powerful_powerful 1756184854299 360 215 touchmove 98.3 443.2 0.524724 0.524724 0 powerful 0
powerful_powerful_powerful 1756184854316 360 215 touchmove 104.6 448.4 0.567705 0.567705 0 powerful 0
powerful_powerful_powerful 1756184854332 360 215 touchmove 111.6 452.1 0.620751 0.620751 0 powerful 0
powerful_powerful_powerful 1756184854349 360 215 touchmove 119.3 453.7 0.512349 0.512349 0 powerful 0
powerful_powerful_powerful 1756184854366 360 215 touchmove 127.6 453.6 0.643270 0.643270 0 powerful 0
powerful_powerful_powerful 1756184854383 360 215 touchmove 136.8 451.9 0.616970 0.616970 0 powerful 0
powerful_powerful_powerful 1756184854400 360 215 touchmove 146.6 448.4 0.680643 0.680643 0 powerful 0
powerful_powerful_powerful 1756184854417 360 215 touchmove 156.4 444.9 0.511945 0.511945 0 powerful 0
powerful_powerful_powerful 1756184854433 360 215 touchmove 166.2 441.5 0.601216 0.601216 0 powerful 0
powerful_powerful_powerful 1756184854450 360 215 touchmove 175.9 438.1 0.723481 0.723481 0 powerful 0
powerful_powerful_powerful 1756184854467 360 215 touchmove 185.6 434.7 0.665213 0.665213 0 powerful 0
powerful_powerful_powerful 1756184854484 360 215 touchmove 195.4 431.2 0.512755 0.512755 0 powerful 0
powerful_powerful_powerful 1756184854501 360 215 touchmove 205.1 427.9 0.506073 0.506073 0 powerful 0
powerful_powerful_powerful 1756184854518 360 215 touchmove 215.0 424.5 0.589102 0.589102 0 powerful 0
powerful_powerful_powerful 1756184854534 360 215 touchmove 224.7 421.2 0.531303 0.531303 0 powerful 0
powerful_powerful_powerful 1756184854551 360 215 touchmove 234.5 418.0 0.559874 0.559874 0 powerful 0
powerful_powerful_powerful 1756184854568 360 215 touchmove 244.2 414.7 0.564693 0.564693 0 powerful 0
powerful_powerful_powerful 1756184854585 360 215 touchmove 253.9 411.6 0.731134 0.731134 0 powerful 0
powerful_powerful_powerful 1756184854602 360 215 touchmove 263.7 408.9 0.685723 0.685723 0 powerful 0
powerful_powerful_powerful 1756184854619 360 215 touchmove 273.5 407.1 0.784056 0.784056 0 powerful 0
powerful_powerful_powerful 1756184854636 360 215 touchmove 283.3 406.2 0.657333 0.657333 0 powerful 0
powerful_powerful_powerful 1756184854652 360 215 touchmove 293.1 406.1 0.631436 0.631436 0 powerful 0
powerful_powerful_powerful 1756184854669 360 215 touchmove 302.8 407.1 0.639510 0.639510 0 powerful 0
powerful_powerful_powerful 1756184854686 360 215 touchmove 312.7 408.9 0.612118 0.612118 0 powerful 0
powerful_powerful_powerful 1756184854703 360 215 touchmove 322.4 411.6 0.738553 0.738553 0 powerful 0
powerful_powerful_powerful 1756184854720 360 215 touchmove 332.1 414.8 0.723187 0.723187 0 powerful 0
powerful_powerful_powerful 1756184854737 360 215 touchmove 341.7 417.9 0.634193 0.634193 0 powerful 0
powerful_powerful_powerful 1756184854753 360 215 touchmove 351.5 421.2 0.623024 0.623024 0 powerful 0
powerful_powerful_powerful 1756184854770 360 215 touchmove 361.2 424.5 0.563765 0.563765 0 powerful 0
powerful_powerful_powerful 1756184854787 360 215 touchmove 371.0 427.6 0.731078 0.731078 0 powerful 0
powerful_powerful_powerful 1756184854804 360 215 touchmove 380.7 430.7 0.752015 0.752015 0 powerful 0
powerful_powerful_powerful 1756184854821 360 215 touchmove 390.3 434.0 0.553212 0.553212 0 powerful 0
powerful_powerful_powerful 1756184854838 360 215 touchmove 400.0 437.3 0.741884 0.741884 0 powerful 0
powerful_powerful_powerful 1756184854854 360 215 touchmove 409.7 440.7 0.767437 0.767437 0 powerful 0
powerful_powerful_powerful 1756184854871 360 215 touchmove 419.3 444.1 0.752931 0.752931 0 powerful 0
powerful_powerful_powerful 1756184854888 360 215 touchmove 428.8 447.6 0.697441 0.697441 0 powerful 0
powerful_powerful_powerful 1756184854905 360 215 touchmove 438.4 451.3 0.573282 0.573282 0 powerful 0
powerful_powerful_powerful 1756184854922 360 215 touchmove 448.0 454.6 0.570230 0.570230 0 powerful 0
powerful_powerful_powerful 1756184854939 360 215 touchmove 457.3 458.3 0.700403 0.700403 0 powerful 0
powerful_powerful_powerful 1756184854956 360 215 touchend 467.6 462.2 0.523281 0.523281 0 powerful 0