sentence timestamp keyb_width keyb_height event x_pos y_pos x_radius y_radius angle word is_err
future_future_future 1756184296093 360 215 touchstart 108.5 463.1 0.511549 0.511549 0 future 0
future_future_future 1756184296109 360 215 touchmove 117.4 460.7 0.678905 0.678905 0 future 0
future_future_future 1756184296126 360 215 touchmove 125.4 457.7 0.723099 0.723099 0 future 0
future_future_future 1756184296143 360 215 touchmove 133.4 454.5 0.673735 0.673735 0 future 0
future_future_future 1756184296160 360 215 touchmove 141.7 451.5 0.581264 0.581264 0 future 0
future_future_future 1756184296177 360 215 touchmove 150.0 448.3 0.715579 0.715579 0 future 0
future_future_future 1756184296194 360 215 touchmove 158.3 445.0 0.754181 0.754181 0 future 0
future_future_future 1756184296211 360 215 touchmove 166.8 441.8 0.784328 0.784328 0 future 0
future_future_future 1756184296228 360 215 touchmove 175.3 438.6 0.559217 0.559217 0 future 0
future_future_future 1756184296245 360 215 touchmove 183.8 435.4 0.578804 0.578804 0 future 0
future_future_future 1756184296262 360 215 touchmove 192.4 432.3 0.687799 0.687799 0 future 0
future_future_future 1756184296279 360 215 touchmove 200.9 429.3 0.614344 0.614344 0 future 0
future_future_future 1756184296296 360 215 touchmove 209.5 426.4 0.516095 0.516095 0 future 0
future_future_future 1756184296313 360 215 touchmove 218.0 423.6 0.764247 0.764247 0 future 0
future_future_future 1756184296330 360 215 touchmove 226.5 420.8 0.715468 0.715468 0 future 0
future_future_future 1756184296347 360 215 touchmove 235.0 418.0 0.675858 0.675858 0 future 0
future_future_future 1756184296364 360 215 touchmove 243.6 415.1 0.639382 0.639382 0 future 0
future_future_future 1756184296381 360 215 touchmove 252.3 412.2 0.631865 0.631865 0 future 0
future_future_future 1756184296397 360 215 touchmove 261.0 409.3 0.628188 0.628188 0 future 0
future_future_future 1756184296414 360 215 touchmove 267.4 406.6 0.509671 0.509671 0 future 0
future_future_future 1756184296431 360 215 touchmove 271.2 404.3 0.585973 0.585973 0 future 0
future_future_future 1756184296448 360 215 touchmove 272.5 402.6 0.690347 0.690347 0 future 0
future_future_future 1756184296465 360 215 touchmove 271.3 401.2 0.565525 0.565525 0 future 0
future_future_future 1756184296482 360 215 touchmove 267.6 400.3 0.549161 0.549161 0 future 0
future_future_future 1756184296499 360 215 touchmove 261.5 399.8 0.641617 0.641617 0 future 0
future_future_future 1756184296516 360 215 touchmove 252.7 399.9 0.536711 0.536711 0 future 0
future_future_future 1756184296533 360 215 touchmove 243.7 400.1 0.779523 0.779523 0 future 0
future_future_future 1756184296550 360 215 touchmove 234.7 400.3 0.671875 0.671875 0 future 0
future_future_future 1756184296567 360 215 touchmove 225.8 400.4 0.500444 0.500444 0 future 0
future_future_future 1756184296584 360 215 touchmove 216.8 400.4 0.759059 0.759059 0 future 0
future_future_future 1756184296601 360 215 touchmove 207.9 400.2 0.646032 0.646032 0 future 0
future_future_future 1756184296618 360 215 touchmove 198.8 400.1 0.735678 0.735678 0 future 0
future_future_future 1756184296635 360 215 touchmove 189.9 399.8 0.785534 0.785534 0 future 0
future_future_future 1756184296652 360 215 touchmove 180.9 399.6 0.577825 0.577825 0 future 0
future_future_future 1756184296669 360 215 touchmove 171.9 399.4 0.543224 0.543224 0 future 0
future_future_future 1756184296685 360 215 touchmove 165.2 399.3 0.605175 0.605175 0 future 0
future_future_future 1756184296702 360 215 touchmove 161.2 399.3 0.744497 0.744497 0 future 0
future_future_future 1756184296719 360 215 touchmove 159.7 399.4 0.551369 0.551369 0 future 0
future_future_future 1756184296736 360 215 touchmove 160.8 399.6 0.549703 0.549703 0 future 0
future_future_future 1756184296753 360 215 touchmove 164.5 399.8 0.564428 0.564428 0 future 0
future_future_future 1756184296770 360 215 touchmove 170.8 399.8 0.723387 0.723387 0 future 0
future_future_future 1756184296787 360 215 touchmove 179.7 400.0 0.654773 0.654773 0 future 0
future_future_future 1756184296804 360 215 touchmove 188.7 400.1 0.571233 0.571233 0 future 0
future_future_future 1756184296821 360 215 touchmove 197.5 400.2 0.619436 0.619436 0 future 0
future_future_future 1756184296838 360 215 touchmove 206.3 400.1 0.791051 0.791051 0 future 0
future_future_future 1756184296855 360 215 touchmove 215.2 400.0 0.511071 0.511071 0 future 0
future_future_future 1756184296872 360 215 touchmove 224.1 399.8 0.640227 0.640227 0 future 0
future_future_future 1756184296889 360 215 touchmove 233.0 399.7 0.781123 0.781123 0 future 0
future_future_future 1756184296906 360 215 touchmove 241.9 399.6 0.744031 0.744031 0 future 0
future_future_future 1756184296923 360 215 touchmove 250.9 399.5 0.581321 0.581321 0 future 0
future_future_future 1756184296940 360 215 touchmove 260.2 399.5 0.569350 0.569350 0 future 0
future_future_future 1756184296957 360 215 touchmove 267.1 399.7 0.716978 0.716978 0 future 0
future_future_future 1756184296973 360 215 touchmove 271.2 400.1 0.572071 0.572071 0 future 0
future_future_future 1756184296990 360 215 touchmove 272.7 400.3 0.672993 0.672993 0 future 0
future_future_future 1756184297007 360 215 touchmove 271.6 400.5 0.697503 0.697503 0 future 0
future_future_future 1756184297024 360 215 touchmove 267.8 400.6 0.701295 0.701295 0 future 0
future_future_future 1756184297041 360 215 touchmove 261.5 400.6 0.514739 0.514739 0 future 0
future_future_future 1756184297058 360 215 touchmove 252.5 400.6 0.705466 0.705466 0 future 0
future_future_future 1756184297075 360 215 touchmove 243.2 400.7 0.536294 0.536294 0 future 0
future_future_future 1756184297092 360 215 touchmove 234.1 400.6 0.623291 0.623291 0 future 0
future_future_future 1756184297109 360 215 touchmove 225.0 400.5 0.660895 0.660895 0 future 0
future_future_future 1756184297126 360 215 touchmove 216.0 400.6 0.781188 0.781188 0 future 0
future_future_future 1756184297143 360 215 touchmove 207.1 400.5 0.597086 0.597086 0 future 0
future_future_future 1756184297160 360 215 touchmove 198.2 400.6 0.773210 0.773210 0 future 0
future_future_future 1756184297177 360 215 touchmove 189.2 400.6 0.530154 0.530154 0 future 0
future_future_future 1756184297194 360 215 touchmove 180.4 400.6 0.658674 0.658674 0 future 0
future_future_future 1756184297211 360 215 touchmove 171.5 400.5 0.542411 0.542411 0 future 0
future_future_future 1756184297228 360 215 touchmove 162.7 400.6 0.626107 0.626107 0 future 0
future_future_future 1756184297245 360 215 touchmove 153.7 400.5 0.643089 0.643089 0 future 0
future_future_future 1756184297261 360 215 touchmove 144.8 400.5 0.505917 0.505917 0 future 0
future_future_future 1756184297278 360 215 touchmove 135.8 400.4 0.665674 0.665674 0 future 0
future_future_future 1756184297295 360 215 touchmove 126.8 400.2 0.613264 0.613264 0 future 0
future_future_future 1756184297312 360 215 touchmove 117.6 399.9 0.678853 0.678853 0 future 0
future_future_future 1756184297329 360 215 touchmove 108.6 399.8 0.554249 0.554249 0 future 0
future_future_future 1756184297346 360 215 touchmove 99.5 399.5 0.547293 0.547293 0 future 0
future_future_future 1756184297363 360 215 touchmove 90.4 399.3 0.563786 0.563786 0 future 0
future_future_future 1756184297380 360 215 touchmove 81.1 399.4 0.662823 0.662823 0 future 0
future_future_future 1756184297397 360 215 touchmove 72.0 399.5 0.693145 0.693145 0 future 0
future_future_future 1756184297414 360 215 touchmove 63.0 399.7 0.791527 0.791527 0 future 0
future_future_future 1756184297431 360 215 touchmove 54.0 399.8 0.644987 0.644987 0 future 0
future_future_future 1756184297448 360 215 touchmove 45.0 399.8 0.684201 0.684201 0 future 0
future_future_future 1756184297465 360 215 touchmove 36.0 400.1 0.557314 0.557314 0 future 0
future_future_future 1756184297482 360 215 touchmove 26.9 400.2 0.615809 0.615809 0 future 0
future_future_future 1756184297499 360 215 touchmove 18.1 399.9 0.661657 0.661657 0 future 0
future_future_future 1756184297516 360 215 touchmove 8.9 400.3 0.518958 0.518958 0 future 0
future_future_future 1756184297533 360 215 touchend -0.8 400.0 0.659458 0.659458 0 future 0