sentence timestamp keyb_width keyb_height event x_pos y_pos x_radius y_radius angle word is_err
half_half_half 1756184295697 360 215 touchstart 252.0 461.4 0.635065 0.635065 0 half 0
half_half_half 1756184295714 360 215 touchmove 230.7 461.2 0.535136 0.535136 0 half 0
half_half_half 1756184295731 360 215 touchmove 208.8 462.2 0.793115 0.793115 0 half 0
half_half_half 1756184295748 360 215 touchmove 189.0 463.3 0.537012 0.537012 0 half 0
half_half_half 1756184295765 360 215 touchmove 168.1 463.6 0.699491 0.699491 0 half 0
half_half_half 1756184295782 360 215 touchmove 146.9 463.9 0.502903 0.502903 0 half 0
half_half_half 1756184295799 360 215 touchmove 125.9 463.9 0.523190 0.523190 0 half 0
half_half_half 1756184295816 360 215 touchmove 104.5 463.7 0.760295 0.760295 0 half 0
half_half_half 1756184295833 360 215 touchmove 83.1 463.5 0.776982 0.776982 0 half 0
half_half_half 1756184295850 360 215 touchmove 61.8 463.4 0.523295 0.523295 0 half 0
half_half_half 1756184295867 360 215 touchmove 40.4 463.0 0.766581 0.766581 0 half 0
half_half_half 1756184295884 360 215 touchmove 19.1 463.1 0.658681 0.658681 0 half 0
half_half_half 1756184295901 360 215 touchmove -2.1 463.2 0.779979 0.779979 0 half 0
half_half_half 1756184295918 360 215 touchmove -23.3 463.2 0.703217 0.703217 0 half 0
half_half_half 1756184295935 360 215 touchmove -44.2 463.3 0.771695 0.771695 0 half 0
half_half_half 1756184295952 360 215 touchmove -59.1 463.5 0.527794 0.527794 0 half 0
half_half_half 1756184295969 360 215 touchmove -67.9 463.5 0.709383 0.709383 0 half 0
half_half_half 1756184295986 360 215 touchmove -70.7 463.5 0.770146 0.770146 0 half 0
half_half_half 1756184296003 360 215 touchmove -67.4 463.4 0.770594 0.770594 0 half 0
half_half_half 1756184296020 360 215 touchmove -58.1 463.2 0.773819 0.773819 0 half 0
half_half_half 1756184296037 360 215 touchmove -42.6 462.8 0.738867 0.738867 0 half 0
half_half_half 1756184296055 360 215 touchmove -21.2 462.6 0.554552 0.554552 0 half 0
half_half_half 1756184296072 360 215 touchmove 0.5 461.9 0.733155 0.733155 0 half 0
half_half_half 1756184296089 360 215 touchmove 22.2 461.1 0.631906 0.631906 0 half 0
half_half_half 1756184296106 360 215 touchmove 43.6 460.4 0.504890 0.504890 0 half 0
half_half_half 1756184296123 360 215 touchmove 64.8 460.1 0.634069 0.634069 0 half 0
half_half_half 1756184296140 360 215 touchmove 86.1 460.0 0.777994 0.777994 0 half 0
half_half_half 1756184296157 360 215 touchmove 107.3 460.1 0.789362 0.789362 0 half 0
half_half_half 1756184296174 360 215 touchmove 128.5 460.2 0.567144 0.567144 0 half 0
half_half_half 1756184296191 360 215 touchmove 149.5 460.6 0.530802 0.530802 0 half 0
half_half_half 1756184296208 360 215 touchmove 170.6 461.2 0.621380 0.621380 0 half 0
half_half_half 1756184296225 360 215 touchmove 191.8 461.8 0.539038 0.539038 0 half 0
half_half_half 1756184296242 360 215 touchmove 213.3 462.2 0.672455 0.672455 0 half 0
half_half_half 1756184296259 360 215 touchmove 234.5 462.8 0.709750 0.709750 0 half 0
half_half_half 1756184296276 360 215 touchmove 255.7 463.2 0.708804 0.708804 0 half 0
half_half_half 1756184296293 360 215 touchmove 277.0 463.6 0.528463 0.528463 0 half 0
half_half_half 1756184296310 360 215 touchmove 298.3 463.8 0.557955 0.557955 0 half 0
half_half_half 1756184296327 360 215 touchmove 319.2 463.8 0.732809 0.732809 0 half 0
half_half_half 1756184296344 360 215 touchmove 340.4 464.0 0.769121 0.769121 0 half 0
half_half_half 1756184296361 360 215 touchmove 361.6 464.1 0.568720 0.568720 0 half 0
half_half_half 1756184296378 360 215 touchmove 382.9 463.9 0.780706 0.780706 0 half 0
half_half_half 1756184296396 360 215 touchmove 403.9 464.1 0.786669 0.786669 0 half 0
half_half_half 1756184296413 360 215 touchmove 419.4 463.6 0.735550 0.735550 0 half 0
half_half_half 1756184296430 360 215 touchmove 429.2 463.3 0.558863 0.558863 0 half 0
half_half_half 1756184296447 360 215 touchmove 432.6 463.1 0.594366 0.594366 0 half 0
half_half_half 1756184296464 360 215 touchmove 430.1 462.9 0.777419 0.777419 0 half 0
half_half_half 1756184296481 360 215 touchmove 421.4 462.8 0.735168 0.735168 0 half 0
half_half_half 1756184296498 360 215 touchmove 406.5 462.6 0.689230 0.689230 0 half 0
half_half_half 1756184296515 360 215 touchmove 385.7 462.2 0.615012 0.615012 0 half 0
half_half_half 1756184296532 360 215 touchmove 364.1 462.2 0.521898 0.521898 0 half 0
half_half_half 1756184296549 360 215 touchmove 342.0 462.4 0.710302 0.710302 0 half 0
half_half_half 1756184296566 360 215 touchmove 320.4 462.7 0.500002 0.500002 0 half 0
half_half_half 1756184296583 360 215 touchmove 298.9 462.6 0.746536 0.746536 0 half 0
half_half_half 1756184296600 360 215 touchmove 277.3 462.2 0.740674 0.740674 0 half 0
half_half_half 1756184296617 360 215 touchmove 255.9 462.1 0.506023 0.506023 0 half 0
half_half_half 1756184296634 360 215 touchmove 234.5 461.9 0.623404 0.623404 0 half 0
half_half_half 1756184296651 360 215 touchmove 213.3 461.8 0.560384 0.560384 0 half 0
half_half_half 1756184296668 360 215 touchmove 192.3 461.8 0.533959 0.533959 0 half 0
half_half_half 1756184296685 360 215 touchmove 171.4 461.5 0.647168 0.647168 0 half 0
half_half_half 1756184296702 360 215 touchmove 149.6 461.6 0.687672 0.687672 0 half 0
half_half_half 1756184296719 360 215 touchmove 129.2 461.8 0.664044 0.664044 0 half 0
half_half_half 1756184296737 360 215 touchend 109.0 461.6 0.679085 0.679085 0 half 0