sentence timestamp keyb_width keyb_height event x_pos y_pos x_radius y_radius angle word is_err
pretty_pretty_pretty 1756184849997 360 215 touchstart 504.5 400.7 0.793818 0.793818 0 pretty 0
pretty_pretty_pretty 1756184850013 360 215 touchmove 497.0 400.9 0.627583 0.627583 0 pretty 0
pretty_pretty_pretty 1756184850030 360 215 touchmove 490.5 401.2 0.726183 0.726183 0 pretty 0
pretty_pretty_pretty 1756184850047 360 215 touchmove 482.2 401.7 0.578218 0.578218 0 pretty 0
pretty_pretty_pretty 1756184850064 360 215 touchmove 474.2 401.6 0.797819 0.797819 0 pretty 0
pretty_pretty_pretty 1756184850081 360 215 touchmove 466.5 401.3 0.740319 0.740319 0 pretty 0
pretty_pretty_pretty 1756184850098 360 215 touchmove 458.5 401.1 0.777784 0.777784 0 pretty 0
pretty_pretty_pretty 1756184850115 360 215 touchmove 450.4 400.7 0.770134 0.770134 0 pretty 0
pretty_pretty_pretty 1756184850132 360 215 touchmove 442.3 400.3 0.595589 0.595589 0 pretty 0
pretty_pretty_pretty 1756184850149 360 215 touchmove 434.1 399.9 0.742238 0.742238 0 pretty 0
pretty_pretty_pretty 1756184850166 360 215 touchmove 425.9 399.8 0.594471 0.594471 0 pretty 0
pretty_pretty_pretty 1756184850183 360 215 touchmove 418.2 399.7 0.593254 0.593254 0 pretty 0
pretty_pretty_pretty 1756184850200 360 215 touchmove 410.5 399.7 0.527244 0.527244 0 pretty 0
pretty_pretty_pretty 1756184850217 360 215 touchmove 402.9 399.8 0.525513 0.525513 0 pretty 0
pretty_pretty_pretty 1756184850234 360 215 touchmove 395.1 399.6 0.796399 0.796399 0 pretty 0
pretty_pretty_pretty 1756184850251 360 215 touchmove 387.3 399.4 0.733712 0.733712 0 pretty 0
pretty_pretty_pretty 1756184850268 360 215 touchmove 379.4 399.6 0.710611 0.710611 0 pretty 0
pretty_pretty_pretty 1756184850285 360 215 touchmove 371.7 399.8 0.503341 0.503341 0 pretty 0
pretty_pretty_pretty 1756184850302 360 215 touchmove 363.8 400.0 0.697183 0.697183 0 pretty 0
pretty_pretty_pretty 1756184850319 360 215 touchmove 355.5 400.3 0.752647 0.752647 0 pretty 0
pretty_pretty_pretty 1756184850336 360 215 touchmove 347.3 400.2 0.548539 0.548539 0 pretty 0
pretty_pretty_pretty 1756184850353 360 215 touchmove 339.1 400.1 0.756137 0.756137 0 pretty 0
pretty_pretty_pretty 1756184850370 360 215 touchmove 330.9 400.3 0.718284 0.718284 0 pretty 0
pretty_pretty_pretty 1756184850387 360 215 touchmove 323.1 400.1 0.687846 0.687846 0 pretty 0
pretty_pretty_pretty 1756184850403 360 215 touchmove 315.2 400.1 0.526107 0.526107 0 pretty 0
pretty_pretty_pretty 1756184850420 360 215 touchmove 307.3 399.8 0.702130 0.702130 0 pretty 0
pretty_pretty_pretty 1756184850437 360 215 touchmove 299.5 399.6 0.698521 0.698521 0 pretty 0
pretty_pretty_pretty 1756184850454 360 215 touchmove 291.8 399.7 0.635311 0.635311 0 pretty 0
pretty_pretty_pretty 1756184850471 360 215 touchmove 284.2 400.1 0.722715 0.722715 0 pretty 0
pretty_pretty_pretty 1756184850488 360 215 touchmove 276.8 400.2 0.613119 0.613119 0 pretty 0
pretty_pretty_pretty 1756184850505 360 215 touchmove 269.2 400.3 0.784350 0.784350 0 pretty 0
pretty_pretty_pretty 1756184850522 360 215 touchmove 261.1 400.4 0.514862 0.514862 0 pretty 0
pretty_pretty_pretty 1756184850539 360 215 touchmove 253.3 400.8 0.681223 0.681223 0 pretty 0
pretty_pretty_pretty 1756184850556 360 215 touchmove 245.4 401.2 0.554602 0.554602 0 pretty 0
pretty_pretty_pretty 1756184850573 360 215 touchmove 237.5 401.4 0.752073 0.752073 0 pretty 0
pretty_pretty_pretty 1756184850590 360 215 touchmove 229.5 401.6 0.694692 0.694692 0 pretty 0
pretty_pretty_pretty 1756184850607 360 215 touchmove 221.4 401.6 0.535923 0.535923 0 pretty 0
pretty_pretty_pretty 1756184850624 360 215 touchmove 213.4 401.5 0.516623 0.516623 0 pretty 0
pretty_pretty_pretty 1756184850641 360 215 touchmove 205.8 401.5 0.549425 0.549425 0 pretty 0
pretty_pretty_pretty 1756184850658 360 215 touchmove 198.0 401.4 0.768037 0.768037 0 pretty 0
pretty_pretty_pretty 1756184850675 360 215 touchmove 190.1 401.2 0.790142 0.790142 0 pretty 0
pretty_pretty_pretty 1756184850692 360 215 touchmove 182.5 401.1 0.608327 0.608327 0 pretty 0
pretty_pretty_pretty 1756184850709 360 215 touchmove 174.6 400.9 0.732468 0.732468 0 pretty 0
pretty_pretty_pretty 1756184850726 360 215 touchmove 166.8 400.8 0.524268 0.524268 0 pretty 0
pretty_pretty_pretty 1756184850743 360 215 touchmove 158.9 400.9 0.794072 0.794072 0 pretty 0
pretty_pretty_pretty 1756184850760 360 215 touchmove 151.2 400.8 0.786945 0.786945 0 pretty 0
pretty_pretty_pretty 1756184850777 360 215 touchmove 143.4 400.6 0.556193 0.556193 0 pretty 0
pretty_pretty_pretty 1756184850793 360 215 touchmove 135.7 400.5 0.786070 0.786070 0 pretty 0
pretty_pretty_pretty 1756184850810 360 215 touchmove 127.7 400.2 0.771111 0.771111 0 pretty 0
pretty_pretty_pretty 1756184850827 360 215 touchmove 120.1 400.2 0.790291 0.790291 0 pretty 0
pretty_pretty_pretty 1756184850844 360 215 touchmove 112.4 400.4 0.737432 0.737432 0 pretty 0
pretty_pretty_pretty 1756184850861 360 215 touchmove 104.6 400.9 0.740274 0.740274 0 pretty 0
pretty_pretty_pretty 1756184850878 360 215 touchmove 96.9 401.6 0.567677 0.567677 0 pretty 0
pretty_pretty_pretty 1756184850895 360 215 touchmove 89.2 402.1 0.511220 0.511220 0 pretty 0
pretty_pretty_pretty 1756184850912 360 215 touchmove 81.3 402.5 0.732812 0.732812 0 pretty 0
pretty_pretty_pretty 1756184850929 360 215 touchmove 73.3 403.0 0.502201 0.502201 0 pretty 0
pretty_pretty_pretty 1756184850946 360 215 touchmove 65.4 403.1 0.506260 0.506260 0 pretty 0
pretty_pretty_pretty 1756184850963 360 215 touchmove 57.4 403.1 0.512618 0.512618 0 pretty 0
pretty_pretty_pretty 1756184850980 360 215 touchmove 49.6 402.7 0.523394 0.523394 0 pretty 0
pretty_pretty_pretty 1756184850997 360 215 touchmove 41.6 402.3 0.520329 0.520329 0 pretty 0
pretty_pretty_pretty 1756184851014 360 215 touchmove 33.7 402.2 0.597094 0.597094 0 pretty 0
pretty_pretty_pretty 1756184851031 360 215 touchmove 26.2 402.0 0.503789 0.503789 0 pretty 0
pretty_pretty_pretty 1756184851048 360 215 touchmove 19.9 401.8 0.522985 0.522985 0 pretty 0
pretty_pretty_pretty 1756184851065 360 215 touchmove 15.8 401.4 0.723436 0.723436 0 pretty 0
pretty_pretty_pretty 1756184851082 360 215 touchmove 13.7 401.1 0.563451 0.563451 0 pretty 0
pretty_pretty_pretty 1756184851099 360 215 touchmove 13.9 400.7 0.676964 0.676964 0 pretty 0
pretty_pretty_pretty 1756184851116 360 215 touchmove 16.6 400.2 0.626620 0.626620 0 pretty 0
pretty_pretty_pretty 1756184851133 360 215 touchmove 21.3 399.8 0.523074 0.523074 0 pretty 0
pretty_pretty_pretty 1756184851150 360 215 touchmove 27.9 399.4 0.601538 0.601538 0 pretty 0
pretty_pretty_pretty 1756184851167 360 215 touchmove 35.5 399.1 0.781574 0.781574 0 pretty 0
pretty_pretty_pretty 1756184851183 360 215 touchmove 43.3 399.0 0.723269 0.723269 0 pretty 0
pretty_pretty_pretty 1756184851200 360 215 touchmove 51.3 398.9 0.742558 0.742558 0 pretty 0
pretty_pretty_pretty 1756184851217 360 215 touchmove 59.7 398.8 0.750290 0.750290 0 pretty 0
pretty_pretty_pretty 1756184851234 360 215 touchmove 67.7 398.7 0.747989 0.747989 0 pretty 0
pretty_pretty_pretty 1756184851251 360 215 touchmove 75.9 398.8 0.534398 0.534398 0 pretty 0
pretty_pretty_pretty 1756184851268 360 215 touchmove 84.2 399.0 0.554692 0.554692 0 pretty 0
pretty_pretty_pretty 1756184851285 360 215 touchmove 92.2 399.1 0.651133 0.651133 0 pretty 0
pretty_pretty_pretty 1756184851302 360 215 touchmove 100.1 399.3 0.744242 0.744242 0 pretty 0
pretty_pretty_pretty 1756184851319 360 215 touchmove 107.9 399.6 0.570001 0.570001 0 pretty 0
pretty_pretty_pretty 1756184851336 360 215 touchmove 115.2 399.8 0.532262 0.532262 0 pretty 0
pretty_pretty_pretty 1756184851353 360 215 touchmove 122.8 400.1 0.509966 0.509966 0 pretty 0
pretty_pretty_pretty 1756184851370 360 215 touchmove 130.0 400.5 0.672308 0.672308 0 pretty 0
pretty_pretty_pretty 1756184851387 360 215 touchmove 137.4 400.8 0.517597 0.517597 0 pretty 0
pretty_pretty_pretty 1756184851404 360 215 touchmove 144.9 400.9 0.573644 0.573644 0 pretty 0
pretty_pretty_pretty 1756184851421 360 215 touchmove 152.6 400.7 0.571218 0.571218 0 pretty 0
pretty_pretty_pretty 1756184851438 360 215 touchmove 160.3 400.8 0.608106 0.608106 0 pretty 0
pretty_pretty_pretty 1756184851455 360 215 touchmove 168.0 400.9 0.621249 0.621249 0 pretty 0
pretty_pretty_pretty 1756184851472 360 215 touchmove 175.8 400.9 0.721387 0.721387 0 pretty 0
pretty_pretty_pretty 1756184851489 360 215 touchmove 183.7 400.6 0.613782 0.613782 0 pretty 0
pretty_pretty_pretty 1756184851506 360 215 touchmove 191.5 400.4 0.555945 0.555945 0 pretty 0
pretty_pretty_pretty 1756184851523 360 215 touchmove 200.0 400.5 0.727794 0.727794 0 pretty 0
pretty_pretty_pretty 1756184851540 360 215 touchmove 207.1 400.9 0.676585 0.676585 0 pretty 0
pretty_pretty_pretty 1756184851557 360 215 touchend 214.9 401.0 0.614363 0.614363 0 pretty 0