sentence timestamp keyb_width keyb_height event x_pos y_pos x_radius y_radius angle word is_err
result_result_result 1756184850225 360 215 touchstart 72.9 400.8 0.614560 0.614560 0 result 0
result_result_result 1756184850241 360 215 touchmove 61.2 401.2 0.574348 0.574348 0 result 0
result_result_result 1756184850258 360 215 touchmove 49.4 401.8 0.698167 0.698167 0 result 0
result_result_result 1756184850275 360 215 touchmove 37.7 401.4 0.663643 0.663643 0 result 0
result_result_result 1756184850292 360 215 touchmove 26.8 402.5 0.620357 0.620357 0 result 0
result_result_result 1756184850309 360 215 touchmove 16.7 404.9 0.750841 0.750841 0 result 0
result_result_result 1756184850326 360 215 touchmove 7.4 408.8 0.613949 0.613949 0 result 0
result_result_result 1756184850343 360 215 touchmove -1.1 414.2 0.507824 0.507824 0 result 0
result_result_result 1756184850360 360 215 touchmove -8.8 421.1 0.656089 0.656089 0 result 0
result_result_result 1756184850377 360 215 touchmove -15.8 429.4 0.766645 0.766645 0 result 0
result_result_result 1756184850394 360 215 touchmove -20.1 438.0 0.759375 0.759375 0 result 0
result_result_result 1756184850411 360 215 touchmove -21.9 445.2 0.655591 0.655591 0 result 0
result_result_result 1756184850428 360 215 touchmove -21.2 450.5 0.675321 0.675321 0 result 0
result_result_result 1756184850445 360 215 touchmove -18.2 454.0 0.520808 0.520808 0 result 0
result_result_result 1756184850462 360 215 touchmove -12.6 455.8 0.582526 0.582526 0 result 0
result_result_result 1756184850479 360 215 touchmove -4.4 455.7 0.547002 0.547002 0 result 0
result_result_result 1756184850496 360 215 touchmove 6.2 453.8 0.746659 0.746659 0 result 0
result_result_result 1756184850513 360 215 touchmove 17.6 451.4 0.618320 0.618320 0 result 0
result_result_result 1756184850529 360 215 touchmove 29.0 449.1 0.784853 0.784853 0 result 0
result_result_result 1756184850546 360 215 touchmove 40.4 446.8 0.529498 0.529498 0 result 0
result_result_result 1756184850563 360 215 touchmove 52.0 444.4 0.702029 0.702029 0 result 0
result_result_result 1756184850580 360 215 touchmove 63.5 442.1 0.551339 0.551339 0 result 0
result_result_result 1756184850597 360 215 touchmove 75.1 439.9 0.692701 0.692701 0 result 0
result_result_result 1756184850614 360 215 touchmove 86.7 437.6 0.778528 0.778528 0 result 0
result_result_result 1756184850631 360 215 touchmove 98.1 435.3 0.720442 0.720442 0 result 0
result_result_result 1756184850648 360 215 touchmove 109.5 433.0 0.721852 0.721852 0 result 0
result_result_result 1756184850665 360 215 touchmove 121.1 430.9 0.615775 0.615775 0 result 0
result_result_result 1756184850682 360 215 touchmove 132.5 428.8 0.557305 0.557305 0 result 0
result_result_result 1756184850699 360 215 touchmove 144.0 426.6 0.740120 0.740120 0 result 0
result_result_result 1756184850716 360 215 touchmove 155.5 424.4 0.625504 0.625504 0 result 0
result_result_result 1756184850733 360 215 touchmove 167.0 422.3 0.754948 0.754948 0 result 0
result_result_result 1756184850750 360 215 touchmove 178.6 420.3 0.593545 0.593545 0 result 0
result_result_result 1756184850767 360 215 touchmove 190.1 418.2 0.796809 0.796809 0 result 0
result_result_result 1756184850784 360 215 touchmove 201.5 416.1 0.655408 0.655408 0 result 0
result_result_result 1756184850801 360 215 touchmove 212.9 414.0 0.565817 0.565817 0 result 0
result_result_result 1756184850817 360 215 touchmove 224.4 411.8 0.572449 0.572449 0 result 0
result_result_result 1756184850834 360 215 touchmove 235.8 409.7 0.580289 0.580289 0 result 0
result_result_result 1756184850851 360 215 touchmove 247.3 407.6 0.679178 0.679178 0 result 0
result_result_result 1756184850868 360 215 touchmove 258.8 405.9 0.615745 0.615745 0 result 0
result_result_result 1756184850885 360 215 touchmove 270.3 405.0 0.723107 0.723107 0 result 0
result_result_result 1756184850902 360 215 touchmove 281.8 405.0 0.562810 0.562810 0 result 0
result_result_result 1756184850919 360 215 touchmove 293.3 405.9 0.731310 0.731310 0 result 0
result_result_result 1756184850936 360 215 touchmove 304.6 407.8 0.571024 0.571024 0 result 0
result_result_result 1756184850953 360 215 touchmove 315.7 410.3 0.704853 0.704853 0 result 0
result_result_result 1756184850970 360 215 touchmove 326.8 413.7 0.667010 0.667010 0 result 0
result_result_result 1756184850987 360 215 touchmove 337.8 417.4 0.745865 0.745865 0 result 0
result_result_result 1756184851004 360 215 touchmove 348.8 421.2 0.521373 0.521373 0 result 0
result_result_result 1756184851021 360 215 touchmove 359.8 424.9 0.543594 0.543594 0 result 0
result_result_result 1756184851038 360 215 touchmove 370.8 428.6 0.540857 0.540857 0 result 0
result_result_result 1756184851055 360 215 touchmove 381.8 432.2 0.575863 0.575863 0 result 0
result_result_result 1756184851072 360 215 touchmove 393.0 435.8 0.508160 0.508160 0 result 0
result_result_result 1756184851089 360 215 touchmove 404.0 439.4 0.530735 0.530735 0 result 0
result_result_result 1756184851105 360 215 touchmove 415.1 443.2 0.630092 0.630092 0 result 0
result_result_result 1756184851122 360 215 touchmove 426.1 447.0 0.766033 0.766033 0 result 0
result_result_result 1756184851139 360 215 touchmove 436.5 450.5 0.679837 0.679837 0 result 0
result_result_result 1756184851156 360 215 touchmove 443.8 453.3 0.779506 0.779506 0 result 0
result_result_result 1756184851173 360 215 touchmove 447.9 455.3 0.787319 0.787319 0 result 0
result_result_result 1756184851190 360 215 touchmove 448.5 456.6 0.620673 0.620673 0 result 0
result_result_result 1756184851207 360 215 touchmove 446.0 457.0 0.744502 0.744502 0 result 0
result_result_result 1756184851224 360 215 touchmove 440.3 456.3 0.592908 0.592908 0 result 0
result_result_result 1756184851241 360 215 touchmove 431.2 454.8 0.511658 0.511658 0 result 0
result_result_result 1756184851258 360 215 touchmove 419.6 452.9 0.553975 0.553975 0 result 0
result_result_result 1756184851275 360 215 touchmove 407.9 450.9 0.764550 0.764550 0 result 0
result_result_result 1756184851292 360 215 touchmove 396.2 448.7 0.780915 0.780915 0 result 0
result_result_result 1756184851309 360 215 touchmove 384.8 446.4 0.702316 0.702316 0 result 0
result_result_result 1756184851326 360 215 touchmove 373.4 444.2 0.774308 0.774308 0 result 0
result_result_result 1756184851343 360 215 touchmove 361.8 442.1 0.537965 0.537965 0 result 0
result_result_result 1756184851360 360 215 touchmove 350.4 440.1 0.719350 0.719350 0 result 0
result_result_result 1756184851377 360 215 touchmove 339.0 437.8 0.789208 0.789208 0 result 0
result_result_result 1756184851393 360 215 touchmove 327.7 435.5 0.656442 0.656442 0 result 0
result_result_result 1756184851410 360 215 touchmove 316.3 433.4 0.664088 0.664088 0 result 0
result_result_result 1756184851427 360 215 touchmove 304.8 431.3 0.562792 0.562792 0 result 0
result_result_result 1756184851444 360 215 touchmove 293.3 429.1 0.507668 0.507668 0 result 0
result_result_result 1756184851461 360 215 touchmove 281.9 427.0 0.708039 0.708039 0 result 0
result_result_result 1756184851478 360 215 touchmove 270.4 424.8 0.664205 0.664205 0 result 0
result_result_result 1756184851495 360 215 touchmove 258.9 422.7 0.658430 0.658430 0 result 0
result_result_result 1756184851512 360 215 touchmove 247.4 420.6 0.780087 0.780087 0 result 0
result_result_result 1756184851529 360 215 touchmove 235.8 418.4 0.748866 0.748866 0 result 0
result_result_result 1756184851546 360 215 touchmove 224.3 416.2 0.622670 0.622670 0 result 0
result_result_result 1756184851563 360 215 touchmove 212.8 414.1 0.776633 0.776633 0 result 0
result_result_result 1756184851580 360 215 touchmove 201.3 411.8 0.789055 0.789055 0 result 0
result_result_result 1756184851597 360 215 touchmove 189.9 409.6 0.783978 0.783978 0 result 0
result_result_result 1756184851614 360 215 touchmove 178.5 407.2 0.609633 0.609633 0 result 0
result_result_result 1756184851631 360 215 touchmove 167.0 405.1 0.505644 0.505644 0 result 0
result_result_result 1756184851648 360 215 touchmove 155.6 402.6 0.605721 0.605721 0 result 0
result_result_result 1756184851665 360 215 touchend 144.3 400.0 0.594943 0.594943 0 result 0