sentence timestamp keyb_width keyb_height event x_pos y_pos x_radius y_radius angle word is_err
general_general_general 1756184295280 360 215 touchstart 180.7 461.8 0.618851 0.618851 0 general 0
general_general_general 1756184295297 360 215 touchmove 154.4 453.2 0.785792 0.785792 0 general 0
general_general_general 1756184295314 360 215 touchmove 127.5 441.7 0.680814 0.680814 0 general 0
general_general_general 1756184295331 360 215 touchmove 97.6 430.4 0.538347 0.538347 0 general 0
general_general_general 1756184295348 360 215 touchmove 73.5 421.7 0.550119 0.550119 0 general 0
general_general_general 1756184295365 360 215 touchmove 56.6 416.3 0.763240 0.763240 0 general 0
general_general_general 1756184295383 360 215 touchmove 47.5 414.2 0.516881 0.516881 0 general 0
general_general_general 1756184295400 360 215 touchmove 46.6 415.6 0.603913 0.603913 0 general 0
general_general_general 1756184295417 360 215 touchmove 53.6 420.0 0.641423 0.641423 0 general 0
general_general_general 1756184295434 360 215 touchmove 68.3 427.2 0.649922 0.649922 0 general 0
general_general_general 1756184295451 360 215 touchmove 89.8 437.3 0.709872 0.709872 0 general 0
general_general_general 1756184295469 360 215 touchmove 116.2 449.0 0.702414 0.702414 0 general 0
general_general_general 1756184295486 360 215 touchmove 142.8 460.2 0.575504 0.575504 0 general 0
general_general_general 1756184295503 360 215 touchmove 170.1 471.1 0.693674 0.693674 0 general 0
general_general_general 1756184295520 360 215 touchmove 197.3 482.3 0.601514 0.601514 0 general 0
general_general_general 1756184295537 360 215 touchmove 219.3 491.5 0.604385 0.604385 0 general 0
general_general_general 1756184295555 360 215 touchmove 233.7 498.0 0.712283 0.712283 0 general 0
general_general_general 1756184295572 360 215 touchmove 240.9 501.4 0.584865 0.584865 0 general 0
general_general_general 1756184295589 360 215 touchmove 239.9 501.3 0.684222 0.684222 0 general 0
general_general_general 1756184295606 360 215 touchmove 231.6 497.9 0.693056 0.693056 0 general 0
general_general_general 1756184295623 360 215 touchmove 214.6 491.0 0.532667 0.532667 0 general 0
general_general_general 1756184295641 360 215 touchmove 189.7 481.3 0.588541 0.588541 0 general 0
general_general_general 1756184295658 360 215 touchmove 161.9 469.8 0.678392 0.678392 0 general 0
general_general_general 1756184295675 360 215 touchmove 134.3 458.4 0.742844 0.742844 0 general 0
general_general_general 1756184295692 360 215 touchmove 107.4 447.3 0.668077 0.668077 0 general 0
general_general_general 1756184295709 360 215 touchmove 80.1 435.8 0.622806 0.622806 0 general 0
general_general_general 1756184295727 360 215 touchmove 60.2 426.0 0.550813 0.550813 0 general 0
general_general_general 1756184295744 360 215 touchmove 48.7 418.2 0.683055 0.683055 0 general 0
general_general_general 1756184295761 360 215 touchmove 42.5 412.1 0.543885 0.543885 0 general 0
general_general_general 1756184295778 360 215 touchmove 36.8 409.7 0.570472 0.570472 0 general 0
general_general_general 1756184295795 360 215 touchmove 30.9 409.6 0.530070 0.530070 0 general 0
general_general_general 1756184295812 360 215 touchmove 24.8 411.9 0.682217 0.682217 0 general 0
general_general_general 1756184295830 360 215 touchmove 18.7 417.9 0.700005 0.700005 0 general 0
general_general_general 1756184295847 360 215 touchmove 4.4 425.4 0.655632 0.655632 0 general 0
general_general_general 1756184295864 360 215 touchmove -18.3 433.6 0.765270 0.765270 0 general 0
general_general_general 1756184295881 360 215 touchmove -39.5 441.2 0.663469 0.663469 0 general 0
general_general_general 1756184295898 360 215 touchmove -52.5 447.1 0.793719 0.793719 0 general 0
general_general_general 1756184295916 360 215 touchmove -57.3 452.2 0.703265 0.703265 0 general 0
general_general_general 1756184295933 360 215 touchmove -54.7 456.1 0.753714 0.753714 0 general 0
general_general_general 1756184295950 360 215 touchmove -44.1 458.5 0.613009 0.613009 0 general 0
general_general_general 1756184295967 360 215 touchmove -25.1 459.9 0.668043 0.668043 0 general 0
general_general_general 1756184295984 360 215 touchmove 2.8 460.4 0.791389 0.791389 0 general 0
general_general_general 1756184296002 360 215 touchmove 32.1 461.0 0.614235 0.614235 0 general 0
general_general_general 1756184296019 360 215 touchmove 61.6 460.9 0.541166 0.541166 0 general 0
general_general_general 1756184296036 360 215 touchmove 90.6 460.6 0.609891 0.609891 0 general 0
general_general_general 1756184296053 360 215 touchmove 119.4 460.3 0.752968 0.752968 0 general 0
general_general_general 1756184296070 360 215 touchmove 148.8 460.2 0.577146 0.577146 0 general 0
general_general_general 1756184296088 360 215 touchmove 178.4 459.7 0.685328 0.685328 0 general 0
general_general_general 1756184296105 360 215 touchmove 207.3 459.4 0.705297 0.705297 0 general 0
general_general_general 1756184296122 360 215 touchmove 236.0 459.2 0.727018 0.727018 0 general 0
general_general_general 1756184296139 360 215 touchmove 264.5 459.7 0.729643 0.729643 0 general 0
general_general_general 1756184296156 360 215 touchmove 293.4 460.5 0.794766 0.794766 0 general 0
general_general_general 1756184296174 360 215 touchmove 322.4 460.8 0.633147 0.633147 0 general 0
general_general_general 1756184296191 360 215 touchmove 351.0 460.6 0.678981 0.678981 0 general 0
general_general_general 1756184296208 360 215 touchmove 380.0 460.6 0.646413 0.646413 0 general 0
general_general_general 1756184296225 360 215 touchmove 408.9 461.0 0.567625 0.567625 0 general 0
general_general_general 1756184296242 360 215 touchmove 436.2 457.8 0.532078 0.532078 0 general 0
general_general_general 1756184296260 360 215 touchend 468.0 459.0 0.777936 0.777936 0 general 0