sentence timestamp keyb_width keyb_height event x_pos y_pos x_radius y_radius angle word is_err
offered_offered_offered 1756184852740 360 215 touchstart 431.9 399.1 0.783310 0.783310 0 offered 0
offered_offered_offered 1756184852756 360 215 touchmove 426.2 399.4 0.761174 0.761174 0 offered 0
offered_offered_offered 1756184852773 360 215 touchmove 423.1 399.9 0.623642 0.623642 0 offered 0
offered_offered_offered 1756184852790 360 215 touchmove 415.8 402.1 0.798234 0.798234 0 offered 0
offered_offered_offered 1756184852807 360 215 touchmove 410.1 403.2 0.548250 0.548250 0 offered 0
offered_offered_offered 1756184852824 360 215 touchmove 404.2 404.6 0.605785 0.605785 0 offered 0
offered_offered_offered 1756184852841 360 215 touchmove 397.8 406.1 0.671310 0.671310 0 offered 0
offered_offered_offered 1756184852857 360 215 touchmove 391.3 407.7 0.682785 0.682785 0 offered 0
offered_offered_offered 1756184852874 360 215 touchmove 385.1 409.2 0.731846 0.731846 0 offered 0
offered_offered_offered 1756184852891 360 215 touchmove 378.8 410.4 0.569641 0.569641 0 offered 0
offered_offered_offered 1756184852908 360 215 touchmove 372.8 412.0 0.697495 0.697495 0 offered 0
offered_offered_offered 1756184852925 360 215 touchmove 366.5 413.6 0.729468 0.729468 0 offered 0
offered_offered_offered 1756184852942 360 215 touchmove 360.5 415.2 0.775703 0.775703 0 offered 0
offered_offered_offered 1756184852959 360 215 touchmove 354.7 416.6 0.720105 0.720105 0 offered 0
offered_offered_offered 1756184852975 360 215 touchmove 348.7 417.9 0.723712 0.723712 0 offered 0
offered_offered_offered 1756184852992 360 215 touchmove 342.6 419.4 0.681941 0.681941 0 offered 0
offered_offered_offered 1756184853009 360 215 touchmove 336.2 420.8 0.566597 0.566597 0 offered 0
offered_offered_offered 1756184853026 360 215 touchmove 329.6 421.8 0.745758 0.745758 0 offered 0
offered_offered_offered 1756184853043 360 215 touchmove 323.2 422.8 0.761054 0.761054 0 offered 0
offered_offered_offered 1756184853060 360 215 touchmove 316.7 423.9 0.669378 0.669378 0 offered 0
offered_offered_offered 1756184853077 360 215 touchmove 310.1 424.8 0.661243 0.661243 0 offered 0
offered_offered_offered 1756184853093 360 215 touchmove 303.5 426.0 0.676678 0.676678 0 offered 0
offered_offered_offered 1756184853110 360 215 touchmove 297.0 427.0 0.732852 0.732852 0 offered 0
offered_offered_offered 1756184853127 360 215 touchmove 290.5 428.2 0.656235 0.656235 0 offered 0
offered_offered_offered 1756184853144 360 215 touchmove 284.3 429.4 0.794255 0.794255 0 offered 0
offered_offered_offered 1756184853161 360 215 touchmove 278.1 430.8 0.518055 0.518055 0 offered 0
offered_offered_offered 1756184853178 360 215 touchmove 271.9 432.1 0.663460 0.663460 0 offered 0
offered_offered_offered 1756184853195 360 215 touchmove 266.1 433.5 0.548075 0.548075 0 offered 0
offered_offered_offered 1756184853211 360 215 touchmove 260.4 434.8 0.724998 0.724998 0 offered 0
offered_offered_offered 1756184853228 360 215 touchmove 254.6 436.1 0.762160 0.762160 0 offered 0
offered_offered_offered 1756184853245 360 215 touchmove 248.7 437.1 0.546423 0.546423 0 offered 0
offered_offered_offered 1756184853262 360 215 touchmove 242.7 438.1 0.595460 0.595460 0 offered 0
offered_offered_offered 1756184853279 360 215 touchmove 236.7 439.0 0.537014 0.537014 0 offered 0
offered_offered_offered 1756184853296 360 215 touchmove 230.7 439.9 0.572200 0.572200 0 offered 0
offered_offered_offered 1756184853312 360 215 touchmove 224.5 440.8 0.774238 0.774238 0 offered 0
offered_offered_offered 1756184853329 360 215 touchmove 218.5 441.5 0.644502 0.644502 0 offered 0
offered_offered_offered 1756184853346 360 215 touchmove 212.4 442.2 0.741405 0.741405 0 offered 0
offered_offered_offered 1756184853363 360 215 touchmove 206.5 443.2 0.681356 0.681356 0 offered 0
offered_offered_offered 1756184853380 360 215 touchmove 200.6 444.2 0.796645 0.796645 0 offered 0
offered_offered_offered 1756184853397 360 215 touchmove 194.4 445.2 0.756236 0.756236 0 offered 0
offered_offered_offered 1756184853414 360 215 touchmove 188.2 446.2 0.633324 0.633324 0 offered 0
offered_offered_offered 1756184853430 360 215 touchmove 181.9 447.6 0.549696 0.549696 0 offered 0
offered_offered_offered 1756184853447 360 215 touchmove 175.7 449.3 0.712747 0.712747 0 offered 0
offered_offered_offered 1756184853464 360 215 touchmove 169.6 451.0 0.512759 0.512759 0 offered 0
offered_offered_offered 1756184853481 360 215 touchmove 163.4 452.7 0.709076 0.709076 0 offered 0
offered_offered_offered 1756184853498 360 215 touchmove 157.4 454.1 0.673950 0.673950 0 offered 0
offered_offered_offered 1756184853515 360 215 touchmove 151.5 455.7 0.658319 0.658319 0 offered 0
offered_offered_offered 1756184853532 360 215 touchmove 145.4 457.1 0.653216 0.653216 0 offered 0
offered_offered_offered 1756184853548 360 215 touchmove 139.4 458.1 0.790202 0.790202 0 offered 0
offered_offered_offered 1756184853565 360 215 touchmove 133.2 459.0 0.596278 0.596278 0 offered 0
offered_offered_offered 1756184853582 360 215 touchmove 126.9 459.9 0.741883 0.741883 0 offered 0
offered_offered_offered 1756184853599 360 215 touchmove 120.9 460.5 0.645754 0.645754 0 offered 0
offered_offered_offered 1756184853616 360 215 touchmove 114.7 460.5 0.615065 0.615065 0 offered 0
offered_offered_offered 1756184853633 360 215 touchmove 108.7 459.5 0.778984 0.778984 0 offered 0
offered_offered_offered 1756184853650 360 215 touchmove 102.9 458.2 0.718488 0.718488 0 offered 0
offered_offered_offered 1756184853666 360 215 touchmove 97.2 456.3 0.551176 0.551176 0 offered 0
offered_offered_offered 1756184853683 360 215 touchmove 91.6 453.9 0.547094 0.547094 0 offered 0
offered_offered_offered 1756184853700 360 215 touchmove 86.3 450.8 0.633439 0.633439 0 offered 0
offered_offered_offered 1756184853717 360 215 touchmove 80.7 447.5 0.579106 0.579106 0 offered 0
offered_offered_offered 1756184853734 360 215 touchmove 75.5 444.3 0.756027 0.756027 0 offered 0
offered_offered_offered 1756184853751 360 215 touchmove 69.9 441.4 0.719851 0.719851 0 offered 0
offered_offered_offered 1756184853767 360 215 touchmove 64.2 438.4 0.596497 0.596497 0 offered 0
offered_offered_offered 1756184853784 360 215 touchmove 58.8 435.2 0.683162 0.683162 0 offered 0
offered_offered_offered 1756184853801 360 215 touchmove 53.1 432.0 0.548508 0.548508 0 offered 0
offered_offered_offered 1756184853818 360 215 touchmove 47.5 428.7 0.727117 0.727117 0 offered 0
offered_offered_offered 1756184853835 360 215 touchmove 42.1 425.6 0.741273 0.741273 0 offered 0
offered_offered_offered 1756184853852 360 215 touchmove 36.8 422.5 0.762167 0.762167 0 offered 0
offered_offered_offered 1756184853869 360 215 touchmove 31.7 419.2 0.665004 0.665004 0 offered 0
offered_offered_offered 1756184853885 360 215 touchmove 26.7 416.1 0.557965 0.557965 0 offered 0
offered_offered_offered 1756184853902 360 215 touchmove 21.5 413.2 0.609236 0.609236 0 offered 0
offered_offered_offered 1756184853919 360 215 touchmove 16.7 410.3 0.584550 0.584550 0 offered 0
offered_offered_offered 1756184853936 360 215 touchmove 13.2 408.1 0.533270 0.533270 0 offered 0
offered_offered_offered 1756184853953 360 215 touchmove 11.2 405.7 0.537165 0.537165 0 offered 0
offered_offered_offered 1756184853970 360 215 touchmove 10.5 404.0 0.622671 0.622671 0 offered 0
offered_offered_offered 1756184853987 360 215 touchmove 11.4 402.7 0.578481 0.578481 0 offered 0
offered_offered_offered 1756184854003 360 215 touchmove 14.0 402.0 0.523435 0.523435 0 offered 0
offered_offered_offered 1756184854020 360 215 touchmove 18.4 401.4 0.558260 0.558260 0 offered 0
offered_offered_offered 1756184854037 360 215 touchmove 24.1 401.2 0.654997 0.654997 0 offered 0
offered_offered_offered 1756184854054 360 215 touchmove 30.2 400.9 0.527207 0.527207 0 offered 0
offered_offered_offered 1756184854071 360 215 touchmove 36.5 401.0 0.557328 0.557328 0 offered 0
offered_offered_offered 1756184854088 360 215 touchmove 43.1 400.9 0.760522 0.760522 0 offered 0
offered_offered_offered 1756184854105 360 215 touchmove 49.5 400.8 0.654550 0.654550 0 offered 0
offered_offered_offered 1756184854121 360 215 touchmove 55.2 400.6 0.592433 0.592433 0 offered 0
offered_offered_offered 1756184854138 360 215 touchmove 59.1 400.6 0.596838 0.596838 0 offered 0
offered_offered_offered 1756184854155 360 215 touchmove 61.2 400.7 0.576351 0.576351 0 offered 0
offered_offered_offered 1756184854172 360 215 touchmove 61.3 400.9 0.667541 0.667541 0 offered 0
offered_offered_offered 1756184854189 360 215 touchmove 59.7 400.9 0.574764 0.574764 0 offered 0
offered_offered_offered 1756184854206 360 215 touchmove 56.3 401.0 0.780798 0.780798 0 offered 0
offered_offered_offered 1756184854222 360 215 touchmove 51.3 401.2 0.738207 0.738207 0 offered 0
offered_offered_offered 1756184854239 360 215 touchmove 45.1 401.4 0.704035 0.704035 0 offered 0
offered_offered_offered 1756184854256 360 215 touchmove 39.1 401.7 0.586268 0.586268 0 offered 0
offered_offered_offered 1756184854273 360 215 touchmove 33.2 401.8 0.643403 0.643403 0 offered 0
offered_offered_offered 1756184854290 360 215 touchmove 26.7 401.7 0.742373 0.742373 0 offered 0
offered_offered_offered 1756184854307 360 215 touchmove 20.4 401.5 0.680400 0.680400 0 offered 0
offered_offered_offered 1756184854324 360 215 touchmove 14.9 401.8 0.794580 0.794580 0 offered 0
offered_offered_offered 1756184854340 360 215 touchmove 10.9 402.9 0.646847 0.646847 0 offered 0
offered_offered_offered 1756184854357 360 215 touchmove 8.2 404.7 0.715341 0.715341 0 offered 0
offered_offered_offered 1756184854374 360 215 touchmove 6.8 407.0 0.578021 0.578021 0 offered 0
offered_offered_offered 1756184854391 360 215 touchmove 6.7 410.2 0.712627 0.712627 0 offered 0
offered_offered_offered 1756184854408 360 215 touchmove 8.6 414.1 0.657872 0.657872 0 offered 0
offered_offered_offered 1756184854425 360 215 touchmove 11.5 418.8 0.572837 0.572837 0 offered 0
offered_offered_offered 1756184854442 360 215 touchmove 15.1 423.9 0.767422 0.767422 0 offered 0
offered_offered_offered 1756184854458 360 215 touchmove 18.4 429.1 0.591225 0.591225 0 offered 0
offered_offered_offered 1756184854475 360 215 touchmove 21.4 434.2 0.624541 0.624541 0 offered 0
offered_offered_offered 1756184854492 360 215 touchmove 24.3 439.3 0.763349 0.763349 0 offered 0
offered_offered_offered 1756184854509 360 215 touchmove 27.1 444.7 0.726955 0.726955 0 offered 0
offered_offered_offered 1756184854526 360 215 touchmove 29.5 450.4 0.662007 0.662007 0 offered 0
offered_offered_offered 1756184854543 360 215 touchmove 31.2 455.0 0.657075 0.657075 0 offered 0
offered_offered_offered 1756184854560 360 215 touchend 35.4 461.8 0.768956 0.768956 0 offered 0