sentence timestamp keyb_width keyb_height event x_pos y_pos x_radius y_radius angle word is_err
heart_heart_heart 1756184849981 360 215 touchstart 251.5 462.2 0.728448 0.728448 0 heart 0
heart_heart_heart 1756184849997 360 215 touchmove 242.9 460.4 0.559589 0.559589 0 heart 0
heart_heart_heart 1756184850014 360 215 touchmove 234.7 458.4 0.648695 0.648695 0 heart 0
heart_heart_heart 1756184850031 360 215 touchmove 225.1 456.1 0.768286 0.768286 0 heart 0
heart_heart_heart 1756184850048 360 215 touchmove 216.5 454.1 0.794487 0.794487 0 heart 0
heart_heart_heart 1756184850065 360 215 touchmove 207.6 452.0 0.786840 0.786840 0 heart 0
heart_heart_heart 1756184850082 360 215 touchmove 198.8 449.8 0.603249 0.603249 0 heart 0
heart_heart_heart 1756184850099 360 215 touchmove 190.0 447.7 0.705255 0.705255 0 heart 0
heart_heart_heart 1756184850116 360 215 touchmove 181.3 445.5 0.741885 0.741885 0 heart 0
heart_heart_heart 1756184850133 360 215 touchmove 172.4 443.4 0.781957 0.781957 0 heart 0
heart_heart_heart 1756184850150 360 215 touchmove 163.6 441.0 0.783991 0.783991 0 heart 0
heart_heart_heart 1756184850166 360 215 touchmove 154.8 438.7 0.730333 0.730333 0 heart 0
heart_heart_heart 1756184850183 360 215 touchmove 146.1 436.3 0.796885 0.796885 0 heart 0
heart_heart_heart 1756184850200 360 215 touchmove 137.4 434.0 0.718239 0.718239 0 heart 0
heart_heart_heart 1756184850217 360 215 touchmove 128.6 431.6 0.736936 0.736936 0 heart 0
heart_heart_heart 1756184850234 360 215 touchmove 119.8 429.3 0.621537 0.621537 0 heart 0
heart_heart_heart 1756184850251 360 215 touchmove 111.1 427.1 0.688448 0.688448 0 heart 0
heart_heart_heart 1756184850268 360 215 touchmove 102.3 425.0 0.580260 0.580260 0 heart 0
heart_heart_heart 1756184850285 360 215 touchmove 93.3 423.0 0.779310 0.779310 0 heart 0
heart_heart_heart 1756184850302 360 215 touchmove 84.4 421.0 0.776858 0.776858 0 heart 0
heart_heart_heart 1756184850319 360 215 touchmove 75.6 419.1 0.661643 0.661643 0 heart 0
heart_heart_heart 1756184850335 360 215 touchmove 66.7 417.1 0.520412 0.520412 0 heart 0
heart_heart_heart 1756184850352 360 215 touchmove 57.7 415.1 0.562472 0.562472 0 heart 0
heart_heart_heart 1756184850369 360 215 touchmove 48.8 413.0 0.634190 0.634190 0 heart 0
heart_heart_heart 1756184850386 360 215 touchmove 40.0 411.0 0.737332 0.737332 0 heart 0
heart_heart_heart 1756184850403 360 215 touchmove 31.2 408.8 0.582854 0.582854 0 heart 0
heart_heart_heart 1756184850420 360 215 touchmove 22.4 407.0 0.757420 0.757420 0 heart 0
heart_heart_heart 1756184850437 360 215 touchmove 13.7 406.0 0.619642 0.619642 0 heart 0
heart_heart_heart 1756184850454 360 215 touchmove 5.2 406.2 0.689607 0.689607 0 heart 0
heart_heart_heart 1756184850471 360 215 touchmove -3.2 407.4 0.668811 0.668811 0 heart 0
heart_heart_heart 1756184850488 360 215 touchmove -11.6 409.5 0.760279 0.760279 0 heart 0
heart_heart_heart 1756184850504 360 215 touchmove -19.8 412.6 0.627702 0.627702 0 heart 0
heart_heart_heart 1756184850521 360 215 touchmove -27.9 416.8 0.583664 0.583664 0 heart 0
heart_heart_heart 1756184850538 360 215 touchmove -36.0 421.5 0.647716 0.647716 0 heart 0
heart_heart_heart 1756184850555 360 215 touchmove -44.0 426.2 0.549761 0.549761 0 heart 0
heart_heart_heart 1756184850572 360 215 touchmove -52.0 430.6 0.597056 0.597056 0 heart 0
heart_heart_heart 1756184850589 360 215 touchmove -60.0 435.1 0.677780 0.677780 0 heart 0
heart_heart_heart 1756184850606 360 215 touchmove -67.8 439.6 0.593355 0.593355 0 heart 0
heart_heart_heart 1756184850623 360 215 touchmove -75.8 444.0 0.761279 0.761279 0 heart 0
heart_heart_heart 1756184850640 360 215 touchmove -83.7 448.4 0.537975 0.537975 0 heart 0
heart_heart_heart 1756184850657 360 215 touchmove -89.8 452.0 0.769933 0.769933 0 heart 0
heart_heart_heart 1756184850673 360 215 touchmove -93.5 454.5 0.657083 0.657083 0 heart 0
heart_heart_heart 1756184850690 360 215 touchmove -94.8 455.9 0.786351 0.786351 0 heart 0
heart_heart_heart 1756184850707 360 215 touchmove -93.7 456.2 0.573730 0.573730 0 heart 0
heart_heart_heart 1756184850724 360 215 touchmove -90.2 455.4 0.519356 0.519356 0 heart 0
heart_heart_heart 1756184850741 360 215 touchmove -84.2 453.6 0.754013 0.754013 0 heart 0
heart_heart_heart 1756184850758 360 215 touchmove -75.9 450.7 0.677680 0.677680 0 heart 0
heart_heart_heart 1756184850775 360 215 touchmove -67.0 447.6 0.737273 0.737273 0 heart 0
heart_heart_heart 1756184850792 360 215 touchmove -58.4 444.5 0.787454 0.787454 0 heart 0
heart_heart_heart 1756184850809 360 215 touchmove -49.6 441.6 0.561209 0.561209 0 heart 0
heart_heart_heart 1756184850826 360 215 touchmove -41.0 438.8 0.521502 0.521502 0 heart 0
heart_heart_heart 1756184850842 360 215 touchmove -32.4 436.0 0.713426 0.713426 0 heart 0
heart_heart_heart 1756184850859 360 215 touchmove -23.9 433.2 0.774659 0.774659 0 heart 0
heart_heart_heart 1756184850876 360 215 touchmove -15.3 430.3 0.687553 0.687553 0 heart 0
heart_heart_heart 1756184850893 360 215 touchmove -6.8 427.4 0.692022 0.692022 0 heart 0
heart_heart_heart 1756184850910 360 215 touchmove 1.9 424.4 0.538266 0.538266 0 heart 0
heart_heart_heart 1756184850927 360 215 touchmove 10.5 421.3 0.750415 0.750415 0 heart 0
heart_heart_heart 1756184850944 360 215 touchmove 19.1 418.2 0.666380 0.666380 0 heart 0
heart_heart_heart 1756184850961 360 215 touchmove 27.9 415.2 0.539649 0.539649 0 heart 0
heart_heart_heart 1756184850978 360 215 touchmove 36.7 412.2 0.706960 0.706960 0 heart 0
heart_heart_heart 1756184850995 360 215 touchmove 45.5 409.2 0.680444 0.680444 0 heart 0
heart_heart_heart 1756184851011 360 215 touchmove 54.5 406.7 0.679891 0.679891 0 heart 0
heart_heart_heart 1756184851028 360 215 touchmove 63.4 404.6 0.797370 0.797370 0 heart 0
heart_heart_heart 1756184851045 360 215 touchmove 72.3 402.6 0.616290 0.616290 0 heart 0
heart_heart_heart 1756184851062 360 215 touchmove 81.2 401.1 0.793196 0.793196 0 heart 0
heart_heart_heart 1756184851079 360 215 touchmove 90.1 400.0 0.656091 0.656091 0 heart 0
heart_heart_heart 1756184851096 360 215 touchmove 98.9 399.4 0.784624 0.784624 0 heart 0
heart_heart_heart 1756184851113 360 215 touchmove 107.8 399.2 0.578483 0.578483 0 heart 0
heart_heart_heart 1756184851130 360 215 touchmove 116.7 399.2 0.795820 0.795820 0 heart 0
heart_heart_heart 1756184851147 360 215 touchmove 125.6 399.4 0.691278 0.691278 0 heart 0
heart_heart_heart 1756184851164 360 215 touchmove 134.9 399.7 0.793142 0.793142 0 heart 0
heart_heart_heart 1756184851181 360 215 touchend 143.5 399.9 0.637255 0.637255 0 heart 0