sentence timestamp keyb_width keyb_height event x_pos y_pos x_radius y_radius angle word is_err
late_late_late 1756184849951 360 215 touchstart 467.0 461.1 0.567426 0.567426 0 late 0
late_late_late 1756184849968 360 215 touchmove 436.1 458.7 0.647899 0.647899 0 late 0
late_late_late 1756184849985 360 215 touchmove 406.5 458.1 0.629876 0.629876 0 late 0
late_late_late 1756184850003 360 215 touchmove 376.9 459.4 0.758755 0.758755 0 late 0
late_late_late 1756184850020 360 215 touchmove 346.6 459.0 0.523447 0.523447 0 late 0
late_late_late 1756184850038 360 215 touchmove 315.9 459.1 0.756411 0.756411 0 late 0
late_late_late 1756184850055 360 215 touchmove 284.9 459.7 0.540847 0.540847 0 late 0
late_late_late 1756184850073 360 215 touchmove 253.8 460.4 0.719757 0.719757 0 late 0
late_late_late 1756184850090 360 215 touchmove 222.3 460.6 0.525969 0.525969 0 late 0
late_late_late 1756184850108 360 215 touchmove 190.4 460.3 0.719226 0.719226 0 late 0
late_late_late 1756184850125 360 215 touchmove 159.0 459.2 0.690860 0.690860 0 late 0
late_late_late 1756184850143 360 215 touchmove 127.5 458.5 0.707404 0.707404 0 late 0
late_late_late 1756184850160 360 215 touchmove 96.2 457.5 0.604887 0.604887 0 late 0
late_late_late 1756184850178 360 215 touchmove 65.7 455.7 0.601231 0.601231 0 late 0
late_late_late 1756184850195 360 215 touchmove 35.8 454.6 0.541841 0.541841 0 late 0
late_late_late 1756184850213 360 215 touchmove 5.8 453.8 0.714335 0.714335 0 late 0
late_late_late 1756184850230 360 215 touchmove -22.0 453.8 0.631329 0.631329 0 late 0
late_late_late 1756184850248 360 215 touchmove -41.7 453.5 0.510131 0.510131 0 late 0
late_late_late 1756184850265 360 215 touchmove -52.6 452.4 0.744442 0.744442 0 late 0
late_late_late 1756184850283 360 215 touchmove -54.8 450.0 0.621354 0.621354 0 late 0
late_late_late 1756184850300 360 215 touchmove -49.2 446.8 0.517495 0.517495 0 late 0
late_late_late 1756184850318 360 215 touchmove -35.5 442.5 0.749166 0.749166 0 late 0
late_late_late 1756184850335 360 215 touchmove -12.6 437.1 0.651880 0.651880 0 late 0
late_late_late 1756184850353 360 215 touchmove 17.3 430.4 0.679749 0.679749 0 late 0
late_late_late 1756184850370 360 215 touchmove 47.6 423.7 0.515424 0.515424 0 late 0
late_late_late 1756184850388 360 215 touchmove 71.9 417.2 0.542747 0.542747 0 late 0
late_late_late 1756184850405 360 215 touchmove 87.1 412.1 0.748276 0.748276 0 late 0
late_late_late 1756184850423 360 215 touchmove 93.7 408.3 0.534170 0.534170 0 late 0
late_late_late 1756184850440 360 215 touchmove 91.3 404.8 0.611161 0.611161 0 late 0
late_late_late 1756184850458 360 215 touchmove 79.6 402.3 0.657338 0.657338 0 late 0
late_late_late 1756184850475 360 215 touchmove 61.3 400.3 0.645832 0.645832 0 late 0
late_late_late 1756184850493 360 215 touchmove 28.8 399.9 0.629907 0.629907 0 late 0
late_late_late 1756184850510 360 215 touchend -3.5 400.7 0.654617 0.654617 0 late 0