sentence timestamp keyb_width keyb_height event x_pos y_pos x_radius y_radius angle word is_err
members_members_members 1756184295762 360 215 touchstart 361.4 524.2 0.786180 0.786180 0 members 0
members_members_members 1756184295778 360 215 touchmove 348.9 519.8 0.576266 0.576266 0 members 0
members_members_members 1756184295795 360 215 touchmove 336.2 515.2 0.799637 0.799637 0 members 0
members_members_members 1756184295812 360 215 touchmove 322.6 511.0 0.584179 0.584179 0 members 0
members_members_members 1756184295829 360 215 touchmove 309.5 506.6 0.732948 0.732948 0 members 0
members_members_members 1756184295846 360 215 touchmove 296.4 502.3 0.761550 0.761550 0 members 0
members_members_members 1756184295863 360 215 touchmove 283.2 497.9 0.703869 0.703869 0 members 0
members_members_members 1756184295880 360 215 touchmove 270.1 493.6 0.521430 0.521430 0 members 0
members_members_members 1756184295897 360 215 touchmove 257.0 489.2 0.718401 0.718401 0 members 0
members_members_members 1756184295914 360 215 touchmove 243.8 484.7 0.720358 0.720358 0 members 0
members_members_members 1756184295931 360 215 touchmove 230.8 480.3 0.596138 0.596138 0 members 0
members_members_members 1756184295948 360 215 touchmove 217.8 475.9 0.580837 0.580837 0 members 0
members_members_members 1756184295965 360 215 touchmove 204.8 471.5 0.665180 0.665180 0 members 0
members_members_members 1756184295982 360 215 touchmove 191.8 467.1 0.541258 0.541258 0 members 0
members_members_members 1756184295999 360 215 touchmove 178.8 462.6 0.754742 0.754742 0 members 0
members_members_members 1756184296016 360 215 touchmove 165.9 458.1 0.756594 0.756594 0 members 0
members_members_members 1756184296033 360 215 touchmove 153.0 453.6 0.647761 0.647761 0 members 0
members_members_members 1756184296050 360 215 touchmove 140.2 449.2 0.707114 0.707114 0 members 0
members_members_members 1756184296067 360 215 touchmove 127.3 444.8 0.744122 0.744122 0 members 0
members_members_members 1756184296084 360 215 touchmove 114.5 440.3 0.572471 0.572471 0 members 0
members_members_members 1756184296101 360 215 touchmove 101.4 435.9 0.643260 0.643260 0 members 0
members_members_members 1756184296118 360 215 touchmove 88.5 431.4 0.792610 0.792610 0 members 0
members_members_members 1756184296135 360 215 touchmove 75.5 427.0 0.638831 0.638831 0 members 0
members_members_members 1756184296152 360 215 touchmove 62.6 422.4 0.610776 0.610776 0 members 0
members_members_members 1756184296169 360 215 touchmove 49.7 417.8 0.714007 0.714007 0 members 0
members_members_members 1756184296186 360 215 touchmove 37.1 413.2 0.550165 0.550165 0 members 0
members_members_members 1756184296203 360 215 touchmove 28.4 410.0 0.741316 0.741316 0 members 0
members_members_members 1756184296220 360 215 touchmove 23.5 408.1 0.626112 0.626112 0 members 0
members_members_members 1756184296237 360 215 touchmove 22.2 407.5 0.797256 0.797256 0 members 0
members_members_members 1756184296254 360 215 touchmove 24.5 408.2 0.551022 0.551022 0 members 0
members_members_members 1756184296271 360 215 touchmove 30.4 410.1 0.559561 0.559561 0 members 0
members_members_members 1756184296288 360 215 touchmove 40.0 413.3 0.546216 0.546216 0 members 0
members_members_members 1756184296305 360 215 touchmove 53.0 417.7 0.780366 0.780366 0 members 0
members_members_members 1756184296322 360 215 touchmove 66.0 422.1 0.630999 0.630999 0 members 0
members_members_members 1756184296338 360 215 touchmove 78.9 426.5 0.611567 0.611567 0 members 0
members_members_members 1756184296355 360 215 touchmove 91.8 431.0 0.767037 0.767037 0 members 0
members_members_members 1756184296372 360 215 touchmove 104.8 435.4 0.627903 0.627903 0 members 0
members_members_members 1756184296389 360 215 touchmove 117.8 439.9 0.525185 0.525185 0 members 0
members_members_members 1756184296406 360 215 touchmove 130.8 444.4 0.720772 0.720772 0 members 0
members_members_members 1756184296423 360 215 touchmove 143.7 448.9 0.633313 0.633313 0 members 0
members_members_members 1756184296440 360 215 touchmove 156.4 453.3 0.788739 0.788739 0 members 0
members_members_members 1756184296457 360 215 touchmove 169.2 457.6 0.687137 0.687137 0 members 0
members_members_members 1756184296474 360 215 touchmove 182.0 462.0 0.603391 0.603391 0 members 0
members_members_members 1756184296491 360 215 touchmove 194.8 466.5 0.733644 0.733644 0 members 0
members_members_members 1756184296508 360 215 touchmove 207.6 471.0 0.736963 0.736963 0 members 0
members_members_members 1756184296525 360 215 touchmove 220.6 475.5 0.623218 0.623218 0 members 0
members_members_members 1756184296542 360 215 touchmove 233.4 480.0 0.718009 0.718009 0 members 0
members_members_members 1756184296559 360 215 touchmove 246.4 484.5 0.502134 0.502134 0 members 0
members_members_members 1756184296576 360 215 touchmove 259.4 489.1 0.731024 0.731024 0 members 0
members_members_members 1756184296593 360 215 touchmove 272.4 493.7 0.645422 0.645422 0 members 0
members_members_members 1756184296610 360 215 touchmove 285.3 498.2 0.666526 0.666526 0 members 0
members_members_members 1756184296627 360 215 touchmove 298.2 502.7 0.762352 0.762352 0 members 0
members_members_members 1756184296644 360 215 touchmove 311.1 507.3 0.719280 0.719280 0 members 0
members_members_members 1756184296661 360 215 touchmove 323.1 511.7 0.606446 0.606446 0 members 0
members_members_members 1756184296678 360 215 touchmove 331.3 515.5 0.611915 0.611915 0 members 0
members_members_members 1756184296695 360 215 touchmove 335.9 518.8 0.736367 0.736367 0 members 0
members_members_members 1756184296712 360 215 touchmove 336.5 521.3 0.713098 0.713098 0 members 0
members_members_members 1756184296729 360 215 touchmove 333.6 523.3 0.616376 0.616376 0 members 0
members_members_members 1756184296746 360 215 touchmove 326.8 524.7 0.575655 0.575655 0 members 0
members_members_members 1756184296763 360 215 touchmove 316.1 525.5 0.731741 0.731741 0 members 0
members_members_members 1756184296780 360 215 touchmove 302.4 525.6 0.503048 0.503048 0 members 0
members_members_members 1756184296797 360 215 touchmove 288.7 525.6 0.715651 0.715651 0 members 0
members_members_members 1756184296814 360 215 touchmove 274.9 525.4 0.647888 0.647888 0 members 0
members_members_members 1756184296831 360 215 touchmove 261.1 525.4 0.763431 0.763431 0 members 0
members_members_members 1756184296848 360 215 touchmove 247.5 524.6 0.568535 0.568535 0 members 0
members_members_members 1756184296865 360 215 touchmove 234.4 522.8 0.700542 0.700542 0 members 0
members_members_members 1756184296882 360 215 touchmove 221.4 519.9 0.675971 0.675971 0 members 0
members_members_members 1756184296898 360 215 touchmove 208.7 516.2 0.548275 0.548275 0 members 0
members_members_members 1756184296915 360 215 touchmove 196.2 511.8 0.540320 0.540320 0 members 0
members_members_members 1756184296932 360 215 touchmove 184.1 506.3 0.574336 0.574336 0 members 0
members_members_members 1756184296949 360 215 touchmove 172.3 499.8 0.756820 0.756820 0 members 0
members_members_members 1756184296966 360 215 touchmove 160.6 493.0 0.708280 0.708280 0 members 0
members_members_members 1756184296983 360 215 touchmove 148.9 486.3 0.747409 0.747409 0 members 0
members_members_members 1756184297000 360 215 touchmove 137.1 479.7 0.711200 0.711200 0 members 0
members_members_members 1756184297017 360 215 touchmove 125.4 472.9 0.740186 0.740186 0 members 0
members_members_members 1756184297034 360 215 touchmove 113.7 466.1 0.749502 0.749502 0 members 0
members_members_members 1756184297051 360 215 touchmove 101.9 459.2 0.675115 0.675115 0 members 0
members_members_members 1756184297068 360 215 touchmove 90.1 452.3 0.505862 0.505862 0 members 0
members_members_members 1756184297085 360 215 touchmove 78.3 445.5 0.606427 0.606427 0 members 0
members_members_members 1756184297102 360 215 touchmove 66.4 438.5 0.740940 0.740940 0 members 0
members_members_members 1756184297119 360 215 touchmove 54.5 431.4 0.682924 0.682924 0 members 0
members_members_members 1756184297136 360 215 touchmove 42.5 424.4 0.525858 0.525858 0 members 0
members_members_members 1756184297153 360 215 touchmove 32.1 417.8 0.673794 0.673794 0 members 0
members_members_members 1756184297170 360 215 touchmove 25.3 412.2 0.793379 0.793379 0 members 0
members_members_members 1756184297187 360 215 touchmove 22.1 407.5 0.587386 0.587386 0 members 0
members_members_members 1756184297204 360 215 touchmove 22.6 403.9 0.656659 0.656659 0 members 0
members_members_members 1756184297221 360 215 touchmove 26.8 401.4 0.636235 0.636235 0 members 0
members_members_members 1756184297238 360 215 touchmove 34.2 399.9 0.624531 0.624531 0 members 0
members_members_members 1756184297255 360 215 touchmove 41.5 400.5 0.682969 0.682969 0 members 0
members_members_members 1756184297272 360 215 touchmove 47.4 402.7 0.714333 0.714333 0 members 0
members_members_members 1756184297289 360 215 touchmove 49.8 406.0 0.652586 0.652586 0 members 0
members_members_members 1756184297306 360 215 touchmove 48.7 410.3 0.765834 0.765834 0 members 0
members_members_members 1756184297323 360 215 touchmove 43.8 415.5 0.701018 0.701018 0 members 0
members_members_members 1756184297340 360 215 touchmove 35.3 421.3 0.698062 0.698062 0 members 0
members_members_members 1756184297357 360 215 touchmove 23.7 428.2 0.613475 0.613475 0 members 0
members_members_members 1756184297374 360 215 touchmove 12.1 435.0 0.770358 0.770358 0 members 0
members_members_members 1756184297391 360 215 touchmove 0.4 441.9 0.664738 0.664738 0 members 0
members_members_members 1756184297408 360 215 touchmove -11.0 448.7 0.731126 0.731126 0 members 0
members_members_members 1756184297425 360 215 touchmove -22.9 455.0 0.639655 0.639655 0 members 0
members_members_members 1756184297442 360 215 touchend -35.5 462.8 0.598332 0.598332 0 members 0