sentence timestamp keyb_width keyb_height event x_pos y_pos x_radius y_radius angle word is_err
against_against_against 1756184849505 360 215 touchstart -110.2 464.8 0.740801 0.740801 0 against 0
against_against_against 1756184849522 360 215 touchmove -82.8 466.3 0.521739 0.521739 0 against 0
against_against_against 1756184849539 360 215 touchmove -53.9 466.1 0.716334 0.716334 0 against 0
against_against_against 1756184849556 360 215 touchmove -24.0 463.2 0.718147 0.718147 0 against 0
against_against_against 1756184849573 360 215 touchmove 6.2 462.4 0.600045 0.600045 0 against 0
against_against_against 1756184849590 360 215 touchmove 37.3 461.7 0.579599 0.579599 0 against 0
against_against_against 1756184849608 360 215 touchmove 68.2 460.7 0.646339 0.646339 0 against 0
against_against_against 1756184849625 360 215 touchmove 96.4 460.6 0.535030 0.535030 0 against 0
against_against_against 1756184849642 360 215 touchmove 115.0 460.8 0.516781 0.516781 0 against 0
against_against_against 1756184849659 360 215 touchmove 125.1 460.7 0.748094 0.748094 0 against 0
against_against_against 1756184849676 360 215 touchmove 126.6 460.7 0.508972 0.508972 0 against 0
against_against_against 1756184849694 360 215 touchmove 118.5 461.4 0.769662 0.769662 0 against 0
against_against_against 1756184849711 360 215 touchmove 101.6 461.5 0.754880 0.754880 0 against 0
against_against_against 1756184849728 360 215 touchmove 77.0 461.8 0.690469 0.690469 0 against 0
against_against_against 1756184849745 360 215 touchmove 46.8 462.3 0.538403 0.538403 0 against 0
against_against_against 1756184849762 360 215 touchmove 16.2 462.9 0.509192 0.509192 0 against 0
against_against_against 1756184849780 360 215 touchmove -13.8 464.1 0.749190 0.749190 0 against 0
against_against_against 1756184849797 360 215 touchmove -36.8 464.4 0.773151 0.773151 0 against 0
against_against_against 1756184849814 360 215 touchmove -51.1 463.1 0.740032 0.740032 0 against 0
against_against_against 1756184849831 360 215 touchmove -57.0 461.9 0.787870 0.787870 0 against 0
against_against_against 1756184849848 360 215 touchmove -54.7 460.0 0.786574 0.786574 0 against 0
against_against_against 1756184849866 360 215 touchmove -44.2 456.6 0.511056 0.511056 0 against 0
against_against_against 1756184849883 360 215 touchmove -24.4 452.2 0.510723 0.510723 0 against 0
against_against_against 1756184849900 360 215 touchmove 3.8 447.3 0.701687 0.701687 0 against 0
against_against_against 1756184849917 360 215 touchmove 33.5 442.9 0.576704 0.576704 0 against 0
against_against_against 1756184849934 360 215 touchmove 63.5 438.9 0.555574 0.555574 0 against 0
against_against_against 1756184849952 360 215 touchmove 93.3 434.7 0.700779 0.700779 0 against 0
against_against_against 1756184849969 360 215 touchmove 122.8 430.8 0.719376 0.719376 0 against 0
against_against_against 1756184849986 360 215 touchmove 153.4 427.2 0.564047 0.564047 0 against 0
against_against_against 1756184850003 360 215 touchmove 183.4 423.8 0.593173 0.593173 0 against 0
against_against_against 1756184850020 360 215 touchmove 213.5 420.5 0.622918 0.622918 0 against 0
against_against_against 1756184850037 360 215 touchmove 243.0 416.6 0.779439 0.779439 0 against 0
against_against_against 1756184850055 360 215 touchmove 271.8 413.1 0.502593 0.502593 0 against 0
against_against_against 1756184850072 360 215 touchmove 295.0 413.5 0.669445 0.669445 0 against 0
against_against_against 1756184850089 360 215 touchmove 311.9 418.2 0.727748 0.727748 0 against 0
against_against_against 1756184850106 360 215 touchmove 322.6 427.6 0.600802 0.600802 0 against 0
against_against_against 1756184850123 360 215 touchmove 327.0 441.4 0.683376 0.683376 0 against 0
against_against_against 1756184850141 360 215 touchmove 323.7 457.6 0.500261 0.500261 0 against 0
against_against_against 1756184850158 360 215 touchmove 312.4 473.9 0.782621 0.782621 0 against 0
against_against_against 1756184850175 360 215 touchmove 293.6 489.7 0.537945 0.537945 0 against 0
against_against_against 1756184850192 360 215 touchmove 271.9 501.6 0.773459 0.773459 0 against 0
against_against_against 1756184850209 360 215 touchmove 247.8 508.7 0.719126 0.719126 0 against 0
against_against_against 1756184850227 360 215 touchmove 221.1 510.2 0.743915 0.743915 0 against 0
against_against_against 1756184850244 360 215 touchmove 192.2 507.1 0.776201 0.776201 0 against 0
against_against_against 1756184850261 360 215 touchmove 162.3 500.7 0.710395 0.710395 0 against 0
against_against_against 1756184850278 360 215 touchmove 132.2 494.6 0.612428 0.612428 0 against 0
against_against_against 1756184850295 360 215 touchmove 101.5 488.6 0.791720 0.791720 0 against 0
against_against_against 1756184850313 360 215 touchmove 71.5 482.1 0.582988 0.582988 0 against 0
against_against_against 1756184850330 360 215 touchmove 44.3 475.9 0.734574 0.734574 0 against 0
against_against_against 1756184850347 360 215 touchmove 25.5 470.0 0.758589 0.758589 0 against 0
against_against_against 1756184850364 360 215 touchmove 15.9 463.1 0.508186 0.508186 0 against 0
against_against_against 1756184850381 360 215 touchmove 14.8 456.2 0.703709 0.703709 0 against 0
against_against_against 1756184850399 360 215 touchmove 21.1 448.8 0.717833 0.717833 0 against 0
against_against_against 1756184850416 360 215 touchmove 36.8 440.3 0.565019 0.565019 0 against 0
against_against_against 1756184850433 360 215 touchmove 59.7 431.5 0.774229 0.774229 0 against 0
against_against_against 1756184850450 360 215 touchmove 85.0 423.8 0.610700 0.610700 0 against 0
against_against_against 1756184850467 360 215 touchmove 119.5 412.3 0.698766 0.698766 0 against 0
against_against_against 1756184850485 360 215 touchend 143.4 403.5 0.554301 0.554301 0 against 0