sentence timestamp keyb_width keyb_height event x_pos y_pos x_radius y_radius angle word is_err
experience_experience_experience 1756184850111 360 215 touchstart -1.6 400.7 0.605176 0.605176 0 experience 0
experience_experience_experience 1756184850127 360 215 touchmove -1.9 416.9 0.636139 0.636139 0 experience 0
experience_experience_experience 1756184850144 360 215 touchmove -1.8 433.6 0.733310 0.733310 0 experience 0
experience_experience_experience 1756184850161 360 215 touchmove -1.6 448.6 0.541720 0.541720 0 experience 0
experience_experience_experience 1756184850178 360 215 touchmove -1.6 464.8 0.519482 0.519482 0 experience 0
experience_experience_experience 1756184850194 360 215 touchmove -0.5 479.8 0.717537 0.717537 0 experience 0
experience_experience_experience 1756184850211 360 215 touchmove 2.9 492.0 0.656213 0.656213 0 experience 0
experience_experience_experience 1756184850228 360 215 touchmove 8.6 501.6 0.614471 0.614471 0 experience 0
experience_experience_experience 1756184850245 360 215 touchmove 16.7 508.5 0.650650 0.650650 0 experience 0
experience_experience_experience 1756184850261 360 215 touchmove 26.7 512.3 0.630539 0.630539 0 experience 0
experience_experience_experience 1756184850278 360 215 touchmove 39.2 513.2 0.742918 0.742918 0 experience 0
experience_experience_experience 1756184850295 360 215 touchmove 54.1 511.1 0.780321 0.780321 0 experience 0
experience_experience_experience 1756184850312 360 215 touchmove 70.2 507.4 0.529987 0.529987 0 experience 0
experience_experience_experience 1756184850329 360 215 touchmove 86.2 503.5 0.786341 0.786341 0 experience 0
experience_experience_experience 1756184850345 360 215 touchmove 102.5 499.4 0.768136 0.768136 0 experience 0
experience_experience_experience 1756184850362 360 215 touchmove 118.4 495.4 0.593042 0.593042 0 experience 0
experience_experience_experience 1756184850379 360 215 touchmove 134.5 491.2 0.741352 0.741352 0 experience 0
experience_experience_experience 1756184850396 360 215 touchmove 150.5 487.0 0.607799 0.607799 0 experience 0
experience_experience_experience 1756184850412 360 215 touchmove 166.3 482.9 0.702341 0.702341 0 experience 0
experience_experience_experience 1756184850429 360 215 touchmove 182.1 478.9 0.634664 0.634664 0 experience 0
experience_experience_experience 1756184850446 360 215 touchmove 197.8 475.2 0.621131 0.621131 0 experience 0
experience_experience_experience 1756184850463 360 215 touchmove 213.5 471.3 0.617357 0.617357 0 experience 0
experience_experience_experience 1756184850480 360 215 touchmove 229.3 467.4 0.529616 0.529616 0 experience 0
experience_experience_experience 1756184850496 360 215 touchmove 245.1 463.6 0.536725 0.536725 0 experience 0
experience_experience_experience 1756184850513 360 215 touchmove 261.1 459.9 0.521745 0.521745 0 experience 0
experience_experience_experience 1756184850530 360 215 touchmove 276.9 456.3 0.744920 0.744920 0 experience 0
experience_experience_experience 1756184850547 360 215 touchmove 292.9 452.3 0.601193 0.601193 0 experience 0
experience_experience_experience 1756184850563 360 215 touchmove 308.9 448.1 0.580970 0.580970 0 experience 0
experience_experience_experience 1756184850580 360 215 touchmove 324.9 444.3 0.683766 0.683766 0 experience 0
experience_experience_experience 1756184850597 360 215 touchmove 340.8 440.4 0.773583 0.773583 0 experience 0
experience_experience_experience 1756184850614 360 215 touchmove 356.9 436.4 0.566421 0.566421 0 experience 0
experience_experience_experience 1756184850631 360 215 touchmove 372.9 432.3 0.692747 0.692747 0 experience 0
experience_experience_experience 1756184850647 360 215 touchmove 389.2 428.2 0.559535 0.559535 0 experience 0
experience_experience_experience 1756184850664 360 215 touchmove 405.5 424.3 0.785398 0.785398 0 experience 0
experience_experience_experience 1756184850681 360 215 touchmove 421.5 420.5 0.644146 0.644146 0 experience 0
experience_experience_experience 1756184850698 360 215 touchmove 437.6 416.6 0.579818 0.579818 0 experience 0
experience_experience_experience 1756184850714 360 215 touchmove 453.4 412.7 0.516948 0.516948 0 experience 0
experience_experience_experience 1756184850731 360 215 touchmove 465.8 409.4 0.545220 0.545220 0 experience 0
experience_experience_experience 1756184850748 360 215 touchmove 473.5 406.6 0.597716 0.597716 0 experience 0
experience_experience_experience 1756184850765 360 215 touchmove 476.3 404.6 0.699909 0.699909 0 experience 0
experience_experience_experience 1756184850781 360 215 touchmove 474.6 402.8 0.682879 0.682879 0 experience 0
experience_experience_experience 1756184850798 360 215 touchmove 468.7 401.4 0.708939 0.708939 0 experience 0
experience_experience_experience 1756184850815 360 215 touchmove 457.9 401.0 0.683411 0.683411 0 experience 0
experience_experience_experience 1756184850832 360 215 touchmove 442.6 400.9 0.635889 0.635889 0 experience 0
experience_experience_experience 1756184850849 360 215 touchmove 426.3 400.9 0.590447 0.590447 0 experience 0
experience_experience_experience 1756184850865 360 215 touchmove 410.0 400.9 0.799168 0.799168 0 experience 0
experience_experience_experience 1756184850882 360 215 touchmove 393.7 400.9 0.559989 0.559989 0 experience 0
experience_experience_experience 1756184850899 360 215 touchmove 377.3 401.0 0.675879 0.675879 0 experience 0
experience_experience_experience 1756184850916 360 215 touchmove 360.8 401.2 0.520585 0.520585 0 experience 0
experience_experience_experience 1756184850932 360 215 touchmove 344.3 401.1 0.606984 0.606984 0 experience 0
experience_experience_experience 1756184850949 360 215 touchmove 327.9 400.9 0.603718 0.603718 0 experience 0
experience_experience_experience 1756184850966 360 215 touchmove 311.1 400.7 0.538633 0.538633 0 experience 0
experience_experience_experience 1756184850983 360 215 touchmove 294.5 400.3 0.561644 0.561644 0 experience 0
experience_experience_experience 1756184851000 360 215 touchmove 278.2 400.0 0.730983 0.730983 0 experience 0
experience_experience_experience 1756184851016 360 215 touchmove 261.8 399.6 0.635282 0.635282 0 experience 0
experience_experience_experience 1756184851033 360 215 touchmove 245.6 399.2 0.742410 0.742410 0 experience 0
experience_experience_experience 1756184851050 360 215 touchmove 229.5 399.0 0.563186 0.563186 0 experience 0
experience_experience_experience 1756184851067 360 215 touchmove 213.3 399.2 0.613606 0.613606 0 experience 0
experience_experience_experience 1756184851083 360 215 touchmove 197.1 399.5 0.661001 0.661001 0 experience 0
experience_experience_experience 1756184851100 360 215 touchmove 180.8 399.9 0.667532 0.667532 0 experience 0
experience_experience_experience 1756184851117 360 215 touchmove 164.1 400.4 0.514208 0.514208 0 experience 0
experience_experience_experience 1756184851134 360 215 touchmove 147.7 401.0 0.687119 0.687119 0 experience 0
experience_experience_experience 1756184851151 360 215 touchmove 131.1 401.4 0.559423 0.559423 0 experience 0
experience_experience_experience 1756184851167 360 215 touchmove 114.3 401.6 0.637993 0.637993 0 experience 0
experience_experience_experience 1756184851184 360 215 touchmove 97.6 401.7 0.586724 0.586724 0 experience 0
experience_experience_experience 1756184851201 360 215 touchmove 81.1 401.6 0.580338 0.580338 0 experience 0
experience_experience_experience 1756184851218 360 215 touchmove 64.8 401.2 0.596766 0.596766 0 experience 0
experience_experience_experience 1756184851234 360 215 touchmove 48.4 400.8 0.658511 0.658511 0 experience 0
experience_experience_experience 1756184851251 360 215 touchmove 36.6 400.4 0.707215 0.707215 0 experience 0
experience_experience_experience 1756184851268 360 215 touchmove 29.6 400.2 0.732844 0.732844 0 experience 0
experience_experience_experience 1756184851285 360 215 touchmove 27.4 400.1 0.667165 0.667165 0 experience 0
experience_experience_experience 1756184851301 360 215 touchmove 29.8 400.0 0.541638 0.541638 0 experience 0
experience_experience_experience 1756184851318 360 215 touchmove 36.5 400.3 0.627479 0.627479 0 experience 0
experience_experience_experience 1756184851335 360 215 touchmove 47.8 400.5 0.635449 0.635449 0 experience 0
experience_experience_experience 1756184851352 360 215 touchmove 63.9 400.4 0.771790 0.771790 0 experience 0
experience_experience_experience 1756184851369 360 215 touchmove 80.3 400.2 0.502705 0.502705 0 experience 0
experience_experience_experience 1756184851385 360 215 touchmove 96.8 399.9 0.576029 0.576029 0 experience 0
experience_experience_experience 1756184851402 360 215 touchmove 113.1 399.8 0.793145 0.793145 0 experience 0
experience_experience_experience 1756184851419 360 215 touchmove 129.8 399.6 0.592871 0.592871 0 experience 0
experience_experience_experience 1756184851436 360 215 touchmove 146.6 399.0 0.529132 0.529132 0 experience 0
experience_experience_experience 1756184851452 360 215 touchmove 163.6 398.4 0.579107 0.579107 0 experience 0
experience_experience_experience 1756184851469 360 215 touchmove 180.6 398.2 0.678931 0.678931 0 experience 0
experience_experience_experience 1756184851486 360 215 touchmove 197.4 398.0 0.596358 0.596358 0 experience 0
experience_experience_experience 1756184851503 360 215 touchmove 213.9 398.0 0.683798 0.683798 0 experience 0
experience_experience_experience 1756184851520 360 215 touchmove 230.5 397.9 0.706422 0.706422 0 experience 0
experience_experience_experience 1756184851536 360 215 touchmove 246.8 397.9 0.528584 0.528584 0 experience 0
experience_experience_experience 1756184851553 360 215 touchmove 263.1 398.1 0.626264 0.626264 0 experience 0
experience_experience_experience 1756184851570 360 215 touchmove 279.2 398.6 0.616468 0.616468 0 experience 0
experience_experience_experience 1756184851587 360 215 touchmove 295.5 399.1 0.740386 0.740386 0 experience 0
experience_experience_experience 1756184851603 360 215 touchmove 311.4 399.6 0.527594 0.527594 0 experience 0
experience_experience_experience 1756184851620 360 215 touchmove 322.8 399.9 0.696120 0.696120 0 experience 0
experience_experience_experience 1756184851637 360 215 touchmove 329.8 400.1 0.762285 0.762285 0 experience 0
experience_experience_experience 1756184851654 360 215 touchmove 332.2 400.4 0.714597 0.714597 0 experience 0
experience_experience_experience 1756184851671 360 215 touchmove 330.0 400.7 0.673812 0.673812 0 experience 0
experience_experience_experience 1756184851687 360 215 touchmove 323.0 401.0 0.511068 0.511068 0 experience 0
experience_experience_experience 1756184851704 360 215 touchmove 311.1 401.3 0.655686 0.655686 0 experience 0
experience_experience_experience 1756184851721 360 215 touchmove 294.8 401.4 0.685259 0.685259 0 experience 0
experience_experience_experience 1756184851738 360 215 touchmove 278.4 401.5 0.655675 0.655675 0 experience 0
experience_experience_experience 1756184851754 360 215 touchmove 261.7 401.5 0.610945 0.610945 0 experience 0
experience_experience_experience 1756184851771 360 215 touchmove 245.1 401.4 0.750170 0.750170 0 experience 0
experience_experience_experience 1756184851788 360 215 touchmove 228.4 401.2 0.758604 0.758604 0 experience 0
experience_experience_experience 1756184851805 360 215 touchmove 211.6 401.1 0.574083 0.574083 0 experience 0
experience_experience_experience 1756184851821 360 215 touchmove 195.1 400.8 0.624729 0.624729 0 experience 0
experience_experience_experience 1756184851838 360 215 touchmove 178.6 400.5 0.551866 0.551866 0 experience 0
experience_experience_experience 1756184851855 360 215 touchmove 162.4 400.3 0.517962 0.517962 0 experience 0
experience_experience_experience 1756184851872 360 215 touchmove 145.9 400.1 0.718159 0.718159 0 experience 0
experience_experience_experience 1756184851889 360 215 touchmove 129.4 399.9 0.617144 0.617144 0 experience 0
experience_experience_experience 1756184851905 360 215 touchmove 113.1 399.8 0.585733 0.585733 0 experience 0
experience_experience_experience 1756184851922 360 215 touchmove 96.9 399.5 0.508781 0.508781 0 experience 0
experience_experience_experience 1756184851939 360 215 touchmove 80.4 399.4 0.581197 0.581197 0 experience 0
experience_experience_experience 1756184851956 360 215 touchmove 64.0 399.2 0.606582 0.606582 0 experience 0
experience_experience_experience 1756184851972 360 215 touchmove 47.6 399.6 0.654487 0.654487 0 experience 0
experience_experience_experience 1756184851989 360 215 touchmove 36.2 401.0 0.761835 0.761835 0 experience 0
experience_experience_experience 1756184852006 360 215 touchmove 29.3 403.5 0.766963 0.766963 0 experience 0
experience_experience_experience 1756184852023 360 215 touchmove 26.8 406.5 0.781436 0.781436 0 experience 0
experience_experience_experience 1756184852040 360 215 touchmove 28.7 410.4 0.509268 0.509268 0 experience 0
experience_experience_experience 1756184852056 360 215 touchmove 35.3 415.3 0.586150 0.586150 0 experience 0
experience_experience_experience 1756184852073 360 215 touchmove 46.3 421.1 0.625284 0.625284 0 experience 0
experience_experience_experience 1756184852090 360 215 touchmove 61.6 427.3 0.703172 0.703172 0 experience 0
experience_experience_experience 1756184852107 360 215 touchmove 76.5 433.6 0.591407 0.591407 0 experience 0
experience_experience_experience 1756184852123 360 215 touchmove 91.3 439.7 0.787544 0.787544 0 experience 0
experience_experience_experience 1756184852140 360 215 touchmove 106.3 445.8 0.733581 0.733581 0 experience 0
experience_experience_experience 1756184852157 360 215 touchmove 121.2 452.3 0.668888 0.668888 0 experience 0
experience_experience_experience 1756184852174 360 215 touchmove 136.1 458.6 0.647873 0.647873 0 experience 0
experience_experience_experience 1756184852191 360 215 touchmove 151.0 464.9 0.662493 0.662493 0 experience 0
experience_experience_experience 1756184852207 360 215 touchmove 165.9 471.2 0.555291 0.555291 0 experience 0
experience_experience_experience 1756184852224 360 215 touchmove 181.1 477.6 0.720557 0.720557 0 experience 0
experience_experience_experience 1756184852241 360 215 touchmove 196.4 484.1 0.793220 0.793220 0 experience 0
experience_experience_experience 1756184852258 360 215 touchmove 211.5 490.8 0.709781 0.709781 0 experience 0
experience_experience_experience 1756184852274 360 215 touchmove 226.6 497.4 0.571257 0.571257 0 experience 0
experience_experience_experience 1756184852291 360 215 touchmove 241.6 504.3 0.720476 0.720476 0 experience 0
experience_experience_experience 1756184852308 360 215 touchmove 252.4 510.6 0.510348 0.510348 0 experience 0
experience_experience_experience 1756184852325 360 215 touchmove 258.7 515.8 0.695377 0.695377 0 experience 0
experience_experience_experience 1756184852341 360 215 touchmove 260.3 519.9 0.562058 0.562058 0 experience 0
experience_experience_experience 1756184852358 360 215 touchmove 257.4 522.8 0.660486 0.660486 0 experience 0
experience_experience_experience 1756184852375 360 215 touchmove 250.0 524.6 0.576756 0.576756 0 experience 0
experience_experience_experience 1756184852392 360 215 touchmove 238.2 525.4 0.536423 0.536423 0 experience 0
experience_experience_experience 1756184852409 360 215 touchmove 222.2 525.3 0.772413 0.772413 0 experience 0
experience_experience_experience 1756184852425 360 215 touchmove 205.8 525.0 0.674193 0.674193 0 experience 0
experience_experience_experience 1756184852442 360 215 touchmove 189.6 524.8 0.549737 0.549737 0 experience 0
experience_experience_experience 1756184852459 360 215 touchmove 173.6 524.8 0.792287 0.792287 0 experience 0
experience_experience_experience 1756184852476 360 215 touchmove 157.4 525.0 0.563591 0.563591 0 experience 0
experience_experience_experience 1756184852492 360 215 touchmove 141.1 525.4 0.569126 0.569126 0 experience 0
experience_experience_experience 1756184852509 360 215 touchmove 125.0 525.8 0.685232 0.685232 0 experience 0
experience_experience_experience 1756184852526 360 215 touchmove 109.5 524.5 0.642933 0.642933 0 experience 0
experience_experience_experience 1756184852543 360 215 touchmove 95.3 521.2 0.739279 0.739279 0 experience 0
experience_experience_experience 1756184852560 360 215 touchmove 82.1 515.8 0.714069 0.714069 0 experience 0
experience_experience_experience 1756184852576 360 215 touchmove 69.9 508.1 0.698686 0.698686 0 experience 0
experience_experience_experience 1756184852593 360 215 touchmove 58.9 498.4 0.655184 0.655184 0 experience 0
experience_experience_experience 1756184852610 360 215 touchmove 49.6 486.6 0.734695 0.734695 0 experience 0
experience_experience_experience 1756184852627 360 215 touchmove 41.3 472.6 0.668838 0.668838 0 experience 0
experience_experience_experience 1756184852643 360 215 touchmove 33.2 457.8 0.585663 0.585663 0 experience 0
experience_experience_experience 1756184852660 360 215 touchmove 25.0 443.2 0.512657 0.512657 0 experience 0
experience_experience_experience 1756184852677 360 215 touchmove 17.8 428.5 0.541775 0.541775 0 experience 0
experience_experience_experience 1756184852694 360 215 touchmove 9.3 413.2 0.767724 0.767724 0 experience 0
experience_experience_experience 1756184852711 360 215 touchend 0.8 400.1 0.704643 0.704643 0 experience 0