sentence timestamp keyb_width keyb_height event x_pos y_pos x_radius y_radius angle word is_err
future_future_future 1756184296087 360 215 touchstart 104.1 463.2 0.505055 0.505055 0 future 0
future_future_future 1756184296104 360 215 touchmove 114.7 457.9 0.782567 0.782567 0 future 0
future_future_future 1756184296121 360 215 touchmove 130.2 453.0 0.659787 0.659787 0 future 0
future_future_future 1756184296138 360 215 touchmove 151.8 447.3 0.674486 0.674486 0 future 0
future_future_future 1756184296155 360 215 touchmove 167.4 441.7 0.594095 0.594095 0 future 0
future_future_future 1756184296172 360 215 touchmove 183.7 436.2 0.570566 0.570566 0 future 0
future_future_future 1756184296189 360 215 touchmove 199.6 430.5 0.639441 0.639441 0 future 0
future_future_future 1756184296207 360 215 touchmove 214.4 424.7 0.517886 0.517886 0 future 0
future_future_future 1756184296224 360 215 touchmove 229.0 418.9 0.668675 0.668675 0 future 0
future_future_future 1756184296241 360 215 touchmove 244.0 413.9 0.516546 0.516546 0 future 0
future_future_future 1756184296258 360 215 touchmove 254.9 409.5 0.542223 0.542223 0 future 0
future_future_future 1756184296275 360 215 touchmove 261.5 405.8 0.693894 0.693894 0 future 0
future_future_future 1756184296292 360 215 touchmove 263.5 402.4 0.516770 0.516770 0 future 0
future_future_future 1756184296309 360 215 touchmove 261.8 400.4 0.648757 0.648757 0 future 0
future_future_future 1756184296327 360 215 touchmove 255.7 399.2 0.685872 0.685872 0 future 0
future_future_future 1756184296344 360 215 touchmove 244.2 399.0 0.773251 0.773251 0 future 0
future_future_future 1756184296361 360 215 touchmove 228.1 399.2 0.500708 0.500708 0 future 0
future_future_future 1756184296378 360 215 touchmove 212.0 399.7 0.678779 0.678779 0 future 0
future_future_future 1756184296395 360 215 touchmove 196.2 400.0 0.514533 0.514533 0 future 0
future_future_future 1756184296412 360 215 touchmove 183.8 400.4 0.720109 0.720109 0 future 0
future_future_future 1756184296429 360 215 touchmove 175.5 400.7 0.716570 0.716570 0 future 0
future_future_future 1756184296447 360 215 touchmove 171.5 400.6 0.657153 0.657153 0 future 0
future_future_future 1756184296464 360 215 touchmove 173.1 400.1 0.546027 0.546027 0 future 0
future_future_future 1756184296481 360 215 touchmove 178.5 399.0 0.755491 0.755491 0 future 0
future_future_future 1756184296498 360 215 touchmove 188.0 398.2 0.709048 0.709048 0 future 0
future_future_future 1756184296515 360 215 touchmove 201.8 397.4 0.530783 0.530783 0 future 0
future_future_future 1756184296532 360 215 touchmove 217.0 397.3 0.697407 0.697407 0 future 0
future_future_future 1756184296549 360 215 touchmove 232.3 397.0 0.691847 0.691847 0 future 0
future_future_future 1756184296567 360 215 touchmove 245.5 396.6 0.606378 0.606378 0 future 0
future_future_future 1756184296584 360 215 touchmove 254.2 396.4 0.688516 0.688516 0 future 0
future_future_future 1756184296601 360 215 touchmove 258.6 397.9 0.526656 0.526656 0 future 0
future_future_future 1756184296618 360 215 touchmove 258.6 399.4 0.656464 0.656464 0 future 0
future_future_future 1756184296635 360 215 touchmove 254.5 399.8 0.609211 0.609211 0 future 0
future_future_future 1756184296652 360 215 touchmove 246.2 400.2 0.571177 0.571177 0 future 0
future_future_future 1756184296669 360 215 touchmove 233.2 400.3 0.613412 0.613412 0 future 0
future_future_future 1756184296687 360 215 touchmove 217.7 400.4 0.704290 0.704290 0 future 0
future_future_future 1756184296704 360 215 touchmove 201.9 400.7 0.636735 0.636735 0 future 0
future_future_future 1756184296721 360 215 touchmove 186.7 400.2 0.581857 0.581857 0 future 0
future_future_future 1756184296738 360 215 touchmove 171.5 399.3 0.724600 0.724600 0 future 0
future_future_future 1756184296755 360 215 touchmove 155.6 399.3 0.634546 0.634546 0 future 0
future_future_future 1756184296772 360 215 touchmove 139.7 398.2 0.564977 0.564977 0 future 0
future_future_future 1756184296789 360 215 touchmove 123.8 397.3 0.727885 0.727885 0 future 0
future_future_future 1756184296807 360 215 touchmove 108.3 396.7 0.568754 0.568754 0 future 0
future_future_future 1756184296824 360 215 touchmove 92.7 395.9 0.601686 0.601686 0 future 0
future_future_future 1756184296841 360 215 touchmove 77.1 395.8 0.657202 0.657202 0 future 0
future_future_future 1756184296858 360 215 touchmove 61.4 395.7 0.528632 0.528632 0 future 0
future_future_future 1756184296875 360 215 touchmove 46.3 396.1 0.767909 0.767909 0 future 0
future_future_future 1756184296892 360 215 touchmove 32.1 399.0 0.557649 0.557649 0 future 0
future_future_future 1756184296909 360 215 touchmove 14.3 398.5 0.677260 0.677260 0 future 0
future_future_future 1756184296927 360 215 touchend 1.5 399.9 0.726393 0.726393 0 future 0