sentence timestamp keyb_width keyb_height event x_pos y_pos x_radius y_radius angle word is_err
while_while_while 1756184294852 360 215 touchstart -72.3 400.0 0.606292 0.606292 0 while 0
while_while_while 1756184294868 360 215 touchmove -55.9 403.0 0.741787 0.741787 0 while 0
while_while_while 1756184294885 360 215 touchmove -35.7 406.3 0.619139 0.619139 0 while 0
while_while_while 1756184294902 360 215 touchmove -18.1 409.2 0.700574 0.700574 0 while 0
while_while_while 1756184294919 360 215 touchmove -0.7 412.1 0.630696 0.630696 0 while 0
while_while_while 1756184294936 360 215 touchmove 16.9 415.1 0.538993 0.538993 0 while 0
while_while_while 1756184294953 360 215 touchmove 34.4 418.2 0.789759 0.789759 0 while 0
while_while_while 1756184294970 360 215 touchmove 51.4 421.3 0.585593 0.585593 0 while 0
while_while_while 1756184294987 360 215 touchmove 68.5 424.2 0.679899 0.679899 0 while 0
while_while_while 1756184295004 360 215 touchmove 85.9 427.7 0.536260 0.536260 0 while 0
while_while_while 1756184295021 360 215 touchmove 103.4 431.6 0.628344 0.628344 0 while 0
while_while_while 1756184295038 360 215 touchmove 121.0 434.8 0.549058 0.549058 0 while 0
while_while_while 1756184295055 360 215 touchmove 138.0 438.3 0.790889 0.790889 0 while 0
while_while_while 1756184295072 360 215 touchmove 155.0 441.8 0.606226 0.606226 0 while 0
while_while_while 1756184295089 360 215 touchmove 172.4 445.4 0.756959 0.756959 0 while 0
while_while_while 1756184295106 360 215 touchmove 189.7 449.2 0.547586 0.547586 0 while 0
while_while_while 1756184295123 360 215 touchmove 206.7 451.8 0.696409 0.696409 0 while 0
while_while_while 1756184295140 360 215 touchmove 223.6 452.6 0.648661 0.648661 0 while 0
while_while_while 1756184295157 360 215 touchmove 240.6 452.2 0.599093 0.599093 0 while 0
while_while_while 1756184295174 360 215 touchmove 257.4 449.5 0.727648 0.727648 0 while 0
while_while_while 1756184295190 360 215 touchmove 273.9 445.3 0.725785 0.725785 0 while 0
while_while_while 1756184295207 360 215 touchmove 289.5 438.6 0.626090 0.626090 0 while 0
while_while_while 1756184295224 360 215 touchmove 304.7 430.6 0.787465 0.787465 0 while 0
while_while_while 1756184295241 360 215 touchmove 320.4 423.1 0.524801 0.524801 0 while 0
while_while_while 1756184295258 360 215 touchmove 335.7 418.1 0.538343 0.538343 0 while 0
while_while_while 1756184295275 360 215 touchmove 351.0 415.4 0.724687 0.724687 0 while 0
while_while_while 1756184295292 360 215 touchmove 366.3 415.6 0.794970 0.794970 0 while 0
while_while_while 1756184295309 360 215 touchmove 381.8 418.2 0.711069 0.711069 0 while 0
while_while_while 1756184295326 360 215 touchmove 397.1 423.5 0.651961 0.651961 0 while 0
while_while_while 1756184295343 360 215 touchmove 412.6 431.0 0.659795 0.659795 0 while 0
while_while_while 1756184295360 360 215 touchmove 425.6 439.1 0.751519 0.751519 0 while 0
while_while_while 1756184295377 360 215 touchmove 434.2 445.5 0.553520 0.553520 0 while 0
while_while_while 1756184295394 360 215 touchmove 437.1 450.4 0.650777 0.650777 0 while 0
while_while_while 1756184295411 360 215 touchmove 436.2 453.8 0.778861 0.778861 0 while 0
while_while_while 1756184295428 360 215 touchmove 430.3 455.6 0.551061 0.551061 0 while 0
while_while_while 1756184295445 360 215 touchmove 420.2 456.0 0.684685 0.684685 0 while 0
while_while_while 1756184295462 360 215 touchmove 405.2 454.7 0.697710 0.697710 0 while 0
while_while_while 1756184295479 360 215 touchmove 387.5 452.3 0.726227 0.726227 0 while 0
while_while_while 1756184295496 360 215 touchmove 369.7 449.8 0.756978 0.756978 0 while 0
while_while_while 1756184295513 360 215 touchmove 352.8 447.7 0.630908 0.630908 0 while 0
while_while_while 1756184295529 360 215 touchmove 335.4 445.5 0.625478 0.625478 0 while 0
while_while_while 1756184295546 360 215 touchmove 317.5 442.8 0.643937 0.643937 0 while 0
while_while_while 1756184295563 360 215 touchmove 299.8 440.5 0.620585 0.620585 0 while 0
while_while_while 1756184295580 360 215 touchmove 281.9 438.2 0.753277 0.753277 0 while 0
while_while_while 1756184295597 360 215 touchmove 264.6 435.9 0.570459 0.570459 0 while 0
while_while_while 1756184295614 360 215 touchmove 247.1 433.7 0.635907 0.635907 0 while 0
while_while_while 1756184295631 360 215 touchmove 229.3 431.4 0.691067 0.691067 0 while 0
while_while_while 1756184295648 360 215 touchmove 211.6 429.1 0.592662 0.592662 0 while 0
while_while_while 1756184295665 360 215 touchmove 194.4 427.1 0.759960 0.759960 0 while 0
while_while_while 1756184295682 360 215 touchmove 176.9 424.7 0.541341 0.541341 0 while 0
while_while_while 1756184295699 360 215 touchmove 159.3 422.3 0.545290 0.545290 0 while 0
while_while_while 1756184295716 360 215 touchmove 141.3 420.0 0.563410 0.563410 0 while 0
while_while_while 1756184295733 360 215 touchmove 123.2 417.6 0.774829 0.774829 0 while 0
while_while_while 1756184295750 360 215 touchmove 105.5 415.3 0.651646 0.651646 0 while 0
while_while_while 1756184295767 360 215 touchmove 87.7 413.2 0.619730 0.619730 0 while 0
while_while_while 1756184295784 360 215 touchmove 69.7 411.2 0.746038 0.746038 0 while 0
while_while_while 1756184295801 360 215 touchmove 51.6 409.1 0.684551 0.684551 0 while 0
while_while_while 1756184295818 360 215 touchmove 34.3 407.7 0.507910 0.507910 0 while 0
while_while_while 1756184295835 360 215 touchmove 15.7 406.6 0.717843 0.717843 0 while 0
while_while_while 1756184295852 360 215 touchend -1.2 402.7 0.714383 0.714383 0 while 0