sentence timestamp keyb_width keyb_height event x_pos y_pos x_radius y_radius angle word is_err
someone_someone_someone 1756184849574 360 215 touchstart -35.2 459.2 0.569090 0.569090 0 someone 0
someone_someone_someone 1756184849590 360 215 touchmove -11.6 455.2 0.605326 0.605326 0 someone 0
someone_someone_someone 1756184849607 360 215 touchmove 13.5 451.6 0.656076 0.656076 0 someone 0
someone_someone_someone 1756184849624 360 215 touchmove 35.8 449.5 0.779335 0.779335 0 someone 0
someone_someone_someone 1756184849641 360 215 touchmove 59.0 446.4 0.521717 0.521717 0 someone 0
someone_someone_someone 1756184849658 360 215 touchmove 82.0 443.3 0.662250 0.662250 0 someone 0
someone_someone_someone 1756184849675 360 215 touchmove 104.6 440.9 0.576207 0.576207 0 someone 0
someone_someone_someone 1756184849692 360 215 touchmove 127.1 438.4 0.509172 0.509172 0 someone 0
someone_someone_someone 1756184849708 360 215 touchmove 149.7 436.0 0.572652 0.572652 0 someone 0
someone_someone_someone 1756184849725 360 215 touchmove 172.4 433.2 0.706650 0.706650 0 someone 0
someone_someone_someone 1756184849742 360 215 touchmove 195.5 430.3 0.544103 0.544103 0 someone 0
someone_someone_someone 1756184849759 360 215 touchmove 218.6 427.5 0.579920 0.579920 0 someone 0
someone_someone_someone 1756184849776 360 215 touchmove 241.5 424.6 0.577105 0.577105 0 someone 0
someone_someone_someone 1756184849793 360 215 touchmove 264.8 421.7 0.603898 0.603898 0 someone 0
someone_someone_someone 1756184849810 360 215 touchmove 288.3 418.4 0.651695 0.651695 0 someone 0
someone_someone_someone 1756184849827 360 215 touchmove 311.7 415.2 0.503961 0.503961 0 someone 0
someone_someone_someone 1756184849843 360 215 touchmove 335.1 412.1 0.751735 0.751735 0 someone 0
someone_someone_someone 1756184849860 360 215 touchmove 358.2 409.2 0.548617 0.548617 0 someone 0
someone_someone_someone 1756184849877 360 215 touchmove 377.7 408.9 0.592411 0.592411 0 someone 0
someone_someone_someone 1756184849894 360 215 touchmove 392.4 411.9 0.789804 0.789804 0 someone 0
someone_someone_someone 1756184849911 360 215 touchmove 402.2 417.3 0.674576 0.674576 0 someone 0
someone_someone_someone 1756184849928 360 215 touchmove 406.6 426.6 0.549309 0.549309 0 someone 0
someone_someone_someone 1756184849945 360 215 touchmove 406.1 439.4 0.633070 0.633070 0 someone 0
someone_someone_someone 1756184849961 360 215 touchmove 400.5 455.6 0.718638 0.718638 0 someone 0
someone_someone_someone 1756184849978 360 215 touchmove 389.0 472.7 0.783423 0.783423 0 someone 0
someone_someone_someone 1756184849995 360 215 touchmove 374.8 486.4 0.752786 0.752786 0 someone 0
someone_someone_someone 1756184850012 360 215 touchmove 359.0 496.3 0.686319 0.686319 0 someone 0
someone_someone_someone 1756184850029 360 215 touchmove 341.7 502.9 0.717321 0.717321 0 someone 0
someone_someone_someone 1756184850046 360 215 touchmove 323.1 505.3 0.655084 0.655084 0 someone 0
someone_someone_someone 1756184850063 360 215 touchmove 302.9 503.4 0.691285 0.691285 0 someone 0
someone_someone_someone 1756184850080 360 215 touchmove 281.1 497.3 0.784966 0.784966 0 someone 0
someone_someone_someone 1756184850096 360 215 touchmove 259.4 490.0 0.602321 0.602321 0 someone 0
someone_someone_someone 1756184850113 360 215 touchmove 237.6 483.0 0.791413 0.791413 0 someone 0
someone_someone_someone 1756184850130 360 215 touchmove 215.8 476.2 0.706770 0.706770 0 someone 0
someone_someone_someone 1756184850147 360 215 touchmove 193.6 469.3 0.504561 0.504561 0 someone 0
someone_someone_someone 1756184850164 360 215 touchmove 171.7 461.8 0.795857 0.795857 0 someone 0
someone_someone_someone 1756184850181 360 215 touchmove 149.7 454.2 0.782345 0.782345 0 someone 0
someone_someone_someone 1756184850198 360 215 touchmove 128.0 446.6 0.524874 0.524874 0 someone 0
someone_someone_someone 1756184850214 360 215 touchmove 105.6 438.6 0.780978 0.780978 0 someone 0
someone_someone_someone 1756184850231 360 215 touchmove 83.2 430.3 0.735988 0.735988 0 someone 0
someone_someone_someone 1756184850248 360 215 touchmove 62.0 422.0 0.747761 0.747761 0 someone 0
someone_someone_someone 1756184850265 360 215 touchmove 47.6 414.8 0.756745 0.756745 0 someone 0
someone_someone_someone 1756184850282 360 215 touchmove 39.5 408.6 0.511119 0.511119 0 someone 0
someone_someone_someone 1756184850299 360 215 touchmove 38.5 403.9 0.532688 0.532688 0 someone 0
someone_someone_someone 1756184850316 360 215 touchmove 43.9 400.2 0.738725 0.738725 0 someone 0
someone_someone_someone 1756184850333 360 215 touchmove 55.9 397.8 0.765612 0.765612 0 someone 0
someone_someone_someone 1756184850349 360 215 touchmove 74.2 396.8 0.610359 0.610359 0 someone 0
someone_someone_someone 1756184850366 360 215 touchmove 98.0 396.9 0.529095 0.529095 0 someone 0
someone_someone_someone 1756184850383 360 215 touchmove 121.7 396.8 0.706214 0.706214 0 someone 0
someone_someone_someone 1756184850400 360 215 touchmove 145.3 397.4 0.681023 0.681023 0 someone 0
someone_someone_someone 1756184850417 360 215 touchmove 168.2 397.8 0.693929 0.693929 0 someone 0
someone_someone_someone 1756184850434 360 215 touchmove 190.9 398.2 0.592841 0.592841 0 someone 0
someone_someone_someone 1756184850451 360 215 touchmove 214.0 398.6 0.797348 0.797348 0 someone 0
someone_someone_someone 1756184850467 360 215 touchmove 237.6 398.7 0.631406 0.631406 0 someone 0
someone_someone_someone 1756184850484 360 215 touchmove 260.9 398.8 0.525576 0.525576 0 someone 0
someone_someone_someone 1756184850501 360 215 touchmove 283.8 399.0 0.517784 0.517784 0 someone 0
someone_someone_someone 1756184850518 360 215 touchmove 306.8 399.3 0.667457 0.667457 0 someone 0
someone_someone_someone 1756184850535 360 215 touchmove 330.3 399.6 0.683637 0.683637 0 someone 0
someone_someone_someone 1756184850552 360 215 touchmove 354.1 400.1 0.655484 0.655484 0 someone 0
someone_someone_someone 1756184850569 360 215 touchmove 373.5 402.1 0.642479 0.642479 0 someone 0
someone_someone_someone 1756184850586 360 215 touchmove 386.4 406.1 0.548880 0.548880 0 someone 0
someone_someone_someone 1756184850602 360 215 touchmove 394.1 412.3 0.544650 0.544650 0 someone 0
someone_someone_someone 1756184850619 360 215 touchmove 396.3 420.5 0.771586 0.771586 0 someone 0
someone_someone_someone 1756184850636 360 215 touchmove 392.3 430.6 0.736972 0.736972 0 someone 0
someone_someone_someone 1756184850653 360 215 touchmove 382.3 442.9 0.661120 0.661120 0 someone 0
someone_someone_someone 1756184850670 360 215 touchmove 366.3 457.3 0.773821 0.773821 0 someone 0
someone_someone_someone 1756184850687 360 215 touchmove 348.6 472.3 0.541274 0.541274 0 someone 0
someone_someone_someone 1756184850704 360 215 touchmove 331.0 485.8 0.581149 0.581149 0 someone 0
someone_someone_someone 1756184850720 360 215 touchmove 312.4 495.7 0.633020 0.633020 0 someone 0
someone_someone_someone 1756184850737 360 215 touchmove 293.5 502.2 0.576387 0.576387 0 someone 0
someone_someone_someone 1756184850754 360 215 touchmove 274.0 505.3 0.684728 0.684728 0 someone 0
someone_someone_someone 1756184850771 360 215 touchmove 254.2 504.6 0.593255 0.593255 0 someone 0
someone_someone_someone 1756184850788 360 215 touchmove 233.8 500.7 0.668145 0.668145 0 someone 0
someone_someone_someone 1756184850805 360 215 touchmove 212.7 493.2 0.598139 0.598139 0 someone 0
someone_someone_someone 1756184850822 360 215 touchmove 190.9 484.2 0.501820 0.501820 0 someone 0
someone_someone_someone 1756184850839 360 215 touchmove 169.3 475.0 0.586467 0.586467 0 someone 0
someone_someone_someone 1756184850855 360 215 touchmove 147.9 465.9 0.544817 0.544817 0 someone 0
someone_someone_someone 1756184850872 360 215 touchmove 126.6 456.9 0.747732 0.747732 0 someone 0
someone_someone_someone 1756184850889 360 215 touchmove 105.3 448.0 0.647932 0.647932 0 someone 0
someone_someone_someone 1756184850906 360 215 touchmove 84.3 438.9 0.541834 0.541834 0 someone 0
someone_someone_someone 1756184850923 360 215 touchmove 63.5 430.1 0.702376 0.702376 0 someone 0
someone_someone_someone 1756184850940 360 215 touchmove 42.9 420.7 0.794028 0.794028 0 someone 0
someone_someone_someone 1756184850957 360 215 touchmove 21.7 411.4 0.511419 0.511419 0 someone 0
someone_someone_someone 1756184850974 360 215 touchend 3.0 403.5 0.568952 0.568952 0 someone 0