sentence timestamp keyb_width keyb_height event x_pos y_pos x_radius y_radius angle word is_err
equipment_equipment_equipment 1756184852490 360 215 touchstart 0.1 400.7 0.572653 0.572653 0 equipment 0
equipment_equipment_equipment 1756184852506 360 215 touchmove -14.8 401.6 0.649964 0.649964 0 equipment 0
equipment_equipment_equipment 1756184852523 360 215 touchmove -29.7 402.2 0.789408 0.789408 0 equipment 0
equipment_equipment_equipment 1756184852540 360 215 touchmove -43.7 401.7 0.586585 0.586585 0 equipment 0
equipment_equipment_equipment 1756184852557 360 215 touchmove -58.2 401.8 0.629036 0.629036 0 equipment 0
equipment_equipment_equipment 1756184852574 360 215 touchmove -72.7 401.7 0.739396 0.739396 0 equipment 0
equipment_equipment_equipment 1756184852591 360 215 touchmove -87.2 401.5 0.590596 0.590596 0 equipment 0
equipment_equipment_equipment 1756184852608 360 215 touchmove -101.4 401.2 0.520410 0.520410 0 equipment 0
equipment_equipment_equipment 1756184852625 360 215 touchmove -111.3 400.9 0.748500 0.748500 0 equipment 0
equipment_equipment_equipment 1756184852641 360 215 touchmove -116.9 400.6 0.630995 0.630995 0 equipment 0
equipment_equipment_equipment 1756184852658 360 215 touchmove -118.5 400.5 0.730112 0.730112 0 equipment 0
equipment_equipment_equipment 1756184852675 360 215 touchmove -115.9 400.3 0.677284 0.677284 0 equipment 0
equipment_equipment_equipment 1756184852692 360 215 touchmove -109.0 400.1 0.791950 0.791950 0 equipment 0
equipment_equipment_equipment 1756184852709 360 215 touchmove -98.0 399.8 0.665374 0.665374 0 equipment 0
equipment_equipment_equipment 1756184852726 360 215 touchmove -83.4 399.7 0.594112 0.594112 0 equipment 0
equipment_equipment_equipment 1756184852743 360 215 touchmove -68.8 399.5 0.793746 0.793746 0 equipment 0
equipment_equipment_equipment 1756184852760 360 215 touchmove -54.3 399.4 0.701502 0.701502 0 equipment 0
equipment_equipment_equipment 1756184852776 360 215 touchmove -39.8 399.3 0.576628 0.576628 0 equipment 0
equipment_equipment_equipment 1756184852793 360 215 touchmove -25.3 399.3 0.623547 0.623547 0 equipment 0
equipment_equipment_equipment 1756184852810 360 215 touchmove -10.8 399.3 0.534628 0.534628 0 equipment 0
equipment_equipment_equipment 1756184852827 360 215 touchmove 3.7 399.4 0.683146 0.683146 0 equipment 0
equipment_equipment_equipment 1756184852844 360 215 touchmove 18.2 399.6 0.631296 0.631296 0 equipment 0
equipment_equipment_equipment 1756184852861 360 215 touchmove 32.5 399.7 0.798957 0.798957 0 equipment 0
equipment_equipment_equipment 1756184852878 360 215 touchmove 47.0 399.8 0.649665 0.649665 0 equipment 0
equipment_equipment_equipment 1756184852895 360 215 touchmove 61.4 399.9 0.631854 0.631854 0 equipment 0
equipment_equipment_equipment 1756184852911 360 215 touchmove 76.0 399.9 0.513932 0.513932 0 equipment 0
equipment_equipment_equipment 1756184852928 360 215 touchmove 90.6 399.9 0.791534 0.791534 0 equipment 0
equipment_equipment_equipment 1756184852945 360 215 touchmove 105.2 399.9 0.593959 0.593959 0 equipment 0
equipment_equipment_equipment 1756184852962 360 215 touchmove 120.0 399.9 0.713937 0.713937 0 equipment 0
equipment_equipment_equipment 1756184852979 360 215 touchmove 134.9 400.0 0.611219 0.611219 0 equipment 0
equipment_equipment_equipment 1756184852996 360 215 touchmove 149.7 400.1 0.773097 0.773097 0 equipment 0
equipment_equipment_equipment 1756184853013 360 215 touchmove 164.4 400.2 0.701768 0.701768 0 equipment 0
equipment_equipment_equipment 1756184853030 360 215 touchmove 179.1 400.1 0.732952 0.732952 0 equipment 0
equipment_equipment_equipment 1756184853046 360 215 touchmove 193.6 400.0 0.778866 0.778866 0 equipment 0
equipment_equipment_equipment 1756184853063 360 215 touchmove 208.1 400.0 0.544563 0.544563 0 equipment 0
equipment_equipment_equipment 1756184853080 360 215 touchmove 222.7 399.9 0.677606 0.677606 0 equipment 0
equipment_equipment_equipment 1756184853097 360 215 touchmove 237.2 399.8 0.696789 0.696789 0 equipment 0
equipment_equipment_equipment 1756184853114 360 215 touchmove 251.7 399.7 0.796089 0.796089 0 equipment 0
equipment_equipment_equipment 1756184853131 360 215 touchmove 266.1 399.6 0.723332 0.723332 0 equipment 0
equipment_equipment_equipment 1756184853148 360 215 touchmove 280.6 399.5 0.637354 0.637354 0 equipment 0
equipment_equipment_equipment 1756184853165 360 215 touchmove 295.3 399.4 0.637586 0.637586 0 equipment 0
equipment_equipment_equipment 1756184853181 360 215 touchmove 309.7 399.4 0.631400 0.631400 0 equipment 0
equipment_equipment_equipment 1756184853198 360 215 touchmove 324.0 399.5 0.731933 0.731933 0 equipment 0
equipment_equipment_equipment 1756184853215 360 215 touchmove 338.4 399.5 0.553717 0.553717 0 equipment 0
equipment_equipment_equipment 1756184853232 360 215 touchmove 352.8 399.5 0.740299 0.740299 0 equipment 0
equipment_equipment_equipment 1756184853249 360 215 touchmove 367.3 399.7 0.572227 0.572227 0 equipment 0
equipment_equipment_equipment 1756184853266 360 215 touchmove 381.9 399.8 0.548723 0.548723 0 equipment 0
equipment_equipment_equipment 1756184853283 360 215 touchmove 396.4 399.8 0.693030 0.693030 0 equipment 0
equipment_equipment_equipment 1756184853300 360 215 touchmove 411.2 399.8 0.607413 0.607413 0 equipment 0
equipment_equipment_equipment 1756184853316 360 215 touchmove 426.1 399.7 0.755185 0.755185 0 equipment 0
equipment_equipment_equipment 1756184853333 360 215 touchmove 440.9 399.7 0.636024 0.636024 0 equipment 0
equipment_equipment_equipment 1756184853350 360 215 touchmove 455.8 399.7 0.682242 0.682242 0 equipment 0
equipment_equipment_equipment 1756184853367 360 215 touchmove 468.0 400.8 0.569896 0.569896 0 equipment 0
equipment_equipment_equipment 1756184853384 360 215 touchmove 476.4 403.4 0.722582 0.722582 0 equipment 0
equipment_equipment_equipment 1756184853401 360 215 touchmove 481.1 407.3 0.722816 0.722816 0 equipment 0
equipment_equipment_equipment 1756184853418 360 215 touchmove 482.0 412.6 0.580284 0.580284 0 equipment 0
equipment_equipment_equipment 1756184853435 360 215 touchmove 479.5 419.2 0.610153 0.610153 0 equipment 0
equipment_equipment_equipment 1756184853451 360 215 touchmove 473.2 427.1 0.506078 0.506078 0 equipment 0
equipment_equipment_equipment 1756184853468 360 215 touchmove 463.3 436.3 0.705163 0.705163 0 equipment 0
equipment_equipment_equipment 1756184853485 360 215 touchmove 452.4 445.9 0.530174 0.530174 0 equipment 0
equipment_equipment_equipment 1756184853502 360 215 touchmove 441.5 455.3 0.721158 0.721158 0 equipment 0
equipment_equipment_equipment 1756184853519 360 215 touchmove 430.5 464.8 0.528402 0.528402 0 equipment 0
equipment_equipment_equipment 1756184853536 360 215 touchmove 419.6 474.4 0.611510 0.611510 0 equipment 0
equipment_equipment_equipment 1756184853553 360 215 touchmove 408.5 484.0 0.661330 0.661330 0 equipment 0
equipment_equipment_equipment 1756184853570 360 215 touchmove 397.5 493.6 0.584662 0.584662 0 equipment 0
equipment_equipment_equipment 1756184853586 360 215 touchmove 386.2 501.6 0.655356 0.655356 0 equipment 0
equipment_equipment_equipment 1756184853603 360 215 touchmove 374.5 507.7 0.786660 0.786660 0 equipment 0
equipment_equipment_equipment 1756184853620 360 215 touchmove 362.3 511.6 0.765074 0.765074 0 equipment 0
equipment_equipment_equipment 1756184853637 360 215 touchmove 349.8 513.6 0.645876 0.645876 0 equipment 0
equipment_equipment_equipment 1756184853654 360 215 touchmove 336.8 513.5 0.758005 0.758005 0 equipment 0
equipment_equipment_equipment 1756184853671 360 215 touchmove 323.5 511.2 0.747957 0.747957 0 equipment 0
equipment_equipment_equipment 1756184853688 360 215 touchmove 309.8 507.0 0.709766 0.709766 0 equipment 0
equipment_equipment_equipment 1756184853705 360 215 touchmove 295.9 502.3 0.783433 0.783433 0 equipment 0
equipment_equipment_equipment 1756184853721 360 215 touchmove 281.8 497.6 0.559434 0.559434 0 equipment 0
equipment_equipment_equipment 1756184853738 360 215 touchmove 267.9 493.0 0.608079 0.608079 0 equipment 0
equipment_equipment_equipment 1756184853755 360 215 touchmove 254.0 488.3 0.554942 0.554942 0 equipment 0
equipment_equipment_equipment 1756184853772 360 215 touchmove 240.2 483.6 0.764059 0.764059 0 equipment 0
equipment_equipment_equipment 1756184853789 360 215 touchmove 226.4 479.0 0.791721 0.791721 0 equipment 0
equipment_equipment_equipment 1756184853806 360 215 touchmove 212.5 474.4 0.597747 0.597747 0 equipment 0
equipment_equipment_equipment 1756184853823 360 215 touchmove 198.7 469.8 0.511712 0.511712 0 equipment 0
equipment_equipment_equipment 1756184853840 360 215 touchmove 184.8 465.1 0.555563 0.555563 0 equipment 0
equipment_equipment_equipment 1756184853856 360 215 touchmove 171.0 460.4 0.635403 0.635403 0 equipment 0
equipment_equipment_equipment 1756184853873 360 215 touchmove 157.3 455.7 0.640074 0.640074 0 equipment 0
equipment_equipment_equipment 1756184853890 360 215 touchmove 143.4 450.9 0.784201 0.784201 0 equipment 0
equipment_equipment_equipment 1756184853907 360 215 touchmove 129.6 446.1 0.738946 0.738946 0 equipment 0
equipment_equipment_equipment 1756184853924 360 215 touchmove 115.7 441.2 0.571566 0.571566 0 equipment 0
equipment_equipment_equipment 1756184853941 360 215 touchmove 102.0 436.4 0.758731 0.758731 0 equipment 0
equipment_equipment_equipment 1756184853958 360 215 touchmove 88.4 431.5 0.519665 0.519665 0 equipment 0
equipment_equipment_equipment 1756184853975 360 215 touchmove 74.8 426.7 0.674351 0.674351 0 equipment 0
equipment_equipment_equipment 1756184853991 360 215 touchmove 61.2 421.8 0.791376 0.791376 0 equipment 0
equipment_equipment_equipment 1756184854008 360 215 touchmove 47.6 417.0 0.559435 0.559435 0 equipment 0
equipment_equipment_equipment 1756184854025 360 215 touchmove 36.1 413.0 0.527041 0.527041 0 equipment 0
equipment_equipment_equipment 1756184854042 360 215 touchmove 28.4 410.6 0.520100 0.520100 0 equipment 0
equipment_equipment_equipment 1756184854059 360 215 touchmove 24.7 409.5 0.577269 0.577269 0 equipment 0
equipment_equipment_equipment 1756184854076 360 215 touchmove 24.9 410.0 0.537619 0.537619 0 equipment 0
equipment_equipment_equipment 1756184854093 360 215 touchmove 28.9 412.0 0.609822 0.609822 0 equipment 0
equipment_equipment_equipment 1756184854110 360 215 touchmove 36.6 415.5 0.684674 0.684674 0 equipment 0
equipment_equipment_equipment 1756184854126 360 215 touchmove 48.2 420.6 0.734858 0.734858 0 equipment 0
equipment_equipment_equipment 1756184854143 360 215 touchmove 61.7 426.3 0.552693 0.552693 0 equipment 0
equipment_equipment_equipment 1756184854160 360 215 touchmove 75.2 431.9 0.606844 0.606844 0 equipment 0
equipment_equipment_equipment 1756184854177 360 215 touchmove 88.7 437.8 0.779578 0.779578 0 equipment 0
equipment_equipment_equipment 1756184854194 360 215 touchmove 102.1 443.6 0.746797 0.746797 0 equipment 0
equipment_equipment_equipment 1756184854211 360 215 touchmove 115.7 449.4 0.544021 0.544021 0 equipment 0
equipment_equipment_equipment 1756184854228 360 215 touchmove 129.3 455.3 0.714073 0.714073 0 equipment 0
equipment_equipment_equipment 1756184854245 360 215 touchmove 142.7 461.1 0.531225 0.531225 0 equipment 0
equipment_equipment_equipment 1756184854261 360 215 touchmove 156.0 466.9 0.762729 0.762729 0 equipment 0
equipment_equipment_equipment 1756184854278 360 215 touchmove 169.3 472.8 0.605210 0.605210 0 equipment 0
equipment_equipment_equipment 1756184854295 360 215 touchmove 182.4 478.5 0.503175 0.503175 0 equipment 0
equipment_equipment_equipment 1756184854312 360 215 touchmove 195.6 484.3 0.787914 0.787914 0 equipment 0
equipment_equipment_equipment 1756184854329 360 215 touchmove 208.6 490.0 0.572638 0.572638 0 equipment 0
equipment_equipment_equipment 1756184854346 360 215 touchmove 221.7 495.8 0.631915 0.631915 0 equipment 0
equipment_equipment_equipment 1756184854363 360 215 touchmove 234.9 501.5 0.539657 0.539657 0 equipment 0
equipment_equipment_equipment 1756184854380 360 215 touchmove 248.0 507.1 0.771990 0.771990 0 equipment 0
equipment_equipment_equipment 1756184854396 360 215 touchmove 257.5 510.4 0.542513 0.542513 0 equipment 0
equipment_equipment_equipment 1756184854413 360 215 touchmove 263.7 511.6 0.767687 0.767687 0 equipment 0
equipment_equipment_equipment 1756184854430 360 215 touchmove 266.5 510.7 0.647845 0.647845 0 equipment 0
equipment_equipment_equipment 1756184854447 360 215 touchmove 265.8 507.7 0.570392 0.570392 0 equipment 0
equipment_equipment_equipment 1756184854464 360 215 touchmove 261.6 502.5 0.514302 0.514302 0 equipment 0
equipment_equipment_equipment 1756184854481 360 215 touchmove 253.9 495.2 0.648167 0.648167 0 equipment 0
equipment_equipment_equipment 1756184854498 360 215 touchmove 242.9 485.7 0.678266 0.678266 0 equipment 0
equipment_equipment_equipment 1756184854515 360 215 touchmove 232.0 476.2 0.511708 0.511708 0 equipment 0
equipment_equipment_equipment 1756184854531 360 215 touchmove 220.9 466.9 0.798226 0.798226 0 equipment 0
equipment_equipment_equipment 1756184854548 360 215 touchmove 210.0 457.2 0.712556 0.712556 0 equipment 0
equipment_equipment_equipment 1756184854565 360 215 touchmove 199.0 447.5 0.526426 0.526426 0 equipment 0
equipment_equipment_equipment 1756184854582 360 215 touchmove 187.9 437.8 0.749899 0.749899 0 equipment 0
equipment_equipment_equipment 1756184854599 360 215 touchmove 176.8 428.2 0.668372 0.668372 0 equipment 0
equipment_equipment_equipment 1756184854616 360 215 touchmove 166.0 418.3 0.761663 0.761663 0 equipment 0
equipment_equipment_equipment 1756184854633 360 215 touchmove 154.6 409.1 0.602608 0.602608 0 equipment 0
equipment_equipment_equipment 1756184854650 360 215 touchend 143.1 400.0 0.715669 0.715669 0 equipment 0