sentence timestamp keyb_width keyb_height event x_pos y_pos x_radius y_radius angle word is_err
man_man_man 1756184294855 360 215 touchstart 360.4 525.0 0.604922 0.604922 0 man 0
man_man_man 1756184294872 360 215 touchmove 335.1 521.7 0.713398 0.713398 0 man 0
man_man_man 1756184294889 360 215 touchmove 312.7 520.4 0.689531 0.689531 0 man 0
man_man_man 1756184294906 360 215 touchmove 286.0 515.9 0.558097 0.558097 0 man 0
man_man_man 1756184294923 360 215 touchmove 261.1 512.8 0.604037 0.604037 0 man 0
man_man_man 1756184294940 360 215 touchmove 236.2 509.6 0.571656 0.571656 0 man 0
man_man_man 1756184294957 360 215 touchmove 211.0 506.1 0.652572 0.652572 0 man 0
man_man_man 1756184294975 360 215 touchmove 186.3 502.4 0.781190 0.781190 0 man 0
man_man_man 1756184294992 360 215 touchmove 161.6 499.1 0.557562 0.557562 0 man 0
man_man_man 1756184295009 360 215 touchmove 136.6 495.9 0.797787 0.797787 0 man 0
man_man_man 1756184295026 360 215 touchmove 111.8 493.2 0.577181 0.577181 0 man 0
man_man_man 1756184295043 360 215 touchmove 87.4 489.9 0.768589 0.768589 0 man 0
man_man_man 1756184295060 360 215 touchmove 62.8 486.8 0.508867 0.508867 0 man 0
man_man_man 1756184295077 360 215 touchmove 38.2 483.8 0.561977 0.561977 0 man 0
man_man_man 1756184295095 360 215 touchmove 13.4 480.7 0.533956 0.533956 0 man 0
man_man_man 1756184295112 360 215 touchmove -11.5 477.5 0.596786 0.596786 0 man 0
man_man_man 1756184295129 360 215 touchmove -35.7 474.2 0.541667 0.541667 0 man 0
man_man_man 1756184295146 360 215 touchmove -52.7 471.5 0.669948 0.669948 0 man 0
man_man_man 1756184295163 360 215 touchmove -63.1 470.1 0.552842 0.552842 0 man 0
man_man_man 1756184295180 360 215 touchmove -66.2 469.8 0.640694 0.640694 0 man 0
man_man_man 1756184295197 360 215 touchmove -62.2 470.6 0.797893 0.797893 0 man 0
man_man_man 1756184295215 360 215 touchmove -51.2 472.6 0.737881 0.737881 0 man 0
man_man_man 1756184295232 360 215 touchmove -33.2 475.8 0.600740 0.600740 0 man 0
man_man_man 1756184295249 360 215 touchmove -8.6 479.9 0.565508 0.565508 0 man 0
man_man_man 1756184295266 360 215 touchmove 15.9 483.8 0.556944 0.556944 0 man 0
man_man_man 1756184295283 360 215 touchmove 40.5 487.7 0.615718 0.615718 0 man 0
man_man_man 1756184295300 360 215 touchmove 65.0 491.4 0.631076 0.631076 0 man 0
man_man_man 1756184295317 360 215 touchmove 89.6 494.9 0.561456 0.561456 0 man 0
man_man_man 1756184295335 360 215 touchmove 114.7 498.4 0.640667 0.640667 0 man 0
man_man_man 1756184295352 360 215 touchmove 139.7 501.9 0.536995 0.536995 0 man 0
man_man_man 1756184295369 360 215 touchmove 164.5 505.4 0.536533 0.536533 0 man 0
man_man_man 1756184295386 360 215 touchmove 189.3 509.1 0.564494 0.564494 0 man 0
man_man_man 1756184295403 360 215 touchmove 214.2 512.6 0.542936 0.542936 0 man 0
man_man_man 1756184295420 360 215 touchmove 239.2 516.8 0.641351 0.641351 0 man 0
man_man_man 1756184295437 360 215 touchmove 263.8 520.1 0.600664 0.600664 0 man 0
man_man_man 1756184295455 360 215 touchend 289.0 522.1 0.676554 0.676554 0 man 0