sentence timestamp keyb_width keyb_height event x_pos y_pos x_radius y_radius angle word is_err
disease_disease_disease 1756184852317 360 215 touchstart 31.1 459.7 0.582688 0.582688 0 disease 0
disease_disease_disease 1756184852334 360 215 touchmove 49.6 454.2 0.577999 0.577999 0 disease 0
disease_disease_disease 1756184852351 360 215 touchmove 64.2 452.0 0.639408 0.639408 0 disease 0
disease_disease_disease 1756184852368 360 215 touchmove 86.0 446.4 0.521219 0.521219 0 disease 0
disease_disease_disease 1756184852385 360 215 touchmove 104.8 442.5 0.603885 0.603885 0 disease 0
disease_disease_disease 1756184852402 360 215 touchmove 123.4 439.2 0.760789 0.760789 0 disease 0
disease_disease_disease 1756184852420 360 215 touchmove 143.0 435.8 0.676130 0.676130 0 disease 0
disease_disease_disease 1756184852437 360 215 touchmove 162.7 433.1 0.622559 0.622559 0 disease 0
disease_disease_disease 1756184852454 360 215 touchmove 182.4 430.3 0.568562 0.568562 0 disease 0
disease_disease_disease 1756184852471 360 215 touchmove 201.2 427.4 0.544186 0.544186 0 disease 0
disease_disease_disease 1756184852488 360 215 touchmove 220.2 424.3 0.587377 0.587377 0 disease 0
disease_disease_disease 1756184852506 360 215 touchmove 239.2 421.7 0.557445 0.557445 0 disease 0
disease_disease_disease 1756184852523 360 215 touchmove 258.7 418.3 0.583598 0.583598 0 disease 0
disease_disease_disease 1756184852540 360 215 touchmove 277.5 415.0 0.696049 0.696049 0 disease 0
disease_disease_disease 1756184852557 360 215 touchmove 296.2 411.1 0.718043 0.718043 0 disease 0
disease_disease_disease 1756184852574 360 215 touchmove 312.0 407.8 0.686560 0.686560 0 disease 0
disease_disease_disease 1756184852592 360 215 touchmove 322.6 406.2 0.792078 0.792078 0 disease 0
disease_disease_disease 1756184852609 360 215 touchmove 328.1 405.5 0.636113 0.636113 0 disease 0
disease_disease_disease 1756184852626 360 215 touchmove 327.9 405.1 0.573336 0.573336 0 disease 0
disease_disease_disease 1756184852643 360 215 touchmove 321.8 405.5 0.500127 0.500127 0 disease 0
disease_disease_disease 1756184852660 360 215 touchmove 310.0 407.0 0.714569 0.714569 0 disease 0
disease_disease_disease 1756184852678 360 215 touchmove 293.4 409.4 0.506429 0.506429 0 disease 0
disease_disease_disease 1756184852695 360 215 touchmove 274.7 411.9 0.714193 0.714193 0 disease 0
disease_disease_disease 1756184852712 360 215 touchmove 255.9 414.3 0.622554 0.622554 0 disease 0
disease_disease_disease 1756184852729 360 215 touchmove 237.1 416.4 0.643662 0.643662 0 disease 0
disease_disease_disease 1756184852746 360 215 touchmove 218.0 418.8 0.506202 0.506202 0 disease 0
disease_disease_disease 1756184852764 360 215 touchmove 199.8 421.8 0.517137 0.517137 0 disease 0
disease_disease_disease 1756184852781 360 215 touchmove 182.3 424.7 0.688724 0.688724 0 disease 0
disease_disease_disease 1756184852798 360 215 touchmove 164.4 428.4 0.601903 0.601903 0 disease 0
disease_disease_disease 1756184852815 360 215 touchmove 145.6 432.5 0.741973 0.741973 0 disease 0
disease_disease_disease 1756184852832 360 215 touchmove 126.6 436.4 0.793725 0.793725 0 disease 0
disease_disease_disease 1756184852849 360 215 touchmove 107.6 440.5 0.793471 0.793471 0 disease 0
disease_disease_disease 1756184852867 360 215 touchmove 89.1 444.8 0.529440 0.529440 0 disease 0
disease_disease_disease 1756184852884 360 215 touchmove 70.9 449.1 0.570128 0.570128 0 disease 0
disease_disease_disease 1756184852901 360 215 touchmove 52.5 452.7 0.768287 0.768287 0 disease 0
disease_disease_disease 1756184852918 360 215 touchmove 34.1 456.0 0.587220 0.587220 0 disease 0
disease_disease_disease 1756184852935 360 215 touchmove 16.1 458.7 0.692586 0.692586 0 disease 0
disease_disease_disease 1756184852953 360 215 touchmove 2.4 458.0 0.522177 0.522177 0 disease 0
disease_disease_disease 1756184852970 360 215 touchmove -7.1 455.0 0.685581 0.685581 0 disease 0
disease_disease_disease 1756184852987 360 215 touchmove -13.0 448.8 0.587638 0.587638 0 disease 0
disease_disease_disease 1756184853004 360 215 touchmove -16.4 440.9 0.748098 0.748098 0 disease 0
disease_disease_disease 1756184853021 360 215 touchmove -18.6 434.1 0.719940 0.719940 0 disease 0
disease_disease_disease 1756184853039 360 215 touchmove -20.3 428.1 0.623791 0.623791 0 disease 0
disease_disease_disease 1756184853056 360 215 touchmove -22.2 423.1 0.753911 0.753911 0 disease 0
disease_disease_disease 1756184853073 360 215 touchmove -28.2 422.9 0.587653 0.587653 0 disease 0
disease_disease_disease 1756184853090 360 215 touchmove -38.4 426.1 0.641022 0.641022 0 disease 0
disease_disease_disease 1756184853107 360 215 touchmove -52.2 432.9 0.555075 0.555075 0 disease 0
disease_disease_disease 1756184853125 360 215 touchmove -65.4 440.9 0.596140 0.596140 0 disease 0
disease_disease_disease 1756184853142 360 215 touchmove -74.2 447.7 0.527955 0.527955 0 disease 0
disease_disease_disease 1756184853159 360 215 touchmove -78.4 453.1 0.634514 0.634514 0 disease 0
disease_disease_disease 1756184853176 360 215 touchmove -77.5 457.8 0.536798 0.536798 0 disease 0
disease_disease_disease 1756184853193 360 215 touchmove -72.5 458.5 0.731123 0.731123 0 disease 0
disease_disease_disease 1756184853211 360 215 touchmove -62.7 455.6 0.636527 0.636527 0 disease 0
disease_disease_disease 1756184853228 360 215 touchmove -49.4 448.7 0.696160 0.696160 0 disease 0
disease_disease_disease 1756184853245 360 215 touchmove -36.4 439.9 0.641967 0.641967 0 disease 0
disease_disease_disease 1756184853262 360 215 touchmove -18.9 432.5 0.741833 0.741833 0 disease 0
disease_disease_disease 1756184853279 360 215 touchmove -12.8 413.7 0.644509 0.644509 0 disease 0
disease_disease_disease 1756184853297 360 215 touchend -5.8 401.3 0.724724 0.724724 0 disease 0