sentence timestamp keyb_width keyb_height event x_pos y_pos x_radius y_radius angle word is_err
party_party_party 1756184295429 360 215 touchstart 504.9 396.9 0.776792 0.776792 0 party 0
party_party_party 1756184295445 360 215 touchmove 493.0 396.8 0.626547 0.626547 0 party 0
party_party_party 1756184295462 360 215 touchmove 478.5 398.5 0.609511 0.609511 0 party 0
party_party_party 1756184295479 360 215 touchmove 466.8 401.1 0.762152 0.762152 0 party 0
party_party_party 1756184295496 360 215 touchmove 454.1 402.7 0.790134 0.790134 0 party 0
party_party_party 1756184295513 360 215 touchmove 441.6 404.5 0.789876 0.789876 0 party 0
party_party_party 1756184295530 360 215 touchmove 429.5 406.2 0.532866 0.532866 0 party 0
party_party_party 1756184295547 360 215 touchmove 417.4 407.9 0.713273 0.713273 0 party 0
party_party_party 1756184295564 360 215 touchmove 405.1 409.3 0.615593 0.615593 0 party 0
party_party_party 1756184295580 360 215 touchmove 392.9 410.7 0.608937 0.608937 0 party 0
party_party_party 1756184295597 360 215 touchmove 380.6 411.9 0.553708 0.553708 0 party 0
party_party_party 1756184295614 360 215 touchmove 368.5 413.2 0.657648 0.657648 0 party 0
party_party_party 1756184295631 360 215 touchmove 356.0 414.5 0.649283 0.649283 0 party 0
party_party_party 1756184295648 360 215 touchmove 344.0 415.8 0.587876 0.587876 0 party 0
party_party_party 1756184295665 360 215 touchmove 332.0 417.2 0.639333 0.639333 0 party 0
party_party_party 1756184295682 360 215 touchmove 319.8 418.7 0.580883 0.580883 0 party 0
party_party_party 1756184295699 360 215 touchmove 307.8 420.1 0.565950 0.565950 0 party 0
party_party_party 1756184295716 360 215 touchmove 295.8 421.7 0.699238 0.699238 0 party 0
party_party_party 1756184295732 360 215 touchmove 283.9 423.2 0.711321 0.711321 0 party 0
party_party_party 1756184295749 360 215 touchmove 272.2 424.6 0.749894 0.749894 0 party 0
party_party_party 1756184295766 360 215 touchmove 259.6 426.0 0.552991 0.552991 0 party 0
party_party_party 1756184295783 360 215 touchmove 247.2 427.3 0.743726 0.743726 0 party 0
party_party_party 1756184295800 360 215 touchmove 234.9 428.5 0.562250 0.562250 0 party 0
party_party_party 1756184295817 360 215 touchmove 222.8 429.8 0.706734 0.706734 0 party 0
party_party_party 1756184295834 360 215 touchmove 210.5 430.9 0.613487 0.613487 0 party 0
party_party_party 1756184295851 360 215 touchmove 197.8 432.0 0.704986 0.704986 0 party 0
party_party_party 1756184295867 360 215 touchmove 185.2 433.2 0.691370 0.691370 0 party 0
party_party_party 1756184295884 360 215 touchmove 172.9 434.4 0.725069 0.725069 0 party 0
party_party_party 1756184295901 360 215 touchmove 160.7 435.3 0.623407 0.623407 0 party 0
party_party_party 1756184295918 360 215 touchmove 148.6 436.6 0.614036 0.614036 0 party 0
party_party_party 1756184295935 360 215 touchmove 136.5 437.6 0.591725 0.591725 0 party 0
party_party_party 1756184295952 360 215 touchmove 124.6 438.5 0.627228 0.627228 0 party 0
party_party_party 1756184295969 360 215 touchmove 112.6 439.8 0.695216 0.695216 0 party 0
party_party_party 1756184295986 360 215 touchmove 100.4 441.0 0.728232 0.728232 0 party 0
party_party_party 1756184296003 360 215 touchmove 87.9 442.2 0.756750 0.756750 0 party 0
party_party_party 1756184296019 360 215 touchmove 75.3 443.6 0.710824 0.710824 0 party 0
party_party_party 1756184296036 360 215 touchmove 62.8 445.1 0.564721 0.564721 0 party 0
party_party_party 1756184296053 360 215 touchmove 50.3 446.6 0.548076 0.548076 0 party 0
party_party_party 1756184296070 360 215 touchmove 37.7 448.2 0.713394 0.713394 0 party 0
party_party_party 1756184296087 360 215 touchmove 25.3 449.6 0.698685 0.698685 0 party 0
party_party_party 1756184296104 360 215 touchmove 13.1 450.9 0.646006 0.646006 0 party 0
party_party_party 1756184296121 360 215 touchmove 1.0 452.1 0.548077 0.548077 0 party 0
party_party_party 1756184296138 360 215 touchmove -11.2 453.2 0.781676 0.781676 0 party 0
party_party_party 1756184296154 360 215 touchmove -23.5 454.2 0.727601 0.727601 0 party 0
party_party_party 1756184296171 360 215 touchmove -35.9 455.3 0.627291 0.627291 0 party 0
party_party_party 1756184296188 360 215 touchmove -48.3 456.6 0.592836 0.592836 0 party 0
party_party_party 1756184296205 360 215 touchmove -60.8 457.8 0.554168 0.554168 0 party 0
party_party_party 1756184296222 360 215 touchmove -72.8 459.1 0.549769 0.549769 0 party 0
party_party_party 1756184296239 360 215 touchmove -81.0 459.8 0.766207 0.766207 0 party 0
party_party_party 1756184296256 360 215 touchmove -85.9 459.5 0.621774 0.621774 0 party 0
party_party_party 1756184296273 360 215 touchmove -87.2 458.5 0.769297 0.769297 0 party 0
party_party_party 1756184296290 360 215 touchmove -85.7 456.3 0.774793 0.774793 0 party 0
party_party_party 1756184296306 360 215 touchmove -80.3 452.9 0.785876 0.785876 0 party 0
party_party_party 1756184296323 360 215 touchmove -71.3 449.1 0.703012 0.703012 0 party 0
party_party_party 1756184296340 360 215 touchmove -59.4 444.9 0.748413 0.748413 0 party 0
party_party_party 1756184296357 360 215 touchmove -47.7 440.5 0.553402 0.553402 0 party 0
party_party_party 1756184296374 360 215 touchmove -36.1 436.3 0.667981 0.667981 0 party 0
party_party_party 1756184296391 360 215 touchmove -24.6 432.3 0.513069 0.513069 0 party 0
party_party_party 1756184296408 360 215 touchmove -12.5 428.7 0.761308 0.761308 0 party 0
party_party_party 1756184296425 360 215 touchmove -0.7 425.3 0.709126 0.709126 0 party 0
party_party_party 1756184296441 360 215 touchmove 11.0 421.8 0.545240 0.545240 0 party 0
party_party_party 1756184296458 360 215 touchmove 22.7 418.2 0.624464 0.624464 0 party 0
party_party_party 1756184296475 360 215 touchmove 34.5 414.6 0.597640 0.597640 0 party 0
party_party_party 1756184296492 360 215 touchmove 46.4 411.1 0.777289 0.777289 0 party 0
party_party_party 1756184296509 360 215 touchmove 58.4 408.0 0.539307 0.539307 0 party 0
party_party_party 1756184296526 360 215 touchmove 70.1 405.2 0.577378 0.577378 0 party 0
party_party_party 1756184296543 360 215 touchmove 81.9 402.9 0.548438 0.548438 0 party 0
party_party_party 1756184296560 360 215 touchmove 93.8 401.3 0.598771 0.598771 0 party 0
party_party_party 1756184296577 360 215 touchmove 105.6 400.3 0.775025 0.775025 0 party 0
party_party_party 1756184296593 360 215 touchmove 117.6 399.7 0.651392 0.651392 0 party 0
party_party_party 1756184296610 360 215 touchmove 129.6 399.7 0.595061 0.595061 0 party 0
party_party_party 1756184296627 360 215 touchmove 141.6 399.8 0.689670 0.689670 0 party 0
party_party_party 1756184296644 360 215 touchmove 154.1 399.9 0.779278 0.779278 0 party 0
party_party_party 1756184296661 360 215 touchmove 166.5 400.0 0.699794 0.699794 0 party 0
party_party_party 1756184296678 360 215 touchmove 178.8 400.0 0.551220 0.551220 0 party 0
party_party_party 1756184296695 360 215 touchmove 191.9 399.8 0.562128 0.562128 0 party 0
party_party_party 1756184296712 360 215 touchmove 204.2 400.1 0.561421 0.561421 0 party 0
party_party_party 1756184296729 360 215 touchend 215.5 400.0 0.528234 0.528234 0 party 0