sentence timestamp keyb_width keyb_height event x_pos y_pos x_radius y_radius angle word is_err
idea_idea_idea 1756184849984 360 215 touchstart 363.1 402.6 0.651429 0.651429 0 idea 0
idea_idea_idea 1756184850001 360 215 touchmove 349.8 407.5 0.613006 0.613006 0 idea 0
idea_idea_idea 1756184850018 360 215 touchmove 333.3 410.4 0.695391 0.695391 0 idea 0
idea_idea_idea 1756184850036 360 215 touchmove 315.0 413.2 0.682994 0.682994 0 idea 0
idea_idea_idea 1756184850053 360 215 touchmove 298.8 416.2 0.640984 0.640984 0 idea 0
idea_idea_idea 1756184850071 360 215 touchmove 282.0 418.8 0.688744 0.688744 0 idea 0
idea_idea_idea 1756184850088 360 215 touchmove 265.2 421.6 0.630430 0.630430 0 idea 0
idea_idea_idea 1756184850106 360 215 touchmove 248.5 424.6 0.626082 0.626082 0 idea 0
idea_idea_idea 1756184850123 360 215 touchmove 232.6 427.1 0.741625 0.741625 0 idea 0
idea_idea_idea 1756184850141 360 215 touchmove 216.9 429.4 0.688532 0.688532 0 idea 0
idea_idea_idea 1756184850158 360 215 touchmove 201.5 432.6 0.764352 0.764352 0 idea 0
idea_idea_idea 1756184850176 360 215 touchmove 185.8 435.7 0.678640 0.678640 0 idea 0
idea_idea_idea 1756184850193 360 215 touchmove 169.9 438.9 0.602629 0.602629 0 idea 0
idea_idea_idea 1756184850211 360 215 touchmove 153.3 441.9 0.621096 0.621096 0 idea 0
idea_idea_idea 1756184850228 360 215 touchmove 137.4 444.7 0.571394 0.571394 0 idea 0
idea_idea_idea 1756184850246 360 215 touchmove 121.1 447.2 0.775763 0.775763 0 idea 0
idea_idea_idea 1756184850263 360 215 touchmove 104.5 450.4 0.792195 0.792195 0 idea 0
idea_idea_idea 1756184850281 360 215 touchmove 87.6 453.5 0.537990 0.537990 0 idea 0
idea_idea_idea 1756184850298 360 215 touchmove 71.5 454.6 0.633743 0.633743 0 idea 0
idea_idea_idea 1756184850316 360 215 touchmove 57.6 453.1 0.716243 0.716243 0 idea 0
idea_idea_idea 1756184850333 360 215 touchmove 45.6 448.7 0.584982 0.584982 0 idea 0
idea_idea_idea 1756184850351 360 215 touchmove 34.1 442.3 0.785629 0.785629 0 idea 0
idea_idea_idea 1756184850368 360 215 touchmove 23.1 435.0 0.763422 0.763422 0 idea 0
idea_idea_idea 1756184850386 360 215 touchmove 11.9 429.0 0.658975 0.658975 0 idea 0
idea_idea_idea 1756184850403 360 215 touchmove 1.1 423.3 0.581730 0.581730 0 idea 0
idea_idea_idea 1756184850421 360 215 touchmove -10.1 420.3 0.650187 0.650187 0 idea 0
idea_idea_idea 1756184850438 360 215 touchmove -22.8 420.7 0.606201 0.606201 0 idea 0
idea_idea_idea 1756184850456 360 215 touchmove -36.4 424.5 0.709558 0.709558 0 idea 0
idea_idea_idea 1756184850473 360 215 touchmove -51.0 431.4 0.648994 0.648994 0 idea 0
idea_idea_idea 1756184850491 360 215 touchmove -65.9 439.7 0.568492 0.568492 0 idea 0
idea_idea_idea 1756184850508 360 215 touchmove -79.8 447.1 0.766468 0.766468 0 idea 0
idea_idea_idea 1756184850526 360 215 touchmove -93.6 456.3 0.616449 0.616449 0 idea 0
idea_idea_idea 1756184850543 360 215 touchend -109.1 461.5 0.652217 0.652217 0 idea 0