sentence timestamp keyb_width keyb_height event x_pos y_pos x_radius y_radius angle word is_err
results_results_results 1756184850173 360 215 touchstart 70.9 397.7 0.715360 0.715360 0 results 0
results_results_results 1756184850190 360 215 touchmove 49.6 398.3 0.521352 0.521352 0 results 0
results_results_results 1756184850207 360 215 touchmove 29.4 398.8 0.642032 0.642032 0 results 0
results_results_results 1756184850224 360 215 touchmove 15.3 410.5 0.585857 0.585857 0 results 0
results_results_results 1756184850241 360 215 touchmove 0.8 419.8 0.508189 0.508189 0 results 0
results_results_results 1756184850258 360 215 touchmove -7.9 428.7 0.605173 0.605173 0 results 0
results_results_results 1756184850276 360 215 touchmove -10.9 436.9 0.524023 0.524023 0 results 0
results_results_results 1756184850293 360 215 touchmove -8.3 444.5 0.682810 0.682810 0 results 0
results_results_results 1756184850310 360 215 touchmove -0.6 450.3 0.714294 0.714294 0 results 0
results_results_results 1756184850327 360 215 touchmove 11.2 452.4 0.681734 0.681734 0 results 0
results_results_results 1756184850344 360 215 touchmove 27.4 451.9 0.771654 0.771654 0 results 0
results_results_results 1756184850362 360 215 touchmove 47.8 448.7 0.652342 0.652342 0 results 0
results_results_results 1756184850379 360 215 touchmove 68.1 444.8 0.713764 0.713764 0 results 0
results_results_results 1756184850396 360 215 touchmove 88.3 440.3 0.692799 0.692799 0 results 0
results_results_results 1756184850413 360 215 touchmove 108.9 436.3 0.546547 0.546547 0 results 0
results_results_results 1756184850430 360 215 touchmove 129.9 432.2 0.534437 0.534437 0 results 0
results_results_results 1756184850448 360 215 touchmove 150.8 427.4 0.593093 0.593093 0 results 0
results_results_results 1756184850465 360 215 touchmove 171.6 422.6 0.606104 0.606104 0 results 0
results_results_results 1756184850482 360 215 touchmove 192.1 417.8 0.558250 0.558250 0 results 0
results_results_results 1756184850499 360 215 touchmove 213.2 413.1 0.700090 0.700090 0 results 0
results_results_results 1756184850516 360 215 touchmove 234.3 409.7 0.548333 0.548333 0 results 0
results_results_results 1756184850534 360 215 touchmove 254.8 407.2 0.761436 0.761436 0 results 0
results_results_results 1756184850551 360 215 touchmove 274.5 407.0 0.687590 0.687590 0 results 0
results_results_results 1756184850568 360 215 touchmove 294.7 408.4 0.576677 0.576677 0 results 0
results_results_results 1756184850585 360 215 touchmove 314.4 410.9 0.650994 0.650994 0 results 0
results_results_results 1756184850602 360 215 touchmove 333.0 414.5 0.647078 0.647078 0 results 0
results_results_results 1756184850620 360 215 touchmove 351.4 420.3 0.534922 0.534922 0 results 0
results_results_results 1756184850637 360 215 touchmove 370.2 427.0 0.748408 0.748408 0 results 0
results_results_results 1756184850654 360 215 touchmove 389.3 433.7 0.519320 0.519320 0 results 0
results_results_results 1756184850671 360 215 touchmove 408.7 440.2 0.630289 0.630289 0 results 0
results_results_results 1756184850688 360 215 touchmove 422.4 445.3 0.681464 0.681464 0 results 0
results_results_results 1756184850705 360 215 touchmove 430.8 448.6 0.735390 0.735390 0 results 0
results_results_results 1756184850723 360 215 touchmove 433.9 450.4 0.538333 0.538333 0 results 0
results_results_results 1756184850740 360 215 touchmove 430.5 450.5 0.780619 0.780619 0 results 0
results_results_results 1756184850757 360 215 touchmove 421.3 449.5 0.784973 0.784973 0 results 0
results_results_results 1756184850774 360 215 touchmove 406.3 447.2 0.632304 0.632304 0 results 0
results_results_results 1756184850791 360 215 touchmove 385.9 444.1 0.678094 0.678094 0 results 0
results_results_results 1756184850809 360 215 touchmove 365.1 440.5 0.506288 0.506288 0 results 0
results_results_results 1756184850826 360 215 touchmove 344.2 437.4 0.697451 0.697451 0 results 0
results_results_results 1756184850843 360 215 touchmove 323.0 434.6 0.591383 0.591383 0 results 0
results_results_results 1756184850860 360 215 touchmove 302.1 432.1 0.727763 0.727763 0 results 0
results_results_results 1756184850877 360 215 touchmove 281.4 428.8 0.799910 0.799910 0 results 0
results_results_results 1756184850895 360 215 touchmove 260.2 425.2 0.610781 0.610781 0 results 0
results_results_results 1756184850912 360 215 touchmove 239.3 421.1 0.707693 0.707693 0 results 0
results_results_results 1756184850929 360 215 touchmove 218.9 417.0 0.538646 0.538646 0 results 0
results_results_results 1756184850946 360 215 touchmove 199.4 412.9 0.695286 0.695286 0 results 0
results_results_results 1756184850963 360 215 touchmove 179.9 410.5 0.677140 0.677140 0 results 0
results_results_results 1756184850981 360 215 touchmove 160.2 409.2 0.657213 0.657213 0 results 0
results_results_results 1756184850998 360 215 touchmove 140.3 409.8 0.595395 0.595395 0 results 0
results_results_results 1756184851015 360 215 touchmove 121.0 412.7 0.651394 0.651394 0 results 0
results_results_results 1756184851032 360 215 touchmove 101.4 417.6 0.799431 0.799431 0 results 0
results_results_results 1756184851049 360 215 touchmove 80.8 424.6 0.531154 0.531154 0 results 0
results_results_results 1756184851067 360 215 touchmove 59.6 432.1 0.734651 0.734651 0 results 0
results_results_results 1756184851084 360 215 touchmove 39.1 438.5 0.587949 0.587949 0 results 0
results_results_results 1756184851101 360 215 touchmove 19.1 445.4 0.532071 0.532071 0 results 0
results_results_results 1756184851118 360 215 touchmove -3.8 452.5 0.633776 0.633776 0 results 0
results_results_results 1756184851135 360 215 touchmove -21.4 453.9 0.534130 0.534130 0 results 0
results_results_results 1756184851153 360 215 touchend -39.2 462.8 0.590105 0.590105 0 results 0