sentence timestamp keyb_width keyb_height event x_pos y_pos x_radius y_radius angle word is_err
together_together_together 1756184295656 360 215 touchstart 145.4 398.9 0.749283 0.749283 0 together 0
together_together_together 1756184295672 360 215 touchmove 156.0 399.1 0.526653 0.526653 0 together 0
together_together_together 1756184295689 360 215 touchmove 168.1 398.1 0.629859 0.629859 0 together 0
together_together_together 1756184295706 360 215 touchmove 178.8 398.9 0.514890 0.514890 0 together 0
together_together_together 1756184295723 360 215 touchmove 189.8 399.2 0.623145 0.623145 0 together 0
together_together_together 1756184295740 360 215 touchmove 200.9 399.4 0.552053 0.552053 0 together 0
together_together_together 1756184295757 360 215 touchmove 211.6 399.7 0.661061 0.661061 0 together 0
together_together_together 1756184295774 360 215 touchmove 222.3 400.0 0.761499 0.761499 0 together 0
together_together_together 1756184295791 360 215 touchmove 233.0 400.3 0.524272 0.524272 0 together 0
together_together_together 1756184295808 360 215 touchmove 243.9 400.2 0.720299 0.720299 0 together 0
together_together_together 1756184295825 360 215 touchmove 254.7 399.9 0.687369 0.687369 0 together 0
together_together_together 1756184295842 360 215 touchmove 265.4 399.7 0.560161 0.560161 0 together 0
together_together_together 1756184295858 360 215 touchmove 275.8 399.4 0.568717 0.568717 0 together 0
together_together_together 1756184295875 360 215 touchmove 286.3 399.5 0.635476 0.635476 0 together 0
together_together_together 1756184295892 360 215 touchmove 296.8 399.6 0.733778 0.733778 0 together 0
together_together_together 1756184295909 360 215 touchmove 307.3 399.7 0.570640 0.570640 0 together 0
together_together_together 1756184295926 360 215 touchmove 317.7 399.9 0.701000 0.701000 0 together 0
together_together_together 1756184295943 360 215 touchmove 328.3 399.9 0.575034 0.575034 0 together 0
together_together_together 1756184295960 360 215 touchmove 339.0 400.0 0.575033 0.575033 0 together 0
together_together_together 1756184295977 360 215 touchmove 349.9 399.8 0.596506 0.596506 0 together 0
together_together_together 1756184295994 360 215 touchmove 360.9 399.3 0.769844 0.769844 0 together 0
together_together_together 1756184296011 360 215 touchmove 372.1 399.0 0.626401 0.626401 0 together 0
together_together_together 1756184296028 360 215 touchmove 383.2 398.8 0.630682 0.630682 0 together 0
together_together_together 1756184296044 360 215 touchmove 394.1 398.7 0.530928 0.530928 0 together 0
together_together_together 1756184296061 360 215 touchmove 403.5 399.1 0.576550 0.576550 0 together 0
together_together_together 1756184296078 360 215 touchmove 409.7 399.8 0.791115 0.791115 0 together 0
together_together_together 1756184296095 360 215 touchmove 412.7 401.1 0.710816 0.710816 0 together 0
together_together_together 1756184296112 360 215 touchmove 412.8 402.8 0.769231 0.769231 0 together 0
together_together_together 1756184296129 360 215 touchmove 409.8 404.6 0.759499 0.759499 0 together 0
together_together_together 1756184296146 360 215 touchmove 403.8 406.9 0.727570 0.727570 0 together 0
together_together_together 1756184296163 360 215 touchmove 394.8 409.0 0.610240 0.610240 0 together 0
together_together_together 1756184296180 360 215 touchmove 384.4 411.0 0.555663 0.555663 0 together 0
together_together_together 1756184296197 360 215 touchmove 373.8 413.0 0.664496 0.664496 0 together 0
together_together_together 1756184296214 360 215 touchmove 363.0 415.3 0.635004 0.635004 0 together 0
together_together_together 1756184296230 360 215 touchmove 352.4 417.7 0.764724 0.764724 0 together 0
together_together_together 1756184296247 360 215 touchmove 341.9 420.3 0.541908 0.541908 0 together 0
together_together_together 1756184296264 360 215 touchmove 331.2 423.1 0.736704 0.736704 0 together 0
together_together_together 1756184296281 360 215 touchmove 320.6 426.0 0.642506 0.642506 0 together 0
together_together_together 1756184296298 360 215 touchmove 309.9 429.2 0.789613 0.789613 0 together 0
together_together_together 1756184296315 360 215 touchmove 299.5 432.2 0.515039 0.515039 0 together 0
together_together_together 1756184296332 360 215 touchmove 289.4 435.2 0.627035 0.627035 0 together 0
together_together_together 1756184296349 360 215 touchmove 278.7 438.2 0.743008 0.743008 0 together 0
together_together_together 1756184296366 360 215 touchmove 268.1 441.0 0.630128 0.630128 0 together 0
together_together_together 1756184296383 360 215 touchmove 257.5 443.6 0.518761 0.518761 0 together 0
together_together_together 1756184296400 360 215 touchmove 246.8 446.2 0.716090 0.716090 0 together 0
together_together_together 1756184296416 360 215 touchmove 236.0 448.9 0.731317 0.731317 0 together 0
together_together_together 1756184296433 360 215 touchmove 225.3 451.6 0.540476 0.540476 0 together 0
together_together_together 1756184296450 360 215 touchmove 214.7 454.3 0.718111 0.718111 0 together 0
together_together_together 1756184296467 360 215 touchmove 204.4 456.0 0.736568 0.736568 0 together 0
together_together_together 1756184296484 360 215 touchmove 193.9 457.1 0.799256 0.799256 0 together 0
together_together_together 1756184296501 360 215 touchmove 183.4 457.5 0.639279 0.639279 0 together 0
together_together_together 1756184296518 360 215 touchmove 173.3 456.9 0.760156 0.760156 0 together 0
together_together_together 1756184296535 360 215 touchmove 163.1 455.4 0.637261 0.637261 0 together 0
together_together_together 1756184296552 360 215 touchmove 152.6 453.2 0.597953 0.597953 0 together 0
together_together_together 1756184296569 360 215 touchmove 142.1 450.2 0.612328 0.612328 0 together 0
together_together_together 1756184296586 360 215 touchmove 131.5 446.8 0.604368 0.604368 0 together 0
together_together_together 1756184296602 360 215 touchmove 121.2 443.3 0.592555 0.592555 0 together 0
together_together_together 1756184296619 360 215 touchmove 111.1 439.6 0.634705 0.634705 0 together 0
together_together_together 1756184296636 360 215 touchmove 100.6 435.9 0.674411 0.674411 0 together 0
together_together_together 1756184296653 360 215 touchmove 90.3 432.1 0.776402 0.776402 0 together 0
together_together_together 1756184296670 360 215 touchmove 80.5 428.3 0.723850 0.723850 0 together 0
together_together_together 1756184296687 360 215 touchmove 70.8 424.2 0.559974 0.559974 0 together 0
together_together_together 1756184296704 360 215 touchmove 60.7 420.3 0.785423 0.785423 0 together 0
together_together_together 1756184296721 360 215 touchmove 50.4 416.6 0.515868 0.515868 0 together 0
together_together_together 1756184296738 360 215 touchmove 39.8 413.1 0.707114 0.707114 0 together 0
together_together_together 1756184296755 360 215 touchmove 29.9 409.5 0.782602 0.782602 0 together 0
together_together_together 1756184296772 360 215 touchmove 23.0 406.5 0.795732 0.795732 0 together 0
together_together_together 1756184296789 360 215 touchmove 18.9 404.2 0.600063 0.600063 0 together 0
together_together_together 1756184296805 360 215 touchmove 17.9 402.2 0.529628 0.529628 0 together 0
together_together_together 1756184296822 360 215 touchmove 20.1 400.8 0.772544 0.772544 0 together 0
together_together_together 1756184296839 360 215 touchmove 25.4 399.9 0.736020 0.736020 0 together 0
together_together_together 1756184296856 360 215 touchmove 33.8 399.5 0.657210 0.657210 0 together 0
together_together_together 1756184296873 360 215 touchmove 44.8 399.8 0.699556 0.699556 0 together 0
together_together_together 1756184296890 360 215 touchmove 55.7 400.5 0.647740 0.647740 0 together 0
together_together_together 1756184296907 360 215 touchmove 66.6 400.9 0.619463 0.619463 0 together 0
together_together_together 1756184296924 360 215 touchmove 77.6 401.2 0.673019 0.673019 0 together 0
together_together_together 1756184296941 360 215 touchmove 88.7 401.5 0.551848 0.551848 0 together 0
together_together_together 1756184296958 360 215 touchmove 99.7 401.5 0.517139 0.517139 0 together 0
together_together_together 1756184296975 360 215 touchmove 110.8 401.6 0.686711 0.686711 0 together 0
together_together_together 1756184296991 360 215 touchmove 121.5 402.1 0.552408 0.552408 0 together 0
together_together_together 1756184297008 360 215 touchmove 132.0 403.2 0.658676 0.658676 0 together 0
together_together_together 1756184297025 360 215 touchmove 142.1 404.9 0.796179 0.796179 0 together 0
together_together_together 1756184297042 360 215 touchmove 152.0 407.6 0.540023 0.540023 0 together 0
together_together_together 1756184297059 360 215 touchmove 161.4 411.2 0.559101 0.559101 0 together 0
together_together_together 1756184297076 360 215 touchmove 170.8 415.5 0.709053 0.709053 0 together 0
together_together_together 1756184297093 360 215 touchmove 180.3 420.5 0.576218 0.576218 0 together 0
together_together_together 1756184297110 360 215 touchmove 189.9 425.9 0.631665 0.631665 0 together 0
together_together_together 1756184297127 360 215 touchmove 199.4 431.1 0.594610 0.594610 0 together 0
together_together_together 1756184297144 360 215 touchmove 209.0 436.5 0.622351 0.622351 0 together 0
together_together_together 1756184297161 360 215 touchmove 218.5 441.9 0.735213 0.735213 0 together 0
together_together_together 1756184297177 360 215 touchmove 226.9 446.7 0.504356 0.504356 0 together 0
together_together_together 1756184297194 360 215 touchmove 232.3 450.4 0.717911 0.717911 0 together 0
together_together_together 1756184297211 360 215 touchmove 234.7 452.7 0.736379 0.736379 0 together 0
together_together_together 1756184297228 360 215 touchmove 234.2 453.7 0.645577 0.645577 0 together 0
together_together_together 1756184297245 360 215 touchmove 231.0 454.0 0.646417 0.646417 0 together 0
together_together_together 1756184297262 360 215 touchmove 225.1 453.3 0.509288 0.509288 0 together 0
together_together_together 1756184297279 360 215 touchmove 216.2 451.6 0.667948 0.667948 0 together 0
together_together_together 1756184297296 360 215 touchmove 205.7 449.3 0.578962 0.578962 0 together 0
together_together_together 1756184297313 360 215 touchmove 195.3 447.0 0.746024 0.746024 0 together 0
together_together_together 1756184297330 360 215 touchmove 184.8 444.8 0.720799 0.720799 0 together 0
together_together_together 1756184297347 360 215 touchmove 174.5 442.8 0.716650 0.716650 0 together 0
together_together_together 1756184297363 360 215 touchmove 163.9 440.4 0.775642 0.775642 0 together 0
together_together_together 1756184297380 360 215 touchmove 153.3 437.8 0.687704 0.687704 0 together 0
together_together_together 1756184297397 360 215 touchmove 143.0 435.0 0.586669 0.586669 0 together 0
together_together_together 1756184297414 360 215 touchmove 132.8 432.3 0.693828 0.693828 0 together 0
together_together_together 1756184297431 360 215 touchmove 122.3 429.8 0.518909 0.518909 0 together 0
together_together_together 1756184297448 360 215 touchmove 111.8 427.2 0.664914 0.664914 0 together 0
together_together_together 1756184297465 360 215 touchmove 101.0 424.4 0.536994 0.536994 0 together 0
together_together_together 1756184297482 360 215 touchmove 90.5 421.6 0.659435 0.659435 0 together 0
together_together_together 1756184297499 360 215 touchmove 79.9 418.7 0.721311 0.721311 0 together 0
together_together_together 1756184297516 360 215 touchmove 69.0 416.2 0.667448 0.667448 0 together 0
together_together_together 1756184297533 360 215 touchmove 58.0 413.4 0.548151 0.548151 0 together 0
together_together_together 1756184297549 360 215 touchmove 46.9 410.5 0.598301 0.598301 0 together 0
together_together_together 1756184297566 360 215 touchmove 35.8 407.9 0.694669 0.694669 0 together 0
together_together_together 1756184297583 360 215 touchmove 26.5 405.3 0.672344 0.672344 0 together 0
together_together_together 1756184297600 360 215 touchmove 20.5 403.0 0.540619 0.540619 0 together 0
together_together_together 1756184297617 360 215 touchmove 17.8 401.4 0.776061 0.776061 0 together 0
together_together_together 1756184297634 360 215 touchmove 18.2 400.1 0.696710 0.696710 0 together 0
together_together_together 1756184297651 360 215 touchmove 21.8 399.2 0.603448 0.603448 0 together 0
together_together_together 1756184297668 360 215 touchmove 28.5 398.6 0.647292 0.647292 0 together 0
together_together_together 1756184297685 360 215 touchmove 38.2 398.3 0.504327 0.504327 0 together 0
together_together_together 1756184297702 360 215 touchmove 50.5 398.7 0.539878 0.539878 0 together 0
together_together_together 1756184297719 360 215 touchmove 60.2 398.1 0.676909 0.676909 0 together 0
together_together_together 1756184297736 360 215 touchend 69.7 398.4 0.775237 0.775237 0 together 0