sentence timestamp keyb_width keyb_height event x_pos y_pos x_radius y_radius angle word is_err
caused_caused_caused 1756184852564 360 215 touchstart 72.0 524.8 0.661141 0.661141 0 caused 0
caused_caused_caused 1756184852580 360 215 touchmove 60.2 520.7 0.671242 0.671242 0 caused 0
caused_caused_caused 1756184852597 360 215 touchmove 48.1 517.6 0.597427 0.597427 0 caused 0
caused_caused_caused 1756184852614 360 215 touchmove 36.5 513.6 0.634851 0.634851 0 caused 0
caused_caused_caused 1756184852631 360 215 touchmove 24.7 509.6 0.539352 0.539352 0 caused 0
caused_caused_caused 1756184852648 360 215 touchmove 12.9 505.6 0.580243 0.580243 0 caused 0
caused_caused_caused 1756184852665 360 215 touchmove 1.2 501.5 0.749403 0.749403 0 caused 0
caused_caused_caused 1756184852682 360 215 touchmove -10.7 497.3 0.521948 0.521948 0 caused 0
caused_caused_caused 1756184852699 360 215 touchmove -22.4 493.1 0.611671 0.611671 0 caused 0
caused_caused_caused 1756184852716 360 215 touchmove -34.0 488.8 0.752117 0.752117 0 caused 0
caused_caused_caused 1756184852733 360 215 touchmove -45.8 484.7 0.543453 0.543453 0 caused 0
caused_caused_caused 1756184852750 360 215 touchmove -57.7 480.6 0.683625 0.683625 0 caused 0
caused_caused_caused 1756184852767 360 215 touchmove -69.4 476.5 0.546122 0.546122 0 caused 0
caused_caused_caused 1756184852784 360 215 touchmove -78.3 472.7 0.554711 0.554711 0 caused 0
caused_caused_caused 1756184852801 360 215 touchmove -83.8 469.2 0.768565 0.768565 0 caused 0
caused_caused_caused 1756184852818 360 215 touchmove -85.9 465.9 0.630394 0.630394 0 caused 0
caused_caused_caused 1756184852835 360 215 touchmove -84.6 462.8 0.794322 0.794322 0 caused 0
caused_caused_caused 1756184852852 360 215 touchmove -79.9 460.0 0.586460 0.586460 0 caused 0
caused_caused_caused 1756184852868 360 215 touchmove -71.8 457.5 0.796524 0.796524 0 caused 0
caused_caused_caused 1756184852885 360 215 touchmove -60.3 455.4 0.751701 0.751701 0 caused 0
caused_caused_caused 1756184852902 360 215 touchmove -48.2 453.2 0.603941 0.603941 0 caused 0
caused_caused_caused 1756184852919 360 215 touchmove -36.0 450.9 0.627051 0.627051 0 caused 0
caused_caused_caused 1756184852936 360 215 touchmove -23.8 448.8 0.564114 0.564114 0 caused 0
caused_caused_caused 1756184852953 360 215 touchmove -11.4 446.7 0.735850 0.735850 0 caused 0
caused_caused_caused 1756184852970 360 215 touchmove 1.0 444.7 0.721675 0.721675 0 caused 0
caused_caused_caused 1756184852987 360 215 touchmove 13.4 442.7 0.577688 0.577688 0 caused 0
caused_caused_caused 1756184853004 360 215 touchmove 25.8 440.6 0.521723 0.521723 0 caused 0
caused_caused_caused 1756184853021 360 215 touchmove 38.2 438.6 0.719942 0.719942 0 caused 0
caused_caused_caused 1756184853038 360 215 touchmove 50.6 436.6 0.622342 0.622342 0 caused 0
caused_caused_caused 1756184853055 360 215 touchmove 62.8 434.5 0.696073 0.696073 0 caused 0
caused_caused_caused 1756184853072 360 215 touchmove 75.1 432.5 0.575501 0.575501 0 caused 0
caused_caused_caused 1756184853089 360 215 touchmove 87.4 430.4 0.540147 0.540147 0 caused 0
caused_caused_caused 1756184853106 360 215 touchmove 99.7 428.4 0.596104 0.596104 0 caused 0
caused_caused_caused 1756184853123 360 215 touchmove 112.1 426.5 0.552269 0.552269 0 caused 0
caused_caused_caused 1756184853140 360 215 touchmove 124.5 424.7 0.613745 0.613745 0 caused 0
caused_caused_caused 1756184853156 360 215 touchmove 136.9 422.9 0.508694 0.508694 0 caused 0
caused_caused_caused 1756184853173 360 215 touchmove 149.4 421.0 0.787252 0.787252 0 caused 0
caused_caused_caused 1756184853190 360 215 touchmove 161.8 419.1 0.542130 0.542130 0 caused 0
caused_caused_caused 1756184853207 360 215 touchmove 174.2 417.3 0.571628 0.571628 0 caused 0
caused_caused_caused 1756184853224 360 215 touchmove 186.6 415.4 0.562224 0.562224 0 caused 0
caused_caused_caused 1756184853241 360 215 touchmove 199.0 413.4 0.563746 0.563746 0 caused 0
caused_caused_caused 1756184853258 360 215 touchmove 211.4 411.3 0.793795 0.793795 0 caused 0
caused_caused_caused 1756184853275 360 215 touchmove 223.7 409.2 0.677661 0.677661 0 caused 0
caused_caused_caused 1756184853292 360 215 touchmove 235.8 407.4 0.722909 0.722909 0 caused 0
caused_caused_caused 1756184853309 360 215 touchmove 248.1 405.6 0.722049 0.722049 0 caused 0
caused_caused_caused 1756184853326 360 215 touchmove 257.5 404.4 0.526605 0.526605 0 caused 0
caused_caused_caused 1756184853343 360 215 touchmove 263.4 403.8 0.766841 0.766841 0 caused 0
caused_caused_caused 1756184853360 360 215 touchmove 265.9 403.7 0.774987 0.774987 0 caused 0
caused_caused_caused 1756184853377 360 215 touchmove 264.8 404.3 0.694638 0.694638 0 caused 0
caused_caused_caused 1756184853394 360 215 touchmove 260.1 405.5 0.515978 0.515978 0 caused 0
caused_caused_caused 1756184853411 360 215 touchmove 252.3 407.3 0.666364 0.666364 0 caused 0
caused_caused_caused 1756184853428 360 215 touchmove 240.7 409.6 0.661174 0.661174 0 caused 0
caused_caused_caused 1756184853444 360 215 touchmove 228.4 412.0 0.540167 0.540167 0 caused 0
caused_caused_caused 1756184853461 360 215 touchmove 216.2 414.5 0.727648 0.727648 0 caused 0
caused_caused_caused 1756184853478 360 215 touchmove 203.8 417.1 0.605480 0.605480 0 caused 0
caused_caused_caused 1756184853495 360 215 touchmove 191.5 419.6 0.775847 0.775847 0 caused 0
caused_caused_caused 1756184853512 360 215 touchmove 179.3 422.0 0.750891 0.750891 0 caused 0
caused_caused_caused 1756184853529 360 215 touchmove 167.0 424.4 0.756134 0.756134 0 caused 0
caused_caused_caused 1756184853546 360 215 touchmove 154.7 426.8 0.534506 0.534506 0 caused 0
caused_caused_caused 1756184853563 360 215 touchmove 142.5 429.0 0.504394 0.504394 0 caused 0
caused_caused_caused 1756184853580 360 215 touchmove 130.3 431.2 0.522224 0.522224 0 caused 0
caused_caused_caused 1756184853597 360 215 touchmove 118.1 433.4 0.796395 0.796395 0 caused 0
caused_caused_caused 1756184853614 360 215 touchmove 105.8 435.7 0.575367 0.575367 0 caused 0
caused_caused_caused 1756184853631 360 215 touchmove 93.6 438.1 0.521104 0.521104 0 caused 0
caused_caused_caused 1756184853648 360 215 touchmove 81.2 440.4 0.782989 0.782989 0 caused 0
caused_caused_caused 1756184853665 360 215 touchmove 68.9 442.6 0.684810 0.684810 0 caused 0
caused_caused_caused 1756184853682 360 215 touchmove 56.6 445.0 0.777198 0.777198 0 caused 0
caused_caused_caused 1756184853699 360 215 touchmove 44.2 447.3 0.675363 0.675363 0 caused 0
caused_caused_caused 1756184853716 360 215 touchmove 31.8 449.6 0.560681 0.560681 0 caused 0
caused_caused_caused 1756184853732 360 215 touchmove 19.3 451.8 0.762547 0.762547 0 caused 0
caused_caused_caused 1756184853749 360 215 touchmove 7.0 454.0 0.594174 0.594174 0 caused 0
caused_caused_caused 1756184853766 360 215 touchmove -4.0 455.4 0.779799 0.779799 0 caused 0
caused_caused_caused 1756184853783 360 215 touchmove -12.5 454.9 0.560998 0.560998 0 caused 0
caused_caused_caused 1756184853800 360 215 touchmove -18.3 452.4 0.707615 0.707615 0 caused 0
caused_caused_caused 1756184853817 360 215 touchmove -21.6 448.2 0.705654 0.705654 0 caused 0
caused_caused_caused 1756184853834 360 215 touchmove -22.1 442.0 0.713271 0.713271 0 caused 0
caused_caused_caused 1756184853851 360 215 touchmove -19.9 434.1 0.509519 0.509519 0 caused 0
caused_caused_caused 1756184853868 360 215 touchmove -14.9 426.5 0.784418 0.784418 0 caused 0
caused_caused_caused 1756184853885 360 215 touchmove -8.5 421.1 0.533385 0.533385 0 caused 0
caused_caused_caused 1756184853902 360 215 touchmove -1.9 418.8 0.779450 0.779450 0 caused 0
caused_caused_caused 1756184853919 360 215 touchmove 4.7 419.6 0.617519 0.617519 0 caused 0
caused_caused_caused 1756184853936 360 215 touchmove 11.3 423.5 0.755340 0.755340 0 caused 0
caused_caused_caused 1756184853953 360 215 touchmove 17.8 430.4 0.657303 0.657303 0 caused 0
caused_caused_caused 1756184853970 360 215 touchmove 24.6 439.7 0.728038 0.728038 0 caused 0
caused_caused_caused 1756184853987 360 215 touchmove 30.6 451.3 0.610923 0.610923 0 caused 0
caused_caused_caused 1756184854004 360 215 touchend 36.1 462.7 0.741697 0.741697 0 caused 0