sentence timestamp keyb_width keyb_height event x_pos y_pos x_radius y_radius angle word is_err
field_field_field 1756184850126 360 215 touchstart 108.6 462.0 0.565808 0.565808 0 field 0
field_field_field 1756184850142 360 215 touchmove 129.4 456.8 0.734887 0.734887 0 field 0
field_field_field 1756184850159 360 215 touchmove 149.9 451.7 0.679940 0.679940 0 field 0
field_field_field 1756184850176 360 215 touchmove 170.5 446.3 0.765828 0.765828 0 field 0
field_field_field 1756184850193 360 215 touchmove 191.2 441.1 0.694941 0.694941 0 field 0
field_field_field 1756184850210 360 215 touchmove 211.9 435.8 0.735345 0.735345 0 field 0
field_field_field 1756184850227 360 215 touchmove 232.7 430.6 0.530740 0.530740 0 field 0
field_field_field 1756184850244 360 215 touchmove 253.5 425.5 0.694965 0.694965 0 field 0
field_field_field 1756184850261 360 215 touchmove 274.5 420.3 0.548159 0.548159 0 field 0
field_field_field 1756184850278 360 215 touchmove 295.6 415.3 0.751914 0.751914 0 field 0
field_field_field 1756184850295 360 215 touchmove 311.1 411.0 0.722852 0.722852 0 field 0
field_field_field 1756184850311 360 215 touchmove 320.7 407.5 0.769946 0.769946 0 field 0
field_field_field 1756184850328 360 215 touchmove 324.2 404.7 0.671687 0.671687 0 field 0
field_field_field 1756184850345 360 215 touchmove 321.3 402.7 0.743179 0.743179 0 field 0
field_field_field 1756184850362 360 215 touchmove 312.3 401.3 0.551164 0.551164 0 field 0
field_field_field 1756184850379 360 215 touchmove 297.4 400.7 0.508564 0.508564 0 field 0
field_field_field 1756184850396 360 215 touchmove 276.3 400.9 0.548020 0.548020 0 field 0
field_field_field 1756184850413 360 215 touchmove 254.8 400.9 0.673804 0.673804 0 field 0
field_field_field 1756184850430 360 215 touchmove 233.1 400.9 0.602961 0.602961 0 field 0
field_field_field 1756184850447 360 215 touchmove 211.6 400.9 0.608159 0.608159 0 field 0
field_field_field 1756184850464 360 215 touchmove 190.2 401.0 0.568148 0.568148 0 field 0
field_field_field 1756184850480 360 215 touchmove 168.7 400.9 0.697601 0.697601 0 field 0
field_field_field 1756184850497 360 215 touchmove 147.1 400.8 0.798310 0.798310 0 field 0
field_field_field 1756184850514 360 215 touchmove 125.5 400.8 0.585879 0.585879 0 field 0
field_field_field 1756184850531 360 215 touchmove 103.9 400.9 0.629946 0.629946 0 field 0
field_field_field 1756184850548 360 215 touchmove 82.4 401.0 0.534058 0.534058 0 field 0
field_field_field 1756184850565 360 215 touchmove 61.6 401.0 0.671171 0.671171 0 field 0
field_field_field 1756184850582 360 215 touchmove 47.1 401.3 0.521603 0.521603 0 field 0
field_field_field 1756184850599 360 215 touchmove 38.7 402.2 0.730777 0.730777 0 field 0
field_field_field 1756184850616 360 215 touchmove 36.5 403.5 0.609117 0.609117 0 field 0
field_field_field 1756184850633 360 215 touchmove 40.3 405.0 0.632005 0.632005 0 field 0
field_field_field 1756184850649 360 215 touchmove 50.2 406.9 0.506771 0.506771 0 field 0
field_field_field 1756184850666 360 215 touchmove 66.3 409.1 0.776514 0.776514 0 field 0
field_field_field 1756184850683 360 215 touchmove 87.7 411.7 0.631280 0.631280 0 field 0
field_field_field 1756184850700 360 215 touchmove 109.1 414.4 0.607220 0.607220 0 field 0
field_field_field 1756184850717 360 215 touchmove 130.4 417.2 0.606067 0.606067 0 field 0
field_field_field 1756184850734 360 215 touchmove 151.8 419.9 0.749753 0.749753 0 field 0
field_field_field 1756184850751 360 215 touchmove 173.1 422.6 0.600839 0.600839 0 field 0
field_field_field 1756184850768 360 215 touchmove 194.5 425.3 0.671654 0.671654 0 field 0
field_field_field 1756184850785 360 215 touchmove 215.6 428.1 0.547763 0.547763 0 field 0
field_field_field 1756184850802 360 215 touchmove 236.7 431.0 0.652458 0.652458 0 field 0
field_field_field 1756184850818 360 215 touchmove 257.9 434.0 0.596644 0.596644 0 field 0
field_field_field 1756184850835 360 215 touchmove 279.0 436.8 0.597864 0.597864 0 field 0
field_field_field 1756184850852 360 215 touchmove 300.1 439.7 0.557384 0.557384 0 field 0
field_field_field 1756184850869 360 215 touchmove 321.3 442.6 0.572165 0.572165 0 field 0
field_field_field 1756184850886 360 215 touchmove 342.4 445.5 0.637239 0.637239 0 field 0
field_field_field 1756184850903 360 215 touchmove 363.7 448.4 0.691607 0.691607 0 field 0
field_field_field 1756184850920 360 215 touchmove 385.1 451.3 0.569069 0.569069 0 field 0
field_field_field 1756184850937 360 215 touchmove 405.7 454.0 0.703126 0.703126 0 field 0
field_field_field 1756184850954 360 215 touchmove 420.3 456.4 0.645038 0.645038 0 field 0
field_field_field 1756184850971 360 215 touchmove 428.8 458.5 0.725161 0.725161 0 field 0
field_field_field 1756184850987 360 215 touchmove 431.2 460.2 0.790382 0.790382 0 field 0
field_field_field 1756184851004 360 215 touchmove 427.4 461.6 0.612074 0.612074 0 field 0
field_field_field 1756184851021 360 215 touchmove 417.6 462.4 0.503152 0.503152 0 field 0
field_field_field 1756184851038 360 215 touchmove 401.5 462.8 0.537029 0.537029 0 field 0
field_field_field 1756184851055 360 215 touchmove 380.2 462.9 0.665907 0.665907 0 field 0
field_field_field 1756184851072 360 215 touchmove 358.6 462.8 0.537439 0.537439 0 field 0
field_field_field 1756184851089 360 215 touchmove 337.0 462.8 0.627129 0.627129 0 field 0
field_field_field 1756184851106 360 215 touchmove 315.4 462.8 0.558765 0.558765 0 field 0
field_field_field 1756184851123 360 215 touchmove 293.8 462.7 0.603624 0.603624 0 field 0
field_field_field 1756184851140 360 215 touchmove 272.0 462.9 0.740832 0.740832 0 field 0
field_field_field 1756184851156 360 215 touchmove 250.4 463.1 0.535450 0.535450 0 field 0
field_field_field 1756184851173 360 215 touchmove 228.8 463.4 0.589729 0.589729 0 field 0
field_field_field 1756184851190 360 215 touchmove 207.5 463.6 0.505557 0.505557 0 field 0
field_field_field 1756184851207 360 215 touchmove 186.0 463.7 0.736001 0.736001 0 field 0
field_field_field 1756184851224 360 215 touchmove 164.4 463.7 0.510044 0.510044 0 field 0
field_field_field 1756184851241 360 215 touchmove 143.1 463.7 0.647801 0.647801 0 field 0
field_field_field 1756184851258 360 215 touchmove 121.7 463.5 0.722638 0.722638 0 field 0
field_field_field 1756184851275 360 215 touchmove 100.2 463.3 0.692606 0.692606 0 field 0
field_field_field 1756184851292 360 215 touchmove 78.7 462.7 0.640814 0.640814 0 field 0
field_field_field 1756184851309 360 215 touchmove 57.1 462.5 0.527269 0.527269 0 field 0
field_field_field 1756184851326 360 215 touchend 35.3 462.8 0.560931 0.560931 0 field 0