sentence timestamp keyb_width keyb_height event x_pos y_pos x_radius y_radius angle word is_err
lost_lost_lost 1756184295822 360 215 touchstart 468.7 457.8 0.709872 0.709872 0 lost 0
lost_lost_lost 1756184295839 360 215 touchmove 457.6 437.2 0.506823 0.506823 0 lost 0
lost_lost_lost 1756184295856 360 215 touchmove 446.3 417.0 0.798471 0.798471 0 lost 0
lost_lost_lost 1756184295874 360 215 touchmove 424.5 419.1 0.782363 0.782363 0 lost 0
lost_lost_lost 1756184295891 360 215 touchmove 406.4 413.0 0.519531 0.519531 0 lost 0
lost_lost_lost 1756184295909 360 215 touchmove 386.5 410.4 0.749053 0.749053 0 lost 0
lost_lost_lost 1756184295926 360 215 touchmove 365.1 410.9 0.727292 0.727292 0 lost 0
lost_lost_lost 1756184295944 360 215 touchmove 342.2 414.7 0.725068 0.725068 0 lost 0
lost_lost_lost 1756184295961 360 215 touchmove 319.2 418.2 0.671956 0.671956 0 lost 0
lost_lost_lost 1756184295979 360 215 touchmove 296.7 420.8 0.517694 0.517694 0 lost 0
lost_lost_lost 1756184295996 360 215 touchmove 273.9 423.8 0.673616 0.673616 0 lost 0
lost_lost_lost 1756184296014 360 215 touchmove 251.7 427.0 0.597221 0.597221 0 lost 0
lost_lost_lost 1756184296031 360 215 touchmove 229.9 429.4 0.538534 0.538534 0 lost 0
lost_lost_lost 1756184296049 360 215 touchmove 208.1 433.0 0.646229 0.646229 0 lost 0
lost_lost_lost 1756184296066 360 215 touchmove 185.8 437.1 0.641007 0.641007 0 lost 0
lost_lost_lost 1756184296084 360 215 touchmove 163.2 440.3 0.551070 0.551070 0 lost 0
lost_lost_lost 1756184296101 360 215 touchmove 140.7 443.3 0.787364 0.787364 0 lost 0
lost_lost_lost 1756184296119 360 215 touchmove 118.2 445.5 0.757932 0.757932 0 lost 0
lost_lost_lost 1756184296136 360 215 touchmove 95.5 447.9 0.764767 0.764767 0 lost 0
lost_lost_lost 1756184296154 360 215 touchmove 72.0 451.0 0.744245 0.744245 0 lost 0
lost_lost_lost 1756184296171 360 215 touchmove 48.1 452.9 0.559373 0.559373 0 lost 0
lost_lost_lost 1756184296189 360 215 touchmove 27.0 455.1 0.630689 0.630689 0 lost 0
lost_lost_lost 1756184296206 360 215 touchmove 12.2 456.2 0.603650 0.603650 0 lost 0
lost_lost_lost 1756184296224 360 215 touchmove 3.3 455.3 0.722680 0.722680 0 lost 0
lost_lost_lost 1756184296241 360 215 touchmove 1.0 453.6 0.733123 0.733123 0 lost 0
lost_lost_lost 1756184296259 360 215 touchmove 4.9 450.2 0.743456 0.743456 0 lost 0
lost_lost_lost 1756184296276 360 215 touchmove 15.6 445.2 0.734348 0.734348 0 lost 0
lost_lost_lost 1756184296294 360 215 touchmove 33.2 438.8 0.601366 0.601366 0 lost 0
lost_lost_lost 1756184296311 360 215 touchmove 55.1 430.0 0.519068 0.519068 0 lost 0
lost_lost_lost 1756184296329 360 215 touchmove 77.2 421.8 0.788720 0.788720 0 lost 0
lost_lost_lost 1756184296346 360 215 touchmove 100.4 413.9 0.780495 0.780495 0 lost 0
lost_lost_lost 1756184296364 360 215 touchmove 122.5 404.0 0.777989 0.777989 0 lost 0
lost_lost_lost 1756184296381 360 215 touchend 144.0 398.6 0.668003 0.668003 0 lost 0