sentence timestamp keyb_width keyb_height event x_pos y_pos x_radius y_radius angle word is_err
season_season_season 1756184295629 360 215 touchstart -34.6 466.1 0.623474 0.623474 0 season 0
season_season_season 1756184295646 360 215 touchmove -26.2 452.2 0.717574 0.717574 0 season 0
season_season_season 1756184295663 360 215 touchmove -19.7 433.5 0.569042 0.569042 0 season 0
season_season_season 1756184295680 360 215 touchmove -18.5 429.1 0.781451 0.781451 0 season 0
season_season_season 1756184295697 360 215 touchmove -20.2 424.2 0.715318 0.715318 0 season 0
season_season_season 1756184295714 360 215 touchmove -25.6 422.9 0.741640 0.741640 0 season 0
season_season_season 1756184295731 360 215 touchmove -34.4 425.5 0.559959 0.559959 0 season 0
season_season_season 1756184295749 360 215 touchmove -47.4 431.9 0.608129 0.608129 0 season 0
season_season_season 1756184295766 360 215 touchmove -61.2 440.2 0.578853 0.578853 0 season 0
season_season_season 1756184295783 360 215 touchmove -69.4 446.6 0.623085 0.623085 0 season 0
season_season_season 1756184295800 360 215 touchmove -72.8 451.5 0.741250 0.741250 0 season 0
season_season_season 1756184295817 360 215 touchmove -71.4 455.5 0.774236 0.774236 0 season 0
season_season_season 1756184295834 360 215 touchmove -64.9 458.1 0.546850 0.546850 0 season 0
season_season_season 1756184295851 360 215 touchmove -53.5 458.8 0.686960 0.686960 0 season 0
season_season_season 1756184295869 360 215 touchmove -37.9 458.2 0.791996 0.791996 0 season 0
season_season_season 1756184295886 360 215 touchmove -19.8 456.9 0.637054 0.637054 0 season 0
season_season_season 1756184295903 360 215 touchmove -1.8 455.3 0.784827 0.784827 0 season 0
season_season_season 1756184295920 360 215 touchmove 16.1 453.5 0.616738 0.616738 0 season 0
season_season_season 1756184295937 360 215 touchmove 34.9 451.3 0.667720 0.667720 0 season 0
season_season_season 1756184295954 360 215 touchmove 54.5 449.0 0.741647 0.741647 0 season 0
season_season_season 1756184295971 360 215 touchmove 74.5 446.9 0.790850 0.790850 0 season 0
season_season_season 1756184295989 360 215 touchmove 95.6 444.0 0.577537 0.577537 0 season 0
season_season_season 1756184296006 360 215 touchmove 115.5 441.3 0.707248 0.707248 0 season 0
season_season_season 1756184296023 360 215 touchmove 134.3 439.4 0.794746 0.794746 0 season 0
season_season_season 1756184296040 360 215 touchmove 153.2 437.1 0.634876 0.634876 0 season 0
season_season_season 1756184296057 360 215 touchmove 172.0 434.4 0.728560 0.728560 0 season 0
season_season_season 1756184296074 360 215 touchmove 189.7 431.4 0.728111 0.728111 0 season 0
season_season_season 1756184296091 360 215 touchmove 207.3 428.3 0.780502 0.780502 0 season 0
season_season_season 1756184296109 360 215 touchmove 225.0 426.1 0.756491 0.756491 0 season 0
season_season_season 1756184296126 360 215 touchmove 243.4 424.0 0.585419 0.585419 0 season 0
season_season_season 1756184296143 360 215 touchmove 262.1 421.0 0.663516 0.663516 0 season 0
season_season_season 1756184296160 360 215 touchmove 281.2 418.2 0.536706 0.536706 0 season 0
season_season_season 1756184296177 360 215 touchmove 300.1 415.6 0.647708 0.647708 0 season 0
season_season_season 1756184296194 360 215 touchmove 319.6 413.3 0.753442 0.753442 0 season 0
season_season_season 1756184296211 360 215 touchmove 338.5 410.6 0.564835 0.564835 0 season 0
season_season_season 1756184296229 360 215 touchmove 357.5 407.9 0.748054 0.748054 0 season 0
season_season_season 1756184296246 360 215 touchmove 376.0 405.2 0.500910 0.500910 0 season 0
season_season_season 1756184296263 360 215 touchmove 390.3 405.3 0.691105 0.691105 0 season 0
season_season_season 1756184296280 360 215 touchmove 399.6 407.6 0.507718 0.507718 0 season 0
season_season_season 1756184296297 360 215 touchmove 404.5 411.7 0.651180 0.651180 0 season 0
season_season_season 1756184296314 360 215 touchmove 404.8 417.6 0.610198 0.610198 0 season 0
season_season_season 1756184296331 360 215 touchmove 401.0 426.1 0.542026 0.542026 0 season 0
season_season_season 1756184296349 360 215 touchmove 392.1 436.6 0.704783 0.704783 0 season 0
season_season_season 1756184296366 360 215 touchmove 378.7 449.7 0.661988 0.661988 0 season 0
season_season_season 1756184296383 360 215 touchmove 364.7 462.5 0.582222 0.582222 0 season 0
season_season_season 1756184296400 360 215 touchmove 350.4 475.3 0.562112 0.562112 0 season 0
season_season_season 1756184296417 360 215 touchmove 335.5 488.0 0.544491 0.544491 0 season 0
season_season_season 1756184296434 360 215 touchmove 318.8 503.1 0.681075 0.681075 0 season 0
season_season_season 1756184296451 360 215 touchmove 304.7 515.0 0.650631 0.650631 0 season 0
season_season_season 1756184296469 360 215 touchend 288.3 525.6 0.695205 0.695205 0 season 0