sentence timestamp keyb_width keyb_height event x_pos y_pos x_radius y_radius angle word is_err
men_men_men 1756184295424 360 215 touchstart 357.5 526.8 0.563480 0.563480 0 men 0
men_men_men 1756184295441 360 215 touchmove 337.7 520.1 0.716604 0.716604 0 men 0
men_men_men 1756184295458 360 215 touchmove 319.4 516.0 0.662386 0.662386 0 men 0
men_men_men 1756184295475 360 215 touchmove 300.3 507.4 0.712752 0.712752 0 men 0
men_men_men 1756184295492 360 215 touchmove 281.5 500.8 0.584119 0.584119 0 men 0
men_men_men 1756184295509 360 215 touchmove 262.9 494.1 0.736748 0.736748 0 men 0
men_men_men 1756184295526 360 215 touchmove 244.5 487.2 0.513809 0.513809 0 men 0
men_men_men 1756184295544 360 215 touchmove 226.3 480.2 0.653203 0.653203 0 men 0
men_men_men 1756184295561 360 215 touchmove 208.3 473.1 0.725294 0.725294 0 men 0
men_men_men 1756184295578 360 215 touchmove 189.8 466.7 0.778165 0.778165 0 men 0
men_men_men 1756184295595 360 215 touchmove 172.0 460.5 0.711454 0.711454 0 men 0
men_men_men 1756184295612 360 215 touchmove 154.0 454.1 0.624073 0.624073 0 men 0
men_men_men 1756184295629 360 215 touchmove 136.0 447.6 0.658308 0.658308 0 men 0
men_men_men 1756184295646 360 215 touchmove 117.6 441.2 0.704553 0.704553 0 men 0
men_men_men 1756184295664 360 215 touchmove 99.2 435.0 0.751771 0.751771 0 men 0
men_men_men 1756184295681 360 215 touchmove 80.3 428.7 0.718301 0.718301 0 men 0
men_men_men 1756184295698 360 215 touchmove 61.5 422.0 0.772833 0.772833 0 men 0
men_men_men 1756184295715 360 215 touchmove 46.6 416.7 0.740203 0.740203 0 men 0
men_men_men 1756184295732 360 215 touchmove 36.6 413.6 0.590973 0.590973 0 men 0
men_men_men 1756184295749 360 215 touchmove 31.8 412.4 0.748537 0.748537 0 men 0
men_men_men 1756184295766 360 215 touchmove 32.5 413.1 0.600632 0.600632 0 men 0
men_men_men 1756184295784 360 215 touchmove 38.7 416.0 0.743521 0.743521 0 men 0
men_men_men 1756184295801 360 215 touchmove 50.6 421.6 0.539591 0.539591 0 men 0
men_men_men 1756184295818 360 215 touchmove 68.0 428.9 0.665879 0.665879 0 men 0
men_men_men 1756184295835 360 215 touchmove 86.8 437.0 0.783459 0.783459 0 men 0
men_men_men 1756184295852 360 215 touchmove 105.6 445.1 0.790483 0.790483 0 men 0
men_men_men 1756184295869 360 215 touchmove 124.2 453.2 0.666059 0.666059 0 men 0
men_men_men 1756184295886 360 215 touchmove 142.9 461.3 0.650169 0.650169 0 men 0
men_men_men 1756184295904 360 215 touchmove 161.6 469.2 0.741736 0.741736 0 men 0
men_men_men 1756184295921 360 215 touchmove 180.1 476.6 0.770717 0.770717 0 men 0
men_men_men 1756184295938 360 215 touchmove 198.4 484.7 0.567985 0.567985 0 men 0
men_men_men 1756184295955 360 215 touchmove 216.6 492.8 0.614625 0.614625 0 men 0
men_men_men 1756184295972 360 215 touchmove 234.9 501.2 0.779388 0.779388 0 men 0
men_men_men 1756184295989 360 215 touchmove 253.2 509.3 0.607065 0.607065 0 men 0
men_men_men 1756184296006 360 215 touchmove 272.2 518.2 0.743234 0.743234 0 men 0
men_men_men 1756184296024 360 215 touchend 290.0 528.9 0.538907 0.538907 0 men 0