sentence timestamp keyb_width keyb_height event x_pos y_pos x_radius y_radius angle word is_err
maybe_maybe_maybe 1756184295712 360 215 touchstart 359.3 525.0 0.644550 0.644550 0 maybe 0
maybe_maybe_maybe 1756184295728 360 215 touchmove 342.3 523.5 0.702318 0.702318 0 maybe 0
maybe_maybe_maybe 1756184295745 360 215 touchmove 325.9 521.4 0.602360 0.602360 0 maybe 0
maybe_maybe_maybe 1756184295762 360 215 touchmove 310.0 519.1 0.693970 0.693970 0 maybe 0
maybe_maybe_maybe 1756184295779 360 215 touchmove 293.6 516.9 0.548622 0.548622 0 maybe 0
maybe_maybe_maybe 1756184295796 360 215 touchmove 277.3 514.6 0.625115 0.625115 0 maybe 0
maybe_maybe_maybe 1756184295813 360 215 touchmove 261.0 512.3 0.764367 0.764367 0 maybe 0
maybe_maybe_maybe 1756184295830 360 215 touchmove 244.7 510.0 0.674507 0.674507 0 maybe 0
maybe_maybe_maybe 1756184295847 360 215 touchmove 228.3 507.7 0.739026 0.739026 0 maybe 0
maybe_maybe_maybe 1756184295864 360 215 touchmove 211.9 505.4 0.585602 0.585602 0 maybe 0
maybe_maybe_maybe 1756184295881 360 215 touchmove 195.5 503.0 0.601690 0.601690 0 maybe 0
maybe_maybe_maybe 1756184295897 360 215 touchmove 179.1 500.7 0.521920 0.521920 0 maybe 0
maybe_maybe_maybe 1756184295914 360 215 touchmove 162.7 498.3 0.777799 0.777799 0 maybe 0
maybe_maybe_maybe 1756184295931 360 215 touchmove 146.2 495.9 0.655246 0.655246 0 maybe 0
maybe_maybe_maybe 1756184295948 360 215 touchmove 129.9 493.5 0.737862 0.737862 0 maybe 0
maybe_maybe_maybe 1756184295965 360 215 touchmove 113.5 491.2 0.561119 0.561119 0 maybe 0
maybe_maybe_maybe 1756184295982 360 215 touchmove 97.2 489.0 0.638813 0.638813 0 maybe 0
maybe_maybe_maybe 1756184295999 360 215 touchmove 80.9 486.9 0.703668 0.703668 0 maybe 0
maybe_maybe_maybe 1756184296016 360 215 touchmove 64.5 484.8 0.646000 0.646000 0 maybe 0
maybe_maybe_maybe 1756184296033 360 215 touchmove 48.1 482.7 0.509063 0.509063 0 maybe 0
maybe_maybe_maybe 1756184296050 360 215 touchmove 31.9 480.8 0.677886 0.677886 0 maybe 0
maybe_maybe_maybe 1756184296066 360 215 touchmove 15.5 478.7 0.750995 0.750995 0 maybe 0
maybe_maybe_maybe 1756184296083 360 215 touchmove -1.0 476.7 0.775345 0.775345 0 maybe 0
maybe_maybe_maybe 1756184296100 360 215 touchmove -17.5 474.4 0.737152 0.737152 0 maybe 0
maybe_maybe_maybe 1756184296117 360 215 touchmove -34.0 472.2 0.586077 0.586077 0 maybe 0
maybe_maybe_maybe 1756184296134 360 215 touchmove -50.5 470.0 0.792524 0.792524 0 maybe 0
maybe_maybe_maybe 1756184296151 360 215 touchmove -64.7 467.9 0.767096 0.767096 0 maybe 0
maybe_maybe_maybe 1756184296168 360 215 touchmove -74.3 465.4 0.761452 0.761452 0 maybe 0
maybe_maybe_maybe 1756184296185 360 215 touchmove -79.0 462.8 0.538624 0.538624 0 maybe 0
maybe_maybe_maybe 1756184296202 360 215 touchmove -79.0 460.0 0.774879 0.774879 0 maybe 0
maybe_maybe_maybe 1756184296219 360 215 touchmove -74.3 456.9 0.501352 0.501352 0 maybe 0
maybe_maybe_maybe 1756184296235 360 215 touchmove -65.0 453.7 0.579215 0.579215 0 maybe 0
maybe_maybe_maybe 1756184296252 360 215 touchmove -50.9 450.2 0.630753 0.630753 0 maybe 0
maybe_maybe_maybe 1756184296269 360 215 touchmove -34.5 446.6 0.691908 0.691908 0 maybe 0
maybe_maybe_maybe 1756184296286 360 215 touchmove -18.2 443.2 0.724687 0.724687 0 maybe 0
maybe_maybe_maybe 1756184296303 360 215 touchmove -2.0 439.9 0.581778 0.581778 0 maybe 0
maybe_maybe_maybe 1756184296320 360 215 touchmove 14.2 436.8 0.701717 0.701717 0 maybe 0
maybe_maybe_maybe 1756184296337 360 215 touchmove 30.5 433.9 0.683730 0.683730 0 maybe 0
maybe_maybe_maybe 1756184296354 360 215 touchmove 46.7 430.9 0.678186 0.678186 0 maybe 0
maybe_maybe_maybe 1756184296371 360 215 touchmove 62.8 428.1 0.768404 0.768404 0 maybe 0
maybe_maybe_maybe 1756184296388 360 215 touchmove 79.0 425.4 0.565101 0.565101 0 maybe 0
maybe_maybe_maybe 1756184296404 360 215 touchmove 95.3 422.5 0.725165 0.725165 0 maybe 0
maybe_maybe_maybe 1756184296421 360 215 touchmove 111.5 419.4 0.596347 0.596347 0 maybe 0
maybe_maybe_maybe 1756184296438 360 215 touchmove 127.8 416.3 0.506195 0.506195 0 maybe 0
maybe_maybe_maybe 1756184296455 360 215 touchmove 144.1 413.2 0.555689 0.555689 0 maybe 0
maybe_maybe_maybe 1756184296472 360 215 touchmove 160.3 410.3 0.516714 0.516714 0 maybe 0
maybe_maybe_maybe 1756184296489 360 215 touchmove 175.2 408.9 0.691670 0.691670 0 maybe 0
maybe_maybe_maybe 1756184296506 360 215 touchmove 187.9 410.3 0.686306 0.686306 0 maybe 0
maybe_maybe_maybe 1756184296523 360 215 touchmove 198.3 414.6 0.591487 0.591487 0 maybe 0
maybe_maybe_maybe 1756184296540 360 215 touchmove 206.2 421.8 0.686338 0.686338 0 maybe 0
maybe_maybe_maybe 1756184296557 360 215 touchmove 212.0 431.8 0.659955 0.659955 0 maybe 0
maybe_maybe_maybe 1756184296573 360 215 touchmove 215.5 444.4 0.631755 0.631755 0 maybe 0
maybe_maybe_maybe 1756184296590 360 215 touchmove 216.6 459.7 0.566573 0.566573 0 maybe 0
maybe_maybe_maybe 1756184296607 360 215 touchmove 216.6 476.0 0.627870 0.627870 0 maybe 0
maybe_maybe_maybe 1756184296624 360 215 touchmove 214.4 488.9 0.620596 0.620596 0 maybe 0
maybe_maybe_maybe 1756184296641 360 215 touchmove 210.0 498.3 0.727501 0.727501 0 maybe 0
maybe_maybe_maybe 1756184296658 360 215 touchmove 203.6 504.0 0.554170 0.554170 0 maybe 0
maybe_maybe_maybe 1756184296675 360 215 touchmove 195.2 506.2 0.733063 0.733063 0 maybe 0
maybe_maybe_maybe 1756184296692 360 215 touchmove 184.5 504.9 0.605265 0.605265 0 maybe 0
maybe_maybe_maybe 1756184296709 360 215 touchmove 171.8 500.1 0.520785 0.520785 0 maybe 0
maybe_maybe_maybe 1756184296726 360 215 touchmove 157.2 491.8 0.767656 0.767656 0 maybe 0
maybe_maybe_maybe 1756184296742 360 215 touchmove 142.8 483.5 0.796764 0.796764 0 maybe 0
maybe_maybe_maybe 1756184296759 360 215 touchmove 128.4 475.2 0.529834 0.529834 0 maybe 0
maybe_maybe_maybe 1756184296776 360 215 touchmove 114.0 466.8 0.599367 0.599367 0 maybe 0
maybe_maybe_maybe 1756184296793 360 215 touchmove 99.7 458.5 0.694355 0.694355 0 maybe 0
maybe_maybe_maybe 1756184296810 360 215 touchmove 85.5 450.1 0.581853 0.581853 0 maybe 0
maybe_maybe_maybe 1756184296827 360 215 touchmove 71.3 441.7 0.629656 0.629656 0 maybe 0
maybe_maybe_maybe 1756184296844 360 215 touchmove 57.1 433.5 0.679083 0.679083 0 maybe 0
maybe_maybe_maybe 1756184296861 360 215 touchmove 42.8 425.1 0.541890 0.541890 0 maybe 0
maybe_maybe_maybe 1756184296878 360 215 touchmove 28.6 416.7 0.764501 0.764501 0 maybe 0
maybe_maybe_maybe 1756184296895 360 215 touchmove 14.4 408.2 0.543771 0.543771 0 maybe 0
maybe_maybe_maybe 1756184296912 360 215 touchend 0.1 399.7 0.739512 0.739512 0 maybe 0